<?xml version="1.0" encoding="UTF-8"?>
<robot generator="Robot 3.2.1 (Python 3.8.2 on win32)" generated="20200821 12:37:00.698" rpa="false">
<suite id="s1" name="Suites">
<suite id="s1-s1" name="CareersPage" source="C:\Users\pegAsus\workspace_python\SeleniumTrails\WebSiteTesting\Tests\CareersPage.robot">
<test id="s1-s1-t1" name="Site accessibility">
<kw name="Start" library="params" type="setup">
<arguments>
<arg>${BROWSER}</arg>
<arg>${URL}</arg>
</arguments>
<kw name="Run Keyword If" library="BuiltIn">
<doc>Runs the given keyword with the given arguments, if ``condition`` is true.</doc>
<arguments>
<arg>"${BROWSER}" == "HeadlessChrome"</arg>
<arg>HeadlessChrome</arg>
<arg>ELSE</arg>
<arg>driver</arg>
<arg>${BROWSER}</arg>
</arguments>
<kw name="HeadlessChrome" library="params">
<kw name="Evaluate" library="BuiltIn">
<doc>Evaluates the given expression in Python and returns the result.</doc>
<arguments>
<arg>sys.modules['selenium.webdriver'].ChromeOptions()</arg>
<arg>sys, selenium.webdriver</arg>
</arguments>
<assign>
<var>${chromeOptions}</var>
</assign>
<msg timestamp="20200821 12:37:01.165" level="INFO">${chromeOptions} = &lt;selenium.webdriver.chrome.options.Options object at 0x000001F10BD8AFA0&gt;</msg>
<status status="PASS" starttime="20200821 12:37:01.164" endtime="20200821 12:37:01.165"></status>
</kw>
<kw name="Call Method" library="BuiltIn">
<doc>Calls the named method of the given object with the provided arguments.</doc>
<arguments>
<arg>${chrome_options}</arg>
<arg>add_argument</arg>
<arg>headless</arg>
</arguments>
<status status="PASS" starttime="20200821 12:37:01.166" endtime="20200821 12:37:01.167"></status>
</kw>
<kw name="Call Method" library="BuiltIn">
<doc>Calls the named method of the given object with the provided arguments.</doc>
<arguments>
<arg>${chrome_options}</arg>
<arg>add_argument</arg>
<arg>disable-gpu</arg>
</arguments>
<status status="PASS" starttime="20200821 12:37:01.167" endtime="20200821 12:37:01.168"></status>
</kw>
<kw name="Call Method" library="BuiltIn">
<doc>Calls the named method of the given object with the provided arguments.</doc>
<arguments>
<arg>${chrome_options}</arg>
<arg>to_capabilities</arg>
</arguments>
<assign>
<var>${options}</var>
</assign>
<msg timestamp="20200821 12:37:01.169" level="INFO">${options} = {'browserName': 'chrome', 'version': '', 'platform': 'ANY', 'goog:chromeOptions': {'extensions': [], 'args': ['headless', 'disable-gpu']}}</msg>
<status status="PASS" starttime="20200821 12:37:01.168" endtime="20200821 12:37:01.169"></status>
</kw>
<kw name="Create Webdriver" library="SeleniumLibrary">
<doc>Creates an instance of Selenium WebDriver.</doc>
<arguments>
<arg>Remote</arg>
<arg>command_executor=http://localhost:4444/wd/hub</arg>
<arg>desired_capabilities=${options}</arg>
</arguments>
<msg timestamp="20200821 12:37:01.171" level="INFO">Creating an instance of the Remote WebDriver.</msg>
<status status="PASS" starttime="20200821 12:37:01.170" endtime="20200821 12:37:02.648"></status>
</kw>
<status status="PASS" starttime="20200821 12:37:01.162" endtime="20200821 12:37:02.649"></status>
</kw>
<status status="PASS" starttime="20200821 12:37:01.160" endtime="20200821 12:37:02.649"></status>
</kw>
<kw name="Set Window Size" library="SeleniumLibrary">
<doc>Sets current windows size to given ``width`` and ``height``.</doc>
<arguments>
<arg>1920</arg>
<arg>1640</arg>
</arguments>
<status status="PASS" starttime="20200821 12:37:02.649" endtime="20200821 12:37:02.835"></status>
</kw>
<kw name="Maximize Browser Window" library="SeleniumLibrary">
<doc>Maximizes current browser window.</doc>
<status status="PASS" starttime="20200821 12:37:02.836" endtime="20200821 12:37:02.974"></status>
</kw>
<kw name="Go To" library="SeleniumLibrary">
<doc>Navigates the current browser window to the provided ``url``.</doc>
<arguments>
<arg>${URL}</arg>
</arguments>
<msg timestamp="20200821 12:37:02.974" level="INFO">Opening url 'https://brainpool.ai/careers.html'</msg>
<status status="PASS" starttime="20200821 12:37:02.974" endtime="20200821 12:37:15.277"></status>
</kw>
<status status="PASS" starttime="20200821 12:37:01.160" endtime="20200821 12:37:15.277"></status>
</kw>
<kw name="Intialization" library="params">
<kw name="Wait Until Element Is Visible" library="SeleniumLibrary">
<doc>Waits until the element ``locator`` is visible.</doc>
<arguments>
<arg>id=component-2</arg>
<arg>10s</arg>
</arguments>
<status status="PASS" starttime="20200821 12:37:15.279" endtime="20200821 12:37:15.709"></status>
</kw>
<status status="PASS" starttime="20200821 12:37:15.277" endtime="20200821 12:37:15.710"></status>
</kw>
<kw name="Stop" library="params" type="teardown">
<kw name="Close Browser" library="SeleniumLibrary">
<doc>Closes the current browser.</doc>
<status status="PASS" starttime="20200821 12:37:15.712" endtime="20200821 12:37:15.840"></status>
</kw>
<status status="PASS" starttime="20200821 12:37:15.711" endtime="20200821 12:37:15.840"></status>
</kw>
<doc>site accessibility test</doc>
<tags>
<tag>Smoke</tag>
</tags>
<status status="PASS" starttime="20200821 12:37:01.158" endtime="20200821 12:37:15.841" critical="yes"></status>
</test>
<test id="s1-s1-t2" name="Apply Button">
<kw name="Start" library="params" type="setup">
<arguments>
<arg>${BROWSER}</arg>
<arg>${URL}</arg>
</arguments>
<kw name="Run Keyword If" library="BuiltIn">
<doc>Runs the given keyword with the given arguments, if ``condition`` is true.</doc>
<arguments>
<arg>"${BROWSER}" == "HeadlessChrome"</arg>
<arg>HeadlessChrome</arg>
<arg>ELSE</arg>
<arg>driver</arg>
<arg>${BROWSER}</arg>
</arguments>
<kw name="HeadlessChrome" library="params">
<kw name="Evaluate" library="BuiltIn">
<doc>Evaluates the given expression in Python and returns the result.</doc>
<arguments>
<arg>sys.modules['selenium.webdriver'].ChromeOptions()</arg>
<arg>sys, selenium.webdriver</arg>
</arguments>
<assign>
<var>${chromeOptions}</var>
</assign>
<msg timestamp="20200821 12:37:15.853" level="INFO">${chromeOptions} = &lt;selenium.webdriver.chrome.options.Options object at 0x000001F10BDE4A90&gt;</msg>
<status status="PASS" starttime="20200821 12:37:15.852" endtime="20200821 12:37:15.854"></status>
</kw>
<kw name="Call Method" library="BuiltIn">
<doc>Calls the named method of the given object with the provided arguments.</doc>
<arguments>
<arg>${chrome_options}</arg>
<arg>add_argument</arg>
<arg>headless</arg>
</arguments>
<status status="PASS" starttime="20200821 12:37:15.854" endtime="20200821 12:37:15.855"></status>
</kw>
<kw name="Call Method" library="BuiltIn">
<doc>Calls the named method of the given object with the provided arguments.</doc>
<arguments>
<arg>${chrome_options}</arg>
<arg>add_argument</arg>
<arg>disable-gpu</arg>
</arguments>
<status status="PASS" starttime="20200821 12:37:15.856" endtime="20200821 12:37:15.857"></status>
</kw>
<kw name="Call Method" library="BuiltIn">
<doc>Calls the named method of the given object with the provided arguments.</doc>
<arguments>
<arg>${chrome_options}</arg>
<arg>to_capabilities</arg>
</arguments>
<assign>
<var>${options}</var>
</assign>
<msg timestamp="20200821 12:37:15.859" level="INFO">${options} = {'browserName': 'chrome', 'version': '', 'platform': 'ANY', 'goog:chromeOptions': {'extensions': [], 'args': ['headless', 'disable-gpu']}}</msg>
<status status="PASS" starttime="20200821 12:37:15.857" endtime="20200821 12:37:15.859"></status>
</kw>
<kw name="Create Webdriver" library="SeleniumLibrary">
<doc>Creates an instance of Selenium WebDriver.</doc>
<arguments>
<arg>Remote</arg>
<arg>command_executor=http://localhost:4444/wd/hub</arg>
<arg>desired_capabilities=${options}</arg>
</arguments>
<msg timestamp="20200821 12:37:15.861" level="INFO">Creating an instance of the Remote WebDriver.</msg>
<status status="PASS" starttime="20200821 12:37:15.860" endtime="20200821 12:37:16.748"></status>
</kw>
<status status="PASS" starttime="20200821 12:37:15.851" endtime="20200821 12:37:16.749"></status>
</kw>
<status status="PASS" starttime="20200821 12:37:15.849" endtime="20200821 12:37:16.749"></status>
</kw>
<kw name="Set Window Size" library="SeleniumLibrary">
<doc>Sets current windows size to given ``width`` and ``height``.</doc>
<arguments>
<arg>1920</arg>
<arg>1640</arg>
</arguments>
<status status="PASS" starttime="20200821 12:37:16.750" endtime="20200821 12:37:16.917"></status>
</kw>
<kw name="Maximize Browser Window" library="SeleniumLibrary">
<doc>Maximizes current browser window.</doc>
<status status="PASS" starttime="20200821 12:37:16.917" endtime="20200821 12:37:17.062"></status>
</kw>
<kw name="Go To" library="SeleniumLibrary">
<doc>Navigates the current browser window to the provided ``url``.</doc>
<arguments>
<arg>${URL}</arg>
</arguments>
<msg timestamp="20200821 12:37:17.063" level="INFO">Opening url 'https://brainpool.ai/careers.html'</msg>
<status status="PASS" starttime="20200821 12:37:17.062" endtime="20200821 12:37:21.706"></status>
</kw>
<status status="PASS" starttime="20200821 12:37:15.845" endtime="20200821 12:37:21.707"></status>
</kw>
<kw name="Apply" library="Careers">
<kw name="Intialization" library="params">
<kw name="Wait Until Element Is Visible" library="SeleniumLibrary">
<doc>Waits until the element ``locator`` is visible.</doc>
<arguments>
<arg>id=component-2</arg>
<arg>10s</arg>
</arguments>
<status status="PASS" starttime="20200821 12:37:21.709" endtime="20200821 12:37:21.903"></status>
</kw>
<status status="PASS" starttime="20200821 12:37:21.708" endtime="20200821 12:37:21.903"></status>
</kw>
<kw name="Buttons" library="params">
<arguments>
<arg>2</arg>
</arguments>
<kw name="Click Button" library="SeleniumLibrary">
<doc>Clicks the button identified by ``locator``.</doc>
<arguments>
<arg>id=component-${ELEMENT}</arg>
</arguments>
<msg timestamp="20200821 12:37:21.906" level="INFO">Clicking button 'id=component-2'.</msg>
<status status="PASS" starttime="20200821 12:37:21.905" endtime="20200821 12:37:22.263"></status>
</kw>
<status status="PASS" starttime="20200821 12:37:21.904" endtime="20200821 12:37:22.263"></status>
</kw>
<status status="PASS" starttime="20200821 12:37:21.707" endtime="20200821 12:37:22.264"></status>
</kw>
<kw name="Stop" library="params" type="teardown">
<kw name="Close Browser" library="SeleniumLibrary">
<doc>Closes the current browser.</doc>
<status status="PASS" starttime="20200821 12:37:22.266" endtime="20200821 12:37:22.345"></status>
</kw>
<status status="PASS" starttime="20200821 12:37:22.265" endtime="20200821 12:37:22.346"></status>
</kw>
<doc>Verifies if Apply button accessible</doc>
<tags>
<tag>CareersPageApply</tag>
</tags>
<status status="PASS" starttime="20200821 12:37:15.842" endtime="20200821 12:37:22.346" critical="yes"></status>
</test>
<test id="s1-s1-t3" name="Forbes Logo">
<kw name="Start" library="params" type="setup">
<arguments>
<arg>${BROWSER}</arg>
<arg>${URL}</arg>
</arguments>
<kw name="Run Keyword If" library="BuiltIn">
<doc>Runs the given keyword with the given arguments, if ``condition`` is true.</doc>
<arguments>
<arg>"${BROWSER}" == "HeadlessChrome"</arg>
<arg>HeadlessChrome</arg>
<arg>ELSE</arg>
<arg>driver</arg>
<arg>${BROWSER}</arg>
</arguments>
<kw name="HeadlessChrome" library="params">
<kw name="Evaluate" library="BuiltIn">
<doc>Evaluates the given expression in Python and returns the result.</doc>
<arguments>
<arg>sys.modules['selenium.webdriver'].ChromeOptions()</arg>
<arg>sys, selenium.webdriver</arg>
</arguments>
<assign>
<var>${chromeOptions}</var>
</assign>
<msg timestamp="20200821 12:37:22.350" level="INFO">${chromeOptions} = &lt;selenium.webdriver.chrome.options.Options object at 0x000001F10BDEFE80&gt;</msg>
<status status="PASS" starttime="20200821 12:37:22.349" endtime="20200821 12:37:22.350"></status>
</kw>
<kw name="Call Method" library="BuiltIn">
<doc>Calls the named method of the given object with the provided arguments.</doc>
<arguments>
<arg>${chrome_options}</arg>
<arg>add_argument</arg>
<arg>headless</arg>
</arguments>
<status status="PASS" starttime="20200821 12:37:22.350" endtime="20200821 12:37:22.350"></status>
</kw>
<kw name="Call Method" library="BuiltIn">
<doc>Calls the named method of the given object with the provided arguments.</doc>
<arguments>
<arg>${chrome_options}</arg>
<arg>add_argument</arg>
<arg>disable-gpu</arg>
</arguments>
<status status="PASS" starttime="20200821 12:37:22.351" endtime="20200821 12:37:22.351"></status>
</kw>
<kw name="Call Method" library="BuiltIn">
<doc>Calls the named method of the given object with the provided arguments.</doc>
<arguments>
<arg>${chrome_options}</arg>
<arg>to_capabilities</arg>
</arguments>
<assign>
<var>${options}</var>
</assign>
<msg timestamp="20200821 12:37:22.351" level="INFO">${options} = {'browserName': 'chrome', 'version': '', 'platform': 'ANY', 'goog:chromeOptions': {'extensions': [], 'args': ['headless', 'disable-gpu']}}</msg>
<status status="PASS" starttime="20200821 12:37:22.351" endtime="20200821 12:37:22.351"></status>
</kw>
<kw name="Create Webdriver" library="SeleniumLibrary">
<doc>Creates an instance of Selenium WebDriver.</doc>
<arguments>
<arg>Remote</arg>
<arg>command_executor=http://localhost:4444/wd/hub</arg>
<arg>desired_capabilities=${options}</arg>
</arguments>
<msg timestamp="20200821 12:37:22.353" level="INFO">Creating an instance of the Remote WebDriver.</msg>
<status status="PASS" starttime="20200821 12:37:22.353" endtime="20200821 12:37:23.065"></status>
</kw>
<status status="PASS" starttime="20200821 12:37:22.349" endtime="20200821 12:37:23.066"></status>
</kw>
<status status="PASS" starttime="20200821 12:37:22.349" endtime="20200821 12:37:23.066"></status>
</kw>
<kw name="Set Window Size" library="SeleniumLibrary">
<doc>Sets current windows size to given ``width`` and ``height``.</doc>
<arguments>
<arg>1920</arg>
<arg>1640</arg>
</arguments>
<status status="PASS" starttime="20200821 12:37:23.066" endtime="20200821 12:37:23.198"></status>
</kw>
<kw name="Maximize Browser Window" library="SeleniumLibrary">
<doc>Maximizes current browser window.</doc>
<status status="PASS" starttime="20200821 12:37:23.199" endtime="20200821 12:37:23.325"></status>
</kw>
<kw name="Go To" library="SeleniumLibrary">
<doc>Navigates the current browser window to the provided ``url``.</doc>
<arguments>
<arg>${URL}</arg>
</arguments>
<msg timestamp="20200821 12:37:23.327" level="INFO">Opening url 'https://brainpool.ai/careers.html'</msg>
<status status="PASS" starttime="20200821 12:37:23.326" endtime="20200821 12:37:27.866"></status>
</kw>
<status status="PASS" starttime="20200821 12:37:22.348" endtime="20200821 12:37:27.867"></status>
</kw>
<kw name="Forbes" library="Careers">
<kw name="Intialization" library="params">
<kw name="Wait Until Element Is Visible" library="SeleniumLibrary">
<doc>Waits until the element ``locator`` is visible.</doc>
<arguments>
<arg>id=component-2</arg>
<arg>10s</arg>
</arguments>
<status status="PASS" starttime="20200821 12:37:27.869" endtime="20200821 12:37:27.961"></status>
</kw>
<status status="PASS" starttime="20200821 12:37:27.868" endtime="20200821 12:37:27.962"></status>
</kw>
<kw name="LinkTags" library="params">
<arguments>
<arg>25</arg>
</arguments>
<kw name="Execute Javascript" library="SeleniumLibrary">
<doc>Executes the given JavaScript code with possible arguments.</doc>
<arguments>
<arg>document.querySelectorAll("a")[${POS}].click()</arg>
</arguments>
<msg timestamp="20200821 12:37:27.964" level="INFO">Executing JavaScript:
document.querySelectorAll("a")[25].click()
Without any arguments.</msg>
<status status="PASS" starttime="20200821 12:37:27.963" endtime="20200821 12:37:29.144"></status>
</kw>
<status status="PASS" starttime="20200821 12:37:27.962" endtime="20200821 12:37:29.144"></status>
</kw>
<status status="PASS" starttime="20200821 12:37:27.867" endtime="20200821 12:37:29.145"></status>
</kw>
<kw name="Stop" library="params" type="teardown">
<kw name="Close Browser" library="SeleniumLibrary">
<doc>Closes the current browser.</doc>
<status status="PASS" starttime="20200821 12:37:29.147" endtime="20200821 12:37:29.218"></status>
</kw>
<status status="PASS" starttime="20200821 12:37:29.146" endtime="20200821 12:37:29.219"></status>
</kw>
<doc>Verifies if the Forbes Logo is accessible</doc>
<tags>
<tag>CnPsPageForbes</tag>
</tags>
<status status="PASS" starttime="20200821 12:37:22.347" endtime="20200821 12:37:29.219" critical="yes"></status>
</test>
<test id="s1-s1-t4" name="Bloomberg Logo">
<kw name="Start" library="params" type="setup">
<arguments>
<arg>${BROWSER}</arg>
<arg>${URL}</arg>
</arguments>
<kw name="Run Keyword If" library="BuiltIn">
<doc>Runs the given keyword with the given arguments, if ``condition`` is true.</doc>
<arguments>
<arg>"${BROWSER}" == "HeadlessChrome"</arg>
<arg>HeadlessChrome</arg>
<arg>ELSE</arg>
<arg>driver</arg>
<arg>${BROWSER}</arg>
</arguments>
<kw name="HeadlessChrome" library="params">
<kw name="Evaluate" library="BuiltIn">
<doc>Evaluates the given expression in Python and returns the result.</doc>
<arguments>
<arg>sys.modules['selenium.webdriver'].ChromeOptions()</arg>
<arg>sys, selenium.webdriver</arg>
</arguments>
<assign>
<var>${chromeOptions}</var>
</assign>
<msg timestamp="20200821 12:37:29.227" level="INFO">${chromeOptions} = &lt;selenium.webdriver.chrome.options.Options object at 0x000001F10BDE41F0&gt;</msg>
<status status="PASS" starttime="20200821 12:37:29.226" endtime="20200821 12:37:29.227"></status>
</kw>
<kw name="Call Method" library="BuiltIn">
<doc>Calls the named method of the given object with the provided arguments.</doc>
<arguments>
<arg>${chrome_options}</arg>
<arg>add_argument</arg>
<arg>headless</arg>
</arguments>
<status status="PASS" starttime="20200821 12:37:29.228" endtime="20200821 12:37:29.229"></status>
</kw>
<kw name="Call Method" library="BuiltIn">
<doc>Calls the named method of the given object with the provided arguments.</doc>
<arguments>
<arg>${chrome_options}</arg>
<arg>add_argument</arg>
<arg>disable-gpu</arg>
</arguments>
<status status="PASS" starttime="20200821 12:37:29.229" endtime="20200821 12:37:29.229"></status>
</kw>
<kw name="Call Method" library="BuiltIn">
<doc>Calls the named method of the given object with the provided arguments.</doc>
<arguments>
<arg>${chrome_options}</arg>
<arg>to_capabilities</arg>
</arguments>
<assign>
<var>${options}</var>
</assign>
<msg timestamp="20200821 12:37:29.230" level="INFO">${options} = {'browserName': 'chrome', 'version': '', 'platform': 'ANY', 'goog:chromeOptions': {'extensions': [], 'args': ['headless', 'disable-gpu']}}</msg>
<status status="PASS" starttime="20200821 12:37:29.230" endtime="20200821 12:37:29.230"></status>
</kw>
<kw name="Create Webdriver" library="SeleniumLibrary">
<doc>Creates an instance of Selenium WebDriver.</doc>
<arguments>
<arg>Remote</arg>
<arg>command_executor=http://localhost:4444/wd/hub</arg>
<arg>desired_capabilities=${options}</arg>
</arguments>
<msg timestamp="20200821 12:37:29.232" level="INFO">Creating an instance of the Remote WebDriver.</msg>
<status status="PASS" starttime="20200821 12:37:29.231" endtime="20200821 12:37:29.717"></status>
</kw>
<status status="PASS" starttime="20200821 12:37:29.225" endtime="20200821 12:37:29.719"></status>
</kw>
<status status="PASS" starttime="20200821 12:37:29.223" endtime="20200821 12:37:29.719"></status>
</kw>
<kw name="Set Window Size" library="SeleniumLibrary">
<doc>Sets current windows size to given ``width`` and ``height``.</doc>
<arguments>
<arg>1920</arg>
<arg>1640</arg>
</arguments>
<status status="PASS" starttime="20200821 12:37:29.719" endtime="20200821 12:37:29.886"></status>
</kw>
<kw name="Maximize Browser Window" library="SeleniumLibrary">
<doc>Maximizes current browser window.</doc>
<status status="PASS" starttime="20200821 12:37:29.887" endtime="20200821 12:37:30.025"></status>
</kw>
<kw name="Go To" library="SeleniumLibrary">
<doc>Navigates the current browser window to the provided ``url``.</doc>
<arguments>
<arg>${URL}</arg>
</arguments>
<msg timestamp="20200821 12:37:30.027" level="INFO">Opening url 'https://brainpool.ai/careers.html'</msg>
<status status="PASS" starttime="20200821 12:37:30.025" endtime="20200821 12:37:34.108"></status>
</kw>
<status status="PASS" starttime="20200821 12:37:29.222" endtime="20200821 12:37:34.109"></status>
</kw>
<kw name="Bloomberg" library="Careers">
<kw name="Intialization" library="params">
<kw name="Wait Until Element Is Visible" library="SeleniumLibrary">
<doc>Waits until the element ``locator`` is visible.</doc>
<arguments>
<arg>id=component-2</arg>
<arg>10s</arg>
</arguments>
<status status="PASS" starttime="20200821 12:37:34.111" endtime="20200821 12:37:34.388"></status>
</kw>
<status status="PASS" starttime="20200821 12:37:34.110" endtime="20200821 12:37:34.388"></status>
</kw>
<kw name="LinkTags" library="params">
<arguments>
<arg>26</arg>
</arguments>
<kw name="Execute Javascript" library="SeleniumLibrary">
<doc>Executes the given JavaScript code with possible arguments.</doc>
<arguments>
<arg>document.querySelectorAll("a")[${POS}].click()</arg>
</arguments>
<msg timestamp="20200821 12:37:34.391" level="INFO">Executing JavaScript:
document.querySelectorAll("a")[26].click()
Without any arguments.</msg>
<status status="PASS" starttime="20200821 12:37:34.390" endtime="20200821 12:38:12.508"></status>
</kw>
<status status="PASS" starttime="20200821 12:37:34.389" endtime="20200821 12:38:12.509"></status>
</kw>
<status status="PASS" starttime="20200821 12:37:34.109" endtime="20200821 12:38:12.509"></status>
</kw>
<kw name="Stop" library="params" type="teardown">
<kw name="Close Browser" library="SeleniumLibrary">
<doc>Closes the current browser.</doc>
<status status="PASS" starttime="20200821 12:38:12.511" endtime="20200821 12:38:12.582"></status>
</kw>
<status status="PASS" starttime="20200821 12:38:12.510" endtime="20200821 12:38:12.583"></status>
</kw>
<doc>Verifies if the Bloomberg Logo is accessible</doc>
<tags>
<tag>CareersPageBloomberg</tag>
</tags>
<status status="PASS" starttime="20200821 12:37:29.221" endtime="20200821 12:38:12.583" critical="yes"></status>
</test>
<test id="s1-s1-t5" name="Raconteur Logo">
<kw name="Start" library="params" type="setup">
<arguments>
<arg>${BROWSER}</arg>
<arg>${URL}</arg>
</arguments>
<kw name="Run Keyword If" library="BuiltIn">
<doc>Runs the given keyword with the given arguments, if ``condition`` is true.</doc>
<arguments>
<arg>"${BROWSER}" == "HeadlessChrome"</arg>
<arg>HeadlessChrome</arg>
<arg>ELSE</arg>
<arg>driver</arg>
<arg>${BROWSER}</arg>
</arguments>
<kw name="HeadlessChrome" library="params">
<kw name="Evaluate" library="BuiltIn">
<doc>Evaluates the given expression in Python and returns the result.</doc>
<arguments>
<arg>sys.modules['selenium.webdriver'].ChromeOptions()</arg>
<arg>sys, selenium.webdriver</arg>
</arguments>
<assign>
<var>${chromeOptions}</var>
</assign>
<msg timestamp="20200821 12:38:12.590" level="INFO">${chromeOptions} = &lt;selenium.webdriver.chrome.options.Options object at 0x000001F10BDEFB20&gt;</msg>
<status status="PASS" starttime="20200821 12:38:12.590" endtime="20200821 12:38:12.590"></status>
</kw>
<kw name="Call Method" library="BuiltIn">
<doc>Calls the named method of the given object with the provided arguments.</doc>
<arguments>
<arg>${chrome_options}</arg>
<arg>add_argument</arg>
<arg>headless</arg>
</arguments>
<status status="PASS" starttime="20200821 12:38:12.591" endtime="20200821 12:38:12.592"></status>
</kw>
<kw name="Call Method" library="BuiltIn">
<doc>Calls the named method of the given object with the provided arguments.</doc>
<arguments>
<arg>${chrome_options}</arg>
<arg>add_argument</arg>
<arg>disable-gpu</arg>
</arguments>
<status status="PASS" starttime="20200821 12:38:12.592" endtime="20200821 12:38:12.593"></status>
</kw>
<kw name="Call Method" library="BuiltIn">
<doc>Calls the named method of the given object with the provided arguments.</doc>
<arguments>
<arg>${chrome_options}</arg>
<arg>to_capabilities</arg>
</arguments>
<assign>
<var>${options}</var>
</assign>
<msg timestamp="20200821 12:38:12.594" level="INFO">${options} = {'browserName': 'chrome', 'version': '', 'platform': 'ANY', 'goog:chromeOptions': {'extensions': [], 'args': ['headless', 'disable-gpu']}}</msg>
<status status="PASS" starttime="20200821 12:38:12.594" endtime="20200821 12:38:12.595"></status>
</kw>
<kw name="Create Webdriver" library="SeleniumLibrary">
<doc>Creates an instance of Selenium WebDriver.</doc>
<arguments>
<arg>Remote</arg>
<arg>command_executor=http://localhost:4444/wd/hub</arg>
<arg>desired_capabilities=${options}</arg>
</arguments>
<msg timestamp="20200821 12:38:12.596" level="INFO">Creating an instance of the Remote WebDriver.</msg>
<status status="PASS" starttime="20200821 12:38:12.595" endtime="20200821 12:38:13.110"></status>
</kw>
<status status="PASS" starttime="20200821 12:38:12.589" endtime="20200821 12:38:13.111"></status>
</kw>
<status status="PASS" starttime="20200821 12:38:12.587" endtime="20200821 12:38:13.111"></status>
</kw>
<kw name="Set Window Size" library="SeleniumLibrary">
<doc>Sets current windows size to given ``width`` and ``height``.</doc>
<arguments>
<arg>1920</arg>
<arg>1640</arg>
</arguments>
<status status="PASS" starttime="20200821 12:38:13.111" endtime="20200821 12:38:13.291"></status>
</kw>
<kw name="Maximize Browser Window" library="SeleniumLibrary">
<doc>Maximizes current browser window.</doc>
<status status="PASS" starttime="20200821 12:38:13.291" endtime="20200821 12:38:13.435"></status>
</kw>
<kw name="Go To" library="SeleniumLibrary">
<doc>Navigates the current browser window to the provided ``url``.</doc>
<arguments>
<arg>${URL}</arg>
</arguments>
<msg timestamp="20200821 12:38:13.437" level="INFO">Opening url 'https://brainpool.ai/careers.html'</msg>
<status status="PASS" starttime="20200821 12:38:13.436" endtime="20200821 12:38:33.339"></status>
</kw>
<status status="PASS" starttime="20200821 12:38:12.586" endtime="20200821 12:38:33.339"></status>
</kw>
<kw name="Raconteur" library="Careers">
<kw name="Intialization" library="params">
<kw name="Wait Until Element Is Visible" library="SeleniumLibrary">
<doc>Waits until the element ``locator`` is visible.</doc>
<arguments>
<arg>id=component-2</arg>
<arg>10s</arg>
</arguments>
<status status="PASS" starttime="20200821 12:38:33.341" endtime="20200821 12:38:33.496"></status>
</kw>
<status status="PASS" starttime="20200821 12:38:33.340" endtime="20200821 12:38:33.496"></status>
</kw>
<kw name="LinkTags" library="params">
<arguments>
<arg>27</arg>
</arguments>
<kw name="Execute Javascript" library="SeleniumLibrary">
<doc>Executes the given JavaScript code with possible arguments.</doc>
<arguments>
<arg>document.querySelectorAll("a")[${POS}].click()</arg>
</arguments>
<msg timestamp="20200821 12:38:33.498" level="INFO">Executing JavaScript:
document.querySelectorAll("a")[27].click()
Without any arguments.</msg>
<status status="PASS" starttime="20200821 12:38:33.497" endtime="20200821 12:39:14.536"></status>
</kw>
<status status="PASS" starttime="20200821 12:38:33.497" endtime="20200821 12:39:14.536"></status>
</kw>
<status status="PASS" starttime="20200821 12:38:33.340" endtime="20200821 12:39:14.537"></status>
</kw>
<kw name="Stop" library="params" type="teardown">
<kw name="Close Browser" library="SeleniumLibrary">
<doc>Closes the current browser.</doc>
<status status="PASS" starttime="20200821 12:39:14.539" endtime="20200821 12:39:14.630"></status>
</kw>
<status status="PASS" starttime="20200821 12:39:14.537" endtime="20200821 12:39:14.631"></status>
</kw>
<doc>Verifies if the Raconteur Logo is accessible</doc>
<tags>
<tag>CareersPageRaconteur</tag>
</tags>
<status status="PASS" starttime="20200821 12:38:12.584" endtime="20200821 12:39:14.631" critical="yes"></status>
</test>
<test id="s1-s1-t6" name="Medium Logo">
<kw name="Start" library="params" type="setup">
<arguments>
<arg>${BROWSER}</arg>
<arg>${URL}</arg>
</arguments>
<kw name="Run Keyword If" library="BuiltIn">
<doc>Runs the given keyword with the given arguments, if ``condition`` is true.</doc>
<arguments>
<arg>"${BROWSER}" == "HeadlessChrome"</arg>
<arg>HeadlessChrome</arg>
<arg>ELSE</arg>
<arg>driver</arg>
<arg>${BROWSER}</arg>
</arguments>
<kw name="HeadlessChrome" library="params">
<kw name="Evaluate" library="BuiltIn">
<doc>Evaluates the given expression in Python and returns the result.</doc>
<arguments>
<arg>sys.modules['selenium.webdriver'].ChromeOptions()</arg>
<arg>sys, selenium.webdriver</arg>
</arguments>
<assign>
<var>${chromeOptions}</var>
</assign>
<msg timestamp="20200821 12:39:14.638" level="INFO">${chromeOptions} = &lt;selenium.webdriver.chrome.options.Options object at 0x000001F10BDC38B0&gt;</msg>
<status status="PASS" starttime="20200821 12:39:14.638" endtime="20200821 12:39:14.638"></status>
</kw>
<kw name="Call Method" library="BuiltIn">
<doc>Calls the named method of the given object with the provided arguments.</doc>
<arguments>
<arg>${chrome_options}</arg>
<arg>add_argument</arg>
<arg>headless</arg>
</arguments>
<status status="PASS" starttime="20200821 12:39:14.638" endtime="20200821 12:39:14.639"></status>
</kw>
<kw name="Call Method" library="BuiltIn">
<doc>Calls the named method of the given object with the provided arguments.</doc>
<arguments>
<arg>${chrome_options}</arg>
<arg>add_argument</arg>
<arg>disable-gpu</arg>
</arguments>
<status status="PASS" starttime="20200821 12:39:14.639" endtime="20200821 12:39:14.639"></status>
</kw>
<kw name="Call Method" library="BuiltIn">
<doc>Calls the named method of the given object with the provided arguments.</doc>
<arguments>
<arg>${chrome_options}</arg>
<arg>to_capabilities</arg>
</arguments>
<assign>
<var>${options}</var>
</assign>
<msg timestamp="20200821 12:39:14.640" level="INFO">${options} = {'browserName': 'chrome', 'version': '', 'platform': 'ANY', 'goog:chromeOptions': {'extensions': [], 'args': ['headless', 'disable-gpu']}}</msg>
<status status="PASS" starttime="20200821 12:39:14.639" endtime="20200821 12:39:14.640"></status>
</kw>
<kw name="Create Webdriver" library="SeleniumLibrary">
<doc>Creates an instance of Selenium WebDriver.</doc>
<arguments>
<arg>Remote</arg>
<arg>command_executor=http://localhost:4444/wd/hub</arg>
<arg>desired_capabilities=${options}</arg>
</arguments>
<msg timestamp="20200821 12:39:14.640" level="INFO">Creating an instance of the Remote WebDriver.</msg>
<status status="PASS" starttime="20200821 12:39:14.640" endtime="20200821 12:39:15.040"></status>
</kw>
<status status="PASS" starttime="20200821 12:39:14.637" endtime="20200821 12:39:15.040"></status>
</kw>
<status status="PASS" starttime="20200821 12:39:14.636" endtime="20200821 12:39:15.040"></status>
</kw>
<kw name="Set Window Size" library="SeleniumLibrary">
<doc>Sets current windows size to given ``width`` and ``height``.</doc>
<arguments>
<arg>1920</arg>
<arg>1640</arg>
</arguments>
<status status="PASS" starttime="20200821 12:39:15.040" endtime="20200821 12:39:15.165"></status>
</kw>
<kw name="Maximize Browser Window" library="SeleniumLibrary">
<doc>Maximizes current browser window.</doc>
<status status="PASS" starttime="20200821 12:39:15.165" endtime="20200821 12:39:15.287"></status>
</kw>
<kw name="Go To" library="SeleniumLibrary">
<doc>Navigates the current browser window to the provided ``url``.</doc>
<arguments>
<arg>${URL}</arg>
</arguments>
<msg timestamp="20200821 12:39:15.289" level="INFO">Opening url 'https://brainpool.ai/careers.html'</msg>
<status status="PASS" starttime="20200821 12:39:15.288" endtime="20200821 12:39:22.608"></status>
</kw>
<status status="PASS" starttime="20200821 12:39:14.635" endtime="20200821 12:39:22.609"></status>
</kw>
<kw name="Medium" library="Careers">
<kw name="Intialization" library="params">
<kw name="Wait Until Element Is Visible" library="SeleniumLibrary">
<doc>Waits until the element ``locator`` is visible.</doc>
<arguments>
<arg>id=component-2</arg>
<arg>10s</arg>
</arguments>
<status status="PASS" starttime="20200821 12:39:22.611" endtime="20200821 12:39:22.754"></status>
</kw>
<status status="PASS" starttime="20200821 12:39:22.610" endtime="20200821 12:39:22.755"></status>
</kw>
<kw name="LinkTags" library="params">
<arguments>
<arg>28</arg>
</arguments>
<kw name="Execute Javascript" library="SeleniumLibrary">
<doc>Executes the given JavaScript code with possible arguments.</doc>
<arguments>
<arg>document.querySelectorAll("a")[${POS}].click()</arg>
</arguments>
<msg timestamp="20200821 12:39:22.758" level="INFO">Executing JavaScript:
document.querySelectorAll("a")[28].click()
Without any arguments.</msg>
<status status="PASS" starttime="20200821 12:39:22.757" endtime="20200821 12:40:48.123"></status>
</kw>
<status status="PASS" starttime="20200821 12:39:22.756" endtime="20200821 12:40:48.123"></status>
</kw>
<status status="PASS" starttime="20200821 12:39:22.610" endtime="20200821 12:40:48.123"></status>
</kw>
<kw name="Stop" library="params" type="teardown">
<kw name="Close Browser" library="SeleniumLibrary">
<doc>Closes the current browser.</doc>
<status status="PASS" starttime="20200821 12:40:48.125" endtime="20200821 12:40:48.190"></status>
</kw>
<status status="PASS" starttime="20200821 12:40:48.124" endtime="20200821 12:40:48.191"></status>
</kw>
<doc>Verifies if the Medium Logo is accessible</doc>
<tags>
<tag>CareersPageMedium</tag>
</tags>
<status status="PASS" starttime="20200821 12:39:14.633" endtime="20200821 12:40:48.191" critical="yes"></status>
</test>
<test id="s1-s1-t7" name="AI Business Logo">
<kw name="Start" library="params" type="setup">
<arguments>
<arg>${BROWSER}</arg>
<arg>${URL}</arg>
</arguments>
<kw name="Run Keyword If" library="BuiltIn">
<doc>Runs the given keyword with the given arguments, if ``condition`` is true.</doc>
<arguments>
<arg>"${BROWSER}" == "HeadlessChrome"</arg>
<arg>HeadlessChrome</arg>
<arg>ELSE</arg>
<arg>driver</arg>
<arg>${BROWSER}</arg>
</arguments>
<kw name="HeadlessChrome" library="params">
<kw name="Evaluate" library="BuiltIn">
<doc>Evaluates the given expression in Python and returns the result.</doc>
<arguments>
<arg>sys.modules['selenium.webdriver'].ChromeOptions()</arg>
<arg>sys, selenium.webdriver</arg>
</arguments>
<assign>
<var>${chromeOptions}</var>
</assign>
<msg timestamp="20200821 12:40:48.197" level="INFO">${chromeOptions} = &lt;selenium.webdriver.chrome.options.Options object at 0x000001F10BDEF5E0&gt;</msg>
<status status="PASS" starttime="20200821 12:40:48.196" endtime="20200821 12:40:48.197"></status>
</kw>
<kw name="Call Method" library="BuiltIn">
<doc>Calls the named method of the given object with the provided arguments.</doc>
<arguments>
<arg>${chrome_options}</arg>
<arg>add_argument</arg>
<arg>headless</arg>
</arguments>
<status status="PASS" starttime="20200821 12:40:48.197" endtime="20200821 12:40:48.197"></status>
</kw>
<kw name="Call Method" library="BuiltIn">
<doc>Calls the named method of the given object with the provided arguments.</doc>
<arguments>
<arg>${chrome_options}</arg>
<arg>add_argument</arg>
<arg>disable-gpu</arg>
</arguments>
<status status="PASS" starttime="20200821 12:40:48.197" endtime="20200821 12:40:48.198"></status>
</kw>
<kw name="Call Method" library="BuiltIn">
<doc>Calls the named method of the given object with the provided arguments.</doc>
<arguments>
<arg>${chrome_options}</arg>
<arg>to_capabilities</arg>
</arguments>
<assign>
<var>${options}</var>
</assign>
<msg timestamp="20200821 12:40:48.198" level="INFO">${options} = {'browserName': 'chrome', 'version': '', 'platform': 'ANY', 'goog:chromeOptions': {'extensions': [], 'args': ['headless', 'disable-gpu']}}</msg>
<status status="PASS" starttime="20200821 12:40:48.198" endtime="20200821 12:40:48.198"></status>
</kw>
<kw name="Create Webdriver" library="SeleniumLibrary">
<doc>Creates an instance of Selenium WebDriver.</doc>
<arguments>
<arg>Remote</arg>
<arg>command_executor=http://localhost:4444/wd/hub</arg>
<arg>desired_capabilities=${options}</arg>
</arguments>
<msg timestamp="20200821 12:40:48.199" level="INFO">Creating an instance of the Remote WebDriver.</msg>
<status status="PASS" starttime="20200821 12:40:48.198" endtime="20200821 12:40:48.567"></status>
</kw>
<status status="PASS" starttime="20200821 12:40:48.196" endtime="20200821 12:40:48.568"></status>
</kw>
<status status="PASS" starttime="20200821 12:40:48.195" endtime="20200821 12:40:48.568"></status>
</kw>
<kw name="Set Window Size" library="SeleniumLibrary">
<doc>Sets current windows size to given ``width`` and ``height``.</doc>
<arguments>
<arg>1920</arg>
<arg>1640</arg>
</arguments>
<status status="PASS" starttime="20200821 12:40:48.568" endtime="20200821 12:40:48.692"></status>
</kw>
<kw name="Maximize Browser Window" library="SeleniumLibrary">
<doc>Maximizes current browser window.</doc>
<status status="PASS" starttime="20200821 12:40:48.693" endtime="20200821 12:40:48.813"></status>
</kw>
<kw name="Go To" library="SeleniumLibrary">
<doc>Navigates the current browser window to the provided ``url``.</doc>
<arguments>
<arg>${URL}</arg>
</arguments>
<msg timestamp="20200821 12:40:48.814" level="INFO">Opening url 'https://brainpool.ai/careers.html'</msg>
<status status="PASS" starttime="20200821 12:40:48.813" endtime="20200821 12:41:22.401"></status>
</kw>
<status status="PASS" starttime="20200821 12:40:48.194" endtime="20200821 12:41:22.401"></status>
</kw>
<kw name="AI Business" library="Careers">
<kw name="Intialization" library="params">
<kw name="Wait Until Element Is Visible" library="SeleniumLibrary">
<doc>Waits until the element ``locator`` is visible.</doc>
<arguments>
<arg>id=component-2</arg>
<arg>10s</arg>
</arguments>
<status status="PASS" starttime="20200821 12:41:22.405" endtime="20200821 12:41:22.499"></status>
</kw>
<status status="PASS" starttime="20200821 12:41:22.404" endtime="20200821 12:41:22.500"></status>
</kw>
<kw name="LinkTags" library="params">
<arguments>
<arg>29</arg>
</arguments>
<kw name="Execute Javascript" library="SeleniumLibrary">
<doc>Executes the given JavaScript code with possible arguments.</doc>
<arguments>
<arg>document.querySelectorAll("a")[${POS}].click()</arg>
</arguments>
<msg timestamp="20200821 12:41:22.502" level="INFO">Executing JavaScript:
document.querySelectorAll("a")[29].click()
Without any arguments.</msg>
<status status="PASS" starttime="20200821 12:41:22.501" endtime="20200821 12:42:28.911"></status>
</kw>
<status status="PASS" starttime="20200821 12:41:22.500" endtime="20200821 12:42:28.911"></status>
</kw>
<status status="PASS" starttime="20200821 12:41:22.403" endtime="20200821 12:42:28.911"></status>
</kw>
<kw name="Stop" library="params" type="teardown">
<kw name="Close Browser" library="SeleniumLibrary">
<doc>Closes the current browser.</doc>
<status status="PASS" starttime="20200821 12:42:28.911" endtime="20200821 12:42:29.706"></status>
</kw>
<status status="PASS" starttime="20200821 12:42:28.911" endtime="20200821 12:42:29.706"></status>
</kw>
<doc>Verifies if the AI Business Logo is accessible</doc>
<tags>
<tag>CareersPageAIBusiness</tag>
</tags>
<status status="PASS" starttime="20200821 12:40:48.192" endtime="20200821 12:42:29.707" critical="yes"></status>
</test>
<test id="s1-s1-t8" name="The Stack Logo">
<kw name="Start" library="params" type="setup">
<arguments>
<arg>${BROWSER}</arg>
<arg>${URL}</arg>
</arguments>
<kw name="Run Keyword If" library="BuiltIn">
<doc>Runs the given keyword with the given arguments, if ``condition`` is true.</doc>
<arguments>
<arg>"${BROWSER}" == "HeadlessChrome"</arg>
<arg>HeadlessChrome</arg>
<arg>ELSE</arg>
<arg>driver</arg>
<arg>${BROWSER}</arg>
</arguments>
<kw name="HeadlessChrome" library="params">
<kw name="Evaluate" library="BuiltIn">
<doc>Evaluates the given expression in Python and returns the result.</doc>
<arguments>
<arg>sys.modules['selenium.webdriver'].ChromeOptions()</arg>
<arg>sys, selenium.webdriver</arg>
</arguments>
<assign>
<var>${chromeOptions}</var>
</assign>
<msg timestamp="20200821 12:42:29.712" level="INFO">${chromeOptions} = &lt;selenium.webdriver.chrome.options.Options object at 0x000001F10BD71610&gt;</msg>
<status status="PASS" starttime="20200821 12:42:29.712" endtime="20200821 12:42:29.712"></status>
</kw>
<kw name="Call Method" library="BuiltIn">
<doc>Calls the named method of the given object with the provided arguments.</doc>
<arguments>
<arg>${chrome_options}</arg>
<arg>add_argument</arg>
<arg>headless</arg>
</arguments>
<status status="PASS" starttime="20200821 12:42:29.713" endtime="20200821 12:42:29.713"></status>
</kw>
<kw name="Call Method" library="BuiltIn">
<doc>Calls the named method of the given object with the provided arguments.</doc>
<arguments>
<arg>${chrome_options}</arg>
<arg>add_argument</arg>
<arg>disable-gpu</arg>
</arguments>
<status status="PASS" starttime="20200821 12:42:29.713" endtime="20200821 12:42:29.714"></status>
</kw>
<kw name="Call Method" library="BuiltIn">
<doc>Calls the named method of the given object with the provided arguments.</doc>
<arguments>
<arg>${chrome_options}</arg>
<arg>to_capabilities</arg>
</arguments>
<assign>
<var>${options}</var>
</assign>
<msg timestamp="20200821 12:42:29.715" level="INFO">${options} = {'browserName': 'chrome', 'version': '', 'platform': 'ANY', 'goog:chromeOptions': {'extensions': [], 'args': ['headless', 'disable-gpu']}}</msg>
<status status="PASS" starttime="20200821 12:42:29.714" endtime="20200821 12:42:29.715"></status>
</kw>
<kw name="Create Webdriver" library="SeleniumLibrary">
<doc>Creates an instance of Selenium WebDriver.</doc>
<arguments>
<arg>Remote</arg>
<arg>command_executor=http://localhost:4444/wd/hub</arg>
<arg>desired_capabilities=${options}</arg>
</arguments>
<msg timestamp="20200821 12:42:29.715" level="INFO">Creating an instance of the Remote WebDriver.</msg>
<status status="PASS" starttime="20200821 12:42:29.715" endtime="20200821 12:42:33.972"></status>
</kw>
<status status="PASS" starttime="20200821 12:42:29.711" endtime="20200821 12:42:33.972"></status>
</kw>
<status status="PASS" starttime="20200821 12:42:29.710" endtime="20200821 12:42:33.972"></status>
</kw>
<kw name="Set Window Size" library="SeleniumLibrary">
<doc>Sets current windows size to given ``width`` and ``height``.</doc>
<arguments>
<arg>1920</arg>
<arg>1640</arg>
</arguments>
<status status="PASS" starttime="20200821 12:42:33.973" endtime="20200821 12:42:34.154"></status>
</kw>
<kw name="Maximize Browser Window" library="SeleniumLibrary">
<doc>Maximizes current browser window.</doc>
<status status="PASS" starttime="20200821 12:42:34.155" endtime="20200821 12:42:34.297"></status>
</kw>
<kw name="Go To" library="SeleniumLibrary">
<doc>Navigates the current browser window to the provided ``url``.</doc>
<arguments>
<arg>${URL}</arg>
</arguments>
<msg timestamp="20200821 12:42:34.299" level="INFO">Opening url 'https://brainpool.ai/careers.html'</msg>
<status status="PASS" starttime="20200821 12:42:34.298" endtime="20200821 12:42:42.966"></status>
</kw>
<status status="PASS" starttime="20200821 12:42:29.709" endtime="20200821 12:42:42.967"></status>
</kw>
<kw name="The Stack" library="Careers">
<kw name="Intialization" library="params">
<kw name="Wait Until Element Is Visible" library="SeleniumLibrary">
<doc>Waits until the element ``locator`` is visible.</doc>
<arguments>
<arg>id=component-2</arg>
<arg>10s</arg>
</arguments>
<status status="PASS" starttime="20200821 12:42:42.969" endtime="20200821 12:42:43.163"></status>
</kw>
<status status="PASS" starttime="20200821 12:42:42.968" endtime="20200821 12:42:43.163"></status>
</kw>
<kw name="LinkTags" library="params">
<arguments>
<arg>30</arg>
</arguments>
<kw name="Execute Javascript" library="SeleniumLibrary">
<doc>Executes the given JavaScript code with possible arguments.</doc>
<arguments>
<arg>document.querySelectorAll("a")[${POS}].click()</arg>
</arguments>
<msg timestamp="20200821 12:42:43.166" level="INFO">Executing JavaScript:
document.querySelectorAll("a")[30].click()
Without any arguments.</msg>
<status status="PASS" starttime="20200821 12:42:43.165" endtime="20200821 12:42:44.703"></status>
</kw>
<status status="PASS" starttime="20200821 12:42:43.164" endtime="20200821 12:42:44.704"></status>
</kw>
<status status="PASS" starttime="20200821 12:42:42.967" endtime="20200821 12:42:44.704"></status>
</kw>
<kw name="Stop" library="params" type="teardown">
<kw name="Close Browser" library="SeleniumLibrary">
<doc>Closes the current browser.</doc>
<status status="PASS" starttime="20200821 12:42:44.707" endtime="20200821 12:42:44.774"></status>
</kw>
<status status="PASS" starttime="20200821 12:42:44.706" endtime="20200821 12:42:44.775"></status>
</kw>
<doc>Verifies if the Stack Logo is accessible</doc>
<tags>
<tag>CareersPageTheStack</tag>
</tags>
<status status="PASS" starttime="20200821 12:42:29.708" endtime="20200821 12:42:44.775" critical="yes"></status>
</test>
<test id="s1-s1-t9" name="Enterprise Management Logo">
<kw name="Start" library="params" type="setup">
<arguments>
<arg>${BROWSER}</arg>
<arg>${URL}</arg>
</arguments>
<kw name="Run Keyword If" library="BuiltIn">
<doc>Runs the given keyword with the given arguments, if ``condition`` is true.</doc>
<arguments>
<arg>"${BROWSER}" == "HeadlessChrome"</arg>
<arg>HeadlessChrome</arg>
<arg>ELSE</arg>
<arg>driver</arg>
<arg>${BROWSER}</arg>
</arguments>
<kw name="HeadlessChrome" library="params">
<kw name="Evaluate" library="BuiltIn">
<doc>Evaluates the given expression in Python and returns the result.</doc>
<arguments>
<arg>sys.modules['selenium.webdriver'].ChromeOptions()</arg>
<arg>sys, selenium.webdriver</arg>
</arguments>
<assign>
<var>${chromeOptions}</var>
</assign>
<msg timestamp="20200821 12:42:44.781" level="INFO">${chromeOptions} = &lt;selenium.webdriver.chrome.options.Options object at 0x000001F10BDEFDF0&gt;</msg>
<status status="PASS" starttime="20200821 12:42:44.781" endtime="20200821 12:42:44.781"></status>
</kw>
<kw name="Call Method" library="BuiltIn">
<doc>Calls the named method of the given object with the provided arguments.</doc>
<arguments>
<arg>${chrome_options}</arg>
<arg>add_argument</arg>
<arg>headless</arg>
</arguments>
<status status="PASS" starttime="20200821 12:42:44.782" endtime="20200821 12:42:44.782"></status>
</kw>
<kw name="Call Method" library="BuiltIn">
<doc>Calls the named method of the given object with the provided arguments.</doc>
<arguments>
<arg>${chrome_options}</arg>
<arg>add_argument</arg>
<arg>disable-gpu</arg>
</arguments>
<status status="PASS" starttime="20200821 12:42:44.782" endtime="20200821 12:42:44.783"></status>
</kw>
<kw name="Call Method" library="BuiltIn">
<doc>Calls the named method of the given object with the provided arguments.</doc>
<arguments>
<arg>${chrome_options}</arg>
<arg>to_capabilities</arg>
</arguments>
<assign>
<var>${options}</var>
</assign>
<msg timestamp="20200821 12:42:44.784" level="INFO">${options} = {'browserName': 'chrome', 'version': '', 'platform': 'ANY', 'goog:chromeOptions': {'extensions': [], 'args': ['headless', 'disable-gpu']}}</msg>
<status status="PASS" starttime="20200821 12:42:44.783" endtime="20200821 12:42:44.784"></status>
</kw>
<kw name="Create Webdriver" library="SeleniumLibrary">
<doc>Creates an instance of Selenium WebDriver.</doc>
<arguments>
<arg>Remote</arg>
<arg>command_executor=http://localhost:4444/wd/hub</arg>
<arg>desired_capabilities=${options}</arg>
</arguments>
<msg timestamp="20200821 12:42:44.784" level="INFO">Creating an instance of the Remote WebDriver.</msg>
<status status="PASS" starttime="20200821 12:42:44.784" endtime="20200821 12:42:46.205"></status>
</kw>
<status status="PASS" starttime="20200821 12:42:44.780" endtime="20200821 12:42:46.206"></status>
</kw>
<status status="PASS" starttime="20200821 12:42:44.779" endtime="20200821 12:42:46.206"></status>
</kw>
<kw name="Set Window Size" library="SeleniumLibrary">
<doc>Sets current windows size to given ``width`` and ``height``.</doc>
<arguments>
<arg>1920</arg>
<arg>1640</arg>
</arguments>
<status status="PASS" starttime="20200821 12:42:46.206" endtime="20200821 12:42:47.106"></status>
</kw>
<kw name="Maximize Browser Window" library="SeleniumLibrary">
<doc>Maximizes current browser window.</doc>
<status status="PASS" starttime="20200821 12:42:47.106" endtime="20200821 12:42:48.486"></status>
</kw>
<kw name="Go To" library="SeleniumLibrary">
<doc>Navigates the current browser window to the provided ``url``.</doc>
<arguments>
<arg>${URL}</arg>
</arguments>
<msg timestamp="20200821 12:42:48.487" level="INFO">Opening url 'https://brainpool.ai/careers.html'</msg>
<status status="PASS" starttime="20200821 12:42:48.486" endtime="20200821 12:43:20.783"></status>
</kw>
<status status="PASS" starttime="20200821 12:42:44.778" endtime="20200821 12:43:20.783"></status>
</kw>
<kw name="Enterprise Management" library="Careers">
<kw name="Intialization" library="params">
<kw name="Wait Until Element Is Visible" library="SeleniumLibrary">
<doc>Waits until the element ``locator`` is visible.</doc>
<arguments>
<arg>id=component-2</arg>
<arg>10s</arg>
</arguments>
<status status="PASS" starttime="20200821 12:43:20.785" endtime="20200821 12:43:24.850"></status>
</kw>
<status status="PASS" starttime="20200821 12:43:20.785" endtime="20200821 12:43:24.850"></status>
</kw>
<kw name="LinkTags" library="params">
<arguments>
<arg>31</arg>
</arguments>
<kw name="Execute Javascript" library="SeleniumLibrary">
<doc>Executes the given JavaScript code with possible arguments.</doc>
<arguments>
<arg>document.querySelectorAll("a")[${POS}].click()</arg>
</arguments>
<msg timestamp="20200821 12:43:24.851" level="INFO">Executing JavaScript:
document.querySelectorAll("a")[31].click()
Without any arguments.</msg>
<status status="PASS" starttime="20200821 12:43:24.850" endtime="20200821 12:43:46.370"></status>
</kw>
<status status="PASS" starttime="20200821 12:43:24.850" endtime="20200821 12:43:46.371"></status>
</kw>
<status status="PASS" starttime="20200821 12:43:20.784" endtime="20200821 12:43:46.371"></status>
</kw>
<kw name="Stop" library="params" type="teardown">
<kw name="Close Browser" library="SeleniumLibrary">
<doc>Closes the current browser.</doc>
<status status="PASS" starttime="20200821 12:43:46.373" endtime="20200821 12:43:46.443"></status>
</kw>
<status status="PASS" starttime="20200821 12:43:46.372" endtime="20200821 12:43:46.445"></status>
</kw>
<doc>Verifies if the Enterprise Management Logo is accessible</doc>
<tags>
<tag>CareersPageEnterprise Management</tag>
</tags>
<status status="PASS" starttime="20200821 12:42:44.776" endtime="20200821 12:43:46.445" critical="yes"></status>
</test>
<test id="s1-s1-t10" name="Contact Button">
<kw name="Start" library="params" type="setup">
<arguments>
<arg>${BROWSER}</arg>
<arg>${URL}</arg>
</arguments>
<kw name="Run Keyword If" library="BuiltIn">
<doc>Runs the given keyword with the given arguments, if ``condition`` is true.</doc>
<arguments>
<arg>"${BROWSER}" == "HeadlessChrome"</arg>
<arg>HeadlessChrome</arg>
<arg>ELSE</arg>
<arg>driver</arg>
<arg>${BROWSER}</arg>
</arguments>
<kw name="HeadlessChrome" library="params">
<kw name="Evaluate" library="BuiltIn">
<doc>Evaluates the given expression in Python and returns the result.</doc>
<arguments>
<arg>sys.modules['selenium.webdriver'].ChromeOptions()</arg>
<arg>sys, selenium.webdriver</arg>
</arguments>
<assign>
<var>${chromeOptions}</var>
</assign>
<msg timestamp="20200821 12:43:46.453" level="INFO">${chromeOptions} = &lt;selenium.webdriver.chrome.options.Options object at 0x000001F10BDEF970&gt;</msg>
<status status="PASS" starttime="20200821 12:43:46.450" endtime="20200821 12:43:46.453"></status>
</kw>
<kw name="Call Method" library="BuiltIn">
<doc>Calls the named method of the given object with the provided arguments.</doc>
<arguments>
<arg>${chrome_options}</arg>
<arg>add_argument</arg>
<arg>headless</arg>
</arguments>
<status status="PASS" starttime="20200821 12:43:46.453" endtime="20200821 12:43:46.453"></status>
</kw>
<kw name="Call Method" library="BuiltIn">
<doc>Calls the named method of the given object with the provided arguments.</doc>
<arguments>
<arg>${chrome_options}</arg>
<arg>add_argument</arg>
<arg>disable-gpu</arg>
</arguments>
<status status="PASS" starttime="20200821 12:43:46.453" endtime="20200821 12:43:46.453"></status>
</kw>
<kw name="Call Method" library="BuiltIn">
<doc>Calls the named method of the given object with the provided arguments.</doc>
<arguments>
<arg>${chrome_options}</arg>
<arg>to_capabilities</arg>
</arguments>
<assign>
<var>${options}</var>
</assign>
<msg timestamp="20200821 12:43:46.454" level="INFO">${options} = {'browserName': 'chrome', 'version': '', 'platform': 'ANY', 'goog:chromeOptions': {'extensions': [], 'args': ['headless', 'disable-gpu']}}</msg>
<status status="PASS" starttime="20200821 12:43:46.454" endtime="20200821 12:43:46.454"></status>
</kw>
<kw name="Create Webdriver" library="SeleniumLibrary">
<doc>Creates an instance of Selenium WebDriver.</doc>
<arguments>
<arg>Remote</arg>
<arg>command_executor=http://localhost:4444/wd/hub</arg>
<arg>desired_capabilities=${options}</arg>
</arguments>
<msg timestamp="20200821 12:43:46.455" level="INFO">Creating an instance of the Remote WebDriver.</msg>
<status status="PASS" starttime="20200821 12:43:46.454" endtime="20200821 12:43:47.575"></status>
</kw>
<status status="PASS" starttime="20200821 12:43:46.450" endtime="20200821 12:43:47.576"></status>
</kw>
<status status="PASS" starttime="20200821 12:43:46.449" endtime="20200821 12:43:47.576"></status>
</kw>
<kw name="Set Window Size" library="SeleniumLibrary">
<doc>Sets current windows size to given ``width`` and ``height``.</doc>
<arguments>
<arg>1920</arg>
<arg>1640</arg>
</arguments>
<status status="PASS" starttime="20200821 12:43:47.576" endtime="20200821 12:43:47.698"></status>
</kw>
<kw name="Maximize Browser Window" library="SeleniumLibrary">
<doc>Maximizes current browser window.</doc>
<status status="PASS" starttime="20200821 12:43:47.698" endtime="20200821 12:43:47.818"></status>
</kw>
<kw name="Go To" library="SeleniumLibrary">
<doc>Navigates the current browser window to the provided ``url``.</doc>
<arguments>
<arg>${URL}</arg>
</arguments>
<msg timestamp="20200821 12:43:47.820" level="INFO">Opening url 'https://brainpool.ai/careers.html'</msg>
<status status="PASS" starttime="20200821 12:43:47.819" endtime="20200821 12:43:59.062"></status>
</kw>
<status status="PASS" starttime="20200821 12:43:46.447" endtime="20200821 12:43:59.062"></status>
</kw>
<kw name="Contact Button" library="Careers">
<kw name="Intialization" library="params">
<kw name="Wait Until Element Is Visible" library="SeleniumLibrary">
<doc>Waits until the element ``locator`` is visible.</doc>
<arguments>
<arg>id=component-2</arg>
<arg>10s</arg>
</arguments>
<status status="PASS" starttime="20200821 12:43:59.064" endtime="20200821 12:43:59.216"></status>
</kw>
<status status="PASS" starttime="20200821 12:43:59.063" endtime="20200821 12:43:59.217"></status>
</kw>
<kw name="Buttons" library="params">
<arguments>
<arg>9</arg>
</arguments>
<kw name="Click Button" library="SeleniumLibrary">
<doc>Clicks the button identified by ``locator``.</doc>
<arguments>
<arg>id=component-${ELEMENT}</arg>
</arguments>
<msg timestamp="20200821 12:43:59.220" level="INFO">Clicking button 'id=component-9'.</msg>
<status status="PASS" starttime="20200821 12:43:59.219" endtime="20200821 12:43:59.512"></status>
</kw>
<status status="PASS" starttime="20200821 12:43:59.217" endtime="20200821 12:43:59.512"></status>
</kw>
<status status="PASS" starttime="20200821 12:43:59.062" endtime="20200821 12:43:59.513"></status>
</kw>
<kw name="Stop" library="params" type="teardown">
<kw name="Close Browser" library="SeleniumLibrary">
<doc>Closes the current browser.</doc>
<status status="PASS" starttime="20200821 12:43:59.515" endtime="20200821 12:43:59.612"></status>
</kw>
<status status="PASS" starttime="20200821 12:43:59.514" endtime="20200821 12:43:59.613"></status>
</kw>
<doc>Verifies if the Contact Button is accessible</doc>
<tags>
<tag>CareersPageContact Button</tag>
</tags>
<status status="PASS" starttime="20200821 12:43:46.446" endtime="20200821 12:43:59.613" critical="yes"></status>
</test>
<test id="s1-s1-t11" name="Get In Touch Link">
<kw name="Start" library="params" type="setup">
<arguments>
<arg>${BROWSER}</arg>
<arg>${URL}</arg>
</arguments>
<kw name="Run Keyword If" library="BuiltIn">
<doc>Runs the given keyword with the given arguments, if ``condition`` is true.</doc>
<arguments>
<arg>"${BROWSER}" == "HeadlessChrome"</arg>
<arg>HeadlessChrome</arg>
<arg>ELSE</arg>
<arg>driver</arg>
<arg>${BROWSER}</arg>
</arguments>
<kw name="HeadlessChrome" library="params">
<kw name="Evaluate" library="BuiltIn">
<doc>Evaluates the given expression in Python and returns the result.</doc>
<arguments>
<arg>sys.modules['selenium.webdriver'].ChromeOptions()</arg>
<arg>sys, selenium.webdriver</arg>
</arguments>
<assign>
<var>${chromeOptions}</var>
</assign>
<msg timestamp="20200821 12:43:59.624" level="INFO">${chromeOptions} = &lt;selenium.webdriver.chrome.options.Options object at 0x000001F10BE0E4C0&gt;</msg>
<status status="PASS" starttime="20200821 12:43:59.622" endtime="20200821 12:43:59.624"></status>
</kw>
<kw name="Call Method" library="BuiltIn">
<doc>Calls the named method of the given object with the provided arguments.</doc>
<arguments>
<arg>${chrome_options}</arg>
<arg>add_argument</arg>
<arg>headless</arg>
</arguments>
<status status="PASS" starttime="20200821 12:43:59.624" endtime="20200821 12:43:59.625"></status>
</kw>
<kw name="Call Method" library="BuiltIn">
<doc>Calls the named method of the given object with the provided arguments.</doc>
<arguments>
<arg>${chrome_options}</arg>
<arg>add_argument</arg>
<arg>disable-gpu</arg>
</arguments>
<status status="PASS" starttime="20200821 12:43:59.625" endtime="20200821 12:43:59.626"></status>
</kw>
<kw name="Call Method" library="BuiltIn">
<doc>Calls the named method of the given object with the provided arguments.</doc>
<arguments>
<arg>${chrome_options}</arg>
<arg>to_capabilities</arg>
</arguments>
<assign>
<var>${options}</var>
</assign>
<msg timestamp="20200821 12:43:59.627" level="INFO">${options} = {'browserName': 'chrome', 'version': '', 'platform': 'ANY', 'goog:chromeOptions': {'extensions': [], 'args': ['headless', 'disable-gpu']}}</msg>
<status status="PASS" starttime="20200821 12:43:59.627" endtime="20200821 12:43:59.628"></status>
</kw>
<kw name="Create Webdriver" library="SeleniumLibrary">
<doc>Creates an instance of Selenium WebDriver.</doc>
<arguments>
<arg>Remote</arg>
<arg>command_executor=http://localhost:4444/wd/hub</arg>
<arg>desired_capabilities=${options}</arg>
</arguments>
<msg timestamp="20200821 12:43:59.629" level="INFO">Creating an instance of the Remote WebDriver.</msg>
<status status="PASS" starttime="20200821 12:43:59.628" endtime="20200821 12:44:00.058"></status>
</kw>
<status status="PASS" starttime="20200821 12:43:59.618" endtime="20200821 12:44:00.058"></status>
</kw>
<status status="PASS" starttime="20200821 12:43:59.617" endtime="20200821 12:44:00.058"></status>
</kw>
<kw name="Set Window Size" library="SeleniumLibrary">
<doc>Sets current windows size to given ``width`` and ``height``.</doc>
<arguments>
<arg>1920</arg>
<arg>1640</arg>
</arguments>
<status status="PASS" starttime="20200821 12:44:00.059" endtime="20200821 12:44:00.192"></status>
</kw>
<kw name="Maximize Browser Window" library="SeleniumLibrary">
<doc>Maximizes current browser window.</doc>
<status status="PASS" starttime="20200821 12:44:00.193" endtime="20200821 12:44:00.339"></status>
</kw>
<kw name="Go To" library="SeleniumLibrary">
<doc>Navigates the current browser window to the provided ``url``.</doc>
<arguments>
<arg>${URL}</arg>
</arguments>
<msg timestamp="20200821 12:44:00.340" level="INFO">Opening url 'https://brainpool.ai/careers.html'</msg>
<status status="PASS" starttime="20200821 12:44:00.339" endtime="20200821 12:44:04.212"></status>
</kw>
<status status="PASS" starttime="20200821 12:43:59.616" endtime="20200821 12:44:04.213"></status>
</kw>
<kw name="GetInTouch" library="Careers">
<kw name="Intialization" library="params">
<kw name="Wait Until Element Is Visible" library="SeleniumLibrary">
<doc>Waits until the element ``locator`` is visible.</doc>
<arguments>
<arg>id=component-2</arg>
<arg>10s</arg>
</arguments>
<status status="PASS" starttime="20200821 12:44:04.214" endtime="20200821 12:44:04.333"></status>
</kw>
<status status="PASS" starttime="20200821 12:44:04.214" endtime="20200821 12:44:04.334"></status>
</kw>
<kw name="ScrollDown" library="params">
<arguments>
<arg>0</arg>
<arg>8450</arg>
</arguments>
<kw name="Execute Javascript" library="SeleniumLibrary">
<doc>Executes the given JavaScript code with possible arguments.</doc>
<arguments>
<arg>window.scrollTo(${X},${Y})</arg>
</arguments>
<msg timestamp="20200821 12:44:04.337" level="INFO">Executing JavaScript:
window.scrollTo(0,8450)
Without any arguments.</msg>
<status status="PASS" starttime="20200821 12:44:04.336" endtime="20200821 12:44:04.370"></status>
</kw>
<status status="PASS" starttime="20200821 12:44:04.335" endtime="20200821 12:44:04.371"></status>
</kw>
<kw name="Click Element" library="SeleniumLibrary">
<doc>Click the element identified by ``locator``.</doc>
<arguments>
<arg>//a[contains(text(),'Get in touch')]</arg>
</arguments>
<msg timestamp="20200821 12:44:04.373" level="INFO">Clicking element '//a[contains(text(),'Get in touch')]'.</msg>
<status status="PASS" starttime="20200821 12:44:04.373" endtime="20200821 12:44:13.718"></status>
</kw>
<status status="PASS" starttime="20200821 12:44:04.213" endtime="20200821 12:44:13.719"></status>
</kw>
<kw name="Stop" library="params" type="teardown">
<kw name="Close Browser" library="SeleniumLibrary">
<doc>Closes the current browser.</doc>
<status status="PASS" starttime="20200821 12:44:13.721" endtime="20200821 12:44:13.795"></status>
</kw>
<status status="PASS" starttime="20200821 12:44:13.720" endtime="20200821 12:44:13.796"></status>
</kw>
<doc>Verifies if the contact link is accessible</doc>
<tags>
<tag>CareersPageContactLink</tag>
</tags>
<status status="PASS" starttime="20200821 12:43:59.614" endtime="20200821 12:44:13.796" critical="yes"></status>
</test>
<test id="s1-s1-t12" name="Open Postions1">
<kw name="Start" library="params" type="setup">
<arguments>
<arg>${BROWSER}</arg>
<arg>${URL}</arg>
</arguments>
<kw name="Run Keyword If" library="BuiltIn">
<doc>Runs the given keyword with the given arguments, if ``condition`` is true.</doc>
<arguments>
<arg>"${BROWSER}" == "HeadlessChrome"</arg>
<arg>HeadlessChrome</arg>
<arg>ELSE</arg>
<arg>driver</arg>
<arg>${BROWSER}</arg>
</arguments>
<kw name="HeadlessChrome" library="params">
<kw name="Evaluate" library="BuiltIn">
<doc>Evaluates the given expression in Python and returns the result.</doc>
<arguments>
<arg>sys.modules['selenium.webdriver'].ChromeOptions()</arg>
<arg>sys, selenium.webdriver</arg>
</arguments>
<assign>
<var>${chromeOptions}</var>
</assign>
<msg timestamp="20200821 12:44:13.807" level="INFO">${chromeOptions} = &lt;selenium.webdriver.chrome.options.Options object at 0x000001F10BDF9DF0&gt;</msg>
<status status="PASS" starttime="20200821 12:44:13.806" endtime="20200821 12:44:13.807"></status>
</kw>
<kw name="Call Method" library="BuiltIn">
<doc>Calls the named method of the given object with the provided arguments.</doc>
<arguments>
<arg>${chrome_options}</arg>
<arg>add_argument</arg>
<arg>headless</arg>
</arguments>
<status status="PASS" starttime="20200821 12:44:13.807" endtime="20200821 12:44:13.807"></status>
</kw>
<kw name="Call Method" library="BuiltIn">
<doc>Calls the named method of the given object with the provided arguments.</doc>
<arguments>
<arg>${chrome_options}</arg>
<arg>add_argument</arg>
<arg>disable-gpu</arg>
</arguments>
<status status="PASS" starttime="20200821 12:44:13.807" endtime="20200821 12:44:13.808"></status>
</kw>
<kw name="Call Method" library="BuiltIn">
<doc>Calls the named method of the given object with the provided arguments.</doc>
<arguments>
<arg>${chrome_options}</arg>
<arg>to_capabilities</arg>
</arguments>
<assign>
<var>${options}</var>
</assign>
<msg timestamp="20200821 12:44:13.810" level="INFO">${options} = {'browserName': 'chrome', 'version': '', 'platform': 'ANY', 'goog:chromeOptions': {'extensions': [], 'args': ['headless', 'disable-gpu']}}</msg>
<status status="PASS" starttime="20200821 12:44:13.808" endtime="20200821 12:44:13.810"></status>
</kw>
<kw name="Create Webdriver" library="SeleniumLibrary">
<doc>Creates an instance of Selenium WebDriver.</doc>
<arguments>
<arg>Remote</arg>
<arg>command_executor=http://localhost:4444/wd/hub</arg>
<arg>desired_capabilities=${options}</arg>
</arguments>
<msg timestamp="20200821 12:44:13.812" level="INFO">Creating an instance of the Remote WebDriver.</msg>
<status status="PASS" starttime="20200821 12:44:13.810" endtime="20200821 12:44:14.162"></status>
</kw>
<status status="PASS" starttime="20200821 12:44:13.805" endtime="20200821 12:44:14.162"></status>
</kw>
<status status="PASS" starttime="20200821 12:44:13.802" endtime="20200821 12:44:14.162"></status>
</kw>
<kw name="Set Window Size" library="SeleniumLibrary">
<doc>Sets current windows size to given ``width`` and ``height``.</doc>
<arguments>
<arg>1920</arg>
<arg>1640</arg>
</arguments>
<status status="PASS" starttime="20200821 12:44:14.162" endtime="20200821 12:44:14.289"></status>
</kw>
<kw name="Maximize Browser Window" library="SeleniumLibrary">
<doc>Maximizes current browser window.</doc>
<status status="PASS" starttime="20200821 12:44:14.290" endtime="20200821 12:44:14.416"></status>
</kw>
<kw name="Go To" library="SeleniumLibrary">
<doc>Navigates the current browser window to the provided ``url``.</doc>
<arguments>
<arg>${URL}</arg>
</arguments>
<msg timestamp="20200821 12:44:14.418" level="INFO">Opening url 'https://brainpool.ai/careers.html'</msg>
<status status="PASS" starttime="20200821 12:44:14.417" endtime="20200821 12:44:18.328"></status>
</kw>
<status status="PASS" starttime="20200821 12:44:13.800" endtime="20200821 12:44:18.329"></status>
</kw>
<kw name="Open Postions1" library="Careers">
<kw name="Intialization" library="params">
<kw name="Wait Until Element Is Visible" library="SeleniumLibrary">
<doc>Waits until the element ``locator`` is visible.</doc>
<arguments>
<arg>id=component-2</arg>
<arg>10s</arg>
</arguments>
<status status="PASS" starttime="20200821 12:44:18.331" endtime="20200821 12:44:18.479"></status>
</kw>
<status status="PASS" starttime="20200821 12:44:18.330" endtime="20200821 12:44:18.480"></status>
</kw>
<kw name="LinkTags" library="params">
<arguments>
<arg>32</arg>
</arguments>
<kw name="Execute Javascript" library="SeleniumLibrary">
<doc>Executes the given JavaScript code with possible arguments.</doc>
<arguments>
<arg>document.querySelectorAll("a")[${POS}].click()</arg>
</arguments>
<msg timestamp="20200821 12:44:18.484" level="INFO">Executing JavaScript:
document.querySelectorAll("a")[32].click()
Without any arguments.</msg>
<status status="PASS" starttime="20200821 12:44:18.482" endtime="20200821 12:44:31.415"></status>
</kw>
<status status="PASS" starttime="20200821 12:44:18.481" endtime="20200821 12:44:31.415"></status>
</kw>
<status status="PASS" starttime="20200821 12:44:18.329" endtime="20200821 12:44:31.415"></status>
</kw>
<kw name="Stop" library="params" type="teardown">
<kw name="Close Browser" library="SeleniumLibrary">
<doc>Closes the current browser.</doc>
<status status="PASS" starttime="20200821 12:44:31.419" endtime="20200821 12:44:31.483"></status>
</kw>
<status status="PASS" starttime="20200821 12:44:31.416" endtime="20200821 12:44:31.484"></status>
</kw>
<doc>Verifies if the 1st OpenPosition link is accessible</doc>
<tags>
<tag>CareersPageOpenPosition1</tag>
</tags>
<status status="PASS" starttime="20200821 12:44:13.799" endtime="20200821 12:44:31.484" critical="yes"></status>
</test>
<test id="s1-s1-t13" name="Open Postions2">
<kw name="Start" library="params" type="setup">
<arguments>
<arg>${BROWSER}</arg>
<arg>${URL}</arg>
</arguments>
<kw name="Run Keyword If" library="BuiltIn">
<doc>Runs the given keyword with the given arguments, if ``condition`` is true.</doc>
<arguments>
<arg>"${BROWSER}" == "HeadlessChrome"</arg>
<arg>HeadlessChrome</arg>
<arg>ELSE</arg>
<arg>driver</arg>
<arg>${BROWSER}</arg>
</arguments>
<kw name="HeadlessChrome" library="params">
<kw name="Evaluate" library="BuiltIn">
<doc>Evaluates the given expression in Python and returns the result.</doc>
<arguments>
<arg>sys.modules['selenium.webdriver'].ChromeOptions()</arg>
<arg>sys, selenium.webdriver</arg>
</arguments>
<assign>
<var>${chromeOptions}</var>
</assign>
<msg timestamp="20200821 12:44:31.488" level="INFO">${chromeOptions} = &lt;selenium.webdriver.chrome.options.Options object at 0x000001F10BDFB340&gt;</msg>
<status status="PASS" starttime="20200821 12:44:31.488" endtime="20200821 12:44:31.488"></status>
</kw>
<kw name="Call Method" library="BuiltIn">
<doc>Calls the named method of the given object with the provided arguments.</doc>
<arguments>
<arg>${chrome_options}</arg>
<arg>add_argument</arg>
<arg>headless</arg>
</arguments>
<status status="PASS" starttime="20200821 12:44:31.488" endtime="20200821 12:44:31.488"></status>
</kw>
<kw name="Call Method" library="BuiltIn">
<doc>Calls the named method of the given object with the provided arguments.</doc>
<arguments>
<arg>${chrome_options}</arg>
<arg>add_argument</arg>
<arg>disable-gpu</arg>
</arguments>
<status status="PASS" starttime="20200821 12:44:31.488" endtime="20200821 12:44:31.489"></status>
</kw>
<kw name="Call Method" library="BuiltIn">
<doc>Calls the named method of the given object with the provided arguments.</doc>
<arguments>
<arg>${chrome_options}</arg>
<arg>to_capabilities</arg>
</arguments>
<assign>
<var>${options}</var>
</assign>
<msg timestamp="20200821 12:44:31.489" level="INFO">${options} = {'browserName': 'chrome', 'version': '', 'platform': 'ANY', 'goog:chromeOptions': {'extensions': [], 'args': ['headless', 'disable-gpu']}}</msg>
<status status="PASS" starttime="20200821 12:44:31.489" endtime="20200821 12:44:31.489"></status>
</kw>
<kw name="Create Webdriver" library="SeleniumLibrary">
<doc>Creates an instance of Selenium WebDriver.</doc>
<arguments>
<arg>Remote</arg>
<arg>command_executor=http://localhost:4444/wd/hub</arg>
<arg>desired_capabilities=${options}</arg>
</arguments>
<msg timestamp="20200821 12:44:31.490" level="INFO">Creating an instance of the Remote WebDriver.</msg>
<status status="PASS" starttime="20200821 12:44:31.489" endtime="20200821 12:44:31.762"></status>
</kw>
<status status="PASS" starttime="20200821 12:44:31.488" endtime="20200821 12:44:31.763"></status>
</kw>
<status status="PASS" starttime="20200821 12:44:31.487" endtime="20200821 12:44:31.763"></status>
</kw>
<kw name="Set Window Size" library="SeleniumLibrary">
<doc>Sets current windows size to given ``width`` and ``height``.</doc>
<arguments>
<arg>1920</arg>
<arg>1640</arg>
</arguments>
<status status="PASS" starttime="20200821 12:44:31.763" endtime="20200821 12:44:31.889"></status>
</kw>
<kw name="Maximize Browser Window" library="SeleniumLibrary">
<doc>Maximizes current browser window.</doc>
<status status="PASS" starttime="20200821 12:44:31.889" endtime="20200821 12:44:32.010"></status>
</kw>
<kw name="Go To" library="SeleniumLibrary">
<doc>Navigates the current browser window to the provided ``url``.</doc>
<arguments>
<arg>${URL}</arg>
</arguments>
<msg timestamp="20200821 12:44:32.011" level="INFO">Opening url 'https://brainpool.ai/careers.html'</msg>
<status status="PASS" starttime="20200821 12:44:32.010" endtime="20200821 12:44:35.780"></status>
</kw>
<status status="PASS" starttime="20200821 12:44:31.486" endtime="20200821 12:44:35.782"></status>
</kw>
<kw name="Open Postions2" library="Careers">
<kw name="Intialization" library="params">
<kw name="Wait Until Element Is Visible" library="SeleniumLibrary">
<doc>Waits until the element ``locator`` is visible.</doc>
<arguments>
<arg>id=component-2</arg>
<arg>10s</arg>
</arguments>
<status status="PASS" starttime="20200821 12:44:35.784" endtime="20200821 12:44:35.883"></status>
</kw>
<status status="PASS" starttime="20200821 12:44:35.783" endtime="20200821 12:44:35.884"></status>
</kw>
<kw name="LinkTags" library="params">
<arguments>
<arg>33</arg>
</arguments>
<kw name="Execute Javascript" library="SeleniumLibrary">
<doc>Executes the given JavaScript code with possible arguments.</doc>
<arguments>
<arg>document.querySelectorAll("a")[${POS}].click()</arg>
</arguments>
<msg timestamp="20200821 12:44:35.888" level="INFO">Executing JavaScript:
document.querySelectorAll("a")[33].click()
Without any arguments.</msg>
<status status="PASS" starttime="20200821 12:44:35.886" endtime="20200821 12:44:52.851"></status>
</kw>
<status status="PASS" starttime="20200821 12:44:35.884" endtime="20200821 12:44:52.852"></status>
</kw>
<status status="PASS" starttime="20200821 12:44:35.782" endtime="20200821 12:44:52.852"></status>
</kw>
<kw name="Stop" library="params" type="teardown">
<kw name="Close Browser" library="SeleniumLibrary">
<doc>Closes the current browser.</doc>
<status status="PASS" starttime="20200821 12:44:52.853" endtime="20200821 12:44:52.922"></status>
</kw>
<status status="PASS" starttime="20200821 12:44:52.852" endtime="20200821 12:44:52.923"></status>
</kw>
<doc>Verifies if the 2nd OpenPosition link is accessible</doc>
<tags>
<tag>CareersPageOpenPosition2</tag>
</tags>
<status status="PASS" starttime="20200821 12:44:31.485" endtime="20200821 12:44:52.923" critical="yes"></status>
</test>
<test id="s1-s1-t14" name="Open Postions3">
<kw name="Start" library="params" type="setup">
<arguments>
<arg>${BROWSER}</arg>
<arg>${URL}</arg>
</arguments>
<kw name="Run Keyword If" library="BuiltIn">
<doc>Runs the given keyword with the given arguments, if ``condition`` is true.</doc>
<arguments>
<arg>"${BROWSER}" == "HeadlessChrome"</arg>
<arg>HeadlessChrome</arg>
<arg>ELSE</arg>
<arg>driver</arg>
<arg>${BROWSER}</arg>
</arguments>
<kw name="HeadlessChrome" library="params">
<kw name="Evaluate" library="BuiltIn">
<doc>Evaluates the given expression in Python and returns the result.</doc>
<arguments>
<arg>sys.modules['selenium.webdriver'].ChromeOptions()</arg>
<arg>sys, selenium.webdriver</arg>
</arguments>
<assign>
<var>${chromeOptions}</var>
</assign>
<msg timestamp="20200821 12:44:52.930" level="INFO">${chromeOptions} = &lt;selenium.webdriver.chrome.options.Options object at 0x000001F10BE00FA0&gt;</msg>
<status status="PASS" starttime="20200821 12:44:52.930" endtime="20200821 12:44:52.930"></status>
</kw>
<kw name="Call Method" library="BuiltIn">
<doc>Calls the named method of the given object with the provided arguments.</doc>
<arguments>
<arg>${chrome_options}</arg>
<arg>add_argument</arg>
<arg>headless</arg>
</arguments>
<status status="PASS" starttime="20200821 12:44:52.930" endtime="20200821 12:44:52.931"></status>
</kw>
<kw name="Call Method" library="BuiltIn">
<doc>Calls the named method of the given object with the provided arguments.</doc>
<arguments>
<arg>${chrome_options}</arg>
<arg>add_argument</arg>
<arg>disable-gpu</arg>
</arguments>
<status status="PASS" starttime="20200821 12:44:52.931" endtime="20200821 12:44:52.931"></status>
</kw>
<kw name="Call Method" library="BuiltIn">
<doc>Calls the named method of the given object with the provided arguments.</doc>
<arguments>
<arg>${chrome_options}</arg>
<arg>to_capabilities</arg>
</arguments>
<assign>
<var>${options}</var>
</assign>
<msg timestamp="20200821 12:44:52.932" level="INFO">${options} = {'browserName': 'chrome', 'version': '', 'platform': 'ANY', 'goog:chromeOptions': {'extensions': [], 'args': ['headless', 'disable-gpu']}}</msg>
<status status="PASS" starttime="20200821 12:44:52.931" endtime="20200821 12:44:52.932"></status>
</kw>
<kw name="Create Webdriver" library="SeleniumLibrary">
<doc>Creates an instance of Selenium WebDriver.</doc>
<arguments>
<arg>Remote</arg>
<arg>command_executor=http://localhost:4444/wd/hub</arg>
<arg>desired_capabilities=${options}</arg>
</arguments>
<msg timestamp="20200821 12:44:52.932" level="INFO">Creating an instance of the Remote WebDriver.</msg>
<status status="PASS" starttime="20200821 12:44:52.932" endtime="20200821 12:44:53.339"></status>
</kw>
<status status="PASS" starttime="20200821 12:44:52.929" endtime="20200821 12:44:53.339"></status>
</kw>
<status status="PASS" starttime="20200821 12:44:52.928" endtime="20200821 12:44:53.339"></status>
</kw>
<kw name="Set Window Size" library="SeleniumLibrary">
<doc>Sets current windows size to given ``width`` and ``height``.</doc>
<arguments>
<arg>1920</arg>
<arg>1640</arg>
</arguments>
<status status="PASS" starttime="20200821 12:44:53.340" endtime="20200821 12:44:53.472"></status>
</kw>
<kw name="Maximize Browser Window" library="SeleniumLibrary">
<doc>Maximizes current browser window.</doc>
<status status="PASS" starttime="20200821 12:44:53.472" endtime="20200821 12:44:53.610"></status>
</kw>
<kw name="Go To" library="SeleniumLibrary">
<doc>Navigates the current browser window to the provided ``url``.</doc>
<arguments>
<arg>${URL}</arg>
</arguments>
<msg timestamp="20200821 12:44:53.612" level="INFO">Opening url 'https://brainpool.ai/careers.html'</msg>
<status status="PASS" starttime="20200821 12:44:53.610" endtime="20200821 12:44:56.844"></status>
</kw>
<status status="PASS" starttime="20200821 12:44:52.927" endtime="20200821 12:44:56.845"></status>
</kw>
<kw name="Open Postions3" library="Careers">
<kw name="Intialization" library="params">
<kw name="Wait Until Element Is Visible" library="SeleniumLibrary">
<doc>Waits until the element ``locator`` is visible.</doc>
<arguments>
<arg>id=component-2</arg>
<arg>10s</arg>
</arguments>
<status status="PASS" starttime="20200821 12:44:56.847" endtime="20200821 12:44:56.919"></status>
</kw>
<status status="PASS" starttime="20200821 12:44:56.846" endtime="20200821 12:44:56.919"></status>
</kw>
<kw name="LinkTags" library="params">
<arguments>
<arg>34</arg>
</arguments>
<kw name="Execute Javascript" library="SeleniumLibrary">
<doc>Executes the given JavaScript code with possible arguments.</doc>
<arguments>
<arg>document.querySelectorAll("a")[${POS}].click()</arg>
</arguments>
<msg timestamp="20200821 12:44:56.922" level="INFO">Executing JavaScript:
document.querySelectorAll("a")[34].click()
Without any arguments.</msg>
<status status="PASS" starttime="20200821 12:44:56.921" endtime="20200821 12:45:14.382"></status>
</kw>
<status status="PASS" starttime="20200821 12:44:56.920" endtime="20200821 12:45:14.382"></status>
</kw>
<status status="PASS" starttime="20200821 12:44:56.845" endtime="20200821 12:45:14.382"></status>
</kw>
<kw name="Stop" library="params" type="teardown">
<kw name="Close Browser" library="SeleniumLibrary">
<doc>Closes the current browser.</doc>
<status status="PASS" starttime="20200821 12:45:14.384" endtime="20200821 12:45:14.447"></status>
</kw>
<status status="PASS" starttime="20200821 12:45:14.383" endtime="20200821 12:45:14.448"></status>
</kw>
<doc>Verifies if the 3rd OpenPosition link is accessible</doc>
<tags>
<tag>CareersPageOpenPosition3</tag>
</tags>
<status status="PASS" starttime="20200821 12:44:52.925" endtime="20200821 12:45:14.448" critical="yes"></status>
</test>
<status status="PASS" starttime="20200821 12:37:00.746" endtime="20200821 12:45:14.451"></status>
</suite>
<status status="PASS" starttime="20200821 12:37:00.701" endtime="20200821 12:45:14.466"></status>
</suite>
<statistics>
<total>
<stat pass="14" fail="0">Critical Tests</stat>
<stat pass="14" fail="0">All Tests</stat>
</total>
<tag>
<stat pass="1" fail="0">CareersPageAIBusiness</stat>
<stat pass="1" fail="0">CareersPageApply</stat>
<stat pass="1" fail="0">CareersPageBloomberg</stat>
<stat pass="1" fail="0">CareersPageContact Button</stat>
<stat pass="1" fail="0">CareersPageContactLink</stat>
<stat pass="1" fail="0">CareersPageEnterprise Management</stat>
<stat pass="1" fail="0">CareersPageMedium</stat>
<stat pass="1" fail="0">CareersPageOpenPosition1</stat>
<stat pass="1" fail="0">CareersPageOpenPosition2</stat>
<stat pass="1" fail="0">CareersPageOpenPosition3</stat>
<stat pass="1" fail="0">CareersPageRaconteur</stat>
<stat pass="1" fail="0">CareersPageTheStack</stat>
<stat pass="1" fail="0">CnPsPageForbes</stat>
<stat pass="1" fail="0">Smoke</stat>
</tag>
<suite>
<stat pass="14" fail="0" id="s1" name="Suites">Suites</stat>
<stat pass="14" fail="0" id="s1-s1" name="CareersPage">Suites.CareersPage</stat>
</suite>
</statistics>
<errors>
</errors>
</robot>
