<?xml version="1.0" encoding="UTF-8"?>
<robot generator="Robot 3.2.1 (Python 3.8.2 on win32)" generated="20200821 12:37:00.632" rpa="false">
<suite id="s1" name="Suites">
<suite id="s1-s1" name="FAQ" source="C:\Users\pegAsus\workspace_python\SeleniumTrails\WebSiteTesting\Tests\FAQ.robot">
<test id="s1-s1-t1" name="Site accessibility">
<kw name="Start" library="params" type="setup">
<arguments>
<arg>${BROWSER}</arg>
<arg>${URL}</arg>
</arguments>
<kw name="Run Keyword If" library="BuiltIn">
<doc>Runs the given keyword with the given arguments, if ``condition`` is true.</doc>
<arguments>
<arg>"${BROWSER}" == "HeadlessChrome"</arg>
<arg>HeadlessChrome</arg>
<arg>ELSE</arg>
<arg>driver</arg>
<arg>${BROWSER}</arg>
</arguments>
<kw name="HeadlessChrome" library="params">
<kw name="Evaluate" library="BuiltIn">
<doc>Evaluates the given expression in Python and returns the result.</doc>
<arguments>
<arg>sys.modules['selenium.webdriver'].ChromeOptions()</arg>
<arg>sys, selenium.webdriver</arg>
</arguments>
<assign>
<var>${chromeOptions}</var>
</assign>
<msg timestamp="20200821 12:37:01.064" level="INFO">${chromeOptions} = &lt;selenium.webdriver.chrome.options.Options object at 0x0000022CE1F82A30&gt;</msg>
<status status="PASS" starttime="20200821 12:37:01.064" endtime="20200821 12:37:01.064"></status>
</kw>
<kw name="Call Method" library="BuiltIn">
<doc>Calls the named method of the given object with the provided arguments.</doc>
<arguments>
<arg>${chrome_options}</arg>
<arg>add_argument</arg>
<arg>headless</arg>
</arguments>
<status status="PASS" starttime="20200821 12:37:01.065" endtime="20200821 12:37:01.065"></status>
</kw>
<kw name="Call Method" library="BuiltIn">
<doc>Calls the named method of the given object with the provided arguments.</doc>
<arguments>
<arg>${chrome_options}</arg>
<arg>add_argument</arg>
<arg>disable-gpu</arg>
</arguments>
<status status="PASS" starttime="20200821 12:37:01.065" endtime="20200821 12:37:01.066"></status>
</kw>
<kw name="Call Method" library="BuiltIn">
<doc>Calls the named method of the given object with the provided arguments.</doc>
<arguments>
<arg>${chrome_options}</arg>
<arg>to_capabilities</arg>
</arguments>
<assign>
<var>${options}</var>
</assign>
<msg timestamp="20200821 12:37:01.066" level="INFO">${options} = {'browserName': 'chrome', 'version': '', 'platform': 'ANY', 'goog:chromeOptions': {'extensions': [], 'args': ['headless', 'disable-gpu']}}</msg>
<status status="PASS" starttime="20200821 12:37:01.066" endtime="20200821 12:37:01.067"></status>
</kw>
<kw name="Create Webdriver" library="SeleniumLibrary">
<doc>Creates an instance of Selenium WebDriver.</doc>
<arguments>
<arg>Remote</arg>
<arg>command_executor=http://localhost:4444/wd/hub</arg>
<arg>desired_capabilities=${options}</arg>
</arguments>
<msg timestamp="20200821 12:37:01.067" level="INFO">Creating an instance of the Remote WebDriver.</msg>
<status status="PASS" starttime="20200821 12:37:01.067" endtime="20200821 12:37:02.488"></status>
</kw>
<status status="PASS" starttime="20200821 12:37:01.063" endtime="20200821 12:37:02.488"></status>
</kw>
<status status="PASS" starttime="20200821 12:37:01.062" endtime="20200821 12:37:02.488"></status>
</kw>
<kw name="Set Window Size" library="SeleniumLibrary">
<doc>Sets current windows size to given ``width`` and ``height``.</doc>
<arguments>
<arg>1920</arg>
<arg>1640</arg>
</arguments>
<status status="PASS" starttime="20200821 12:37:02.488" endtime="20200821 12:37:02.667"></status>
</kw>
<kw name="Maximize Browser Window" library="SeleniumLibrary">
<doc>Maximizes current browser window.</doc>
<status status="PASS" starttime="20200821 12:37:02.667" endtime="20200821 12:37:02.835"></status>
</kw>
<kw name="Go To" library="SeleniumLibrary">
<doc>Navigates the current browser window to the provided ``url``.</doc>
<arguments>
<arg>${URL}</arg>
</arguments>
<msg timestamp="20200821 12:37:02.836" level="INFO">Opening url 'https://brainpool.ai/faqs.html'</msg>
<status status="PASS" starttime="20200821 12:37:02.836" endtime="20200821 12:37:15.270"></status>
</kw>
<status status="PASS" starttime="20200821 12:37:01.061" endtime="20200821 12:37:15.271"></status>
</kw>
<kw name="Intialize" library="FrequentlyAskedQuestions">
<kw name="Wait Until Page Contains" library="SeleniumLibrary">
<doc>Waits until ``text`` appears on the current page.</doc>
<arguments>
<arg>contact@brainpool.ai</arg>
</arguments>
<status status="PASS" starttime="20200821 12:37:15.272" endtime="20200821 12:37:15.478"></status>
</kw>
<status status="PASS" starttime="20200821 12:37:15.272" endtime="20200821 12:37:15.479"></status>
</kw>
<kw name="Stop" library="params" type="teardown">
<kw name="Close Browser" library="SeleniumLibrary">
<doc>Closes the current browser.</doc>
<status status="PASS" starttime="20200821 12:37:15.480" endtime="20200821 12:37:15.583"></status>
</kw>
<status status="PASS" starttime="20200821 12:37:15.479" endtime="20200821 12:37:15.584"></status>
</kw>
<doc>site accessibility test</doc>
<tags>
<tag>Smoke</tag>
</tags>
<status status="PASS" starttime="20200821 12:37:01.060" endtime="20200821 12:37:15.584" critical="yes"></status>
</test>
<test id="s1-s1-t2" name="EmailAddress">
<kw name="Start" library="params" type="setup">
<arguments>
<arg>${BROWSER}</arg>
<arg>${URL}</arg>
</arguments>
<kw name="Run Keyword If" library="BuiltIn">
<doc>Runs the given keyword with the given arguments, if ``condition`` is true.</doc>
<arguments>
<arg>"${BROWSER}" == "HeadlessChrome"</arg>
<arg>HeadlessChrome</arg>
<arg>ELSE</arg>
<arg>driver</arg>
<arg>${BROWSER}</arg>
</arguments>
<kw name="HeadlessChrome" library="params">
<kw name="Evaluate" library="BuiltIn">
<doc>Evaluates the given expression in Python and returns the result.</doc>
<arguments>
<arg>sys.modules['selenium.webdriver'].ChromeOptions()</arg>
<arg>sys, selenium.webdriver</arg>
</arguments>
<assign>
<var>${chromeOptions}</var>
</assign>
<msg timestamp="20200821 12:37:15.594" level="INFO">${chromeOptions} = &lt;selenium.webdriver.chrome.options.Options object at 0x0000022CE1FD24F0&gt;</msg>
<status status="PASS" starttime="20200821 12:37:15.593" endtime="20200821 12:37:15.595"></status>
</kw>
<kw name="Call Method" library="BuiltIn">
<doc>Calls the named method of the given object with the provided arguments.</doc>
<arguments>
<arg>${chrome_options}</arg>
<arg>add_argument</arg>
<arg>headless</arg>
</arguments>
<status status="PASS" starttime="20200821 12:37:15.595" endtime="20200821 12:37:15.597"></status>
</kw>
<kw name="Call Method" library="BuiltIn">
<doc>Calls the named method of the given object with the provided arguments.</doc>
<arguments>
<arg>${chrome_options}</arg>
<arg>add_argument</arg>
<arg>disable-gpu</arg>
</arguments>
<status status="PASS" starttime="20200821 12:37:15.597" endtime="20200821 12:37:15.598"></status>
</kw>
<kw name="Call Method" library="BuiltIn">
<doc>Calls the named method of the given object with the provided arguments.</doc>
<arguments>
<arg>${chrome_options}</arg>
<arg>to_capabilities</arg>
</arguments>
<assign>
<var>${options}</var>
</assign>
<msg timestamp="20200821 12:37:15.599" level="INFO">${options} = {'browserName': 'chrome', 'version': '', 'platform': 'ANY', 'goog:chromeOptions': {'extensions': [], 'args': ['headless', 'disable-gpu']}}</msg>
<status status="PASS" starttime="20200821 12:37:15.598" endtime="20200821 12:37:15.600"></status>
</kw>
<kw name="Create Webdriver" library="SeleniumLibrary">
<doc>Creates an instance of Selenium WebDriver.</doc>
<arguments>
<arg>Remote</arg>
<arg>command_executor=http://localhost:4444/wd/hub</arg>
<arg>desired_capabilities=${options}</arg>
</arguments>
<msg timestamp="20200821 12:37:15.601" level="INFO">Creating an instance of the Remote WebDriver.</msg>
<status status="PASS" starttime="20200821 12:37:15.600" endtime="20200821 12:37:17.310"></status>
</kw>
<status status="PASS" starttime="20200821 12:37:15.591" endtime="20200821 12:37:17.311"></status>
</kw>
<status status="PASS" starttime="20200821 12:37:15.590" endtime="20200821 12:37:17.311"></status>
</kw>
<kw name="Set Window Size" library="SeleniumLibrary">
<doc>Sets current windows size to given ``width`` and ``height``.</doc>
<arguments>
<arg>1920</arg>
<arg>1640</arg>
</arguments>
<status status="PASS" starttime="20200821 12:37:17.312" endtime="20200821 12:37:17.481"></status>
</kw>
<kw name="Maximize Browser Window" library="SeleniumLibrary">
<doc>Maximizes current browser window.</doc>
<status status="PASS" starttime="20200821 12:37:17.481" endtime="20200821 12:37:17.615"></status>
</kw>
<kw name="Go To" library="SeleniumLibrary">
<doc>Navigates the current browser window to the provided ``url``.</doc>
<arguments>
<arg>${URL}</arg>
</arguments>
<msg timestamp="20200821 12:37:17.616" level="INFO">Opening url 'https://brainpool.ai/faqs.html'</msg>
<status status="PASS" starttime="20200821 12:37:17.615" endtime="20200821 12:37:29.337"></status>
</kw>
<status status="PASS" starttime="20200821 12:37:15.589" endtime="20200821 12:37:29.338"></status>
</kw>
<kw name="EmailAddress" library="FrequentlyAskedQuestions">
<kw name="Intialize" library="FrequentlyAskedQuestions">
<kw name="Wait Until Page Contains" library="SeleniumLibrary">
<doc>Waits until ``text`` appears on the current page.</doc>
<arguments>
<arg>contact@brainpool.ai</arg>
</arguments>
<status status="PASS" starttime="20200821 12:37:29.341" endtime="20200821 12:37:29.403"></status>
</kw>
<status status="PASS" starttime="20200821 12:37:29.341" endtime="20200821 12:37:29.403"></status>
</kw>
<kw name="LinkTags" library="params">
<arguments>
<arg>25</arg>
</arguments>
<kw name="Execute Javascript" library="SeleniumLibrary">
<doc>Executes the given JavaScript code with possible arguments.</doc>
<arguments>
<arg>document.querySelectorAll("a")[${POS}].click()</arg>
</arguments>
<msg timestamp="20200821 12:37:29.406" level="INFO">Executing JavaScript:
document.querySelectorAll("a")[25].click()
Without any arguments.</msg>
<status status="PASS" starttime="20200821 12:37:29.405" endtime="20200821 12:37:32.587"></status>
</kw>
<status status="PASS" starttime="20200821 12:37:29.404" endtime="20200821 12:37:32.587"></status>
</kw>
<status status="PASS" starttime="20200821 12:37:29.339" endtime="20200821 12:37:32.588"></status>
</kw>
<kw name="Stop" library="params" type="teardown">
<kw name="Close Browser" library="SeleniumLibrary">
<doc>Closes the current browser.</doc>
<status status="PASS" starttime="20200821 12:37:32.590" endtime="20200821 12:37:32.663"></status>
</kw>
<status status="PASS" starttime="20200821 12:37:32.588" endtime="20200821 12:37:32.663"></status>
</kw>
<doc>Verifies if the Email Address is accessible</doc>
<tags>
<tag>FAQPageEmail</tag>
</tags>
<status status="PASS" starttime="20200821 12:37:15.586" endtime="20200821 12:37:32.663" critical="yes"></status>
</test>
<test id="s1-s1-t3" name="Get In Touch1">
<kw name="Start" library="params" type="setup">
<arguments>
<arg>${BROWSER}</arg>
<arg>${URL}</arg>
</arguments>
<kw name="Run Keyword If" library="BuiltIn">
<doc>Runs the given keyword with the given arguments, if ``condition`` is true.</doc>
<arguments>
<arg>"${BROWSER}" == "HeadlessChrome"</arg>
<arg>HeadlessChrome</arg>
<arg>ELSE</arg>
<arg>driver</arg>
<arg>${BROWSER}</arg>
</arguments>
<kw name="HeadlessChrome" library="params">
<kw name="Evaluate" library="BuiltIn">
<doc>Evaluates the given expression in Python and returns the result.</doc>
<arguments>
<arg>sys.modules['selenium.webdriver'].ChromeOptions()</arg>
<arg>sys, selenium.webdriver</arg>
</arguments>
<assign>
<var>${chromeOptions}</var>
</assign>
<msg timestamp="20200821 12:37:32.672" level="INFO">${chromeOptions} = &lt;selenium.webdriver.chrome.options.Options object at 0x0000022CE1FE5130&gt;</msg>
<status status="PASS" starttime="20200821 12:37:32.670" endtime="20200821 12:37:32.672"></status>
</kw>
<kw name="Call Method" library="BuiltIn">
<doc>Calls the named method of the given object with the provided arguments.</doc>
<arguments>
<arg>${chrome_options}</arg>
<arg>add_argument</arg>
<arg>headless</arg>
</arguments>
<status status="PASS" starttime="20200821 12:37:32.672" endtime="20200821 12:37:32.673"></status>
</kw>
<kw name="Call Method" library="BuiltIn">
<doc>Calls the named method of the given object with the provided arguments.</doc>
<arguments>
<arg>${chrome_options}</arg>
<arg>add_argument</arg>
<arg>disable-gpu</arg>
</arguments>
<status status="PASS" starttime="20200821 12:37:32.673" endtime="20200821 12:37:32.675"></status>
</kw>
<kw name="Call Method" library="BuiltIn">
<doc>Calls the named method of the given object with the provided arguments.</doc>
<arguments>
<arg>${chrome_options}</arg>
<arg>to_capabilities</arg>
</arguments>
<assign>
<var>${options}</var>
</assign>
<msg timestamp="20200821 12:37:32.676" level="INFO">${options} = {'browserName': 'chrome', 'version': '', 'platform': 'ANY', 'goog:chromeOptions': {'extensions': [], 'args': ['headless', 'disable-gpu']}}</msg>
<status status="PASS" starttime="20200821 12:37:32.675" endtime="20200821 12:37:32.676"></status>
</kw>
<kw name="Create Webdriver" library="SeleniumLibrary">
<doc>Creates an instance of Selenium WebDriver.</doc>
<arguments>
<arg>Remote</arg>
<arg>command_executor=http://localhost:4444/wd/hub</arg>
<arg>desired_capabilities=${options}</arg>
</arguments>
<msg timestamp="20200821 12:37:32.679" level="INFO">Creating an instance of the Remote WebDriver.</msg>
<status status="PASS" starttime="20200821 12:37:32.677" endtime="20200821 12:37:33.647"></status>
</kw>
<status status="PASS" starttime="20200821 12:37:32.669" endtime="20200821 12:37:33.647"></status>
</kw>
<status status="PASS" starttime="20200821 12:37:32.668" endtime="20200821 12:37:33.648"></status>
</kw>
<kw name="Set Window Size" library="SeleniumLibrary">
<doc>Sets current windows size to given ``width`` and ``height``.</doc>
<arguments>
<arg>1920</arg>
<arg>1640</arg>
</arguments>
<status status="PASS" starttime="20200821 12:37:33.649" endtime="20200821 12:37:33.862"></status>
</kw>
<kw name="Maximize Browser Window" library="SeleniumLibrary">
<doc>Maximizes current browser window.</doc>
<status status="PASS" starttime="20200821 12:37:33.863" endtime="20200821 12:37:34.043"></status>
</kw>
<kw name="Go To" library="SeleniumLibrary">
<doc>Navigates the current browser window to the provided ``url``.</doc>
<arguments>
<arg>${URL}</arg>
</arguments>
<msg timestamp="20200821 12:37:34.043" level="INFO">Opening url 'https://brainpool.ai/faqs.html'</msg>
<status status="PASS" starttime="20200821 12:37:34.043" endtime="20200821 12:37:38.875"></status>
</kw>
<status status="PASS" starttime="20200821 12:37:32.666" endtime="20200821 12:37:38.875"></status>
</kw>
<kw name="GetInTouch1" library="FrequentlyAskedQuestions">
<kw name="Intialize" library="FrequentlyAskedQuestions">
<kw name="Wait Until Page Contains" library="SeleniumLibrary">
<doc>Waits until ``text`` appears on the current page.</doc>
<arguments>
<arg>contact@brainpool.ai</arg>
</arguments>
<status status="PASS" starttime="20200821 12:37:38.877" endtime="20200821 12:37:38.940"></status>
</kw>
<status status="PASS" starttime="20200821 12:37:38.877" endtime="20200821 12:37:38.941"></status>
</kw>
<kw name="ScrollDown" library="params">
<arguments>
<arg>0</arg>
<arg>8450</arg>
</arguments>
<kw name="Execute Javascript" library="SeleniumLibrary">
<doc>Executes the given JavaScript code with possible arguments.</doc>
<arguments>
<arg>window.scrollTo(${X},${Y})</arg>
</arguments>
<msg timestamp="20200821 12:37:38.944" level="INFO">Executing JavaScript:
window.scrollTo(0,8450)
Without any arguments.</msg>
<status status="PASS" starttime="20200821 12:37:38.943" endtime="20200821 12:37:38.976"></status>
</kw>
<status status="PASS" starttime="20200821 12:37:38.941" endtime="20200821 12:37:38.976"></status>
</kw>
<kw name="LinkTags" library="params">
<arguments>
<arg>32</arg>
</arguments>
<kw name="Execute Javascript" library="SeleniumLibrary">
<doc>Executes the given JavaScript code with possible arguments.</doc>
<arguments>
<arg>document.querySelectorAll("a")[${POS}].click()</arg>
</arguments>
<msg timestamp="20200821 12:37:38.980" level="INFO">Executing JavaScript:
document.querySelectorAll("a")[32].click()
Without any arguments.</msg>
<status status="PASS" starttime="20200821 12:37:38.978" endtime="20200821 12:37:39.024"></status>
</kw>
<status status="PASS" starttime="20200821 12:37:38.976" endtime="20200821 12:37:39.025"></status>
</kw>
<status status="PASS" starttime="20200821 12:37:38.875" endtime="20200821 12:37:39.025"></status>
</kw>
<kw name="Stop" library="params" type="teardown">
<kw name="Close Browser" library="SeleniumLibrary">
<doc>Closes the current browser.</doc>
<status status="PASS" starttime="20200821 12:37:39.027" endtime="20200821 12:37:39.098"></status>
</kw>
<status status="PASS" starttime="20200821 12:37:39.026" endtime="20200821 12:37:39.098"></status>
</kw>
<doc>Verifies if the 1st contact link is accessible</doc>
<tags>
<tag>FAQPageContactLink1</tag>
</tags>
<status status="PASS" starttime="20200821 12:37:32.664" endtime="20200821 12:37:39.098" critical="yes"></status>
</test>
<test id="s1-s1-t4" name="Get In Touch2">
<kw name="Start" library="params" type="setup">
<arguments>
<arg>${BROWSER}</arg>
<arg>${URL}</arg>
</arguments>
<kw name="Run Keyword If" library="BuiltIn">
<doc>Runs the given keyword with the given arguments, if ``condition`` is true.</doc>
<arguments>
<arg>"${BROWSER}" == "HeadlessChrome"</arg>
<arg>HeadlessChrome</arg>
<arg>ELSE</arg>
<arg>driver</arg>
<arg>${BROWSER}</arg>
</arguments>
<kw name="HeadlessChrome" library="params">
<kw name="Evaluate" library="BuiltIn">
<doc>Evaluates the given expression in Python and returns the result.</doc>
<arguments>
<arg>sys.modules['selenium.webdriver'].ChromeOptions()</arg>
<arg>sys, selenium.webdriver</arg>
</arguments>
<assign>
<var>${chromeOptions}</var>
</assign>
<msg timestamp="20200821 12:37:39.107" level="INFO">${chromeOptions} = &lt;selenium.webdriver.chrome.options.Options object at 0x0000022CE1FF0B80&gt;</msg>
<status status="PASS" starttime="20200821 12:37:39.107" endtime="20200821 12:37:39.107"></status>
</kw>
<kw name="Call Method" library="BuiltIn">
<doc>Calls the named method of the given object with the provided arguments.</doc>
<arguments>
<arg>${chrome_options}</arg>
<arg>add_argument</arg>
<arg>headless</arg>
</arguments>
<status status="PASS" starttime="20200821 12:37:39.108" endtime="20200821 12:37:39.108"></status>
</kw>
<kw name="Call Method" library="BuiltIn">
<doc>Calls the named method of the given object with the provided arguments.</doc>
<arguments>
<arg>${chrome_options}</arg>
<arg>add_argument</arg>
<arg>disable-gpu</arg>
</arguments>
<status status="PASS" starttime="20200821 12:37:39.109" endtime="20200821 12:37:39.109"></status>
</kw>
<kw name="Call Method" library="BuiltIn">
<doc>Calls the named method of the given object with the provided arguments.</doc>
<arguments>
<arg>${chrome_options}</arg>
<arg>to_capabilities</arg>
</arguments>
<assign>
<var>${options}</var>
</assign>
<msg timestamp="20200821 12:37:39.110" level="INFO">${options} = {'browserName': 'chrome', 'version': '', 'platform': 'ANY', 'goog:chromeOptions': {'extensions': [], 'args': ['headless', 'disable-gpu']}}</msg>
<status status="PASS" starttime="20200821 12:37:39.110" endtime="20200821 12:37:39.111"></status>
</kw>
<kw name="Create Webdriver" library="SeleniumLibrary">
<doc>Creates an instance of Selenium WebDriver.</doc>
<arguments>
<arg>Remote</arg>
<arg>command_executor=http://localhost:4444/wd/hub</arg>
<arg>desired_capabilities=${options}</arg>
</arguments>
<msg timestamp="20200821 12:37:39.111" level="INFO">Creating an instance of the Remote WebDriver.</msg>
<status status="PASS" starttime="20200821 12:37:39.111" endtime="20200821 12:37:39.425"></status>
</kw>
<status status="PASS" starttime="20200821 12:37:39.105" endtime="20200821 12:37:39.426"></status>
</kw>
<status status="PASS" starttime="20200821 12:37:39.104" endtime="20200821 12:37:39.426"></status>
</kw>
<kw name="Set Window Size" library="SeleniumLibrary">
<doc>Sets current windows size to given ``width`` and ``height``.</doc>
<arguments>
<arg>1920</arg>
<arg>1640</arg>
</arguments>
<status status="PASS" starttime="20200821 12:37:39.426" endtime="20200821 12:37:39.562"></status>
</kw>
<kw name="Maximize Browser Window" library="SeleniumLibrary">
<doc>Maximizes current browser window.</doc>
<status status="PASS" starttime="20200821 12:37:39.562" endtime="20200821 12:37:39.692"></status>
</kw>
<kw name="Go To" library="SeleniumLibrary">
<doc>Navigates the current browser window to the provided ``url``.</doc>
<arguments>
<arg>${URL}</arg>
</arguments>
<msg timestamp="20200821 12:37:39.693" level="INFO">Opening url 'https://brainpool.ai/faqs.html'</msg>
<status status="PASS" starttime="20200821 12:37:39.692" endtime="20200821 12:37:47.883"></status>
</kw>
<status status="PASS" starttime="20200821 12:37:39.102" endtime="20200821 12:37:47.884"></status>
</kw>
<kw name="GetInTouch2" library="FrequentlyAskedQuestions">
<kw name="Intialize" library="FrequentlyAskedQuestions">
<kw name="Wait Until Page Contains" library="SeleniumLibrary">
<doc>Waits until ``text`` appears on the current page.</doc>
<arguments>
<arg>contact@brainpool.ai</arg>
</arguments>
<status status="PASS" starttime="20200821 12:37:47.888" endtime="20200821 12:37:48.286"></status>
</kw>
<status status="PASS" starttime="20200821 12:37:47.886" endtime="20200821 12:37:48.287"></status>
</kw>
<kw name="ScrollDown" library="params">
<arguments>
<arg>0</arg>
<arg>8450</arg>
</arguments>
<kw name="Execute Javascript" library="SeleniumLibrary">
<doc>Executes the given JavaScript code with possible arguments.</doc>
<arguments>
<arg>window.scrollTo(${X},${Y})</arg>
</arguments>
<msg timestamp="20200821 12:37:48.290" level="INFO">Executing JavaScript:
window.scrollTo(0,8450)
Without any arguments.</msg>
<status status="PASS" starttime="20200821 12:37:48.288" endtime="20200821 12:37:48.966"></status>
</kw>
<status status="PASS" starttime="20200821 12:37:48.287" endtime="20200821 12:37:48.967"></status>
</kw>
<kw name="LinkTags" library="params">
<arguments>
<arg>50</arg>
</arguments>
<kw name="Execute Javascript" library="SeleniumLibrary">
<doc>Executes the given JavaScript code with possible arguments.</doc>
<arguments>
<arg>document.querySelectorAll("a")[${POS}].click()</arg>
</arguments>
<msg timestamp="20200821 12:37:48.969" level="INFO">Executing JavaScript:
document.querySelectorAll("a")[50].click()
Without any arguments.</msg>
<status status="PASS" starttime="20200821 12:37:48.968" endtime="20200821 12:37:49.108"></status>
</kw>
<status status="PASS" starttime="20200821 12:37:48.967" endtime="20200821 12:37:49.109"></status>
</kw>
<status status="PASS" starttime="20200821 12:37:47.885" endtime="20200821 12:37:49.110"></status>
</kw>
<kw name="Stop" library="params" type="teardown">
<kw name="Close Browser" library="SeleniumLibrary">
<doc>Closes the current browser.</doc>
<status status="PASS" starttime="20200821 12:37:49.112" endtime="20200821 12:37:49.206"></status>
</kw>
<status status="PASS" starttime="20200821 12:37:49.111" endtime="20200821 12:37:49.206"></status>
</kw>
<doc>Verifies if the 2nd contact link is accessible</doc>
<tags>
<tag>FAQPageContactLink2</tag>
</tags>
<status status="PASS" starttime="20200821 12:37:39.100" endtime="20200821 12:37:49.206" critical="yes"></status>
</test>
<status status="PASS" starttime="20200821 12:37:00.690" endtime="20200821 12:37:49.210"></status>
</suite>
<status status="PASS" starttime="20200821 12:37:00.635" endtime="20200821 12:37:49.218"></status>
</suite>
<statistics>
<total>
<stat pass="4" fail="0">Critical Tests</stat>
<stat pass="4" fail="0">All Tests</stat>
</total>
<tag>
<stat pass="1" fail="0">FAQPageContactLink1</stat>
<stat pass="1" fail="0">FAQPageContactLink2</stat>
<stat pass="1" fail="0">FAQPageEmail</stat>
<stat pass="1" fail="0">Smoke</stat>
</tag>
<suite>
<stat pass="4" fail="0" id="s1" name="Suites">Suites</stat>
<stat pass="4" fail="0" id="s1-s1" name="FAQ">Suites.FAQ</stat>
</suite>
</statistics>
<errors>
</errors>
</robot>
