<?xml version="1.0" encoding="UTF-8"?>
<robot generator="Robot 3.2.1 (Python 3.8.2 on win32)" generated="20200817 01:30:35.252" rpa="false">
<suite id="s1" name="Suites">
<suite id="s1-s1" name="FAQ" source="C:\Users\pegAsus\workspace_python\SeleniumTrails\WebSiteTesting\Tests\FAQ.robot">
<test id="s1-s1-t1" name="Site accessibility">
<kw name="Start" library="params" type="setup">
<arguments>
<arg>${BROWSER}</arg>
<arg>${URL}</arg>
<arg>${PathToDriver}</arg>
</arguments>
<kw name="Run Keyword If" library="BuiltIn">
<doc>Runs the given keyword with the given arguments, if ``condition`` is true.</doc>
<arguments>
<arg>"${BROWSER}" == "HeadlessChrome"</arg>
<arg>HeadlessChrome</arg>
<arg>${PathToDriver}</arg>
<arg>ELSE</arg>
<arg>driver</arg>
<arg>${BROWSER}</arg>
<arg>${PathToDriver}</arg>
</arguments>
<kw name="HeadlessChrome" library="params">
<arguments>
<arg>${PathToDriver}</arg>
</arguments>
<kw name="Evaluate" library="BuiltIn">
<doc>Evaluates the given expression in Python and returns the result.</doc>
<arguments>
<arg>sys.modules['selenium.webdriver'].ChromeOptions()</arg>
<arg>sys, selenium.webdriver</arg>
</arguments>
<assign>
<var>${chromeOptions}</var>
</assign>
<msg timestamp="20200817 01:30:35.727" level="INFO">${chromeOptions} = &lt;selenium.webdriver.chrome.options.Options object at 0x00000262A2533A00&gt;</msg>
<status status="PASS" starttime="20200817 01:30:35.726" endtime="20200817 01:30:35.727"></status>
</kw>
<kw name="Call Method" library="BuiltIn">
<doc>Calls the named method of the given object with the provided arguments.</doc>
<arguments>
<arg>${chromeOptions}</arg>
<arg>add_argument</arg>
<arg>--headless</arg>
</arguments>
<status status="PASS" starttime="20200817 01:30:35.728" endtime="20200817 01:30:35.728"></status>
</kw>
<kw name="Call Method" library="BuiltIn">
<doc>Calls the named method of the given object with the provided arguments.</doc>
<arguments>
<arg>${chromeOptions}</arg>
<arg>add_argument</arg>
<arg>--window-size\=1366,768</arg>
</arguments>
<status status="PASS" starttime="20200817 01:30:35.729" endtime="20200817 01:30:35.730"></status>
</kw>
<kw name="Call Method" library="BuiltIn">
<doc>Calls the named method of the given object with the provided arguments.</doc>
<arguments>
<arg>${chromeOptions}</arg>
<arg>add_argument</arg>
<arg>--disable-gpu</arg>
</arguments>
<status status="PASS" starttime="20200817 01:30:35.730" endtime="20200817 01:30:35.730"></status>
</kw>
<kw name="Create Webdriver" library="SeleniumLibrary">
<doc>Creates an instance of Selenium WebDriver.</doc>
<arguments>
<arg>Chrome</arg>
<arg>executable_path=${PathToDriver}</arg>
<arg>chrome_options=${chromeOptions}</arg>
</arguments>
<msg timestamp="20200817 01:30:35.732" level="INFO">Creating an instance of the Chrome WebDriver.</msg>
<status status="PASS" starttime="20200817 01:30:35.731" endtime="20200817 01:30:40.018"></status>
</kw>
<status status="PASS" starttime="20200817 01:30:35.725" endtime="20200817 01:30:40.018"></status>
</kw>
<status status="PASS" starttime="20200817 01:30:35.724" endtime="20200817 01:30:40.018"></status>
</kw>
<kw name="Set Window Size" library="SeleniumLibrary">
<doc>Sets current windows size to given ``width`` and ``height``.</doc>
<arguments>
<arg>1920</arg>
<arg>1640</arg>
</arguments>
<status status="PASS" starttime="20200817 01:30:40.018" endtime="20200817 01:30:42.163"></status>
</kw>
<kw name="Maximize Browser Window" library="SeleniumLibrary">
<doc>Maximizes current browser window.</doc>
<status status="PASS" starttime="20200817 01:30:42.163" endtime="20200817 01:30:42.273"></status>
</kw>
<kw name="Go To" library="SeleniumLibrary">
<doc>Navigates the current browser window to the provided ``url``.</doc>
<arguments>
<arg>${URL}</arg>
</arguments>
<msg timestamp="20200817 01:30:42.274" level="INFO">Opening url 'https://brainpool.ai/faqs.html'</msg>
<status status="PASS" starttime="20200817 01:30:42.273" endtime="20200817 01:30:53.276"></status>
</kw>
<status status="PASS" starttime="20200817 01:30:35.723" endtime="20200817 01:30:53.276"></status>
</kw>
<kw name="Intialize" library="FrequentlyAskedQuestions">
<kw name="Wait Until Page Contains" library="SeleniumLibrary">
<doc>Waits until ``text`` appears on the current page.</doc>
<arguments>
<arg>contact@brainpool.ai</arg>
</arguments>
<status status="PASS" starttime="20200817 01:30:53.278" endtime="20200817 01:30:53.348"></status>
</kw>
<status status="PASS" starttime="20200817 01:30:53.277" endtime="20200817 01:30:53.348"></status>
</kw>
<kw name="Stop" library="params" type="teardown">
<kw name="Close All Browsers" library="SeleniumLibrary">
<doc>Closes all open browsers and resets the browser cache.</doc>
<status status="PASS" starttime="20200817 01:30:53.350" endtime="20200817 01:30:55.645"></status>
</kw>
<status status="PASS" starttime="20200817 01:30:53.350" endtime="20200817 01:30:55.646"></status>
</kw>
<doc>site accessibility test</doc>
<tags>
<tag>Smoke</tag>
</tags>
<status status="PASS" starttime="20200817 01:30:35.719" endtime="20200817 01:30:55.646" critical="yes"></status>
</test>
<test id="s1-s1-t2" name="EmailAddress">
<kw name="Start" library="params" type="setup">
<arguments>
<arg>${BROWSER}</arg>
<arg>${URL}</arg>
<arg>${PathToDriver}</arg>
</arguments>
<kw name="Run Keyword If" library="BuiltIn">
<doc>Runs the given keyword with the given arguments, if ``condition`` is true.</doc>
<arguments>
<arg>"${BROWSER}" == "HeadlessChrome"</arg>
<arg>HeadlessChrome</arg>
<arg>${PathToDriver}</arg>
<arg>ELSE</arg>
<arg>driver</arg>
<arg>${BROWSER}</arg>
<arg>${PathToDriver}</arg>
</arguments>
<kw name="HeadlessChrome" library="params">
<arguments>
<arg>${PathToDriver}</arg>
</arguments>
<kw name="Evaluate" library="BuiltIn">
<doc>Evaluates the given expression in Python and returns the result.</doc>
<arguments>
<arg>sys.modules['selenium.webdriver'].ChromeOptions()</arg>
<arg>sys, selenium.webdriver</arg>
</arguments>
<assign>
<var>${chromeOptions}</var>
</assign>
<msg timestamp="20200817 01:30:55.655" level="INFO">${chromeOptions} = &lt;selenium.webdriver.chrome.options.Options object at 0x00000262A2598400&gt;</msg>
<status status="PASS" starttime="20200817 01:30:55.654" endtime="20200817 01:30:55.655"></status>
</kw>
<kw name="Call Method" library="BuiltIn">
<doc>Calls the named method of the given object with the provided arguments.</doc>
<arguments>
<arg>${chromeOptions}</arg>
<arg>add_argument</arg>
<arg>--headless</arg>
</arguments>
<status status="PASS" starttime="20200817 01:30:55.656" endtime="20200817 01:30:55.656"></status>
</kw>
<kw name="Call Method" library="BuiltIn">
<doc>Calls the named method of the given object with the provided arguments.</doc>
<arguments>
<arg>${chromeOptions}</arg>
<arg>add_argument</arg>
<arg>--window-size\=1366,768</arg>
</arguments>
<status status="PASS" starttime="20200817 01:30:55.656" endtime="20200817 01:30:55.657"></status>
</kw>
<kw name="Call Method" library="BuiltIn">
<doc>Calls the named method of the given object with the provided arguments.</doc>
<arguments>
<arg>${chromeOptions}</arg>
<arg>add_argument</arg>
<arg>--disable-gpu</arg>
</arguments>
<status status="PASS" starttime="20200817 01:30:55.657" endtime="20200817 01:30:55.658"></status>
</kw>
<kw name="Create Webdriver" library="SeleniumLibrary">
<doc>Creates an instance of Selenium WebDriver.</doc>
<arguments>
<arg>Chrome</arg>
<arg>executable_path=${PathToDriver}</arg>
<arg>chrome_options=${chromeOptions}</arg>
</arguments>
<msg timestamp="20200817 01:30:55.659" level="INFO">Creating an instance of the Chrome WebDriver.</msg>
<status status="PASS" starttime="20200817 01:30:55.659" endtime="20200817 01:31:00.486"></status>
</kw>
<status status="PASS" starttime="20200817 01:30:55.653" endtime="20200817 01:31:00.487"></status>
</kw>
<status status="PASS" starttime="20200817 01:30:55.653" endtime="20200817 01:31:00.487"></status>
</kw>
<kw name="Set Window Size" library="SeleniumLibrary">
<doc>Sets current windows size to given ``width`` and ``height``.</doc>
<arguments>
<arg>1920</arg>
<arg>1640</arg>
</arguments>
<status status="PASS" starttime="20200817 01:31:00.487" endtime="20200817 01:31:02.606"></status>
</kw>
<kw name="Maximize Browser Window" library="SeleniumLibrary">
<doc>Maximizes current browser window.</doc>
<status status="PASS" starttime="20200817 01:31:02.606" endtime="20200817 01:31:02.713"></status>
</kw>
<kw name="Go To" library="SeleniumLibrary">
<doc>Navigates the current browser window to the provided ``url``.</doc>
<arguments>
<arg>${URL}</arg>
</arguments>
<msg timestamp="20200817 01:31:02.713" level="INFO">Opening url 'https://brainpool.ai/faqs.html'</msg>
<status status="PASS" starttime="20200817 01:31:02.713" endtime="20200817 01:31:06.342"></status>
</kw>
<status status="PASS" starttime="20200817 01:30:55.651" endtime="20200817 01:31:06.343"></status>
</kw>
<kw name="EmailAddress" library="FrequentlyAskedQuestions">
<kw name="Intialize" library="FrequentlyAskedQuestions">
<kw name="Wait Until Page Contains" library="SeleniumLibrary">
<doc>Waits until ``text`` appears on the current page.</doc>
<arguments>
<arg>contact@brainpool.ai</arg>
</arguments>
<status status="PASS" starttime="20200817 01:31:06.344" endtime="20200817 01:31:06.404"></status>
</kw>
<status status="PASS" starttime="20200817 01:31:06.343" endtime="20200817 01:31:06.404"></status>
</kw>
<kw name="LinkTags" library="params">
<arguments>
<arg>25</arg>
</arguments>
<kw name="Execute Javascript" library="SeleniumLibrary">
<doc>Executes the given JavaScript code with possible arguments.</doc>
<arguments>
<arg>document.querySelectorAll("a")[${POS}].click()</arg>
</arguments>
<msg timestamp="20200817 01:31:06.408" level="INFO">Executing JavaScript:
document.querySelectorAll("a")[25].click()
Without any arguments.</msg>
<status status="PASS" starttime="20200817 01:31:06.406" endtime="20200817 01:31:09.900"></status>
</kw>
<status status="PASS" starttime="20200817 01:31:06.404" endtime="20200817 01:31:09.901"></status>
</kw>
<status status="PASS" starttime="20200817 01:31:06.343" endtime="20200817 01:31:09.902"></status>
</kw>
<kw name="Stop" library="params" type="teardown">
<kw name="Close All Browsers" library="SeleniumLibrary">
<doc>Closes all open browsers and resets the browser cache.</doc>
<status status="PASS" starttime="20200817 01:31:09.904" endtime="20200817 01:31:12.037"></status>
</kw>
<status status="PASS" starttime="20200817 01:31:09.903" endtime="20200817 01:31:12.038"></status>
</kw>
<doc>Verifies if the Email Address is accessible</doc>
<tags>
<tag>FAQPageEmail</tag>
</tags>
<status status="PASS" starttime="20200817 01:30:55.647" endtime="20200817 01:31:12.038" critical="yes"></status>
</test>
<test id="s1-s1-t3" name="Get In Touch1">
<kw name="Start" library="params" type="setup">
<arguments>
<arg>${BROWSER}</arg>
<arg>${URL}</arg>
<arg>${PathToDriver}</arg>
</arguments>
<kw name="Run Keyword If" library="BuiltIn">
<doc>Runs the given keyword with the given arguments, if ``condition`` is true.</doc>
<arguments>
<arg>"${BROWSER}" == "HeadlessChrome"</arg>
<arg>HeadlessChrome</arg>
<arg>${PathToDriver}</arg>
<arg>ELSE</arg>
<arg>driver</arg>
<arg>${BROWSER}</arg>
<arg>${PathToDriver}</arg>
</arguments>
<kw name="HeadlessChrome" library="params">
<arguments>
<arg>${PathToDriver}</arg>
</arguments>
<kw name="Evaluate" library="BuiltIn">
<doc>Evaluates the given expression in Python and returns the result.</doc>
<arguments>
<arg>sys.modules['selenium.webdriver'].ChromeOptions()</arg>
<arg>sys, selenium.webdriver</arg>
</arguments>
<assign>
<var>${chromeOptions}</var>
</assign>
<msg timestamp="20200817 01:31:12.049" level="INFO">${chromeOptions} = &lt;selenium.webdriver.chrome.options.Options object at 0x00000262A258E160&gt;</msg>
<status status="PASS" starttime="20200817 01:31:12.047" endtime="20200817 01:31:12.049"></status>
</kw>
<kw name="Call Method" library="BuiltIn">
<doc>Calls the named method of the given object with the provided arguments.</doc>
<arguments>
<arg>${chromeOptions}</arg>
<arg>add_argument</arg>
<arg>--headless</arg>
</arguments>
<status status="PASS" starttime="20200817 01:31:12.049" endtime="20200817 01:31:12.050"></status>
</kw>
<kw name="Call Method" library="BuiltIn">
<doc>Calls the named method of the given object with the provided arguments.</doc>
<arguments>
<arg>${chromeOptions}</arg>
<arg>add_argument</arg>
<arg>--window-size\=1366,768</arg>
</arguments>
<status status="PASS" starttime="20200817 01:31:12.050" endtime="20200817 01:31:12.051"></status>
</kw>
<kw name="Call Method" library="BuiltIn">
<doc>Calls the named method of the given object with the provided arguments.</doc>
<arguments>
<arg>${chromeOptions}</arg>
<arg>add_argument</arg>
<arg>--disable-gpu</arg>
</arguments>
<status status="PASS" starttime="20200817 01:31:12.051" endtime="20200817 01:31:12.052"></status>
</kw>
<kw name="Create Webdriver" library="SeleniumLibrary">
<doc>Creates an instance of Selenium WebDriver.</doc>
<arguments>
<arg>Chrome</arg>
<arg>executable_path=${PathToDriver}</arg>
<arg>chrome_options=${chromeOptions}</arg>
</arguments>
<msg timestamp="20200817 01:31:12.054" level="INFO">Creating an instance of the Chrome WebDriver.</msg>
<status status="PASS" starttime="20200817 01:31:12.052" endtime="20200817 01:31:16.122"></status>
</kw>
<status status="PASS" starttime="20200817 01:31:12.046" endtime="20200817 01:31:16.123"></status>
</kw>
<status status="PASS" starttime="20200817 01:31:12.044" endtime="20200817 01:31:16.123"></status>
</kw>
<kw name="Set Window Size" library="SeleniumLibrary">
<doc>Sets current windows size to given ``width`` and ``height``.</doc>
<arguments>
<arg>1920</arg>
<arg>1640</arg>
</arguments>
<status status="PASS" starttime="20200817 01:31:16.124" endtime="20200817 01:31:18.587"></status>
</kw>
<kw name="Maximize Browser Window" library="SeleniumLibrary">
<doc>Maximizes current browser window.</doc>
<status status="PASS" starttime="20200817 01:31:18.587" endtime="20200817 01:31:18.788"></status>
</kw>
<kw name="Go To" library="SeleniumLibrary">
<doc>Navigates the current browser window to the provided ``url``.</doc>
<arguments>
<arg>${URL}</arg>
</arguments>
<msg timestamp="20200817 01:31:18.788" level="INFO">Opening url 'https://brainpool.ai/faqs.html'</msg>
<status status="PASS" starttime="20200817 01:31:18.788" endtime="20200817 01:31:22.200"></status>
</kw>
<status status="PASS" starttime="20200817 01:31:12.042" endtime="20200817 01:31:22.200"></status>
</kw>
<kw name="GetInTouch1" library="FrequentlyAskedQuestions">
<kw name="Intialize" library="FrequentlyAskedQuestions">
<kw name="Wait Until Page Contains" library="SeleniumLibrary">
<doc>Waits until ``text`` appears on the current page.</doc>
<arguments>
<arg>contact@brainpool.ai</arg>
</arguments>
<status status="PASS" starttime="20200817 01:31:22.202" endtime="20200817 01:31:22.249"></status>
</kw>
<status status="PASS" starttime="20200817 01:31:22.202" endtime="20200817 01:31:22.250"></status>
</kw>
<kw name="ScrollDown" library="params">
<arguments>
<arg>0</arg>
<arg>8450</arg>
</arguments>
<kw name="Execute Javascript" library="SeleniumLibrary">
<doc>Executes the given JavaScript code with possible arguments.</doc>
<arguments>
<arg>window.scrollTo(${X},${Y})</arg>
</arguments>
<msg timestamp="20200817 01:31:22.253" level="INFO">Executing JavaScript:
window.scrollTo(0,8450)
Without any arguments.</msg>
<status status="PASS" starttime="20200817 01:31:22.251" endtime="20200817 01:31:22.263"></status>
</kw>
<status status="PASS" starttime="20200817 01:31:22.250" endtime="20200817 01:31:22.263"></status>
</kw>
<kw name="LinkTags" library="params">
<arguments>
<arg>32</arg>
</arguments>
<kw name="Execute Javascript" library="SeleniumLibrary">
<doc>Executes the given JavaScript code with possible arguments.</doc>
<arguments>
<arg>document.querySelectorAll("a")[${POS}].click()</arg>
</arguments>
<msg timestamp="20200817 01:31:22.264" level="INFO">Executing JavaScript:
document.querySelectorAll("a")[32].click()
Without any arguments.</msg>
<status status="PASS" starttime="20200817 01:31:22.263" endtime="20200817 01:31:22.284"></status>
</kw>
<status status="PASS" starttime="20200817 01:31:22.263" endtime="20200817 01:31:22.284"></status>
</kw>
<status status="PASS" starttime="20200817 01:31:22.201" endtime="20200817 01:31:22.285"></status>
</kw>
<kw name="Stop" library="params" type="teardown">
<kw name="Close All Browsers" library="SeleniumLibrary">
<doc>Closes all open browsers and resets the browser cache.</doc>
<status status="PASS" starttime="20200817 01:31:22.286" endtime="20200817 01:31:24.341"></status>
</kw>
<status status="PASS" starttime="20200817 01:31:22.285" endtime="20200817 01:31:24.341"></status>
</kw>
<doc>Verifies if the 1st contact link is accessible</doc>
<tags>
<tag>FAQPageContactLink1</tag>
</tags>
<status status="PASS" starttime="20200817 01:31:12.040" endtime="20200817 01:31:24.341" critical="yes"></status>
</test>
<test id="s1-s1-t4" name="Get In Touch2">
<kw name="Start" library="params" type="setup">
<arguments>
<arg>${BROWSER}</arg>
<arg>${URL}</arg>
<arg>${PathToDriver}</arg>
</arguments>
<kw name="Run Keyword If" library="BuiltIn">
<doc>Runs the given keyword with the given arguments, if ``condition`` is true.</doc>
<arguments>
<arg>"${BROWSER}" == "HeadlessChrome"</arg>
<arg>HeadlessChrome</arg>
<arg>${PathToDriver}</arg>
<arg>ELSE</arg>
<arg>driver</arg>
<arg>${BROWSER}</arg>
<arg>${PathToDriver}</arg>
</arguments>
<kw name="HeadlessChrome" library="params">
<arguments>
<arg>${PathToDriver}</arg>
</arguments>
<kw name="Evaluate" library="BuiltIn">
<doc>Evaluates the given expression in Python and returns the result.</doc>
<arguments>
<arg>sys.modules['selenium.webdriver'].ChromeOptions()</arg>
<arg>sys, selenium.webdriver</arg>
</arguments>
<assign>
<var>${chromeOptions}</var>
</assign>
<msg timestamp="20200817 01:31:24.344" level="INFO">${chromeOptions} = &lt;selenium.webdriver.chrome.options.Options object at 0x00000262A25ACE50&gt;</msg>
<status status="PASS" starttime="20200817 01:31:24.344" endtime="20200817 01:31:24.344"></status>
</kw>
<kw name="Call Method" library="BuiltIn">
<doc>Calls the named method of the given object with the provided arguments.</doc>
<arguments>
<arg>${chromeOptions}</arg>
<arg>add_argument</arg>
<arg>--headless</arg>
</arguments>
<status status="PASS" starttime="20200817 01:31:24.344" endtime="20200817 01:31:24.344"></status>
</kw>
<kw name="Call Method" library="BuiltIn">
<doc>Calls the named method of the given object with the provided arguments.</doc>
<arguments>
<arg>${chromeOptions}</arg>
<arg>add_argument</arg>
<arg>--window-size\=1366,768</arg>
</arguments>
<status status="PASS" starttime="20200817 01:31:24.344" endtime="20200817 01:31:24.344"></status>
</kw>
<kw name="Call Method" library="BuiltIn">
<doc>Calls the named method of the given object with the provided arguments.</doc>
<arguments>
<arg>${chromeOptions}</arg>
<arg>add_argument</arg>
<arg>--disable-gpu</arg>
</arguments>
<status status="PASS" starttime="20200817 01:31:24.345" endtime="20200817 01:31:24.345"></status>
</kw>
<kw name="Create Webdriver" library="SeleniumLibrary">
<doc>Creates an instance of Selenium WebDriver.</doc>
<arguments>
<arg>Chrome</arg>
<arg>executable_path=${PathToDriver}</arg>
<arg>chrome_options=${chromeOptions}</arg>
</arguments>
<msg timestamp="20200817 01:31:24.346" level="INFO">Creating an instance of the Chrome WebDriver.</msg>
<status status="PASS" starttime="20200817 01:31:24.345" endtime="20200817 01:31:27.675"></status>
</kw>
<status status="PASS" starttime="20200817 01:31:24.343" endtime="20200817 01:31:27.676"></status>
</kw>
<status status="PASS" starttime="20200817 01:31:24.343" endtime="20200817 01:31:27.676"></status>
</kw>
<kw name="Set Window Size" library="SeleniumLibrary">
<doc>Sets current windows size to given ``width`` and ``height``.</doc>
<arguments>
<arg>1920</arg>
<arg>1640</arg>
</arguments>
<status status="PASS" starttime="20200817 01:31:27.676" endtime="20200817 01:31:29.826"></status>
</kw>
<kw name="Maximize Browser Window" library="SeleniumLibrary">
<doc>Maximizes current browser window.</doc>
<status status="PASS" starttime="20200817 01:31:29.826" endtime="20200817 01:31:29.989"></status>
</kw>
<kw name="Go To" library="SeleniumLibrary">
<doc>Navigates the current browser window to the provided ``url``.</doc>
<arguments>
<arg>${URL}</arg>
</arguments>
<msg timestamp="20200817 01:31:29.990" level="INFO">Opening url 'https://brainpool.ai/faqs.html'</msg>
<status status="PASS" starttime="20200817 01:31:29.990" endtime="20200817 01:31:33.588"></status>
</kw>
<status status="PASS" starttime="20200817 01:31:24.343" endtime="20200817 01:31:33.588"></status>
</kw>
<kw name="GetInTouch2" library="FrequentlyAskedQuestions">
<kw name="Intialize" library="FrequentlyAskedQuestions">
<kw name="Wait Until Page Contains" library="SeleniumLibrary">
<doc>Waits until ``text`` appears on the current page.</doc>
<arguments>
<arg>contact@brainpool.ai</arg>
</arguments>
<status status="PASS" starttime="20200817 01:31:33.591" endtime="20200817 01:31:34.036"></status>
</kw>
<status status="PASS" starttime="20200817 01:31:33.589" endtime="20200817 01:31:34.037"></status>
</kw>
<kw name="ScrollDown" library="params">
<arguments>
<arg>0</arg>
<arg>8450</arg>
</arguments>
<kw name="Execute Javascript" library="SeleniumLibrary">
<doc>Executes the given JavaScript code with possible arguments.</doc>
<arguments>
<arg>window.scrollTo(${X},${Y})</arg>
</arguments>
<msg timestamp="20200817 01:31:34.039" level="INFO">Executing JavaScript:
window.scrollTo(0,8450)
Without any arguments.</msg>
<status status="PASS" starttime="20200817 01:31:34.039" endtime="20200817 01:31:34.584"></status>
</kw>
<status status="PASS" starttime="20200817 01:31:34.037" endtime="20200817 01:31:34.585"></status>
</kw>
<kw name="LinkTags" library="params">
<arguments>
<arg>50</arg>
</arguments>
<kw name="Execute Javascript" library="SeleniumLibrary">
<doc>Executes the given JavaScript code with possible arguments.</doc>
<arguments>
<arg>document.querySelectorAll("a")[${POS}].click()</arg>
</arguments>
<msg timestamp="20200817 01:31:34.587" level="INFO">Executing JavaScript:
document.querySelectorAll("a")[50].click()
Without any arguments.</msg>
<status status="PASS" starttime="20200817 01:31:34.586" endtime="20200817 01:31:34.927"></status>
</kw>
<status status="PASS" starttime="20200817 01:31:34.585" endtime="20200817 01:31:34.928"></status>
</kw>
<status status="PASS" starttime="20200817 01:31:33.588" endtime="20200817 01:31:34.928"></status>
</kw>
<kw name="Stop" library="params" type="teardown">
<kw name="Close All Browsers" library="SeleniumLibrary">
<doc>Closes all open browsers and resets the browser cache.</doc>
<status status="PASS" starttime="20200817 01:31:34.930" endtime="20200817 01:31:38.326"></status>
</kw>
<status status="PASS" starttime="20200817 01:31:34.929" endtime="20200817 01:31:38.327"></status>
</kw>
<doc>Verifies if the 2nd contact link is accessible</doc>
<tags>
<tag>FAQPageContactLink2</tag>
</tags>
<status status="PASS" starttime="20200817 01:31:24.342" endtime="20200817 01:31:38.327" critical="yes"></status>
</test>
<status status="PASS" starttime="20200817 01:30:35.305" endtime="20200817 01:31:38.329"></status>
</suite>
<status status="PASS" starttime="20200817 01:30:35.252" endtime="20200817 01:31:38.333"></status>
</suite>
<statistics>
<total>
<stat pass="4" fail="0">Critical Tests</stat>
<stat pass="4" fail="0">All Tests</stat>
</total>
<tag>
<stat pass="1" fail="0">FAQPageContactLink1</stat>
<stat pass="1" fail="0">FAQPageContactLink2</stat>
<stat pass="1" fail="0">FAQPageEmail</stat>
<stat pass="1" fail="0">Smoke</stat>
</tag>
<suite>
<stat pass="4" fail="0" id="s1" name="Suites">Suites</stat>
<stat pass="4" fail="0" id="s1-s1" name="FAQ">Suites.FAQ</stat>
</suite>
</statistics>
<errors>
</errors>
</robot>
