<?xml version="1.0" encoding="UTF-8"?>
<robot generator="Robot 3.2.1 (Python 3.8.2 on win32)" generated="20200816 19:58:53.174" rpa="false">
<suite id="s1" name="Tests" source="C:\Users\pegAsus\workspace_python\SeleniumTrails\WebSiteTesting\Tests">
<suite id="s1-s1" name="About" source="C:\Users\pegAsus\workspace_python\SeleniumTrails\WebSiteTesting\Tests\About.robot">
<test id="s1-s1-t1" name="Site accessibility">
<kw name="Start" library="params" type="setup">
<arguments>
<arg>${BROWSER}</arg>
<arg>${URL}</arg>
</arguments>
<kw name="Run Keyword If" library="BuiltIn">
<doc>Runs the given keyword with the given arguments, if ``condition`` is true.</doc>
<arguments>
<arg>"${BROWSER}" == "HeadlessChrome"</arg>
<arg>HeadlessChrome</arg>
<arg>ELSE</arg>
<arg>driver</arg>
<arg>${BROWSER}</arg>
</arguments>
<kw name="driver" library="params">
<arguments>
<arg>${BROWSER}</arg>
</arguments>
<kw name="Create Webdriver" library="SeleniumLibrary">
<doc>Creates an instance of Selenium WebDriver.</doc>
<arguments>
<arg>${BROWSER}</arg>
</arguments>
<msg timestamp="20200816 19:58:53.383" level="INFO">Creating an instance of the Chrome WebDriver.</msg>
<status status="PASS" starttime="20200816 19:58:53.383" endtime="20200816 19:58:56.626"></status>
</kw>
<status status="PASS" starttime="20200816 19:58:53.383" endtime="20200816 19:58:56.626"></status>
</kw>
<status status="PASS" starttime="20200816 19:58:53.383" endtime="20200816 19:58:56.626"></status>
</kw>
<kw name="Set Window Size" library="SeleniumLibrary">
<doc>Sets current windows size to given ``width`` and ``height``.</doc>
<arguments>
<arg>1920</arg>
<arg>1640</arg>
</arguments>
<status status="PASS" starttime="20200816 19:58:56.626" endtime="20200816 19:58:58.764"></status>
</kw>
<kw name="Maximize Browser Window" library="SeleniumLibrary">
<doc>Maximizes current browser window.</doc>
<status status="PASS" starttime="20200816 19:58:58.765" endtime="20200816 19:58:58.881"></status>
</kw>
<kw name="Go To" library="SeleniumLibrary">
<doc>Navigates the current browser window to the provided ``url``.</doc>
<arguments>
<arg>${URL}</arg>
</arguments>
<msg timestamp="20200816 19:58:58.882" level="INFO">Opening url 'https://brainpool.ai/about.html'</msg>
<status status="PASS" starttime="20200816 19:58:58.881" endtime="20200816 19:59:02.585"></status>
</kw>
<status status="PASS" starttime="20200816 19:58:53.383" endtime="20200816 19:59:02.585"></status>
</kw>
<kw name="Intialization" library="params">
<kw name="Wait Until Element Is Visible" library="SeleniumLibrary">
<doc>Waits until the element ``locator`` is visible.</doc>
<arguments>
<arg>id=component-2</arg>
</arguments>
<status status="PASS" starttime="20200816 19:59:02.587" endtime="20200816 19:59:03.422"></status>
</kw>
<status status="PASS" starttime="20200816 19:59:02.586" endtime="20200816 19:59:03.423"></status>
</kw>
<kw name="Stop" library="params" type="teardown">
<kw name="Close All Browsers" library="SeleniumLibrary">
<doc>Closes all open browsers and resets the browser cache.</doc>
<status status="PASS" starttime="20200816 19:59:03.424" endtime="20200816 19:59:05.620"></status>
</kw>
<status status="PASS" starttime="20200816 19:59:03.423" endtime="20200816 19:59:05.620"></status>
</kw>
<doc>site accessibility test</doc>
<tags>
<tag>Smoke</tag>
</tags>
<status status="PASS" starttime="20200816 19:58:53.383" endtime="20200816 19:59:05.620" critical="yes"></status>
</test>
<test id="s1-s1-t2" name="AboutUs 1st Apply Button">
<kw name="Start" library="params" type="setup">
<arguments>
<arg>${BROWSER}</arg>
<arg>${URL}</arg>
</arguments>
<kw name="Run Keyword If" library="BuiltIn">
<doc>Runs the given keyword with the given arguments, if ``condition`` is true.</doc>
<arguments>
<arg>"${BROWSER}" == "HeadlessChrome"</arg>
<arg>HeadlessChrome</arg>
<arg>ELSE</arg>
<arg>driver</arg>
<arg>${BROWSER}</arg>
</arguments>
<kw name="driver" library="params">
<arguments>
<arg>${BROWSER}</arg>
</arguments>
<kw name="Create Webdriver" library="SeleniumLibrary">
<doc>Creates an instance of Selenium WebDriver.</doc>
<arguments>
<arg>${BROWSER}</arg>
</arguments>
<msg timestamp="20200816 19:59:05.624" level="INFO">Creating an instance of the Chrome WebDriver.</msg>
<status status="PASS" starttime="20200816 19:59:05.624" endtime="20200816 19:59:08.910"></status>
</kw>
<status status="PASS" starttime="20200816 19:59:05.624" endtime="20200816 19:59:08.910"></status>
</kw>
<status status="PASS" starttime="20200816 19:59:05.624" endtime="20200816 19:59:08.910"></status>
</kw>
<kw name="Set Window Size" library="SeleniumLibrary">
<doc>Sets current windows size to given ``width`` and ``height``.</doc>
<arguments>
<arg>1920</arg>
<arg>1640</arg>
</arguments>
<status status="PASS" starttime="20200816 19:59:08.910" endtime="20200816 19:59:11.036"></status>
</kw>
<kw name="Maximize Browser Window" library="SeleniumLibrary">
<doc>Maximizes current browser window.</doc>
<status status="PASS" starttime="20200816 19:59:11.036" endtime="20200816 19:59:11.158"></status>
</kw>
<kw name="Go To" library="SeleniumLibrary">
<doc>Navigates the current browser window to the provided ``url``.</doc>
<arguments>
<arg>${URL}</arg>
</arguments>
<msg timestamp="20200816 19:59:11.158" level="INFO">Opening url 'https://brainpool.ai/about.html'</msg>
<status status="PASS" starttime="20200816 19:59:11.158" endtime="20200816 19:59:14.010"></status>
</kw>
<status status="PASS" starttime="20200816 19:59:05.624" endtime="20200816 19:59:14.010"></status>
</kw>
<kw name="Apply To Join BrainPool" library="AboutUs">
<kw name="Intialization" library="params">
<kw name="Wait Until Element Is Visible" library="SeleniumLibrary">
<doc>Waits until the element ``locator`` is visible.</doc>
<arguments>
<arg>id=component-2</arg>
</arguments>
<status status="PASS" starttime="20200816 19:59:14.013" endtime="20200816 19:59:14.912"></status>
</kw>
<status status="PASS" starttime="20200816 19:59:14.012" endtime="20200816 19:59:14.913"></status>
</kw>
<kw name="Buttons" library="params">
<arguments>
<arg>2</arg>
</arguments>
<kw name="Click Button" library="SeleniumLibrary">
<doc>Clicks the button identified by ``locator``.</doc>
<arguments>
<arg>id=component-${ELEMENT}</arg>
</arguments>
<msg timestamp="20200816 19:59:14.914" level="INFO">Clicking button 'id=component-2'.</msg>
<status status="PASS" starttime="20200816 19:59:14.914" endtime="20200816 19:59:15.103"></status>
</kw>
<status status="PASS" starttime="20200816 19:59:14.913" endtime="20200816 19:59:15.104"></status>
</kw>
<status status="PASS" starttime="20200816 19:59:14.012" endtime="20200816 19:59:15.105"></status>
</kw>
<kw name="Stop" library="params" type="teardown">
<kw name="Close All Browsers" library="SeleniumLibrary">
<doc>Closes all open browsers and resets the browser cache.</doc>
<status status="PASS" starttime="20200816 19:59:15.107" endtime="20200816 19:59:17.285"></status>
</kw>
<status status="PASS" starttime="20200816 19:59:15.107" endtime="20200816 19:59:17.285"></status>
</kw>
<doc>Verifies if the Apply To Join BrainPool button is accessible</doc>
<tags>
<tag>AboutUsPageApplyBrainPool</tag>
</tags>
<status status="PASS" starttime="20200816 19:59:05.624" endtime="20200816 19:59:17.286" critical="yes"></status>
</test>
<test id="s1-s1-t3" name="Forbes Logo">
<kw name="Start" library="params" type="setup">
<arguments>
<arg>${BROWSER}</arg>
<arg>${URL}</arg>
</arguments>
<kw name="Run Keyword If" library="BuiltIn">
<doc>Runs the given keyword with the given arguments, if ``condition`` is true.</doc>
<arguments>
<arg>"${BROWSER}" == "HeadlessChrome"</arg>
<arg>HeadlessChrome</arg>
<arg>ELSE</arg>
<arg>driver</arg>
<arg>${BROWSER}</arg>
</arguments>
<kw name="driver" library="params">
<arguments>
<arg>${BROWSER}</arg>
</arguments>
<kw name="Create Webdriver" library="SeleniumLibrary">
<doc>Creates an instance of Selenium WebDriver.</doc>
<arguments>
<arg>${BROWSER}</arg>
</arguments>
<msg timestamp="20200816 19:59:17.290" level="INFO">Creating an instance of the Chrome WebDriver.</msg>
<status status="PASS" starttime="20200816 19:59:17.290" endtime="20200816 19:59:20.513"></status>
</kw>
<status status="PASS" starttime="20200816 19:59:17.289" endtime="20200816 19:59:20.513"></status>
</kw>
<status status="PASS" starttime="20200816 19:59:17.289" endtime="20200816 19:59:20.513"></status>
</kw>
<kw name="Set Window Size" library="SeleniumLibrary">
<doc>Sets current windows size to given ``width`` and ``height``.</doc>
<arguments>
<arg>1920</arg>
<arg>1640</arg>
</arguments>
<status status="PASS" starttime="20200816 19:59:20.514" endtime="20200816 19:59:22.660"></status>
</kw>
<kw name="Maximize Browser Window" library="SeleniumLibrary">
<doc>Maximizes current browser window.</doc>
<status status="PASS" starttime="20200816 19:59:22.660" endtime="20200816 19:59:22.781"></status>
</kw>
<kw name="Go To" library="SeleniumLibrary">
<doc>Navigates the current browser window to the provided ``url``.</doc>
<arguments>
<arg>${URL}</arg>
</arguments>
<msg timestamp="20200816 19:59:22.781" level="INFO">Opening url 'https://brainpool.ai/about.html'</msg>
<status status="PASS" starttime="20200816 19:59:22.781" endtime="20200816 19:59:26.115"></status>
</kw>
<status status="PASS" starttime="20200816 19:59:17.289" endtime="20200816 19:59:26.115"></status>
</kw>
<kw name="Forbes" library="AboutUs">
<kw name="Intialization" library="params">
<kw name="Wait Until Element Is Visible" library="SeleniumLibrary">
<doc>Waits until the element ``locator`` is visible.</doc>
<arguments>
<arg>id=component-2</arg>
</arguments>
<status status="PASS" starttime="20200816 19:59:26.116" endtime="20200816 19:59:27.015"></status>
</kw>
<status status="PASS" starttime="20200816 19:59:26.116" endtime="20200816 19:59:27.015"></status>
</kw>
<kw name="LinkTags" library="params">
<arguments>
<arg>33</arg>
</arguments>
<kw name="Execute Javascript" library="SeleniumLibrary">
<doc>Executes the given JavaScript code with possible arguments.</doc>
<arguments>
<arg>document.querySelectorAll("a")[${POS}].click()</arg>
</arguments>
<msg timestamp="20200816 19:59:27.016" level="INFO">Executing JavaScript:
document.querySelectorAll("a")[33].click()
Without any arguments.</msg>
<status status="PASS" starttime="20200816 19:59:27.016" endtime="20200816 19:59:32.885"></status>
</kw>
<status status="PASS" starttime="20200816 19:59:27.015" endtime="20200816 19:59:32.885"></status>
</kw>
<status status="PASS" starttime="20200816 19:59:26.116" endtime="20200816 19:59:32.886"></status>
</kw>
<kw name="Stop" library="params" type="teardown">
<kw name="Close All Browsers" library="SeleniumLibrary">
<doc>Closes all open browsers and resets the browser cache.</doc>
<status status="PASS" starttime="20200816 19:59:32.887" endtime="20200816 19:59:35.114"></status>
</kw>
<status status="PASS" starttime="20200816 19:59:32.886" endtime="20200816 19:59:35.114"></status>
</kw>
<doc>Verifies if the Forbes Logo is accessible</doc>
<tags>
<tag>AboutUsPageForbes</tag>
</tags>
<status status="PASS" starttime="20200816 19:59:17.288" endtime="20200816 19:59:35.115" critical="yes"></status>
</test>
<test id="s1-s1-t4" name="Bloomberg Logo">
<kw name="Start" library="params" type="setup">
<arguments>
<arg>${BROWSER}</arg>
<arg>${URL}</arg>
</arguments>
<kw name="Run Keyword If" library="BuiltIn">
<doc>Runs the given keyword with the given arguments, if ``condition`` is true.</doc>
<arguments>
<arg>"${BROWSER}" == "HeadlessChrome"</arg>
<arg>HeadlessChrome</arg>
<arg>ELSE</arg>
<arg>driver</arg>
<arg>${BROWSER}</arg>
</arguments>
<kw name="driver" library="params">
<arguments>
<arg>${BROWSER}</arg>
</arguments>
<kw name="Create Webdriver" library="SeleniumLibrary">
<doc>Creates an instance of Selenium WebDriver.</doc>
<arguments>
<arg>${BROWSER}</arg>
</arguments>
<msg timestamp="20200816 19:59:35.120" level="INFO">Creating an instance of the Chrome WebDriver.</msg>
<status status="PASS" starttime="20200816 19:59:35.120" endtime="20200816 19:59:38.425"></status>
</kw>
<status status="PASS" starttime="20200816 19:59:35.119" endtime="20200816 19:59:38.425"></status>
</kw>
<status status="PASS" starttime="20200816 19:59:35.119" endtime="20200816 19:59:38.425"></status>
</kw>
<kw name="Set Window Size" library="SeleniumLibrary">
<doc>Sets current windows size to given ``width`` and ``height``.</doc>
<arguments>
<arg>1920</arg>
<arg>1640</arg>
</arguments>
<status status="PASS" starttime="20200816 19:59:38.426" endtime="20200816 19:59:40.562"></status>
</kw>
<kw name="Maximize Browser Window" library="SeleniumLibrary">
<doc>Maximizes current browser window.</doc>
<status status="PASS" starttime="20200816 19:59:40.562" endtime="20200816 19:59:40.686"></status>
</kw>
<kw name="Go To" library="SeleniumLibrary">
<doc>Navigates the current browser window to the provided ``url``.</doc>
<arguments>
<arg>${URL}</arg>
</arguments>
<msg timestamp="20200816 19:59:40.687" level="INFO">Opening url 'https://brainpool.ai/about.html'</msg>
<status status="PASS" starttime="20200816 19:59:40.686" endtime="20200816 19:59:43.231"></status>
</kw>
<status status="PASS" starttime="20200816 19:59:35.119" endtime="20200816 19:59:43.231"></status>
</kw>
<kw name="Bloomberg" library="AboutUs">
<kw name="Intialization" library="params">
<kw name="Wait Until Element Is Visible" library="SeleniumLibrary">
<doc>Waits until the element ``locator`` is visible.</doc>
<arguments>
<arg>id=component-2</arg>
</arguments>
<status status="PASS" starttime="20200816 19:59:43.232" endtime="20200816 19:59:44.132"></status>
</kw>
<status status="PASS" starttime="20200816 19:59:43.232" endtime="20200816 19:59:44.132"></status>
</kw>
<kw name="LinkTags" library="params">
<arguments>
<arg>34</arg>
</arguments>
<kw name="Execute Javascript" library="SeleniumLibrary">
<doc>Executes the given JavaScript code with possible arguments.</doc>
<arguments>
<arg>document.querySelectorAll("a")[${POS}].click()</arg>
</arguments>
<msg timestamp="20200816 19:59:44.134" level="INFO">Executing JavaScript:
document.querySelectorAll("a")[34].click()
Without any arguments.</msg>
<status status="PASS" starttime="20200816 19:59:44.134" endtime="20200816 19:59:49.987"></status>
</kw>
<status status="PASS" starttime="20200816 19:59:44.133" endtime="20200816 19:59:49.987"></status>
</kw>
<status status="PASS" starttime="20200816 19:59:43.231" endtime="20200816 19:59:49.987"></status>
</kw>
<kw name="Stop" library="params" type="teardown">
<kw name="Close All Browsers" library="SeleniumLibrary">
<doc>Closes all open browsers and resets the browser cache.</doc>
<status status="PASS" starttime="20200816 19:59:49.988" endtime="20200816 19:59:52.203"></status>
</kw>
<status status="PASS" starttime="20200816 19:59:49.988" endtime="20200816 19:59:52.203"></status>
</kw>
<doc>Verifies if the Bloomberg Logo is accessible</doc>
<tags>
<tag>AboutUsPageBloomberg</tag>
</tags>
<status status="PASS" starttime="20200816 19:59:35.118" endtime="20200816 19:59:52.205" critical="yes"></status>
</test>
<test id="s1-s1-t5" name="Raconteur Logo">
<kw name="Start" library="params" type="setup">
<arguments>
<arg>${BROWSER}</arg>
<arg>${URL}</arg>
</arguments>
<kw name="Run Keyword If" library="BuiltIn">
<doc>Runs the given keyword with the given arguments, if ``condition`` is true.</doc>
<arguments>
<arg>"${BROWSER}" == "HeadlessChrome"</arg>
<arg>HeadlessChrome</arg>
<arg>ELSE</arg>
<arg>driver</arg>
<arg>${BROWSER}</arg>
</arguments>
<kw name="driver" library="params">
<arguments>
<arg>${BROWSER}</arg>
</arguments>
<kw name="Create Webdriver" library="SeleniumLibrary">
<doc>Creates an instance of Selenium WebDriver.</doc>
<arguments>
<arg>${BROWSER}</arg>
</arguments>
<msg timestamp="20200816 19:59:52.209" level="INFO">Creating an instance of the Chrome WebDriver.</msg>
<status status="PASS" starttime="20200816 19:59:52.208" endtime="20200816 19:59:55.417"></status>
</kw>
<status status="PASS" starttime="20200816 19:59:52.208" endtime="20200816 19:59:55.417"></status>
</kw>
<status status="PASS" starttime="20200816 19:59:52.207" endtime="20200816 19:59:55.417"></status>
</kw>
<kw name="Set Window Size" library="SeleniumLibrary">
<doc>Sets current windows size to given ``width`` and ``height``.</doc>
<arguments>
<arg>1920</arg>
<arg>1640</arg>
</arguments>
<status status="PASS" starttime="20200816 19:59:55.417" endtime="20200816 19:59:57.545"></status>
</kw>
<kw name="Maximize Browser Window" library="SeleniumLibrary">
<doc>Maximizes current browser window.</doc>
<status status="PASS" starttime="20200816 19:59:57.545" endtime="20200816 19:59:57.665"></status>
</kw>
<kw name="Go To" library="SeleniumLibrary">
<doc>Navigates the current browser window to the provided ``url``.</doc>
<arguments>
<arg>${URL}</arg>
</arguments>
<msg timestamp="20200816 19:59:57.665" level="INFO">Opening url 'https://brainpool.ai/about.html'</msg>
<status status="PASS" starttime="20200816 19:59:57.665" endtime="20200816 20:00:03.080"></status>
</kw>
<status status="PASS" starttime="20200816 19:59:52.207" endtime="20200816 20:00:03.081"></status>
</kw>
<kw name="Raconteur" library="AboutUs">
<kw name="Intialization" library="params">
<kw name="Wait Until Element Is Visible" library="SeleniumLibrary">
<doc>Waits until the element ``locator`` is visible.</doc>
<arguments>
<arg>id=component-2</arg>
</arguments>
<status status="PASS" starttime="20200816 20:00:03.087" endtime="20200816 20:00:03.382"></status>
</kw>
<status status="PASS" starttime="20200816 20:00:03.086" endtime="20200816 20:00:03.382"></status>
</kw>
<kw name="LinkTags" library="params">
<arguments>
<arg>35</arg>
</arguments>
<kw name="Execute Javascript" library="SeleniumLibrary">
<doc>Executes the given JavaScript code with possible arguments.</doc>
<arguments>
<arg>document.querySelectorAll("a")[${POS}].click()</arg>
</arguments>
<msg timestamp="20200816 20:00:03.384" level="INFO">Executing JavaScript:
document.querySelectorAll("a")[35].click()
Without any arguments.</msg>
<status status="PASS" starttime="20200816 20:00:03.383" endtime="20200816 20:00:08.455"></status>
</kw>
<status status="PASS" starttime="20200816 20:00:03.382" endtime="20200816 20:00:08.455"></status>
</kw>
<status status="PASS" starttime="20200816 20:00:03.086" endtime="20200816 20:00:08.455"></status>
</kw>
<kw name="Stop" library="params" type="teardown">
<kw name="Close All Browsers" library="SeleniumLibrary">
<doc>Closes all open browsers and resets the browser cache.</doc>
<status status="PASS" starttime="20200816 20:00:08.456" endtime="20200816 20:00:10.733"></status>
</kw>
<status status="PASS" starttime="20200816 20:00:08.456" endtime="20200816 20:00:10.733"></status>
</kw>
<doc>Verifies if the Raconteur Logo is accessible</doc>
<tags>
<tag>AboutUsPageRaconteur</tag>
</tags>
<status status="PASS" starttime="20200816 19:59:52.207" endtime="20200816 20:00:10.733" critical="yes"></status>
</test>
<test id="s1-s1-t6" name="Medium Logo">
<kw name="Start" library="params" type="setup">
<arguments>
<arg>${BROWSER}</arg>
<arg>${URL}</arg>
</arguments>
<kw name="Run Keyword If" library="BuiltIn">
<doc>Runs the given keyword with the given arguments, if ``condition`` is true.</doc>
<arguments>
<arg>"${BROWSER}" == "HeadlessChrome"</arg>
<arg>HeadlessChrome</arg>
<arg>ELSE</arg>
<arg>driver</arg>
<arg>${BROWSER}</arg>
</arguments>
<kw name="driver" library="params">
<arguments>
<arg>${BROWSER}</arg>
</arguments>
<kw name="Create Webdriver" library="SeleniumLibrary">
<doc>Creates an instance of Selenium WebDriver.</doc>
<arguments>
<arg>${BROWSER}</arg>
</arguments>
<msg timestamp="20200816 20:00:10.733" level="INFO">Creating an instance of the Chrome WebDriver.</msg>
<status status="PASS" starttime="20200816 20:00:10.733" endtime="20200816 20:00:14.061"></status>
</kw>
<status status="PASS" starttime="20200816 20:00:10.733" endtime="20200816 20:00:14.061"></status>
</kw>
<status status="PASS" starttime="20200816 20:00:10.733" endtime="20200816 20:00:14.061"></status>
</kw>
<kw name="Set Window Size" library="SeleniumLibrary">
<doc>Sets current windows size to given ``width`` and ``height``.</doc>
<arguments>
<arg>1920</arg>
<arg>1640</arg>
</arguments>
<status status="PASS" starttime="20200816 20:00:14.061" endtime="20200816 20:00:16.212"></status>
</kw>
<kw name="Maximize Browser Window" library="SeleniumLibrary">
<doc>Maximizes current browser window.</doc>
<status status="PASS" starttime="20200816 20:00:16.212" endtime="20200816 20:00:16.334"></status>
</kw>
<kw name="Go To" library="SeleniumLibrary">
<doc>Navigates the current browser window to the provided ``url``.</doc>
<arguments>
<arg>${URL}</arg>
</arguments>
<msg timestamp="20200816 20:00:16.334" level="INFO">Opening url 'https://brainpool.ai/about.html'</msg>
<status status="PASS" starttime="20200816 20:00:16.334" endtime="20200816 20:00:19.844"></status>
</kw>
<status status="PASS" starttime="20200816 20:00:10.733" endtime="20200816 20:00:19.845"></status>
</kw>
<kw name="Medium" library="AboutUs">
<kw name="Intialization" library="params">
<kw name="Wait Until Element Is Visible" library="SeleniumLibrary">
<doc>Waits until the element ``locator`` is visible.</doc>
<arguments>
<arg>id=component-2</arg>
</arguments>
<status status="PASS" starttime="20200816 20:00:19.847" endtime="20200816 20:00:20.684"></status>
</kw>
<status status="PASS" starttime="20200816 20:00:19.847" endtime="20200816 20:00:20.685"></status>
</kw>
<kw name="LinkTags" library="params">
<arguments>
<arg>36</arg>
</arguments>
<kw name="Execute Javascript" library="SeleniumLibrary">
<doc>Executes the given JavaScript code with possible arguments.</doc>
<arguments>
<arg>document.querySelectorAll("a")[${POS}].click()</arg>
</arguments>
<msg timestamp="20200816 20:00:20.686" level="INFO">Executing JavaScript:
document.querySelectorAll("a")[36].click()
Without any arguments.</msg>
<status status="PASS" starttime="20200816 20:00:20.686" endtime="20200816 20:00:25.053"></status>
</kw>
<status status="PASS" starttime="20200816 20:00:20.685" endtime="20200816 20:00:25.053"></status>
</kw>
<status status="PASS" starttime="20200816 20:00:19.847" endtime="20200816 20:00:25.053"></status>
</kw>
<kw name="Stop" library="params" type="teardown">
<kw name="Close All Browsers" library="SeleniumLibrary">
<doc>Closes all open browsers and resets the browser cache.</doc>
<status status="PASS" starttime="20200816 20:00:25.058" endtime="20200816 20:00:27.252"></status>
</kw>
<status status="PASS" starttime="20200816 20:00:25.056" endtime="20200816 20:00:27.252"></status>
</kw>
<doc>Verifies if the Medium Logo is accessible</doc>
<tags>
<tag>AboutUsPageMedium</tag>
</tags>
<status status="PASS" starttime="20200816 20:00:10.733" endtime="20200816 20:00:27.253" critical="yes"></status>
</test>
<test id="s1-s1-t7" name="AI Business Logo">
<kw name="Start" library="params" type="setup">
<arguments>
<arg>${BROWSER}</arg>
<arg>${URL}</arg>
</arguments>
<kw name="Run Keyword If" library="BuiltIn">
<doc>Runs the given keyword with the given arguments, if ``condition`` is true.</doc>
<arguments>
<arg>"${BROWSER}" == "HeadlessChrome"</arg>
<arg>HeadlessChrome</arg>
<arg>ELSE</arg>
<arg>driver</arg>
<arg>${BROWSER}</arg>
</arguments>
<kw name="driver" library="params">
<arguments>
<arg>${BROWSER}</arg>
</arguments>
<kw name="Create Webdriver" library="SeleniumLibrary">
<doc>Creates an instance of Selenium WebDriver.</doc>
<arguments>
<arg>${BROWSER}</arg>
</arguments>
<msg timestamp="20200816 20:00:27.253" level="INFO">Creating an instance of the Chrome WebDriver.</msg>
<status status="PASS" starttime="20200816 20:00:27.253" endtime="20200816 20:00:30.463"></status>
</kw>
<status status="PASS" starttime="20200816 20:00:27.253" endtime="20200816 20:00:30.463"></status>
</kw>
<status status="PASS" starttime="20200816 20:00:27.253" endtime="20200816 20:00:30.463"></status>
</kw>
<kw name="Set Window Size" library="SeleniumLibrary">
<doc>Sets current windows size to given ``width`` and ``height``.</doc>
<arguments>
<arg>1920</arg>
<arg>1640</arg>
</arguments>
<status status="PASS" starttime="20200816 20:00:30.463" endtime="20200816 20:00:32.588"></status>
</kw>
<kw name="Maximize Browser Window" library="SeleniumLibrary">
<doc>Maximizes current browser window.</doc>
<status status="PASS" starttime="20200816 20:00:32.588" endtime="20200816 20:00:32.725"></status>
</kw>
<kw name="Go To" library="SeleniumLibrary">
<doc>Navigates the current browser window to the provided ``url``.</doc>
<arguments>
<arg>${URL}</arg>
</arguments>
<msg timestamp="20200816 20:00:32.726" level="INFO">Opening url 'https://brainpool.ai/about.html'</msg>
<status status="PASS" starttime="20200816 20:00:32.725" endtime="20200816 20:00:35.605"></status>
</kw>
<status status="PASS" starttime="20200816 20:00:27.253" endtime="20200816 20:00:35.606"></status>
</kw>
<kw name="AI Business" library="AboutUs">
<kw name="Intialization" library="params">
<kw name="Wait Until Element Is Visible" library="SeleniumLibrary">
<doc>Waits until the element ``locator`` is visible.</doc>
<arguments>
<arg>id=component-2</arg>
</arguments>
<status status="PASS" starttime="20200816 20:00:35.608" endtime="20200816 20:00:36.536"></status>
</kw>
<status status="PASS" starttime="20200816 20:00:35.608" endtime="20200816 20:00:36.536"></status>
</kw>
<kw name="LinkTags" library="params">
<arguments>
<arg>37</arg>
</arguments>
<kw name="Execute Javascript" library="SeleniumLibrary">
<doc>Executes the given JavaScript code with possible arguments.</doc>
<arguments>
<arg>document.querySelectorAll("a")[${POS}].click()</arg>
</arguments>
<msg timestamp="20200816 20:00:36.536" level="INFO">Executing JavaScript:
document.querySelectorAll("a")[37].click()
Without any arguments.</msg>
<status status="PASS" starttime="20200816 20:00:36.536" endtime="20200816 20:00:42.868"></status>
</kw>
<status status="PASS" starttime="20200816 20:00:36.536" endtime="20200816 20:00:42.868"></status>
</kw>
<status status="PASS" starttime="20200816 20:00:35.607" endtime="20200816 20:00:42.868"></status>
</kw>
<kw name="Stop" library="params" type="teardown">
<kw name="Close All Browsers" library="SeleniumLibrary">
<doc>Closes all open browsers and resets the browser cache.</doc>
<status status="PASS" starttime="20200816 20:00:42.869" endtime="20200816 20:00:46.069"></status>
</kw>
<status status="PASS" starttime="20200816 20:00:42.869" endtime="20200816 20:00:46.069"></status>
</kw>
<doc>Verifies if the AI Business Logo is accessible</doc>
<tags>
<tag>AboutUsPageAIBusiness</tag>
</tags>
<status status="PASS" starttime="20200816 20:00:27.253" endtime="20200816 20:00:46.069" critical="yes"></status>
</test>
<test id="s1-s1-t8" name="The Stack Logo">
<kw name="Start" library="params" type="setup">
<arguments>
<arg>${BROWSER}</arg>
<arg>${URL}</arg>
</arguments>
<kw name="Run Keyword If" library="BuiltIn">
<doc>Runs the given keyword with the given arguments, if ``condition`` is true.</doc>
<arguments>
<arg>"${BROWSER}" == "HeadlessChrome"</arg>
<arg>HeadlessChrome</arg>
<arg>ELSE</arg>
<arg>driver</arg>
<arg>${BROWSER}</arg>
</arguments>
<kw name="driver" library="params">
<arguments>
<arg>${BROWSER}</arg>
</arguments>
<kw name="Create Webdriver" library="SeleniumLibrary">
<doc>Creates an instance of Selenium WebDriver.</doc>
<arguments>
<arg>${BROWSER}</arg>
</arguments>
<msg timestamp="20200816 20:00:46.069" level="INFO">Creating an instance of the Chrome WebDriver.</msg>
<status status="PASS" starttime="20200816 20:00:46.069" endtime="20200816 20:00:49.313"></status>
</kw>
<status status="PASS" starttime="20200816 20:00:46.069" endtime="20200816 20:00:49.313"></status>
</kw>
<status status="PASS" starttime="20200816 20:00:46.069" endtime="20200816 20:00:49.314"></status>
</kw>
<kw name="Set Window Size" library="SeleniumLibrary">
<doc>Sets current windows size to given ``width`` and ``height``.</doc>
<arguments>
<arg>1920</arg>
<arg>1640</arg>
</arguments>
<status status="PASS" starttime="20200816 20:00:49.314" endtime="20200816 20:00:51.451"></status>
</kw>
<kw name="Maximize Browser Window" library="SeleniumLibrary">
<doc>Maximizes current browser window.</doc>
<status status="PASS" starttime="20200816 20:00:51.452" endtime="20200816 20:00:51.584"></status>
</kw>
<kw name="Go To" library="SeleniumLibrary">
<doc>Navigates the current browser window to the provided ``url``.</doc>
<arguments>
<arg>${URL}</arg>
</arguments>
<msg timestamp="20200816 20:00:51.584" level="INFO">Opening url 'https://brainpool.ai/about.html'</msg>
<status status="PASS" starttime="20200816 20:00:51.584" endtime="20200816 20:00:54.266"></status>
</kw>
<status status="PASS" starttime="20200816 20:00:46.069" endtime="20200816 20:00:54.266"></status>
</kw>
<kw name="The Stack" library="AboutUs">
<kw name="Intialization" library="params">
<kw name="Wait Until Element Is Visible" library="SeleniumLibrary">
<doc>Waits until the element ``locator`` is visible.</doc>
<arguments>
<arg>id=component-2</arg>
</arguments>
<status status="PASS" starttime="20200816 20:00:54.268" endtime="20200816 20:00:55.115"></status>
</kw>
<status status="PASS" starttime="20200816 20:00:54.268" endtime="20200816 20:00:55.116"></status>
</kw>
<kw name="LinkTags" library="params">
<arguments>
<arg>38</arg>
</arguments>
<kw name="Execute Javascript" library="SeleniumLibrary">
<doc>Executes the given JavaScript code with possible arguments.</doc>
<arguments>
<arg>document.querySelectorAll("a")[${POS}].click()</arg>
</arguments>
<msg timestamp="20200816 20:00:55.120" level="INFO">Executing JavaScript:
document.querySelectorAll("a")[38].click()
Without any arguments.</msg>
<status status="PASS" starttime="20200816 20:00:55.119" endtime="20200816 20:00:55.841"></status>
</kw>
<status status="PASS" starttime="20200816 20:00:55.116" endtime="20200816 20:00:55.841"></status>
</kw>
<status status="PASS" starttime="20200816 20:00:54.267" endtime="20200816 20:00:55.841"></status>
</kw>
<kw name="Stop" library="params" type="teardown">
<kw name="Close All Browsers" library="SeleniumLibrary">
<doc>Closes all open browsers and resets the browser cache.</doc>
<status status="PASS" starttime="20200816 20:00:55.843" endtime="20200816 20:00:58.032"></status>
</kw>
<status status="PASS" starttime="20200816 20:00:55.842" endtime="20200816 20:00:58.032"></status>
</kw>
<doc>Verifies if the The Stack Logo is accessible</doc>
<tags>
<tag>AboutUsPageTheStack</tag>
</tags>
<status status="PASS" starttime="20200816 20:00:46.069" endtime="20200816 20:00:58.033" critical="yes"></status>
</test>
<test id="s1-s1-t9" name="AboutUs 2nd Apply Button">
<kw name="Start" library="params" type="setup">
<arguments>
<arg>${BROWSER}</arg>
<arg>${URL}</arg>
</arguments>
<kw name="Run Keyword If" library="BuiltIn">
<doc>Runs the given keyword with the given arguments, if ``condition`` is true.</doc>
<arguments>
<arg>"${BROWSER}" == "HeadlessChrome"</arg>
<arg>HeadlessChrome</arg>
<arg>ELSE</arg>
<arg>driver</arg>
<arg>${BROWSER}</arg>
</arguments>
<kw name="driver" library="params">
<arguments>
<arg>${BROWSER}</arg>
</arguments>
<kw name="Create Webdriver" library="SeleniumLibrary">
<doc>Creates an instance of Selenium WebDriver.</doc>
<arguments>
<arg>${BROWSER}</arg>
</arguments>
<msg timestamp="20200816 20:00:58.038" level="INFO">Creating an instance of the Chrome WebDriver.</msg>
<status status="PASS" starttime="20200816 20:00:58.038" endtime="20200816 20:01:01.285"></status>
</kw>
<status status="PASS" starttime="20200816 20:00:58.038" endtime="20200816 20:01:01.286"></status>
</kw>
<status status="PASS" starttime="20200816 20:00:58.037" endtime="20200816 20:01:01.286"></status>
</kw>
<kw name="Set Window Size" library="SeleniumLibrary">
<doc>Sets current windows size to given ``width`` and ``height``.</doc>
<arguments>
<arg>1920</arg>
<arg>1640</arg>
</arguments>
<status status="PASS" starttime="20200816 20:01:01.286" endtime="20200816 20:01:03.422"></status>
</kw>
<kw name="Maximize Browser Window" library="SeleniumLibrary">
<doc>Maximizes current browser window.</doc>
<status status="PASS" starttime="20200816 20:01:03.422" endtime="20200816 20:01:03.539"></status>
</kw>
<kw name="Go To" library="SeleniumLibrary">
<doc>Navigates the current browser window to the provided ``url``.</doc>
<arguments>
<arg>${URL}</arg>
</arguments>
<msg timestamp="20200816 20:01:03.541" level="INFO">Opening url 'https://brainpool.ai/about.html'</msg>
<status status="PASS" starttime="20200816 20:01:03.539" endtime="20200816 20:01:06.011"></status>
</kw>
<status status="PASS" starttime="20200816 20:00:58.037" endtime="20200816 20:01:06.011"></status>
</kw>
<kw name="Apply To Join our Pool of Network" library="AboutUs">
<kw name="Intialization" library="params">
<kw name="Wait Until Element Is Visible" library="SeleniumLibrary">
<doc>Waits until the element ``locator`` is visible.</doc>
<arguments>
<arg>id=component-2</arg>
</arguments>
<status status="PASS" starttime="20200816 20:01:06.013" endtime="20200816 20:01:06.903"></status>
</kw>
<status status="PASS" starttime="20200816 20:01:06.013" endtime="20200816 20:01:06.905"></status>
</kw>
<kw name="Buttons" library="params">
<arguments>
<arg>21</arg>
</arguments>
<kw name="Click Button" library="SeleniumLibrary">
<doc>Clicks the button identified by ``locator``.</doc>
<arguments>
<arg>id=component-${ELEMENT}</arg>
</arguments>
<msg timestamp="20200816 20:01:06.909" level="INFO">Clicking button 'id=component-21'.</msg>
<status status="PASS" starttime="20200816 20:01:06.907" endtime="20200816 20:01:07.080"></status>
</kw>
<status status="PASS" starttime="20200816 20:01:06.905" endtime="20200816 20:01:07.080"></status>
</kw>
<status status="PASS" starttime="20200816 20:01:06.012" endtime="20200816 20:01:07.080"></status>
</kw>
<kw name="Stop" library="params" type="teardown">
<kw name="Close All Browsers" library="SeleniumLibrary">
<doc>Closes all open browsers and resets the browser cache.</doc>
<status status="PASS" starttime="20200816 20:01:07.082" endtime="20200816 20:01:09.492"></status>
</kw>
<status status="PASS" starttime="20200816 20:01:07.081" endtime="20200816 20:01:09.492"></status>
</kw>
<doc>Verifies if the Apply To Join our Pool of Network button is accessible</doc>
<tags>
<tag>AboutUsPageApplyNetwork</tag>
</tags>
<status status="PASS" starttime="20200816 20:00:58.036" endtime="20200816 20:01:09.493" critical="yes"></status>
</test>
<test id="s1-s1-t10" name="AboutUs 3rd Apply Button">
<kw name="Start" library="params" type="setup">
<arguments>
<arg>${BROWSER}</arg>
<arg>${URL}</arg>
</arguments>
<kw name="Run Keyword If" library="BuiltIn">
<doc>Runs the given keyword with the given arguments, if ``condition`` is true.</doc>
<arguments>
<arg>"${BROWSER}" == "HeadlessChrome"</arg>
<arg>HeadlessChrome</arg>
<arg>ELSE</arg>
<arg>driver</arg>
<arg>${BROWSER}</arg>
</arguments>
<kw name="driver" library="params">
<arguments>
<arg>${BROWSER}</arg>
</arguments>
<kw name="Create Webdriver" library="SeleniumLibrary">
<doc>Creates an instance of Selenium WebDriver.</doc>
<arguments>
<arg>${BROWSER}</arg>
</arguments>
<msg timestamp="20200816 20:01:09.500" level="INFO">Creating an instance of the Chrome WebDriver.</msg>
<status status="PASS" starttime="20200816 20:01:09.499" endtime="20200816 20:01:12.727"></status>
</kw>
<status status="PASS" starttime="20200816 20:01:09.498" endtime="20200816 20:01:12.727"></status>
</kw>
<status status="PASS" starttime="20200816 20:01:09.498" endtime="20200816 20:01:12.727"></status>
</kw>
<kw name="Set Window Size" library="SeleniumLibrary">
<doc>Sets current windows size to given ``width`` and ``height``.</doc>
<arguments>
<arg>1920</arg>
<arg>1640</arg>
</arguments>
<status status="PASS" starttime="20200816 20:01:12.727" endtime="20200816 20:01:14.862"></status>
</kw>
<kw name="Maximize Browser Window" library="SeleniumLibrary">
<doc>Maximizes current browser window.</doc>
<status status="PASS" starttime="20200816 20:01:14.862" endtime="20200816 20:01:15.007"></status>
</kw>
<kw name="Go To" library="SeleniumLibrary">
<doc>Navigates the current browser window to the provided ``url``.</doc>
<arguments>
<arg>${URL}</arg>
</arguments>
<msg timestamp="20200816 20:01:15.007" level="INFO">Opening url 'https://brainpool.ai/about.html'</msg>
<status status="PASS" starttime="20200816 20:01:15.007" endtime="20200816 20:01:17.753"></status>
</kw>
<status status="PASS" starttime="20200816 20:01:09.497" endtime="20200816 20:01:17.753"></status>
</kw>
<kw name="Apply To Join our Pool" library="AboutUs">
<kw name="Intialization" library="params">
<kw name="Wait Until Element Is Visible" library="SeleniumLibrary">
<doc>Waits until the element ``locator`` is visible.</doc>
<arguments>
<arg>id=component-2</arg>
</arguments>
<status status="PASS" starttime="20200816 20:01:17.756" endtime="20200816 20:01:18.656"></status>
</kw>
<status status="PASS" starttime="20200816 20:01:17.755" endtime="20200816 20:01:18.656"></status>
</kw>
<kw name="Buttons" library="params">
<arguments>
<arg>22</arg>
</arguments>
<kw name="Click Button" library="SeleniumLibrary">
<doc>Clicks the button identified by ``locator``.</doc>
<arguments>
<arg>id=component-${ELEMENT}</arg>
</arguments>
<msg timestamp="20200816 20:01:18.660" level="INFO">Clicking button 'id=component-22'.</msg>
<status status="PASS" starttime="20200816 20:01:18.659" endtime="20200816 20:01:18.808"></status>
</kw>
<status status="PASS" starttime="20200816 20:01:18.657" endtime="20200816 20:01:18.808"></status>
</kw>
<status status="PASS" starttime="20200816 20:01:17.755" endtime="20200816 20:01:18.808"></status>
</kw>
<kw name="Stop" library="params" type="teardown">
<kw name="Close All Browsers" library="SeleniumLibrary">
<doc>Closes all open browsers and resets the browser cache.</doc>
<status status="PASS" starttime="20200816 20:01:18.811" endtime="20200816 20:01:21.261"></status>
</kw>
<status status="PASS" starttime="20200816 20:01:18.809" endtime="20200816 20:01:21.261"></status>
</kw>
<doc>Verifies if the Apply To Join our Pool button is accessible</doc>
<tags>
<tag>AboutUsPageApplyPool</tag>
</tags>
<status status="PASS" starttime="20200816 20:01:09.496" endtime="20200816 20:01:21.262" critical="yes"></status>
</test>
<test id="s1-s1-t11" name="Blog Posts 1">
<kw name="Start" library="params" type="setup">
<arguments>
<arg>${BROWSER}</arg>
<arg>${URL}</arg>
</arguments>
<kw name="Run Keyword If" library="BuiltIn">
<doc>Runs the given keyword with the given arguments, if ``condition`` is true.</doc>
<arguments>
<arg>"${BROWSER}" == "HeadlessChrome"</arg>
<arg>HeadlessChrome</arg>
<arg>ELSE</arg>
<arg>driver</arg>
<arg>${BROWSER}</arg>
</arguments>
<kw name="driver" library="params">
<arguments>
<arg>${BROWSER}</arg>
</arguments>
<kw name="Create Webdriver" library="SeleniumLibrary">
<doc>Creates an instance of Selenium WebDriver.</doc>
<arguments>
<arg>${BROWSER}</arg>
</arguments>
<msg timestamp="20200816 20:01:21.262" level="INFO">Creating an instance of the Chrome WebDriver.</msg>
<status status="PASS" starttime="20200816 20:01:21.262" endtime="20200816 20:01:24.497"></status>
</kw>
<status status="PASS" starttime="20200816 20:01:21.262" endtime="20200816 20:01:24.497"></status>
</kw>
<status status="PASS" starttime="20200816 20:01:21.262" endtime="20200816 20:01:24.497"></status>
</kw>
<kw name="Set Window Size" library="SeleniumLibrary">
<doc>Sets current windows size to given ``width`` and ``height``.</doc>
<arguments>
<arg>1920</arg>
<arg>1640</arg>
</arguments>
<status status="PASS" starttime="20200816 20:01:24.498" endtime="20200816 20:01:26.623"></status>
</kw>
<kw name="Maximize Browser Window" library="SeleniumLibrary">
<doc>Maximizes current browser window.</doc>
<status status="PASS" starttime="20200816 20:01:26.624" endtime="20200816 20:01:26.750"></status>
</kw>
<kw name="Go To" library="SeleniumLibrary">
<doc>Navigates the current browser window to the provided ``url``.</doc>
<arguments>
<arg>${URL}</arg>
</arguments>
<msg timestamp="20200816 20:01:26.751" level="INFO">Opening url 'https://brainpool.ai/about.html'</msg>
<status status="PASS" starttime="20200816 20:01:26.751" endtime="20200816 20:01:29.974"></status>
</kw>
<status status="PASS" starttime="20200816 20:01:21.262" endtime="20200816 20:01:29.974"></status>
</kw>
<kw name="BlogPost1" library="AboutUs">
<kw name="Intialization" library="params">
<kw name="Wait Until Element Is Visible" library="SeleniumLibrary">
<doc>Waits until the element ``locator`` is visible.</doc>
<arguments>
<arg>id=component-2</arg>
</arguments>
<status status="PASS" starttime="20200816 20:01:29.978" endtime="20200816 20:01:31.041"></status>
</kw>
<status status="PASS" starttime="20200816 20:01:29.977" endtime="20200816 20:01:31.041"></status>
</kw>
<kw name="ScrollDown" library="params">
<arguments>
<arg>0</arg>
<arg>8450</arg>
</arguments>
<kw name="Execute Javascript" library="SeleniumLibrary">
<doc>Executes the given JavaScript code with possible arguments.</doc>
<arguments>
<arg>window.scrollTo(${X},${Y})</arg>
</arguments>
<msg timestamp="20200816 20:01:31.042" level="INFO">Executing JavaScript:
window.scrollTo(0,8450)
Without any arguments.</msg>
<status status="PASS" starttime="20200816 20:01:31.042" endtime="20200816 20:01:31.053"></status>
</kw>
<status status="PASS" starttime="20200816 20:01:31.041" endtime="20200816 20:01:31.053"></status>
</kw>
<kw name="Sleep" library="BuiltIn">
<doc>Pauses the test executed for the given time.</doc>
<arguments>
<arg>1s</arg>
</arguments>
<msg timestamp="20200816 20:01:32.055" level="INFO">Slept 1 second</msg>
<status status="PASS" starttime="20200816 20:01:31.054" endtime="20200816 20:01:32.055"></status>
</kw>
<kw name="Blogs" library="params">
<arguments>
<arg>0</arg>
</arguments>
<kw name="Execute Javascript" library="SeleniumLibrary">
<doc>Executes the given JavaScript code with possible arguments.</doc>
<arguments>
<arg>document.querySelectorAll(".card-img-top")[${POS}].click()</arg>
</arguments>
<msg timestamp="20200816 20:01:32.056" level="INFO">Executing JavaScript:
document.querySelectorAll(".card-img-top")[0].click()
Without any arguments.</msg>
<status status="PASS" starttime="20200816 20:01:32.055" endtime="20200816 20:01:38.664"></status>
</kw>
<status status="PASS" starttime="20200816 20:01:32.055" endtime="20200816 20:01:38.665"></status>
</kw>
<status status="PASS" starttime="20200816 20:01:29.976" endtime="20200816 20:01:38.665"></status>
</kw>
<kw name="Stop" library="params" type="teardown">
<kw name="Close All Browsers" library="SeleniumLibrary">
<doc>Closes all open browsers and resets the browser cache.</doc>
<status status="PASS" starttime="20200816 20:01:38.667" endtime="20200816 20:01:40.856"></status>
</kw>
<status status="PASS" starttime="20200816 20:01:38.666" endtime="20200816 20:01:40.856"></status>
</kw>
<doc>Verifies if the 1st Blog Post is accessible</doc>
<tags>
<tag>AboutUsPageBlogPost1</tag>
</tags>
<status status="PASS" starttime="20200816 20:01:21.262" endtime="20200816 20:01:40.856" critical="yes"></status>
</test>
<test id="s1-s1-t12" name="Blog Posts 2">
<kw name="Start" library="params" type="setup">
<arguments>
<arg>${BROWSER}</arg>
<arg>${URL}</arg>
</arguments>
<kw name="Run Keyword If" library="BuiltIn">
<doc>Runs the given keyword with the given arguments, if ``condition`` is true.</doc>
<arguments>
<arg>"${BROWSER}" == "HeadlessChrome"</arg>
<arg>HeadlessChrome</arg>
<arg>ELSE</arg>
<arg>driver</arg>
<arg>${BROWSER}</arg>
</arguments>
<kw name="driver" library="params">
<arguments>
<arg>${BROWSER}</arg>
</arguments>
<kw name="Create Webdriver" library="SeleniumLibrary">
<doc>Creates an instance of Selenium WebDriver.</doc>
<arguments>
<arg>${BROWSER}</arg>
</arguments>
<msg timestamp="20200816 20:01:40.856" level="INFO">Creating an instance of the Chrome WebDriver.</msg>
<status status="PASS" starttime="20200816 20:01:40.856" endtime="20200816 20:01:44.057"></status>
</kw>
<status status="PASS" starttime="20200816 20:01:40.856" endtime="20200816 20:01:44.057"></status>
</kw>
<status status="PASS" starttime="20200816 20:01:40.856" endtime="20200816 20:01:44.057"></status>
</kw>
<kw name="Set Window Size" library="SeleniumLibrary">
<doc>Sets current windows size to given ``width`` and ``height``.</doc>
<arguments>
<arg>1920</arg>
<arg>1640</arg>
</arguments>
<status status="PASS" starttime="20200816 20:01:44.057" endtime="20200816 20:01:46.190"></status>
</kw>
<kw name="Maximize Browser Window" library="SeleniumLibrary">
<doc>Maximizes current browser window.</doc>
<status status="PASS" starttime="20200816 20:01:46.190" endtime="20200816 20:01:46.319"></status>
</kw>
<kw name="Go To" library="SeleniumLibrary">
<doc>Navigates the current browser window to the provided ``url``.</doc>
<arguments>
<arg>${URL}</arg>
</arguments>
<msg timestamp="20200816 20:01:46.320" level="INFO">Opening url 'https://brainpool.ai/about.html'</msg>
<status status="PASS" starttime="20200816 20:01:46.319" endtime="20200816 20:01:48.972"></status>
</kw>
<status status="PASS" starttime="20200816 20:01:40.856" endtime="20200816 20:01:48.972"></status>
</kw>
<kw name="BlogPost2" library="AboutUs">
<kw name="Intialization" library="params">
<kw name="Wait Until Element Is Visible" library="SeleniumLibrary">
<doc>Waits until the element ``locator`` is visible.</doc>
<arguments>
<arg>id=component-2</arg>
</arguments>
<status status="PASS" starttime="20200816 20:01:48.975" endtime="20200816 20:01:49.874"></status>
</kw>
<status status="PASS" starttime="20200816 20:01:48.974" endtime="20200816 20:01:49.874"></status>
</kw>
<kw name="ScrollDown" library="params">
<arguments>
<arg>0</arg>
<arg>8450</arg>
</arguments>
<kw name="Execute Javascript" library="SeleniumLibrary">
<doc>Executes the given JavaScript code with possible arguments.</doc>
<arguments>
<arg>window.scrollTo(${X},${Y})</arg>
</arguments>
<msg timestamp="20200816 20:01:49.875" level="INFO">Executing JavaScript:
window.scrollTo(0,8450)
Without any arguments.</msg>
<status status="PASS" starttime="20200816 20:01:49.874" endtime="20200816 20:01:49.884"></status>
</kw>
<status status="PASS" starttime="20200816 20:01:49.874" endtime="20200816 20:01:49.884"></status>
</kw>
<kw name="Sleep" library="BuiltIn">
<doc>Pauses the test executed for the given time.</doc>
<arguments>
<arg>1s</arg>
</arguments>
<msg timestamp="20200816 20:01:50.890" level="INFO">Slept 1 second</msg>
<status status="PASS" starttime="20200816 20:01:49.885" endtime="20200816 20:01:50.890"></status>
</kw>
<kw name="Blogs" library="params">
<arguments>
<arg>1</arg>
</arguments>
<kw name="Execute Javascript" library="SeleniumLibrary">
<doc>Executes the given JavaScript code with possible arguments.</doc>
<arguments>
<arg>document.querySelectorAll(".card-img-top")[${POS}].click()</arg>
</arguments>
<msg timestamp="20200816 20:01:50.892" level="INFO">Executing JavaScript:
document.querySelectorAll(".card-img-top")[1].click()
Without any arguments.</msg>
<status status="PASS" starttime="20200816 20:01:50.892" endtime="20200816 20:01:58.199"></status>
</kw>
<status status="PASS" starttime="20200816 20:01:50.890" endtime="20200816 20:01:58.201"></status>
</kw>
<status status="PASS" starttime="20200816 20:01:48.973" endtime="20200816 20:01:58.201"></status>
</kw>
<kw name="Stop" library="params" type="teardown">
<kw name="Close All Browsers" library="SeleniumLibrary">
<doc>Closes all open browsers and resets the browser cache.</doc>
<status status="PASS" starttime="20200816 20:01:58.202" endtime="20200816 20:02:00.387"></status>
</kw>
<status status="PASS" starttime="20200816 20:01:58.202" endtime="20200816 20:02:00.387"></status>
</kw>
<doc>Verifies if the 2nd Blog Post is accessible</doc>
<tags>
<tag>AboutUsPageBlogPost2</tag>
</tags>
<status status="PASS" starttime="20200816 20:01:40.856" endtime="20200816 20:02:00.387" critical="yes"></status>
</test>
<test id="s1-s1-t13" name="Blog Posts 3">
<kw name="Start" library="params" type="setup">
<arguments>
<arg>${BROWSER}</arg>
<arg>${URL}</arg>
</arguments>
<kw name="Run Keyword If" library="BuiltIn">
<doc>Runs the given keyword with the given arguments, if ``condition`` is true.</doc>
<arguments>
<arg>"${BROWSER}" == "HeadlessChrome"</arg>
<arg>HeadlessChrome</arg>
<arg>ELSE</arg>
<arg>driver</arg>
<arg>${BROWSER}</arg>
</arguments>
<kw name="driver" library="params">
<arguments>
<arg>${BROWSER}</arg>
</arguments>
<kw name="Create Webdriver" library="SeleniumLibrary">
<doc>Creates an instance of Selenium WebDriver.</doc>
<arguments>
<arg>${BROWSER}</arg>
</arguments>
<msg timestamp="20200816 20:02:00.387" level="INFO">Creating an instance of the Chrome WebDriver.</msg>
<status status="PASS" starttime="20200816 20:02:00.387" endtime="20200816 20:02:03.631"></status>
</kw>
<status status="PASS" starttime="20200816 20:02:00.387" endtime="20200816 20:02:03.631"></status>
</kw>
<status status="PASS" starttime="20200816 20:02:00.387" endtime="20200816 20:02:03.632"></status>
</kw>
<kw name="Set Window Size" library="SeleniumLibrary">
<doc>Sets current windows size to given ``width`` and ``height``.</doc>
<arguments>
<arg>1920</arg>
<arg>1640</arg>
</arguments>
<status status="PASS" starttime="20200816 20:02:03.632" endtime="20200816 20:02:05.764"></status>
</kw>
<kw name="Maximize Browser Window" library="SeleniumLibrary">
<doc>Maximizes current browser window.</doc>
<status status="PASS" starttime="20200816 20:02:05.764" endtime="20200816 20:02:05.883"></status>
</kw>
<kw name="Go To" library="SeleniumLibrary">
<doc>Navigates the current browser window to the provided ``url``.</doc>
<arguments>
<arg>${URL}</arg>
</arguments>
<msg timestamp="20200816 20:02:05.884" level="INFO">Opening url 'https://brainpool.ai/about.html'</msg>
<status status="PASS" starttime="20200816 20:02:05.883" endtime="20200816 20:02:08.326"></status>
</kw>
<status status="PASS" starttime="20200816 20:02:00.387" endtime="20200816 20:02:08.326"></status>
</kw>
<kw name="BlogPost3" library="AboutUs">
<kw name="Intialization" library="params">
<kw name="Wait Until Element Is Visible" library="SeleniumLibrary">
<doc>Waits until the element ``locator`` is visible.</doc>
<arguments>
<arg>id=component-2</arg>
</arguments>
<status status="PASS" starttime="20200816 20:02:08.328" endtime="20200816 20:02:09.140"></status>
</kw>
<status status="PASS" starttime="20200816 20:02:08.328" endtime="20200816 20:02:09.141"></status>
</kw>
<kw name="ScrollDown" library="params">
<arguments>
<arg>0</arg>
<arg>8450</arg>
</arguments>
<kw name="Execute Javascript" library="SeleniumLibrary">
<doc>Executes the given JavaScript code with possible arguments.</doc>
<arguments>
<arg>window.scrollTo(${X},${Y})</arg>
</arguments>
<msg timestamp="20200816 20:02:09.142" level="INFO">Executing JavaScript:
window.scrollTo(0,8450)
Without any arguments.</msg>
<status status="PASS" starttime="20200816 20:02:09.141" endtime="20200816 20:02:09.163"></status>
</kw>
<status status="PASS" starttime="20200816 20:02:09.141" endtime="20200816 20:02:09.163"></status>
</kw>
<kw name="Sleep" library="BuiltIn">
<doc>Pauses the test executed for the given time.</doc>
<arguments>
<arg>1s</arg>
</arguments>
<msg timestamp="20200816 20:02:10.178" level="INFO">Slept 1 second</msg>
<status status="PASS" starttime="20200816 20:02:09.164" endtime="20200816 20:02:10.178"></status>
</kw>
<kw name="Blogs" library="params">
<arguments>
<arg>2</arg>
</arguments>
<kw name="Execute Javascript" library="SeleniumLibrary">
<doc>Executes the given JavaScript code with possible arguments.</doc>
<arguments>
<arg>document.querySelectorAll(".card-img-top")[${POS}].click()</arg>
</arguments>
<msg timestamp="20200816 20:02:10.179" level="INFO">Executing JavaScript:
document.querySelectorAll(".card-img-top")[2].click()
Without any arguments.</msg>
<status status="PASS" starttime="20200816 20:02:10.179" endtime="20200816 20:02:17.293"></status>
</kw>
<status status="PASS" starttime="20200816 20:02:10.178" endtime="20200816 20:02:17.293"></status>
</kw>
<status status="PASS" starttime="20200816 20:02:08.327" endtime="20200816 20:02:17.293"></status>
</kw>
<kw name="Stop" library="params" type="teardown">
<kw name="Close All Browsers" library="SeleniumLibrary">
<doc>Closes all open browsers and resets the browser cache.</doc>
<status status="PASS" starttime="20200816 20:02:17.296" endtime="20200816 20:02:19.504"></status>
</kw>
<status status="PASS" starttime="20200816 20:02:17.295" endtime="20200816 20:02:19.505"></status>
</kw>
<doc>Verifies if the 3rd Blog Post is accessible</doc>
<tags>
<tag>AboutUsPageBlogPost3</tag>
</tags>
<status status="PASS" starttime="20200816 20:02:00.387" endtime="20200816 20:02:19.505" critical="yes"></status>
</test>
<test id="s1-s1-t14" name="View Careers Link">
<kw name="Start" library="params" type="setup">
<arguments>
<arg>${BROWSER}</arg>
<arg>${URL}</arg>
</arguments>
<kw name="Run Keyword If" library="BuiltIn">
<doc>Runs the given keyword with the given arguments, if ``condition`` is true.</doc>
<arguments>
<arg>"${BROWSER}" == "HeadlessChrome"</arg>
<arg>HeadlessChrome</arg>
<arg>ELSE</arg>
<arg>driver</arg>
<arg>${BROWSER}</arg>
</arguments>
<kw name="driver" library="params">
<arguments>
<arg>${BROWSER}</arg>
</arguments>
<kw name="Create Webdriver" library="SeleniumLibrary">
<doc>Creates an instance of Selenium WebDriver.</doc>
<arguments>
<arg>${BROWSER}</arg>
</arguments>
<msg timestamp="20200816 20:02:19.505" level="INFO">Creating an instance of the Chrome WebDriver.</msg>
<status status="PASS" starttime="20200816 20:02:19.505" endtime="20200816 20:02:22.740"></status>
</kw>
<status status="PASS" starttime="20200816 20:02:19.505" endtime="20200816 20:02:22.741"></status>
</kw>
<status status="PASS" starttime="20200816 20:02:19.505" endtime="20200816 20:02:22.741"></status>
</kw>
<kw name="Set Window Size" library="SeleniumLibrary">
<doc>Sets current windows size to given ``width`` and ``height``.</doc>
<arguments>
<arg>1920</arg>
<arg>1640</arg>
</arguments>
<status status="PASS" starttime="20200816 20:02:22.741" endtime="20200816 20:02:24.885"></status>
</kw>
<kw name="Maximize Browser Window" library="SeleniumLibrary">
<doc>Maximizes current browser window.</doc>
<status status="PASS" starttime="20200816 20:02:24.886" endtime="20200816 20:02:25.031"></status>
</kw>
<kw name="Go To" library="SeleniumLibrary">
<doc>Navigates the current browser window to the provided ``url``.</doc>
<arguments>
<arg>${URL}</arg>
</arguments>
<msg timestamp="20200816 20:02:25.031" level="INFO">Opening url 'https://brainpool.ai/about.html'</msg>
<status status="PASS" starttime="20200816 20:02:25.031" endtime="20200816 20:02:28.256"></status>
</kw>
<status status="PASS" starttime="20200816 20:02:19.505" endtime="20200816 20:02:28.256"></status>
</kw>
<kw name="ViewCareers" library="AboutUs">
<kw name="Intialization" library="params">
<kw name="Wait Until Element Is Visible" library="SeleniumLibrary">
<doc>Waits until the element ``locator`` is visible.</doc>
<arguments>
<arg>id=component-2</arg>
</arguments>
<status status="PASS" starttime="20200816 20:02:28.260" endtime="20200816 20:02:29.094"></status>
</kw>
<status status="PASS" starttime="20200816 20:02:28.259" endtime="20200816 20:02:29.095"></status>
</kw>
<kw name="ScrollDown" library="params">
<arguments>
<arg>0</arg>
<arg>3450</arg>
</arguments>
<kw name="Execute Javascript" library="SeleniumLibrary">
<doc>Executes the given JavaScript code with possible arguments.</doc>
<arguments>
<arg>window.scrollTo(${X},${Y})</arg>
</arguments>
<msg timestamp="20200816 20:02:29.099" level="INFO">Executing JavaScript:
window.scrollTo(0,3450)
Without any arguments.</msg>
<status status="PASS" starttime="20200816 20:02:29.097" endtime="20200816 20:02:29.109"></status>
</kw>
<status status="PASS" starttime="20200816 20:02:29.095" endtime="20200816 20:02:29.109"></status>
</kw>
<kw name="LinkTags" library="params">
<arguments>
<arg>51</arg>
</arguments>
<kw name="Execute Javascript" library="SeleniumLibrary">
<doc>Executes the given JavaScript code with possible arguments.</doc>
<arguments>
<arg>document.querySelectorAll("a")[${POS}].click()</arg>
</arguments>
<msg timestamp="20200816 20:02:29.110" level="INFO">Executing JavaScript:
document.querySelectorAll("a")[51].click()
Without any arguments.</msg>
<status status="PASS" starttime="20200816 20:02:29.110" endtime="20200816 20:02:33.118"></status>
</kw>
<status status="PASS" starttime="20200816 20:02:29.109" endtime="20200816 20:02:33.119"></status>
</kw>
<status status="PASS" starttime="20200816 20:02:28.258" endtime="20200816 20:02:33.119"></status>
</kw>
<kw name="Stop" library="params" type="teardown">
<kw name="Close All Browsers" library="SeleniumLibrary">
<doc>Closes all open browsers and resets the browser cache.</doc>
<status status="PASS" starttime="20200816 20:02:33.121" endtime="20200816 20:02:35.617"></status>
</kw>
<status status="PASS" starttime="20200816 20:02:33.120" endtime="20200816 20:02:35.617"></status>
</kw>
<doc>Verifies if the View Careers link is accessible</doc>
<tags>
<tag>AboutUsPageViewCareers</tag>
</tags>
<status status="PASS" starttime="20200816 20:02:19.505" endtime="20200816 20:02:35.617" critical="yes"></status>
</test>
<test id="s1-s1-t15" name="Get In Touch Link">
<kw name="Start" library="params" type="setup">
<arguments>
<arg>${BROWSER}</arg>
<arg>${URL}</arg>
</arguments>
<kw name="Run Keyword If" library="BuiltIn">
<doc>Runs the given keyword with the given arguments, if ``condition`` is true.</doc>
<arguments>
<arg>"${BROWSER}" == "HeadlessChrome"</arg>
<arg>HeadlessChrome</arg>
<arg>ELSE</arg>
<arg>driver</arg>
<arg>${BROWSER}</arg>
</arguments>
<kw name="driver" library="params">
<arguments>
<arg>${BROWSER}</arg>
</arguments>
<kw name="Create Webdriver" library="SeleniumLibrary">
<doc>Creates an instance of Selenium WebDriver.</doc>
<arguments>
<arg>${BROWSER}</arg>
</arguments>
<msg timestamp="20200816 20:02:35.617" level="INFO">Creating an instance of the Chrome WebDriver.</msg>
<status status="PASS" starttime="20200816 20:02:35.617" endtime="20200816 20:02:38.812"></status>
</kw>
<status status="PASS" starttime="20200816 20:02:35.617" endtime="20200816 20:02:38.812"></status>
</kw>
<status status="PASS" starttime="20200816 20:02:35.617" endtime="20200816 20:02:38.812"></status>
</kw>
<kw name="Set Window Size" library="SeleniumLibrary">
<doc>Sets current windows size to given ``width`` and ``height``.</doc>
<arguments>
<arg>1920</arg>
<arg>1640</arg>
</arguments>
<status status="PASS" starttime="20200816 20:02:38.812" endtime="20200816 20:02:40.942"></status>
</kw>
<kw name="Maximize Browser Window" library="SeleniumLibrary">
<doc>Maximizes current browser window.</doc>
<status status="PASS" starttime="20200816 20:02:40.943" endtime="20200816 20:02:41.070"></status>
</kw>
<kw name="Go To" library="SeleniumLibrary">
<doc>Navigates the current browser window to the provided ``url``.</doc>
<arguments>
<arg>${URL}</arg>
</arguments>
<msg timestamp="20200816 20:02:41.071" level="INFO">Opening url 'https://brainpool.ai/about.html'</msg>
<status status="PASS" starttime="20200816 20:02:41.071" endtime="20200816 20:02:43.449"></status>
</kw>
<status status="PASS" starttime="20200816 20:02:35.617" endtime="20200816 20:02:43.450"></status>
</kw>
<kw name="GetInTouch" library="AboutUs">
<kw name="Intialization" library="params">
<kw name="Wait Until Element Is Visible" library="SeleniumLibrary">
<doc>Waits until the element ``locator`` is visible.</doc>
<arguments>
<arg>id=component-2</arg>
</arguments>
<status status="PASS" starttime="20200816 20:02:43.453" endtime="20200816 20:02:44.339"></status>
</kw>
<status status="PASS" starttime="20200816 20:02:43.452" endtime="20200816 20:02:44.339"></status>
</kw>
<kw name="ScrollDown" library="params">
<arguments>
<arg>0</arg>
<arg>8450</arg>
</arguments>
<kw name="Execute Javascript" library="SeleniumLibrary">
<doc>Executes the given JavaScript code with possible arguments.</doc>
<arguments>
<arg>window.scrollTo(${X},${Y})</arg>
</arguments>
<msg timestamp="20200816 20:02:44.340" level="INFO">Executing JavaScript:
window.scrollTo(0,8450)
Without any arguments.</msg>
<status status="PASS" starttime="20200816 20:02:44.340" endtime="20200816 20:02:44.346"></status>
</kw>
<status status="PASS" starttime="20200816 20:02:44.339" endtime="20200816 20:02:44.347"></status>
</kw>
<kw name="Click Element" library="SeleniumLibrary">
<doc>Click the element identified by ``locator``.</doc>
<arguments>
<arg>//a[contains(text(),'Get in touch')]</arg>
</arguments>
<msg timestamp="20200816 20:02:44.348" level="INFO">Clicking element '//a[contains(text(),'Get in touch')]'.</msg>
<status status="PASS" starttime="20200816 20:02:44.348" endtime="20200816 20:02:46.706"></status>
</kw>
<status status="PASS" starttime="20200816 20:02:43.452" endtime="20200816 20:02:46.707"></status>
</kw>
<kw name="Stop" library="params" type="teardown">
<kw name="Close All Browsers" library="SeleniumLibrary">
<doc>Closes all open browsers and resets the browser cache.</doc>
<status status="PASS" starttime="20200816 20:02:46.709" endtime="20200816 20:02:48.897"></status>
</kw>
<status status="PASS" starttime="20200816 20:02:46.709" endtime="20200816 20:02:48.897"></status>
</kw>
<doc>Verifies if the contact link is accessible</doc>
<tags>
<tag>AboutUsPageContactLink</tag>
</tags>
<status status="PASS" starttime="20200816 20:02:35.617" endtime="20200816 20:02:48.898" critical="yes"></status>
</test>
<status status="PASS" starttime="20200816 19:58:53.201" endtime="20200816 20:02:48.902"></status>
</suite>
<suite id="s1-s2" name="CareersPage" source="C:\Users\pegAsus\workspace_python\SeleniumTrails\WebSiteTesting\Tests\CareersPage.robot">
<test id="s1-s2-t1" name="Site accessibility">
<kw name="Start" library="params" type="setup">
<arguments>
<arg>${BROWSER}</arg>
<arg>${URL}</arg>
</arguments>
<kw name="Run Keyword If" library="BuiltIn">
<doc>Runs the given keyword with the given arguments, if ``condition`` is true.</doc>
<arguments>
<arg>"${BROWSER}" == "HeadlessChrome"</arg>
<arg>HeadlessChrome</arg>
<arg>ELSE</arg>
<arg>driver</arg>
<arg>${BROWSER}</arg>
</arguments>
<kw name="driver" library="params">
<arguments>
<arg>${BROWSER}</arg>
</arguments>
<kw name="Create Webdriver" library="SeleniumLibrary">
<doc>Creates an instance of Selenium WebDriver.</doc>
<arguments>
<arg>${BROWSER}</arg>
</arguments>
<msg timestamp="20200816 20:02:48.920" level="INFO">Creating an instance of the Chrome WebDriver.</msg>
<status status="PASS" starttime="20200816 20:02:48.920" endtime="20200816 20:02:52.103"></status>
</kw>
<status status="PASS" starttime="20200816 20:02:48.919" endtime="20200816 20:02:52.103"></status>
</kw>
<status status="PASS" starttime="20200816 20:02:48.919" endtime="20200816 20:02:52.103"></status>
</kw>
<kw name="Set Window Size" library="SeleniumLibrary">
<doc>Sets current windows size to given ``width`` and ``height``.</doc>
<arguments>
<arg>1920</arg>
<arg>1640</arg>
</arguments>
<status status="PASS" starttime="20200816 20:02:52.103" endtime="20200816 20:02:54.246"></status>
</kw>
<kw name="Maximize Browser Window" library="SeleniumLibrary">
<doc>Maximizes current browser window.</doc>
<status status="PASS" starttime="20200816 20:02:54.246" endtime="20200816 20:02:54.365"></status>
</kw>
<kw name="Go To" library="SeleniumLibrary">
<doc>Navigates the current browser window to the provided ``url``.</doc>
<arguments>
<arg>${URL}</arg>
</arguments>
<msg timestamp="20200816 20:02:54.365" level="INFO">Opening url 'https://brainpool.ai/careers.html'</msg>
<status status="PASS" starttime="20200816 20:02:54.365" endtime="20200816 20:02:56.350"></status>
</kw>
<status status="PASS" starttime="20200816 20:02:48.919" endtime="20200816 20:02:56.350"></status>
</kw>
<kw name="Intialization" library="params">
<kw name="Wait Until Element Is Visible" library="SeleniumLibrary">
<doc>Waits until the element ``locator`` is visible.</doc>
<arguments>
<arg>id=component-2</arg>
</arguments>
<status status="PASS" starttime="20200816 20:02:56.352" endtime="20200816 20:02:56.406"></status>
</kw>
<status status="PASS" starttime="20200816 20:02:56.351" endtime="20200816 20:02:56.406"></status>
</kw>
<kw name="Stop" library="params" type="teardown">
<kw name="Close All Browsers" library="SeleniumLibrary">
<doc>Closes all open browsers and resets the browser cache.</doc>
<status status="PASS" starttime="20200816 20:02:56.408" endtime="20200816 20:02:58.573"></status>
</kw>
<status status="PASS" starttime="20200816 20:02:56.407" endtime="20200816 20:02:58.573"></status>
</kw>
<doc>site accessibility test</doc>
<tags>
<tag>Smoke</tag>
</tags>
<status status="PASS" starttime="20200816 20:02:48.918" endtime="20200816 20:02:58.575" critical="yes"></status>
</test>
<test id="s1-s2-t2" name="Apply Button">
<kw name="Start" library="params" type="setup">
<arguments>
<arg>${BROWSER}</arg>
<arg>${URL}</arg>
</arguments>
<kw name="Run Keyword If" library="BuiltIn">
<doc>Runs the given keyword with the given arguments, if ``condition`` is true.</doc>
<arguments>
<arg>"${BROWSER}" == "HeadlessChrome"</arg>
<arg>HeadlessChrome</arg>
<arg>ELSE</arg>
<arg>driver</arg>
<arg>${BROWSER}</arg>
</arguments>
<kw name="driver" library="params">
<arguments>
<arg>${BROWSER}</arg>
</arguments>
<kw name="Create Webdriver" library="SeleniumLibrary">
<doc>Creates an instance of Selenium WebDriver.</doc>
<arguments>
<arg>${BROWSER}</arg>
</arguments>
<msg timestamp="20200816 20:02:58.579" level="INFO">Creating an instance of the Chrome WebDriver.</msg>
<status status="PASS" starttime="20200816 20:02:58.579" endtime="20200816 20:03:03.036"></status>
</kw>
<status status="PASS" starttime="20200816 20:02:58.578" endtime="20200816 20:03:03.036"></status>
</kw>
<status status="PASS" starttime="20200816 20:02:58.578" endtime="20200816 20:03:03.036"></status>
</kw>
<kw name="Set Window Size" library="SeleniumLibrary">
<doc>Sets current windows size to given ``width`` and ``height``.</doc>
<arguments>
<arg>1920</arg>
<arg>1640</arg>
</arguments>
<status status="PASS" starttime="20200816 20:03:03.037" endtime="20200816 20:03:05.198"></status>
</kw>
<kw name="Maximize Browser Window" library="SeleniumLibrary">
<doc>Maximizes current browser window.</doc>
<status status="PASS" starttime="20200816 20:03:05.198" endtime="20200816 20:03:05.334"></status>
</kw>
<kw name="Go To" library="SeleniumLibrary">
<doc>Navigates the current browser window to the provided ``url``.</doc>
<arguments>
<arg>${URL}</arg>
</arguments>
<msg timestamp="20200816 20:03:05.334" level="INFO">Opening url 'https://brainpool.ai/careers.html'</msg>
<status status="PASS" starttime="20200816 20:03:05.334" endtime="20200816 20:03:07.209"></status>
</kw>
<status status="PASS" starttime="20200816 20:02:58.578" endtime="20200816 20:03:07.209"></status>
</kw>
<kw name="Apply" library="Careers">
<kw name="Intialization" library="params">
<kw name="Wait Until Element Is Visible" library="SeleniumLibrary">
<doc>Waits until the element ``locator`` is visible.</doc>
<arguments>
<arg>id=component-2</arg>
</arguments>
<status status="PASS" starttime="20200816 20:03:07.211" endtime="20200816 20:03:07.258"></status>
</kw>
<status status="PASS" starttime="20200816 20:03:07.211" endtime="20200816 20:03:07.258"></status>
</kw>
<kw name="Buttons" library="params">
<arguments>
<arg>2</arg>
</arguments>
<kw name="Click Button" library="SeleniumLibrary">
<doc>Clicks the button identified by ``locator``.</doc>
<arguments>
<arg>id=component-${ELEMENT}</arg>
</arguments>
<msg timestamp="20200816 20:03:07.259" level="INFO">Clicking button 'id=component-2'.</msg>
<status status="PASS" starttime="20200816 20:03:07.259" endtime="20200816 20:03:07.338"></status>
</kw>
<status status="PASS" starttime="20200816 20:03:07.258" endtime="20200816 20:03:07.338"></status>
</kw>
<status status="PASS" starttime="20200816 20:03:07.210" endtime="20200816 20:03:07.338"></status>
</kw>
<kw name="Stop" library="params" type="teardown">
<kw name="Close All Browsers" library="SeleniumLibrary">
<doc>Closes all open browsers and resets the browser cache.</doc>
<status status="PASS" starttime="20200816 20:03:07.341" endtime="20200816 20:03:10.343"></status>
</kw>
<status status="PASS" starttime="20200816 20:03:07.340" endtime="20200816 20:03:10.343"></status>
</kw>
<doc>Verifies if Apply button accessible</doc>
<tags>
<tag>CareersPageApply</tag>
</tags>
<status status="PASS" starttime="20200816 20:02:58.577" endtime="20200816 20:03:10.344" critical="yes"></status>
</test>
<test id="s1-s2-t3" name="Forbes Logo">
<kw name="Start" library="params" type="setup">
<arguments>
<arg>${BROWSER}</arg>
<arg>${URL}</arg>
</arguments>
<kw name="Run Keyword If" library="BuiltIn">
<doc>Runs the given keyword with the given arguments, if ``condition`` is true.</doc>
<arguments>
<arg>"${BROWSER}" == "HeadlessChrome"</arg>
<arg>HeadlessChrome</arg>
<arg>ELSE</arg>
<arg>driver</arg>
<arg>${BROWSER}</arg>
</arguments>
<kw name="driver" library="params">
<arguments>
<arg>${BROWSER}</arg>
</arguments>
<kw name="Create Webdriver" library="SeleniumLibrary">
<doc>Creates an instance of Selenium WebDriver.</doc>
<arguments>
<arg>${BROWSER}</arg>
</arguments>
<msg timestamp="20200816 20:03:10.349" level="INFO">Creating an instance of the Chrome WebDriver.</msg>
<status status="PASS" starttime="20200816 20:03:10.349" endtime="20200816 20:03:13.564"></status>
</kw>
<status status="PASS" starttime="20200816 20:03:10.348" endtime="20200816 20:03:13.565"></status>
</kw>
<status status="PASS" starttime="20200816 20:03:10.348" endtime="20200816 20:03:13.565"></status>
</kw>
<kw name="Set Window Size" library="SeleniumLibrary">
<doc>Sets current windows size to given ``width`` and ``height``.</doc>
<arguments>
<arg>1920</arg>
<arg>1640</arg>
</arguments>
<status status="PASS" starttime="20200816 20:03:13.565" endtime="20200816 20:03:15.715"></status>
</kw>
<kw name="Maximize Browser Window" library="SeleniumLibrary">
<doc>Maximizes current browser window.</doc>
<status status="PASS" starttime="20200816 20:03:15.715" endtime="20200816 20:03:15.837"></status>
</kw>
<kw name="Go To" library="SeleniumLibrary">
<doc>Navigates the current browser window to the provided ``url``.</doc>
<arguments>
<arg>${URL}</arg>
</arguments>
<msg timestamp="20200816 20:03:15.837" level="INFO">Opening url 'https://brainpool.ai/careers.html'</msg>
<status status="PASS" starttime="20200816 20:03:15.837" endtime="20200816 20:03:17.732"></status>
</kw>
<status status="PASS" starttime="20200816 20:03:10.347" endtime="20200816 20:03:17.732"></status>
</kw>
<kw name="Forbes" library="Careers">
<kw name="Intialization" library="params">
<kw name="Wait Until Element Is Visible" library="SeleniumLibrary">
<doc>Waits until the element ``locator`` is visible.</doc>
<arguments>
<arg>id=component-2</arg>
</arguments>
<status status="PASS" starttime="20200816 20:03:17.732" endtime="20200816 20:03:17.764"></status>
</kw>
<status status="PASS" starttime="20200816 20:03:17.732" endtime="20200816 20:03:17.764"></status>
</kw>
<kw name="LinkTags" library="params">
<arguments>
<arg>25</arg>
</arguments>
<kw name="Execute Javascript" library="SeleniumLibrary">
<doc>Executes the given JavaScript code with possible arguments.</doc>
<arguments>
<arg>document.querySelectorAll("a")[${POS}].click()</arg>
</arguments>
<msg timestamp="20200816 20:03:17.764" level="INFO">Executing JavaScript:
document.querySelectorAll("a")[25].click()
Without any arguments.</msg>
<status status="PASS" starttime="20200816 20:03:17.764" endtime="20200816 20:03:21.475"></status>
</kw>
<status status="PASS" starttime="20200816 20:03:17.764" endtime="20200816 20:03:21.475"></status>
</kw>
<status status="PASS" starttime="20200816 20:03:17.732" endtime="20200816 20:03:21.476"></status>
</kw>
<kw name="Stop" library="params" type="teardown">
<kw name="Close All Browsers" library="SeleniumLibrary">
<doc>Closes all open browsers and resets the browser cache.</doc>
<status status="PASS" starttime="20200816 20:03:21.477" endtime="20200816 20:03:24.002"></status>
</kw>
<status status="PASS" starttime="20200816 20:03:21.476" endtime="20200816 20:03:24.002"></status>
</kw>
<doc>Verifies if the Forbes Logo is accessible</doc>
<tags>
<tag>CnPsPageForbes</tag>
</tags>
<status status="PASS" starttime="20200816 20:03:10.346" endtime="20200816 20:03:24.004" critical="yes"></status>
</test>
<test id="s1-s2-t4" name="Bloomberg Logo">
<kw name="Start" library="params" type="setup">
<arguments>
<arg>${BROWSER}</arg>
<arg>${URL}</arg>
</arguments>
<kw name="Run Keyword If" library="BuiltIn">
<doc>Runs the given keyword with the given arguments, if ``condition`` is true.</doc>
<arguments>
<arg>"${BROWSER}" == "HeadlessChrome"</arg>
<arg>HeadlessChrome</arg>
<arg>ELSE</arg>
<arg>driver</arg>
<arg>${BROWSER}</arg>
</arguments>
<kw name="driver" library="params">
<arguments>
<arg>${BROWSER}</arg>
</arguments>
<kw name="Create Webdriver" library="SeleniumLibrary">
<doc>Creates an instance of Selenium WebDriver.</doc>
<arguments>
<arg>${BROWSER}</arg>
</arguments>
<msg timestamp="20200816 20:03:24.009" level="INFO">Creating an instance of the Chrome WebDriver.</msg>
<status status="PASS" starttime="20200816 20:03:24.009" endtime="20200816 20:03:27.240"></status>
</kw>
<status status="PASS" starttime="20200816 20:03:24.009" endtime="20200816 20:03:27.240"></status>
</kw>
<status status="PASS" starttime="20200816 20:03:24.008" endtime="20200816 20:03:27.240"></status>
</kw>
<kw name="Set Window Size" library="SeleniumLibrary">
<doc>Sets current windows size to given ``width`` and ``height``.</doc>
<arguments>
<arg>1920</arg>
<arg>1640</arg>
</arguments>
<status status="PASS" starttime="20200816 20:03:27.241" endtime="20200816 20:03:29.386"></status>
</kw>
<kw name="Maximize Browser Window" library="SeleniumLibrary">
<doc>Maximizes current browser window.</doc>
<status status="PASS" starttime="20200816 20:03:29.386" endtime="20200816 20:03:29.516"></status>
</kw>
<kw name="Go To" library="SeleniumLibrary">
<doc>Navigates the current browser window to the provided ``url``.</doc>
<arguments>
<arg>${URL}</arg>
</arguments>
<msg timestamp="20200816 20:03:29.517" level="INFO">Opening url 'https://brainpool.ai/careers.html'</msg>
<status status="PASS" starttime="20200816 20:03:29.517" endtime="20200816 20:03:31.553"></status>
</kw>
<status status="PASS" starttime="20200816 20:03:24.007" endtime="20200816 20:03:31.553"></status>
</kw>
<kw name="Bloomberg" library="Careers">
<kw name="Intialization" library="params">
<kw name="Wait Until Element Is Visible" library="SeleniumLibrary">
<doc>Waits until the element ``locator`` is visible.</doc>
<arguments>
<arg>id=component-2</arg>
</arguments>
<status status="PASS" starttime="20200816 20:03:31.557" endtime="20200816 20:03:31.600"></status>
</kw>
<status status="PASS" starttime="20200816 20:03:31.557" endtime="20200816 20:03:31.600"></status>
</kw>
<kw name="LinkTags" library="params">
<arguments>
<arg>26</arg>
</arguments>
<kw name="Execute Javascript" library="SeleniumLibrary">
<doc>Executes the given JavaScript code with possible arguments.</doc>
<arguments>
<arg>document.querySelectorAll("a")[${POS}].click()</arg>
</arguments>
<msg timestamp="20200816 20:03:31.601" level="INFO">Executing JavaScript:
document.querySelectorAll("a")[26].click()
Without any arguments.</msg>
<status status="PASS" starttime="20200816 20:03:31.601" endtime="20200816 20:03:37.105"></status>
</kw>
<status status="PASS" starttime="20200816 20:03:31.601" endtime="20200816 20:03:37.106"></status>
</kw>
<status status="PASS" starttime="20200816 20:03:31.556" endtime="20200816 20:03:37.106"></status>
</kw>
<kw name="Stop" library="params" type="teardown">
<kw name="Close All Browsers" library="SeleniumLibrary">
<doc>Closes all open browsers and resets the browser cache.</doc>
<status status="PASS" starttime="20200816 20:03:37.109" endtime="20200816 20:03:39.351"></status>
</kw>
<status status="PASS" starttime="20200816 20:03:37.108" endtime="20200816 20:03:39.351"></status>
</kw>
<doc>Verifies if the Bloomberg Logo is accessible</doc>
<tags>
<tag>CareersPageBloomberg</tag>
</tags>
<status status="PASS" starttime="20200816 20:03:24.006" endtime="20200816 20:03:39.352" critical="yes"></status>
</test>
<test id="s1-s2-t5" name="Raconteur Logo">
<kw name="Start" library="params" type="setup">
<arguments>
<arg>${BROWSER}</arg>
<arg>${URL}</arg>
</arguments>
<kw name="Run Keyword If" library="BuiltIn">
<doc>Runs the given keyword with the given arguments, if ``condition`` is true.</doc>
<arguments>
<arg>"${BROWSER}" == "HeadlessChrome"</arg>
<arg>HeadlessChrome</arg>
<arg>ELSE</arg>
<arg>driver</arg>
<arg>${BROWSER}</arg>
</arguments>
<kw name="driver" library="params">
<arguments>
<arg>${BROWSER}</arg>
</arguments>
<kw name="Create Webdriver" library="SeleniumLibrary">
<doc>Creates an instance of Selenium WebDriver.</doc>
<arguments>
<arg>${BROWSER}</arg>
</arguments>
<msg timestamp="20200816 20:03:39.352" level="INFO">Creating an instance of the Chrome WebDriver.</msg>
<status status="PASS" starttime="20200816 20:03:39.352" endtime="20200816 20:03:43.075"></status>
</kw>
<status status="PASS" starttime="20200816 20:03:39.352" endtime="20200816 20:03:43.075"></status>
</kw>
<status status="PASS" starttime="20200816 20:03:39.352" endtime="20200816 20:03:43.075"></status>
</kw>
<kw name="Set Window Size" library="SeleniumLibrary">
<doc>Sets current windows size to given ``width`` and ``height``.</doc>
<arguments>
<arg>1920</arg>
<arg>1640</arg>
</arguments>
<status status="PASS" starttime="20200816 20:03:43.075" endtime="20200816 20:03:45.213"></status>
</kw>
<kw name="Maximize Browser Window" library="SeleniumLibrary">
<doc>Maximizes current browser window.</doc>
<status status="PASS" starttime="20200816 20:03:45.213" endtime="20200816 20:03:45.346"></status>
</kw>
<kw name="Go To" library="SeleniumLibrary">
<doc>Navigates the current browser window to the provided ``url``.</doc>
<arguments>
<arg>${URL}</arg>
</arguments>
<msg timestamp="20200816 20:03:45.346" level="INFO">Opening url 'https://brainpool.ai/careers.html'</msg>
<status status="PASS" starttime="20200816 20:03:45.346" endtime="20200816 20:03:47.235"></status>
</kw>
<status status="PASS" starttime="20200816 20:03:39.352" endtime="20200816 20:03:47.236"></status>
</kw>
<kw name="Raconteur" library="Careers">
<kw name="Intialization" library="params">
<kw name="Wait Until Element Is Visible" library="SeleniumLibrary">
<doc>Waits until the element ``locator`` is visible.</doc>
<arguments>
<arg>id=component-2</arg>
</arguments>
<status status="PASS" starttime="20200816 20:03:47.238" endtime="20200816 20:03:47.281"></status>
</kw>
<status status="PASS" starttime="20200816 20:03:47.238" endtime="20200816 20:03:47.282"></status>
</kw>
<kw name="LinkTags" library="params">
<arguments>
<arg>27</arg>
</arguments>
<kw name="Execute Javascript" library="SeleniumLibrary">
<doc>Executes the given JavaScript code with possible arguments.</doc>
<arguments>
<arg>document.querySelectorAll("a")[${POS}].click()</arg>
</arguments>
<msg timestamp="20200816 20:03:47.283" level="INFO">Executing JavaScript:
document.querySelectorAll("a")[27].click()
Without any arguments.</msg>
<status status="PASS" starttime="20200816 20:03:47.282" endtime="20200816 20:03:50.645"></status>
</kw>
<status status="PASS" starttime="20200816 20:03:47.282" endtime="20200816 20:03:50.645"></status>
</kw>
<status status="PASS" starttime="20200816 20:03:47.237" endtime="20200816 20:03:50.645"></status>
</kw>
<kw name="Stop" library="params" type="teardown">
<kw name="Close All Browsers" library="SeleniumLibrary">
<doc>Closes all open browsers and resets the browser cache.</doc>
<status status="PASS" starttime="20200816 20:03:50.647" endtime="20200816 20:03:53.805"></status>
</kw>
<status status="PASS" starttime="20200816 20:03:50.646" endtime="20200816 20:03:53.805"></status>
</kw>
[...]
<msg timestamp="20200816 20:19:31.042" level="INFO">Creating an instance of the Chrome WebDriver.</msg>
<status status="PASS" starttime="20200816 20:19:31.042" endtime="20200816 20:19:34.249"></status>
</kw>
<status status="PASS" starttime="20200816 20:19:31.042" endtime="20200816 20:19:34.249"></status>
</kw>
<status status="PASS" starttime="20200816 20:19:31.041" endtime="20200816 20:19:34.249"></status>
</kw>
<kw name="Set Window Size" library="SeleniumLibrary">
<doc>Sets current windows size to given ``width`` and ``height``.</doc>
<arguments>
<arg>1920</arg>
<arg>1640</arg>
</arguments>
<status status="PASS" starttime="20200816 20:19:34.249" endtime="20200816 20:19:36.387"></status>
</kw>
<kw name="Maximize Browser Window" library="SeleniumLibrary">
<doc>Maximizes current browser window.</doc>
<status status="PASS" starttime="20200816 20:19:36.387" endtime="20200816 20:19:36.515"></status>
</kw>
<kw name="Go To" library="SeleniumLibrary">
<doc>Navigates the current browser window to the provided ``url``.</doc>
<arguments>
<arg>${URL}</arg>
</arguments>
<msg timestamp="20200816 20:19:36.516" level="INFO">Opening url 'https://brainpool.ai/'</msg>
<status status="PASS" starttime="20200816 20:19:36.515" endtime="20200816 20:19:43.080"></status>
</kw>
<status status="PASS" starttime="20200816 20:19:31.041" endtime="20200816 20:19:43.081"></status>
</kw>
<kw name="BlogPost2" library="LandingPage">
<kw name="Intialization" library="params">
<kw name="Wait Until Element Is Visible" library="SeleniumLibrary">
<doc>Waits until the element ``locator`` is visible.</doc>
<arguments>
<arg>id=component-2</arg>
</arguments>
<status status="PASS" starttime="20200816 20:19:43.083" endtime="20200816 20:19:43.822"></status>
</kw>
<status status="PASS" starttime="20200816 20:19:43.083" endtime="20200816 20:19:43.823"></status>
</kw>
<kw name="ScrollDown" library="params">
<arguments>
<arg>0</arg>
<arg>8450</arg>
</arguments>
<kw name="Execute Javascript" library="SeleniumLibrary">
<doc>Executes the given JavaScript code with possible arguments.</doc>
<arguments>
<arg>window.scrollTo(${X},${Y})</arg>
</arguments>
<msg timestamp="20200816 20:19:43.824" level="INFO">Executing JavaScript:
window.scrollTo(0,8450)
Without any arguments.</msg>
<status status="PASS" starttime="20200816 20:19:43.823" endtime="20200816 20:19:43.837"></status>
</kw>
<status status="PASS" starttime="20200816 20:19:43.823" endtime="20200816 20:19:43.837"></status>
</kw>
<kw name="Sleep" library="BuiltIn">
<doc>Pauses the test executed for the given time.</doc>
<arguments>
<arg>1s</arg>
</arguments>
<msg timestamp="20200816 20:19:44.839" level="INFO">Slept 1 second</msg>
<status status="PASS" starttime="20200816 20:19:43.837" endtime="20200816 20:19:44.839"></status>
</kw>
<kw name="Blogs" library="params">
<arguments>
<arg>10</arg>
</arguments>
<kw name="Execute Javascript" library="SeleniumLibrary">
<doc>Executes the given JavaScript code with possible arguments.</doc>
<arguments>
<arg>document.querySelectorAll(".card-img-top")[${POS}].click()</arg>
</arguments>
<msg timestamp="20200816 20:19:44.841" level="INFO">Executing JavaScript:
document.querySelectorAll(".card-img-top")[10].click()
Without any arguments.</msg>
<status status="PASS" starttime="20200816 20:19:44.840" endtime="20200816 20:20:01.852"></status>
</kw>
<status status="PASS" starttime="20200816 20:19:44.839" endtime="20200816 20:20:01.852"></status>
</kw>
<status status="PASS" starttime="20200816 20:19:43.082" endtime="20200816 20:20:01.853"></status>
</kw>
<kw name="Stop" library="params" type="teardown">
<kw name="Close All Browsers" library="SeleniumLibrary">
<doc>Closes all open browsers and resets the browser cache.</doc>
<status status="PASS" starttime="20200816 20:20:01.855" endtime="20200816 20:20:04.026"></status>
</kw>
<status status="PASS" starttime="20200816 20:20:01.854" endtime="20200816 20:20:04.026"></status>
</kw>
<doc>Verifies if the 2nd Blog Post is accessible</doc>
<tags>
<tag>LandingPageBlogPost2</tag>
</tags>
<status status="PASS" starttime="20200816 20:19:31.040" endtime="20200816 20:20:04.027" critical="yes"></status>
</test>
<test id="s1-s6-t23" name="Blog Posts 3">
<kw name="Start" library="params" type="setup">
<arguments>
<arg>${BROWSER}</arg>
<arg>${URL}</arg>
</arguments>
<kw name="Run Keyword If" library="BuiltIn">
<doc>Runs the given keyword with the given arguments, if ``condition`` is true.</doc>
<arguments>
<arg>"${BROWSER}" == "HeadlessChrome"</arg>
<arg>HeadlessChrome</arg>
<arg>ELSE</arg>
<arg>driver</arg>
<arg>${BROWSER}</arg>
</arguments>
<kw name="driver" library="params">
<arguments>
<arg>${BROWSER}</arg>
</arguments>
<kw name="Create Webdriver" library="SeleniumLibrary">
<doc>Creates an instance of Selenium WebDriver.</doc>
<arguments>
<arg>${BROWSER}</arg>
</arguments>
<msg timestamp="20200816 20:20:04.028" level="INFO">Creating an instance of the Chrome WebDriver.</msg>
<status status="PASS" starttime="20200816 20:20:04.028" endtime="20200816 20:20:07.267"></status>
</kw>
<status status="PASS" starttime="20200816 20:20:04.028" endtime="20200816 20:20:07.267"></status>
</kw>
<status status="PASS" starttime="20200816 20:20:04.028" endtime="20200816 20:20:07.267"></status>
</kw>
<kw name="Set Window Size" library="SeleniumLibrary">
<doc>Sets current windows size to given ``width`` and ``height``.</doc>
<arguments>
<arg>1920</arg>
<arg>1640</arg>
</arguments>
<status status="PASS" starttime="20200816 20:20:07.267" endtime="20200816 20:20:09.404"></status>
</kw>
<kw name="Maximize Browser Window" library="SeleniumLibrary">
<doc>Maximizes current browser window.</doc>
<status status="PASS" starttime="20200816 20:20:09.404" endtime="20200816 20:20:09.537"></status>
</kw>
<kw name="Go To" library="SeleniumLibrary">
<doc>Navigates the current browser window to the provided ``url``.</doc>
<arguments>
<arg>${URL}</arg>
</arguments>
<msg timestamp="20200816 20:20:09.537" level="INFO">Opening url 'https://brainpool.ai/'</msg>
<status status="PASS" starttime="20200816 20:20:09.537" endtime="20200816 20:20:15.042"></status>
</kw>
<status status="PASS" starttime="20200816 20:20:04.028" endtime="20200816 20:20:15.042"></status>
</kw>
<kw name="BlogPost3" library="LandingPage">
<kw name="Intialization" library="params">
<kw name="Wait Until Element Is Visible" library="SeleniumLibrary">
<doc>Waits until the element ``locator`` is visible.</doc>
<arguments>
<arg>id=component-2</arg>
</arguments>
<status status="PASS" starttime="20200816 20:20:15.045" endtime="20200816 20:20:15.772"></status>
</kw>
<status status="PASS" starttime="20200816 20:20:15.044" endtime="20200816 20:20:15.772"></status>
</kw>
<kw name="ScrollDown" library="params">
<arguments>
<arg>0</arg>
<arg>8450</arg>
</arguments>
<kw name="Execute Javascript" library="SeleniumLibrary">
<doc>Executes the given JavaScript code with possible arguments.</doc>
<arguments>
<arg>window.scrollTo(${X},${Y})</arg>
</arguments>
<msg timestamp="20200816 20:20:15.774" level="INFO">Executing JavaScript:
window.scrollTo(0,8450)
Without any arguments.</msg>
<status status="PASS" starttime="20200816 20:20:15.773" endtime="20200816 20:20:15.781"></status>
</kw>
<status status="PASS" starttime="20200816 20:20:15.772" endtime="20200816 20:20:15.782"></status>
</kw>
<kw name="Sleep" library="BuiltIn">
<doc>Pauses the test executed for the given time.</doc>
<arguments>
<arg>1s</arg>
</arguments>
<msg timestamp="20200816 20:20:16.786" level="INFO">Slept 1 second</msg>
<status status="PASS" starttime="20200816 20:20:15.783" endtime="20200816 20:20:16.786"></status>
</kw>
<kw name="Blogs" library="params">
<arguments>
<arg>11</arg>
</arguments>
<kw name="Execute Javascript" library="SeleniumLibrary">
<doc>Executes the given JavaScript code with possible arguments.</doc>
<arguments>
<arg>document.querySelectorAll(".card-img-top")[${POS}].click()</arg>
</arguments>
<msg timestamp="20200816 20:20:16.787" level="INFO">Executing JavaScript:
document.querySelectorAll(".card-img-top")[11].click()
Without any arguments.</msg>
<status status="PASS" starttime="20200816 20:20:16.786" endtime="20200816 20:20:22.803"></status>
</kw>
<status status="PASS" starttime="20200816 20:20:16.786" endtime="20200816 20:20:22.803"></status>
</kw>
<status status="PASS" starttime="20200816 20:20:15.043" endtime="20200816 20:20:22.804"></status>
</kw>
<kw name="Stop" library="params" type="teardown">
<kw name="Close All Browsers" library="SeleniumLibrary">
<doc>Closes all open browsers and resets the browser cache.</doc>
<status status="PASS" starttime="20200816 20:20:22.805" endtime="20200816 20:20:25.004"></status>
</kw>
<status status="PASS" starttime="20200816 20:20:22.805" endtime="20200816 20:20:25.004"></status>
</kw>
<doc>Verifies if the 3rd Blog Post is accessible</doc>
<tags>
<tag>LandingPageBlogPost3</tag>
</tags>
<status status="PASS" starttime="20200816 20:20:04.028" endtime="20200816 20:20:25.004" critical="yes"></status>
</test>
<test id="s1-s6-t24" name="ContactForm">
<kw name="Start" library="params" type="setup">
<arguments>
<arg>${BROWSER}</arg>
<arg>${URL}</arg>
</arguments>
<kw name="Run Keyword If" library="BuiltIn">
<doc>Runs the given keyword with the given arguments, if ``condition`` is true.</doc>
<arguments>
<arg>"${BROWSER}" == "HeadlessChrome"</arg>
<arg>HeadlessChrome</arg>
<arg>ELSE</arg>
<arg>driver</arg>
<arg>${BROWSER}</arg>
</arguments>
<kw name="driver" library="params">
<arguments>
<arg>${BROWSER}</arg>
</arguments>
<kw name="Create Webdriver" library="SeleniumLibrary">
<doc>Creates an instance of Selenium WebDriver.</doc>
<arguments>
<arg>${BROWSER}</arg>
</arguments>
<msg timestamp="20200816 20:20:25.006" level="INFO">Creating an instance of the Chrome WebDriver.</msg>
<status status="PASS" starttime="20200816 20:20:25.006" endtime="20200816 20:20:28.286"></status>
</kw>
<status status="PASS" starttime="20200816 20:20:25.006" endtime="20200816 20:20:28.287"></status>
</kw>
<status status="PASS" starttime="20200816 20:20:25.006" endtime="20200816 20:20:28.287"></status>
</kw>
<kw name="Set Window Size" library="SeleniumLibrary">
<doc>Sets current windows size to given ``width`` and ``height``.</doc>
<arguments>
<arg>1920</arg>
<arg>1640</arg>
</arguments>
<status status="PASS" starttime="20200816 20:20:28.287" endtime="20200816 20:20:30.417"></status>
</kw>
<kw name="Maximize Browser Window" library="SeleniumLibrary">
<doc>Maximizes current browser window.</doc>
<status status="PASS" starttime="20200816 20:20:30.417" endtime="20200816 20:20:30.537"></status>
</kw>
<kw name="Go To" library="SeleniumLibrary">
<doc>Navigates the current browser window to the provided ``url``.</doc>
<arguments>
<arg>${URL}</arg>
</arguments>
<msg timestamp="20200816 20:20:30.538" level="INFO">Opening url 'https://brainpool.ai/'</msg>
<status status="PASS" starttime="20200816 20:20:30.538" endtime="20200816 20:20:37.187"></status>
</kw>
<status status="PASS" starttime="20200816 20:20:25.006" endtime="20200816 20:20:37.187"></status>
</kw>
<kw name="ContatUsForm" library="LandingPage">
<kw name="Intialization" library="params">
<kw name="Wait Until Element Is Visible" library="SeleniumLibrary">
<doc>Waits until the element ``locator`` is visible.</doc>
<arguments>
<arg>id=component-2</arg>
</arguments>
<status status="PASS" starttime="20200816 20:20:37.190" endtime="20200816 20:20:38.071"></status>
</kw>
<status status="PASS" starttime="20200816 20:20:37.190" endtime="20200816 20:20:38.071"></status>
</kw>
<kw name="ScrollDown" library="params">
<arguments>
<arg>0</arg>
<arg>8000</arg>
</arguments>
<kw name="Execute Javascript" library="SeleniumLibrary">
<doc>Executes the given JavaScript code with possible arguments.</doc>
<arguments>
<arg>window.scrollTo(${X},${Y})</arg>
</arguments>
<msg timestamp="20200816 20:20:38.072" level="INFO">Executing JavaScript:
window.scrollTo(0,8000)
Without any arguments.</msg>
<status status="PASS" starttime="20200816 20:20:38.072" endtime="20200816 20:20:38.119"></status>
</kw>
<status status="PASS" starttime="20200816 20:20:38.071" endtime="20200816 20:20:38.120"></status>
</kw>
<kw name="Input Text" library="SeleniumLibrary">
<doc>Types the given ``text`` into the text field identified by ``locator``.</doc>
<arguments>
<arg>id=demo-name</arg>
<arg>Hello World</arg>
</arguments>
<msg timestamp="20200816 20:20:38.120" level="INFO">Typing text 'Hello World' into text field 'id=demo-name'.</msg>
<status status="PASS" starttime="20200816 20:20:38.120" endtime="20200816 20:20:38.413"></status>
</kw>
<kw name="Input Text" library="SeleniumLibrary">
<doc>Types the given ``text`` into the text field identified by ``locator``.</doc>
<arguments>
<arg>id=demo-email</arg>
<arg>HelloWorld@email.com</arg>
</arguments>
<msg timestamp="20200816 20:20:38.417" level="INFO">Typing text 'HelloWorld@email.com' into text field 'id=demo-email'.</msg>
<status status="PASS" starttime="20200816 20:20:38.414" endtime="20200816 20:20:38.799"></status>
</kw>
<kw name="Input Text" library="SeleniumLibrary">
<doc>Types the given ``text`` into the text field identified by ``locator``.</doc>
<arguments>
<arg>id=demo-Cname</arg>
<arg>MysteryInc.</arg>
</arguments>
<msg timestamp="20200816 20:20:38.800" level="INFO">Typing text 'MysteryInc.' into text field 'id=demo-Cname'.</msg>
<status status="PASS" starttime="20200816 20:20:38.800" endtime="20200816 20:20:38.959"></status>
</kw>
<kw name="Click Button" library="SeleniumLibrary">
<doc>Clicks the button identified by ``locator``.</doc>
<arguments>
<arg>id=contact-allpage</arg>
</arguments>
<msg timestamp="20200816 20:20:38.960" level="INFO">Clicking button 'id=contact-allpage'.</msg>
<status status="PASS" starttime="20200816 20:20:38.959" endtime="20200816 20:20:39.066"></status>
</kw>
<kw name="Sleep" library="BuiltIn">
<doc>Pauses the test executed for the given time.</doc>
<arguments>
<arg>2s</arg>
</arguments>
<msg timestamp="20200816 20:20:41.069" level="INFO">Slept 2 seconds</msg>
<status status="PASS" starttime="20200816 20:20:39.066" endtime="20200816 20:20:41.069"></status>
</kw>
<kw name="Page Should Contain" library="SeleniumLibrary">
<doc>Verifies that current page contains ``text``.</doc>
<arguments>
<arg>Thank you, a member of our team will be in touch shortly.</arg>
</arguments>
<msg timestamp="20200816 20:20:41.092" level="INFO">Current page contains text 'Thank you, a member of our team will be in touch shortly.'.</msg>
<status status="PASS" starttime="20200816 20:20:41.069" endtime="20200816 20:20:41.092"></status>
</kw>
<status status="PASS" starttime="20200816 20:20:37.189" endtime="20200816 20:20:41.092"></status>
</kw>
<kw name="Stop" library="params" type="teardown">
<kw name="Close All Browsers" library="SeleniumLibrary">
<doc>Closes all open browsers and resets the browser cache.</doc>
<status status="PASS" starttime="20200816 20:20:41.093" endtime="20200816 20:20:43.271"></status>
</kw>
<status status="PASS" starttime="20200816 20:20:41.093" endtime="20200816 20:20:43.271"></status>
</kw>
<doc>Verifies if the contact form is accessible</doc>
<tags>
<tag>LandingPageform</tag>
</tags>
<status status="PASS" starttime="20200816 20:20:25.006" endtime="20200816 20:20:43.272" critical="yes"></status>
</test>
<status status="FAIL" starttime="20200816 20:13:39.370" endtime="20200816 20:20:43.276"></status>
</suite>
<status status="FAIL" starttime="20200816 19:58:53.185" endtime="20200816 20:20:43.290"></status>
</suite>
<statistics>
<total>
<stat pass="78" fail="1">Critical Tests</stat>
<stat pass="78" fail="1">All Tests</stat>
</total>
<tag>
<stat pass="1" fail="0">AboutUsPageAIBusiness</stat>
<stat pass="1" fail="0">AboutUsPageApplyBrainPool</stat>
<stat pass="1" fail="0">AboutUsPageApplyNetwork</stat>
<stat pass="1" fail="0">AboutUsPageApplyPool</stat>
<stat pass="1" fail="0">AboutUsPageBlogPost1</stat>
<stat pass="1" fail="0">AboutUsPageBlogPost2</stat>
<stat pass="1" fail="0">AboutUsPageBlogPost3</stat>
<stat pass="1" fail="0">AboutUsPageBloomberg</stat>
<stat pass="1" fail="0">AboutUsPageContactLink</stat>
<stat pass="1" fail="0">AboutUsPageForbes</stat>
<stat pass="1" fail="0">AboutUsPageMedium</stat>
<stat pass="1" fail="0">AboutUsPageRaconteur</stat>
<stat pass="1" fail="0">AboutUsPageTheStack</stat>
<stat pass="1" fail="0">AboutUsPageViewCareers</stat>
<stat pass="1" fail="0">CareersPageAIBusiness</stat>
<stat pass="1" fail="0">CareersPageApply</stat>
<stat pass="1" fail="0">CareersPageBloomberg</stat>
<stat pass="1" fail="0">CareersPageContact Button</stat>
<stat pass="1" fail="0">CareersPageContactLink</stat>
<stat pass="1" fail="0">CareersPageEnterprise Management</stat>
<stat pass="1" fail="0">CareersPageMedium</stat>
<stat pass="1" fail="0">CareersPageOpenPosition1</stat>
<stat pass="1" fail="0">CareersPageOpenPosition2</stat>
<stat pass="1" fail="0">CareersPageOpenPosition3</stat>
<stat pass="1" fail="0">CareersPageRaconteur</stat>
<stat pass="1" fail="0">CareersPageTheStack</stat>
<stat pass="1" fail="0">ClientandPartnersStartNow</stat>
<stat pass="1" fail="0">CnPPageAIBusiness</stat>
<stat pass="1" fail="0">CnPPageBlogPost1</stat>
<stat pass="1" fail="0">CnPPageBlogPost3</stat>
<stat pass="1" fail="0">CnPPageBloomberg</stat>
<stat pass="1" fail="0">CnPPageContact Button</stat>
<stat pass="1" fail="0">CnPPageDataIQThumb</stat>
<stat pass="1" fail="0">CnPPageEnterprise Management</stat>
<stat pass="1" fail="0">CnPPageEnterPriseManagementThumb</stat>
<stat pass="1" fail="0">CnPPageKnowMore</stat>
<stat pass="1" fail="0">CnPPageMedium</stat>
<stat pass="1" fail="0">CnPPageRaconteur</stat>
<stat pass="1" fail="0">CnPPageTecheratiThumb</stat>
<stat pass="1" fail="0">CnPPageTheStack</stat>
<stat pass="1" fail="0">CnPPageWorkSpaceThumb</stat>
<stat pass="1" fail="0">CnPsPageBlogPost2</stat>
<stat pass="2" fail="0">CnPsPageForbes</stat>
<stat pass="1" fail="0">CnPsPageForbesThumb</stat>
<stat pass="1" fail="0">ContactUsForm</stat>
<stat pass="1" fail="0">ContactUsStart</stat>
<stat pass="1" fail="0">FAQPageContactLink1</stat>
<stat pass="1" fail="0">FAQPageContactLink2</stat>
<stat pass="1" fail="0">FAQPageEmail</stat>
<stat pass="1" fail="0">LandingPageAd-hoc AI Support</stat>
<stat pass="1" fail="0">LandingPageAIBusiness</stat>
<stat pass="1" fail="0">LandingPageAI Scoping Programmes</stat>
<stat pass="1" fail="0">LandingPageAI workshops</stat>
<stat pass="1" fail="0">LandingPageBlogPost1</stat>
<stat pass="1" fail="0">LandingPageBlogPost2</stat>
<stat pass="1" fail="0">LandingPageBlogPost3</stat>
<stat pass="1" fail="0">LandingPageBloomberg</stat>
<stat pass="1" fail="0">LandingPagecontactaction</stat>
<stat pass="0" fail="1">LandingPageDeploy AI solutions</stat>
<stat pass="1" fail="0">LandingPageEnterprise Management</stat>
<stat pass="1" fail="0">LandingPageExplore1</stat>
<stat pass="1" fail="0">LandingPageExplore2</stat>
<stat pass="1" fail="0">LandingPageForbes</stat>
<stat pass="1" fail="0">LandingPageform</stat>
<stat pass="1" fail="0">LandingPageLearnMore</stat>
<stat pass="1" fail="0">LandingPageMedium</stat>
<stat pass="1" fail="0">LandingPageProductsAlgoPool</stat>
<stat pass="1" fail="0">LandingPageProductsDaisy</stat>
<stat pass="1" fail="0">LandingPageProductsForstack</stat>
<stat pass="1" fail="0">LandingPageRaconteur</stat>
<stat pass="1" fail="0">LandingPagescrollaction</stat>
<stat pass="1" fail="0">LandingPageStart</stat>
<stat pass="6" fail="0">Smoke</stat>
</tag>
<suite>
<stat pass="78" fail="1" id="s1" name="Tests">Tests</stat>
<stat pass="15" fail="0" id="s1-s1" name="About">Tests.About</stat>
<stat pass="14" fail="0" id="s1-s2" name="CareersPage">Tests.CareersPage</stat>
<stat pass="19" fail="0" id="s1-s3" name="ClientAndPartners">Tests.ClientAndPartners</stat>
<stat pass="3" fail="0" id="s1-s4" name="ContactPage">Tests.ContactPage</stat>
<stat pass="4" fail="0" id="s1-s5" name="FAQ">Tests.FAQ</stat>
<stat pass="23" fail="1" id="s1-s6" name="HomePage">Tests.HomePage</stat>
</suite>
</statistics>
<errors>
</errors>
</robot>
