<?xml version="1.0" encoding="UTF-8"?>
<robot generator="Robot 3.2.1 (Python 3.8.2 on win32)" generated="20200816 05:01:15.741" rpa="false">
<suite id="s1" name="HomePage" source="C:\Users\pegAsus\workspace_python\SeleniumTrails\WebSiteTesting\Tests\HomePage.robot">
<test id="s1-t1" name="Site accessibility">
<kw name="Start" library="params" type="setup">
<arguments>
<arg>${BROWSER}</arg>
<arg>${URL}</arg>
</arguments>
<kw name="Run Keyword If" library="BuiltIn">
<doc>Runs the given keyword with the given arguments, if ``condition`` is true.</doc>
<arguments>
<arg>"${BROWSER}" == "HeadlessChrome"</arg>
<arg>HeadlessChrome</arg>
<arg>ELSE</arg>
<arg>driver</arg>
<arg>${BROWSER}</arg>
</arguments>
<kw name="driver" library="params">
<arguments>
<arg>${BROWSER}</arg>
</arguments>
<kw name="Create Webdriver" library="SeleniumLibrary">
<doc>Creates an instance of Selenium WebDriver.</doc>
<arguments>
<arg>${BROWSER}</arg>
</arguments>
<msg timestamp="20200816 05:01:15.971" level="INFO">Creating an instance of the Chrome WebDriver.</msg>
<status status="PASS" starttime="20200816 05:01:15.971" endtime="20200816 05:01:19.462"></status>
</kw>
<status status="PASS" starttime="20200816 05:01:15.971" endtime="20200816 05:01:19.462"></status>
</kw>
<status status="PASS" starttime="20200816 05:01:15.971" endtime="20200816 05:01:19.462"></status>
</kw>
<kw name="Set Window Size" library="SeleniumLibrary">
<doc>Sets current windows size to given ``width`` and ``height``.</doc>
<arguments>
<arg>1920</arg>
<arg>1640</arg>
</arguments>
<status status="PASS" starttime="20200816 05:01:19.463" endtime="20200816 05:01:21.589"></status>
</kw>
<kw name="Maximize Browser Window" library="SeleniumLibrary">
<doc>Maximizes current browser window.</doc>
<status status="PASS" starttime="20200816 05:01:21.589" endtime="20200816 05:01:21.710"></status>
</kw>
<kw name="Go To" library="SeleniumLibrary">
<doc>Navigates the current browser window to the provided ``url``.</doc>
<arguments>
<arg>${URL}</arg>
</arguments>
<msg timestamp="20200816 05:01:21.710" level="INFO">Opening url 'https://brainpool.ai/'</msg>
<status status="PASS" starttime="20200816 05:01:21.710" endtime="20200816 05:01:24.795"></status>
</kw>
<status status="PASS" starttime="20200816 05:01:15.970" endtime="20200816 05:01:24.795"></status>
</kw>
<kw name="Intialization" library="params">
<kw name="Wait Until Element Is Visible" library="SeleniumLibrary">
<doc>Waits until the element ``locator`` is visible.</doc>
<arguments>
<arg>id=component-2</arg>
</arguments>
<status status="PASS" starttime="20200816 05:01:24.796" endtime="20200816 05:01:25.485"></status>
</kw>
<status status="PASS" starttime="20200816 05:01:24.796" endtime="20200816 05:01:25.486"></status>
</kw>
<kw name="Stop" library="params" type="teardown">
<kw name="Close All Browsers" library="SeleniumLibrary">
<doc>Closes all open browsers and resets the browser cache.</doc>
<status status="PASS" starttime="20200816 05:01:25.489" endtime="20200816 05:01:27.655"></status>
</kw>
<status status="PASS" starttime="20200816 05:01:25.487" endtime="20200816 05:01:27.655"></status>
</kw>
<doc>site accessibility test</doc>
<tags>
<tag>Smoke</tag>
</tags>
<status status="PASS" starttime="20200816 05:01:15.969" endtime="20200816 05:01:27.656" critical="yes"></status>
</test>
<test id="s1-t2" name="LandingPage Start Now Button">
<kw name="Start" library="params" type="setup">
<arguments>
<arg>${BROWSER}</arg>
<arg>${URL}</arg>
</arguments>
<kw name="Run Keyword If" library="BuiltIn">
<doc>Runs the given keyword with the given arguments, if ``condition`` is true.</doc>
<arguments>
<arg>"${BROWSER}" == "HeadlessChrome"</arg>
<arg>HeadlessChrome</arg>
<arg>ELSE</arg>
<arg>driver</arg>
<arg>${BROWSER}</arg>
</arguments>
<kw name="driver" library="params">
<arguments>
<arg>${BROWSER}</arg>
</arguments>
<kw name="Create Webdriver" library="SeleniumLibrary">
<doc>Creates an instance of Selenium WebDriver.</doc>
<arguments>
<arg>${BROWSER}</arg>
</arguments>
<msg timestamp="20200816 05:01:27.661" level="INFO">Creating an instance of the Chrome WebDriver.</msg>
<status status="PASS" starttime="20200816 05:01:27.660" endtime="20200816 05:01:30.884"></status>
</kw>
<status status="PASS" starttime="20200816 05:01:27.660" endtime="20200816 05:01:30.885"></status>
</kw>
<status status="PASS" starttime="20200816 05:01:27.660" endtime="20200816 05:01:30.885"></status>
</kw>
<kw name="Set Window Size" library="SeleniumLibrary">
<doc>Sets current windows size to given ``width`` and ``height``.</doc>
<arguments>
<arg>1920</arg>
<arg>1640</arg>
</arguments>
<status status="PASS" starttime="20200816 05:01:30.885" endtime="20200816 05:01:33.015"></status>
</kw>
<kw name="Maximize Browser Window" library="SeleniumLibrary">
<doc>Maximizes current browser window.</doc>
<status status="PASS" starttime="20200816 05:01:33.016" endtime="20200816 05:01:33.132"></status>
</kw>
<kw name="Go To" library="SeleniumLibrary">
<doc>Navigates the current browser window to the provided ``url``.</doc>
<arguments>
<arg>${URL}</arg>
</arguments>
<msg timestamp="20200816 05:01:33.132" level="INFO">Opening url 'https://brainpool.ai/'</msg>
<status status="PASS" starttime="20200816 05:01:33.132" endtime="20200816 05:01:37.765"></status>
</kw>
<status status="PASS" starttime="20200816 05:01:27.659" endtime="20200816 05:01:37.766"></status>
</kw>
<kw name="Start Now" library="LandingPage">
<kw name="Intialization" library="params">
<kw name="Wait Until Element Is Visible" library="SeleniumLibrary">
<doc>Waits until the element ``locator`` is visible.</doc>
<arguments>
<arg>id=component-2</arg>
</arguments>
<status status="PASS" starttime="20200816 05:01:37.767" endtime="20200816 05:01:38.518"></status>
</kw>
<status status="PASS" starttime="20200816 05:01:37.767" endtime="20200816 05:01:38.519"></status>
</kw>
<kw name="Click Button" library="SeleniumLibrary">
<doc>Clicks the button identified by ``locator``.</doc>
<arguments>
<arg>id=component-2</arg>
</arguments>
<msg timestamp="20200816 05:01:38.519" level="INFO">Clicking button 'id=component-2'.</msg>
<status status="PASS" starttime="20200816 05:01:38.519" endtime="20200816 05:01:38.704"></status>
</kw>
<kw name="Sleep" library="BuiltIn">
<doc>Pauses the test executed for the given time.</doc>
<arguments>
<arg>5s</arg>
</arguments>
<msg timestamp="20200816 05:01:43.707" level="INFO">Slept 5 seconds</msg>
<status status="PASS" starttime="20200816 05:01:38.704" endtime="20200816 05:01:43.707"></status>
</kw>
<kw name="Select Frame" library="SeleniumLibrary">
<doc>Sets frame identified by ``locator`` as the current frame.</doc>
<arguments>
<arg>xpath=/html/body/iframe[1]</arg>
</arguments>
<msg timestamp="20200816 05:01:43.707" level="INFO">Selecting frame 'xpath=/html/body/iframe[1]'.</msg>
<status status="PASS" starttime="20200816 05:01:43.707" endtime="20200816 05:01:44.190"></status>
</kw>
<kw name="Wait Until Page Contains" library="SeleniumLibrary">
<doc>Waits until ``text`` appears on the current page.</doc>
<arguments>
<arg>Achieve Your AI Objectives</arg>
</arguments>
<status status="PASS" starttime="20200816 05:01:44.191" endtime="20200816 05:01:44.234"></status>
</kw>
<kw name="Go To" library="SeleniumLibrary">
<doc>Navigates the current browser window to the provided ``url``.</doc>
<arguments>
<arg>https://brainpool.ai</arg>
</arguments>
<msg timestamp="20200816 05:01:44.234" level="INFO">Opening url 'https://brainpool.ai'</msg>
<status status="PASS" starttime="20200816 05:01:44.234" endtime="20200816 05:01:45.464"></status>
</kw>
<kw name="Wait Until Element Is Visible" library="SeleniumLibrary">
<doc>Waits until the element ``locator`` is visible.</doc>
<arguments>
<arg>id=component-2</arg>
<arg>10s</arg>
</arguments>
<status status="PASS" starttime="20200816 05:01:45.465" endtime="20200816 05:01:46.047"></status>
</kw>
<status status="PASS" starttime="20200816 05:01:37.767" endtime="20200816 05:01:46.047"></status>
</kw>
<kw name="Stop" library="params" type="teardown">
<kw name="Close All Browsers" library="SeleniumLibrary">
<doc>Closes all open browsers and resets the browser cache.</doc>
<status status="PASS" starttime="20200816 05:01:46.048" endtime="20200816 05:01:48.300"></status>
</kw>
<status status="PASS" starttime="20200816 05:01:46.048" endtime="20200816 05:01:48.300"></status>
</kw>
<doc>Verifies if the Start Now button is accessible</doc>
<tags>
<tag>LandingPageStart</tag>
</tags>
<status status="PASS" starttime="20200816 05:01:27.659" endtime="20200816 05:01:48.301" critical="yes"></status>
</test>
<test id="s1-t3" name="Forbes Logo">
<kw name="Start" library="params" type="setup">
<arguments>
<arg>${BROWSER}</arg>
<arg>${URL}</arg>
</arguments>
<kw name="Run Keyword If" library="BuiltIn">
<doc>Runs the given keyword with the given arguments, if ``condition`` is true.</doc>
<arguments>
<arg>"${BROWSER}" == "HeadlessChrome"</arg>
<arg>HeadlessChrome</arg>
<arg>ELSE</arg>
<arg>driver</arg>
<arg>${BROWSER}</arg>
</arguments>
<kw name="driver" library="params">
<arguments>
<arg>${BROWSER}</arg>
</arguments>
<kw name="Create Webdriver" library="SeleniumLibrary">
<doc>Creates an instance of Selenium WebDriver.</doc>
<arguments>
<arg>${BROWSER}</arg>
</arguments>
<msg timestamp="20200816 05:01:48.306" level="INFO">Creating an instance of the Chrome WebDriver.</msg>
<status status="PASS" starttime="20200816 05:01:48.306" endtime="20200816 05:01:51.563"></status>
</kw>
<status status="PASS" starttime="20200816 05:01:48.305" endtime="20200816 05:01:51.563"></status>
</kw>
<status status="PASS" starttime="20200816 05:01:48.305" endtime="20200816 05:01:51.563"></status>
</kw>
<kw name="Set Window Size" library="SeleniumLibrary">
<doc>Sets current windows size to given ``width`` and ``height``.</doc>
<arguments>
<arg>1920</arg>
<arg>1640</arg>
</arguments>
<status status="PASS" starttime="20200816 05:01:51.563" endtime="20200816 05:01:53.692"></status>
</kw>
<kw name="Maximize Browser Window" library="SeleniumLibrary">
<doc>Maximizes current browser window.</doc>
<status status="PASS" starttime="20200816 05:01:53.692" endtime="20200816 05:01:53.811"></status>
</kw>
<kw name="Go To" library="SeleniumLibrary">
<doc>Navigates the current browser window to the provided ``url``.</doc>
<arguments>
<arg>${URL}</arg>
</arguments>
<msg timestamp="20200816 05:01:53.812" level="INFO">Opening url 'https://brainpool.ai/'</msg>
<status status="PASS" starttime="20200816 05:01:53.811" endtime="20200816 05:01:56.751"></status>
</kw>
<status status="PASS" starttime="20200816 05:01:48.304" endtime="20200816 05:01:56.751"></status>
</kw>
<kw name="Forbes" library="LandingPage">
<kw name="Intialization" library="params">
<kw name="Wait Until Element Is Visible" library="SeleniumLibrary">
<doc>Waits until the element ``locator`` is visible.</doc>
<arguments>
<arg>id=component-2</arg>
</arguments>
<status status="PASS" starttime="20200816 05:01:56.753" endtime="20200816 05:01:57.470"></status>
</kw>
<status status="PASS" starttime="20200816 05:01:56.753" endtime="20200816 05:01:57.470"></status>
</kw>
<kw name="Click Link" library="SeleniumLibrary">
<doc>Clicks a link identified by ``locator``.</doc>
<arguments>
<arg>https://www.forbes.com/sites/kasiaborowska/#564b89231eaa</arg>
</arguments>
<msg timestamp="20200816 05:01:57.471" level="INFO">Clicking link 'https://www.forbes.com/sites/kasiaborowska/#564b89231eaa'.</msg>
<status status="PASS" starttime="20200816 05:01:57.470" endtime="20200816 05:02:02.771"></status>
</kw>
<status status="PASS" starttime="20200816 05:01:56.752" endtime="20200816 05:02:02.771"></status>
</kw>
<kw name="Stop" library="params" type="teardown">
<kw name="Close All Browsers" library="SeleniumLibrary">
<doc>Closes all open browsers and resets the browser cache.</doc>
<status status="PASS" starttime="20200816 05:02:02.773" endtime="20200816 05:02:05.003"></status>
</kw>
<status status="PASS" starttime="20200816 05:02:02.773" endtime="20200816 05:02:05.003"></status>
</kw>
<doc>Verifies if the Forbes Logo is accessible</doc>
<tags>
<tag>LandingPageForbes</tag>
</tags>
<status status="PASS" starttime="20200816 05:01:48.303" endtime="20200816 05:02:05.004" critical="yes"></status>
</test>
<test id="s1-t4" name="Bloomberg Logo">
<kw name="Start" library="params" type="setup">
<arguments>
<arg>${BROWSER}</arg>
<arg>${URL}</arg>
</arguments>
<kw name="Run Keyword If" library="BuiltIn">
<doc>Runs the given keyword with the given arguments, if ``condition`` is true.</doc>
<arguments>
<arg>"${BROWSER}" == "HeadlessChrome"</arg>
<arg>HeadlessChrome</arg>
<arg>ELSE</arg>
<arg>driver</arg>
<arg>${BROWSER}</arg>
</arguments>
<kw name="driver" library="params">
<arguments>
<arg>${BROWSER}</arg>
</arguments>
<kw name="Create Webdriver" library="SeleniumLibrary">
<doc>Creates an instance of Selenium WebDriver.</doc>
<arguments>
<arg>${BROWSER}</arg>
</arguments>
<msg timestamp="20200816 05:02:05.009" level="INFO">Creating an instance of the Chrome WebDriver.</msg>
<status status="PASS" starttime="20200816 05:02:05.009" endtime="20200816 05:02:08.216"></status>
</kw>
<status status="PASS" starttime="20200816 05:02:05.008" endtime="20200816 05:02:08.217"></status>
</kw>
<status status="PASS" starttime="20200816 05:02:05.008" endtime="20200816 05:02:08.217"></status>
</kw>
<kw name="Set Window Size" library="SeleniumLibrary">
<doc>Sets current windows size to given ``width`` and ``height``.</doc>
<arguments>
<arg>1920</arg>
<arg>1640</arg>
</arguments>
<status status="PASS" starttime="20200816 05:02:08.217" endtime="20200816 05:02:10.363"></status>
</kw>
<kw name="Maximize Browser Window" library="SeleniumLibrary">
<doc>Maximizes current browser window.</doc>
<status status="PASS" starttime="20200816 05:02:10.363" endtime="20200816 05:02:10.487"></status>
</kw>
<kw name="Go To" library="SeleniumLibrary">
<doc>Navigates the current browser window to the provided ``url``.</doc>
<arguments>
<arg>${URL}</arg>
</arguments>
<msg timestamp="20200816 05:02:10.488" level="INFO">Opening url 'https://brainpool.ai/'</msg>
<status status="PASS" starttime="20200816 05:02:10.487" endtime="20200816 05:02:13.519"></status>
</kw>
<status status="PASS" starttime="20200816 05:02:05.007" endtime="20200816 05:02:13.520"></status>
</kw>
<kw name="Bloomberg" library="LandingPage">
<kw name="Intialization" library="params">
<kw name="Wait Until Element Is Visible" library="SeleniumLibrary">
<doc>Waits until the element ``locator`` is visible.</doc>
<arguments>
<arg>id=component-2</arg>
</arguments>
<status status="PASS" starttime="20200816 05:02:13.521" endtime="20200816 05:02:14.267"></status>
</kw>
<status status="PASS" starttime="20200816 05:02:13.521" endtime="20200816 05:02:14.267"></status>
</kw>
<kw name="Click Link" library="SeleniumLibrary">
<doc>Clicks a link identified by ``locator``.</doc>
<arguments>
<arg>https://www.bloomberg.com/news/articles/2018-04-02/what-facebook-s-data-scandal-really-means-for-regulators</arg>
</arguments>
<msg timestamp="20200816 05:02:14.269" level="INFO">Clicking link 'https://www.bloomberg.com/news/articles/2018-04-02/what-facebook-s-data-scandal-really-means-for-regulators'.</msg>
<status status="PASS" starttime="20200816 05:02:14.268" endtime="20200816 05:02:19.800"></status>
</kw>
<status status="PASS" starttime="20200816 05:02:13.521" endtime="20200816 05:02:19.800"></status>
</kw>
<kw name="Stop" library="params" type="teardown">
<kw name="Close All Browsers" library="SeleniumLibrary">
<doc>Closes all open browsers and resets the browser cache.</doc>
<status status="PASS" starttime="20200816 05:02:19.802" endtime="20200816 05:02:22.116"></status>
</kw>
<status status="PASS" starttime="20200816 05:02:19.800" endtime="20200816 05:02:22.117"></status>
</kw>
<doc>Verifies if the Bloomberg Logo is accessible</doc>
<tags>
<tag>LandingPageBloomberg</tag>
</tags>
<status status="PASS" starttime="20200816 05:02:05.007" endtime="20200816 05:02:22.118" critical="yes"></status>
</test>
<test id="s1-t5" name="Raconteur Logo">
<kw name="Start" library="params" type="setup">
<arguments>
<arg>${BROWSER}</arg>
<arg>${URL}</arg>
</arguments>
<kw name="Run Keyword If" library="BuiltIn">
<doc>Runs the given keyword with the given arguments, if ``condition`` is true.</doc>
<arguments>
<arg>"${BROWSER}" == "HeadlessChrome"</arg>
<arg>HeadlessChrome</arg>
<arg>ELSE</arg>
<arg>driver</arg>
<arg>${BROWSER}</arg>
</arguments>
<kw name="driver" library="params">
<arguments>
<arg>${BROWSER}</arg>
</arguments>
<kw name="Create Webdriver" library="SeleniumLibrary">
<doc>Creates an instance of Selenium WebDriver.</doc>
<arguments>
<arg>${BROWSER}</arg>
</arguments>
<msg timestamp="20200816 05:02:22.123" level="INFO">Creating an instance of the Chrome WebDriver.</msg>
<status status="PASS" starttime="20200816 05:02:22.123" endtime="20200816 05:02:25.364"></status>
</kw>
<status status="PASS" starttime="20200816 05:02:22.123" endtime="20200816 05:02:25.364"></status>
</kw>
<status status="PASS" starttime="20200816 05:02:22.122" endtime="20200816 05:02:25.364"></status>
</kw>
<kw name="Set Window Size" library="SeleniumLibrary">
<doc>Sets current windows size to given ``width`` and ``height``.</doc>
<arguments>
<arg>1920</arg>
<arg>1640</arg>
</arguments>
<status status="PASS" starttime="20200816 05:02:25.364" endtime="20200816 05:02:27.490"></status>
</kw>
<kw name="Maximize Browser Window" library="SeleniumLibrary">
<doc>Maximizes current browser window.</doc>
<status status="PASS" starttime="20200816 05:02:27.490" endtime="20200816 05:02:27.603"></status>
</kw>
<kw name="Go To" library="SeleniumLibrary">
<doc>Navigates the current browser window to the provided ``url``.</doc>
<arguments>
<arg>${URL}</arg>
</arguments>
<msg timestamp="20200816 05:02:27.603" level="INFO">Opening url 'https://brainpool.ai/'</msg>
<status status="PASS" starttime="20200816 05:02:27.603" endtime="20200816 05:02:30.494"></status>
</kw>
<status status="PASS" starttime="20200816 05:02:22.122" endtime="20200816 05:02:30.494"></status>
</kw>
<kw name="Raconteur" library="LandingPage">
<kw name="Intialization" library="params">
<kw name="Wait Until Element Is Visible" library="SeleniumLibrary">
<doc>Waits until the element ``locator`` is visible.</doc>
<arguments>
<arg>id=component-2</arg>
</arguments>
<status status="PASS" starttime="20200816 05:02:30.497" endtime="20200816 05:02:31.241"></status>
</kw>
<status status="PASS" starttime="20200816 05:02:30.495" endtime="20200816 05:02:31.241"></status>
</kw>
<kw name="Click Link" library="SeleniumLibrary">
<doc>Clicks a link identified by ``locator``.</doc>
<arguments>
<arg>https://www.raconteur.net/business-innovation/smart-outsource-ai</arg>
</arguments>
<msg timestamp="20200816 05:02:31.242" level="INFO">Clicking link 'https://www.raconteur.net/business-innovation/smart-outsource-ai'.</msg>
<status status="PASS" starttime="20200816 05:02:31.241" endtime="20200816 05:02:35.347"></status>
</kw>
<status status="PASS" starttime="20200816 05:02:30.495" endtime="20200816 05:02:35.347"></status>
</kw>
<kw name="Stop" library="params" type="teardown">
<kw name="Close All Browsers" library="SeleniumLibrary">
<doc>Closes all open browsers and resets the browser cache.</doc>
<status status="PASS" starttime="20200816 05:02:35.348" endtime="20200816 05:02:37.599"></status>
</kw>
<status status="PASS" starttime="20200816 05:02:35.348" endtime="20200816 05:02:37.599"></status>
</kw>
<doc>Verifies if the Raconteur Logo is accessible</doc>
<tags>
<tag>LandingPageRaconteur</tag>
</tags>
<status status="PASS" starttime="20200816 05:02:22.121" endtime="20200816 05:02:37.599" critical="yes"></status>
</test>
<test id="s1-t6" name="Medium Logo">
<kw name="Start" library="params" type="setup">
<arguments>
<arg>${BROWSER}</arg>
<arg>${URL}</arg>
</arguments>
<kw name="Run Keyword If" library="BuiltIn">
<doc>Runs the given keyword with the given arguments, if ``condition`` is true.</doc>
<arguments>
<arg>"${BROWSER}" == "HeadlessChrome"</arg>
<arg>HeadlessChrome</arg>
<arg>ELSE</arg>
<arg>driver</arg>
<arg>${BROWSER}</arg>
</arguments>
<kw name="driver" library="params">
<arguments>
<arg>${BROWSER}</arg>
</arguments>
<kw name="Create Webdriver" library="SeleniumLibrary">
<doc>Creates an instance of Selenium WebDriver.</doc>
<arguments>
<arg>${BROWSER}</arg>
</arguments>
<msg timestamp="20200816 05:02:37.604" level="INFO">Creating an instance of the Chrome WebDriver.</msg>
<status status="PASS" starttime="20200816 05:02:37.604" endtime="20200816 05:02:40.842"></status>
</kw>
<status status="PASS" starttime="20200816 05:02:37.603" endtime="20200816 05:02:40.842"></status>
</kw>
<status status="PASS" starttime="20200816 05:02:37.603" endtime="20200816 05:02:40.842"></status>
</kw>
<kw name="Set Window Size" library="SeleniumLibrary">
<doc>Sets current windows size to given ``width`` and ``height``.</doc>
<arguments>
<arg>1920</arg>
<arg>1640</arg>
</arguments>
<status status="PASS" starttime="20200816 05:02:40.842" endtime="20200816 05:02:42.968"></status>
</kw>
<kw name="Maximize Browser Window" library="SeleniumLibrary">
<doc>Maximizes current browser window.</doc>
<status status="PASS" starttime="20200816 05:02:42.968" endtime="20200816 05:02:43.083"></status>
</kw>
<kw name="Go To" library="SeleniumLibrary">
<doc>Navigates the current browser window to the provided ``url``.</doc>
<arguments>
<arg>${URL}</arg>
</arguments>
<msg timestamp="20200816 05:02:43.084" level="INFO">Opening url 'https://brainpool.ai/'</msg>
<status status="PASS" starttime="20200816 05:02:43.084" endtime="20200816 05:02:46.129"></status>
</kw>
<status status="PASS" starttime="20200816 05:02:37.603" endtime="20200816 05:02:46.129"></status>
</kw>
<kw name="Medium" library="LandingPage">
<kw name="Intialization" library="params">
<kw name="Wait Until Element Is Visible" library="SeleniumLibrary">
<doc>Waits until the element ``locator`` is visible.</doc>
<arguments>
<arg>id=component-2</arg>
</arguments>
<status status="PASS" starttime="20200816 05:02:46.131" endtime="20200816 05:02:46.829"></status>
</kw>
<status status="PASS" starttime="20200816 05:02:46.131" endtime="20200816 05:02:46.829"></status>
</kw>
<kw name="Click Link" library="SeleniumLibrary">
<doc>Clicks a link identified by ``locator``.</doc>
<arguments>
<arg>https://medium.com/center-for-data-science/brainpool-ai-a-new-platform-bridging-the-gap-between-science-industry-26123e8c6223</arg>
</arguments>
<msg timestamp="20200816 05:02:46.829" level="INFO">Clicking link 'https://medium.com/center-for-data-science/brainpool-ai-a-new-platform-bridging-the-gap-between-science-industry-26123e8c6223'.</msg>
<status status="PASS" starttime="20200816 05:02:46.829" endtime="20200816 05:02:52.898"></status>
</kw>
<status status="PASS" starttime="20200816 05:02:46.130" endtime="20200816 05:02:52.898"></status>
</kw>
<kw name="Stop" library="params" type="teardown">
<kw name="Close All Browsers" library="SeleniumLibrary">
<doc>Closes all open browsers and resets the browser cache.</doc>
<status status="PASS" starttime="20200816 05:02:52.900" endtime="20200816 05:02:55.110"></status>
</kw>
<status status="PASS" starttime="20200816 05:02:52.900" endtime="20200816 05:02:55.110"></status>
</kw>
<doc>Verifies if the Medium Logo is accessible</doc>
<tags>
<tag>LandingPageMedium</tag>
</tags>
<status status="PASS" starttime="20200816 05:02:37.602" endtime="20200816 05:02:55.111" critical="yes"></status>
</test>
<test id="s1-t7" name="AI Business Logo">
<kw name="Start" library="params" type="setup">
<arguments>
<arg>${BROWSER}</arg>
<arg>${URL}</arg>
</arguments>
<kw name="Run Keyword If" library="BuiltIn">
<doc>Runs the given keyword with the given arguments, if ``condition`` is true.</doc>
<arguments>
<arg>"${BROWSER}" == "HeadlessChrome"</arg>
<arg>HeadlessChrome</arg>
<arg>ELSE</arg>
<arg>driver</arg>
<arg>${BROWSER}</arg>
</arguments>
<kw name="driver" library="params">
<arguments>
<arg>${BROWSER}</arg>
</arguments>
<kw name="Create Webdriver" library="SeleniumLibrary">
<doc>Creates an instance of Selenium WebDriver.</doc>
<arguments>
<arg>${BROWSER}</arg>
</arguments>
<msg timestamp="20200816 05:02:55.116" level="INFO">Creating an instance of the Chrome WebDriver.</msg>
<status status="PASS" starttime="20200816 05:02:55.115" endtime="20200816 05:02:58.362"></status>
</kw>
<status status="PASS" starttime="20200816 05:02:55.115" endtime="20200816 05:02:58.362"></status>
</kw>
<status status="PASS" starttime="20200816 05:02:55.115" endtime="20200816 05:02:58.362"></status>
</kw>
<kw name="Set Window Size" library="SeleniumLibrary">
<doc>Sets current windows size to given ``width`` and ``height``.</doc>
<arguments>
<arg>1920</arg>
<arg>1640</arg>
</arguments>
<status status="PASS" starttime="20200816 05:02:58.362" endtime="20200816 05:03:00.500"></status>
</kw>
<kw name="Maximize Browser Window" library="SeleniumLibrary">
<doc>Maximizes current browser window.</doc>
<status status="PASS" starttime="20200816 05:03:00.501" endtime="20200816 05:03:00.624"></status>
</kw>
<kw name="Go To" library="SeleniumLibrary">
<doc>Navigates the current browser window to the provided ``url``.</doc>
<arguments>
<arg>${URL}</arg>
</arguments>
<msg timestamp="20200816 05:03:00.625" level="INFO">Opening url 'https://brainpool.ai/'</msg>
<status status="PASS" starttime="20200816 05:03:00.624" endtime="20200816 05:03:04.161"></status>
</kw>
<status status="PASS" starttime="20200816 05:02:55.114" endtime="20200816 05:03:04.162"></status>
</kw>
<kw name="AI Business" library="LandingPage">
<kw name="Intialization" library="params">
<kw name="Wait Until Element Is Visible" library="SeleniumLibrary">
<doc>Waits until the element ``locator`` is visible.</doc>
<arguments>
<arg>id=component-2</arg>
</arguments>
<status status="PASS" starttime="20200816 05:03:04.165" endtime="20200816 05:03:04.875"></status>
</kw>
<status status="PASS" starttime="20200816 05:03:04.164" endtime="20200816 05:03:04.876"></status>
</kw>
<kw name="Click Link" library="SeleniumLibrary">
<doc>Clicks a link identified by ``locator``.</doc>
<arguments>
<arg>https://aibusiness.com/brainpool-data-science-view/</arg>
</arguments>
<msg timestamp="20200816 05:03:04.876" level="INFO">Clicking link 'https://aibusiness.com/brainpool-data-science-view/'.</msg>
<status status="PASS" starttime="20200816 05:03:04.876" endtime="20200816 05:03:09.919"></status>
</kw>
<status status="PASS" starttime="20200816 05:03:04.163" endtime="20200816 05:03:09.919"></status>
</kw>
<kw name="Stop" library="params" type="teardown">
<kw name="Close All Browsers" library="SeleniumLibrary">
<doc>Closes all open browsers and resets the browser cache.</doc>
<status status="PASS" starttime="20200816 05:03:09.921" endtime="20200816 05:03:12.090"></status>
</kw>
<status status="PASS" starttime="20200816 05:03:09.920" endtime="20200816 05:03:12.090"></status>
</kw>
<doc>Verifies if the AI Business Logo is accessible</doc>
<tags>
<tag>LandingPageAIBusiness</tag>
</tags>
<status status="PASS" starttime="20200816 05:02:55.114" endtime="20200816 05:03:12.091" critical="yes"></status>
</test>
<test id="s1-t8" name="Enterprise Management Logo">
<kw name="Start" library="params" type="setup">
<arguments>
<arg>${BROWSER}</arg>
<arg>${URL}</arg>
</arguments>
<kw name="Run Keyword If" library="BuiltIn">
<doc>Runs the given keyword with the given arguments, if ``condition`` is true.</doc>
<arguments>
<arg>"${BROWSER}" == "HeadlessChrome"</arg>
<arg>HeadlessChrome</arg>
<arg>ELSE</arg>
<arg>driver</arg>
<arg>${BROWSER}</arg>
</arguments>
<kw name="driver" library="params">
<arguments>
<arg>${BROWSER}</arg>
</arguments>
<kw name="Create Webdriver" library="SeleniumLibrary">
<doc>Creates an instance of Selenium WebDriver.</doc>
<arguments>
<arg>${BROWSER}</arg>
</arguments>
<msg timestamp="20200816 05:03:12.096" level="INFO">Creating an instance of the Chrome WebDriver.</msg>
<status status="PASS" starttime="20200816 05:03:12.096" endtime="20200816 05:03:15.323"></status>
</kw>
<status status="PASS" starttime="20200816 05:03:12.095" endtime="20200816 05:03:15.324"></status>
</kw>
<status status="PASS" starttime="20200816 05:03:12.095" endtime="20200816 05:03:15.324"></status>
</kw>
<kw name="Set Window Size" library="SeleniumLibrary">
<doc>Sets current windows size to given ``width`` and ``height``.</doc>
<arguments>
<arg>1920</arg>
<arg>1640</arg>
</arguments>
<status status="PASS" starttime="20200816 05:03:15.324" endtime="20200816 05:03:17.465"></status>
</kw>
<kw name="Maximize Browser Window" library="SeleniumLibrary">
<doc>Maximizes current browser window.</doc>
<status status="PASS" starttime="20200816 05:03:17.465" endtime="20200816 05:03:17.590"></status>
</kw>
<kw name="Go To" library="SeleniumLibrary">
<doc>Navigates the current browser window to the provided ``url``.</doc>
<arguments>
<arg>${URL}</arg>
</arguments>
<msg timestamp="20200816 05:03:17.590" level="INFO">Opening url 'https://brainpool.ai/'</msg>
<status status="PASS" starttime="20200816 05:03:17.590" endtime="20200816 05:03:20.900"></status>
</kw>
<status status="PASS" starttime="20200816 05:03:12.095" endtime="20200816 05:03:20.901"></status>
</kw>
<kw name="Enterprise Management" library="LandingPage">
<kw name="Intialization" library="params">
<kw name="Wait Until Element Is Visible" library="SeleniumLibrary">
<doc>Waits until the element ``locator`` is visible.</doc>
<arguments>
<arg>id=component-2</arg>
</arguments>
<status status="PASS" starttime="20200816 05:03:20.905" endtime="20200816 05:03:21.597"></status>
</kw>
<status status="PASS" starttime="20200816 05:03:20.904" endtime="20200816 05:03:21.597"></status>
</kw>
<kw name="Click Link" library="SeleniumLibrary">
<doc>Clicks a link identified by ``locator``.</doc>
<arguments>
<arg>https://www.em360tech.com/ai_enterprise/videos/ai-consulting-top-10-2/</arg>
</arguments>
<msg timestamp="20200816 05:03:21.597" level="INFO">Clicking link 'https://www.em360tech.com/ai_enterprise/videos/ai-consulting-top-10-2/'.</msg>
<status status="PASS" starttime="20200816 05:03:21.597" endtime="20200816 05:03:28.178"></status>
</kw>
<status status="PASS" starttime="20200816 05:03:20.902" endtime="20200816 05:03:28.178"></status>
</kw>
<kw name="Stop" library="params" type="teardown">
<kw name="Close All Browsers" library="SeleniumLibrary">
<doc>Closes all open browsers and resets the browser cache.</doc>
<status status="PASS" starttime="20200816 05:03:28.181" endtime="20200816 05:03:30.349"></status>
</kw>
<status status="PASS" starttime="20200816 05:03:28.180" endtime="20200816 05:03:30.349"></status>
</kw>
<doc>Verifies if the Enterprise Management Logo is accessible</doc>
<tags>
<tag>LandingPageEnterprise Management</tag>
</tags>
<status status="PASS" starttime="20200816 05:03:12.094" endtime="20200816 05:03:30.350" critical="yes"></status>
</test>
<test id="s1-t9" name="AI Scoping Programmes">
<kw name="Start" library="params" type="setup">
<arguments>
<arg>${BROWSER}</arg>
<arg>${URL}</arg>
</arguments>
<kw name="Run Keyword If" library="BuiltIn">
<doc>Runs the given keyword with the given arguments, if ``condition`` is true.</doc>
<arguments>
<arg>"${BROWSER}" == "HeadlessChrome"</arg>
<arg>HeadlessChrome</arg>
<arg>ELSE</arg>
<arg>driver</arg>
<arg>${BROWSER}</arg>
</arguments>
<kw name="driver" library="params">
<arguments>
<arg>${BROWSER}</arg>
</arguments>
<kw name="Create Webdriver" library="SeleniumLibrary">
<doc>Creates an instance of Selenium WebDriver.</doc>
<arguments>
<arg>${BROWSER}</arg>
</arguments>
<msg timestamp="20200816 05:03:30.354" level="INFO">Creating an instance of the Chrome WebDriver.</msg>
<status status="PASS" starttime="20200816 05:03:30.354" endtime="20200816 05:03:33.785"></status>
</kw>
<status status="PASS" starttime="20200816 05:03:30.354" endtime="20200816 05:03:33.785"></status>
</kw>
<status status="PASS" starttime="20200816 05:03:30.354" endtime="20200816 05:03:33.785"></status>
</kw>
<kw name="Set Window Size" library="SeleniumLibrary">
<doc>Sets current windows size to given ``width`` and ``height``.</doc>
<arguments>
<arg>1920</arg>
<arg>1640</arg>
</arguments>
<status status="PASS" starttime="20200816 05:03:33.786" endtime="20200816 05:03:35.913"></status>
</kw>
<kw name="Maximize Browser Window" library="SeleniumLibrary">
<doc>Maximizes current browser window.</doc>
<status status="PASS" starttime="20200816 05:03:35.913" endtime="20200816 05:03:36.042"></status>
</kw>
<kw name="Go To" library="SeleniumLibrary">
<doc>Navigates the current browser window to the provided ``url``.</doc>
<arguments>
<arg>${URL}</arg>
</arguments>
<msg timestamp="20200816 05:03:36.042" level="INFO">Opening url 'https://brainpool.ai/'</msg>
<status status="PASS" starttime="20200816 05:03:36.042" endtime="20200816 05:03:39.111"></status>
</kw>
<status status="PASS" starttime="20200816 05:03:30.353" endtime="20200816 05:03:39.113"></status>
</kw>
<kw name="ServicesAIScopingProgrammes" library="LandingPage">
<kw name="Intialization" library="params">
<kw name="Wait Until Element Is Visible" library="SeleniumLibrary">
<doc>Waits until the element ``locator`` is visible.</doc>
<arguments>
<arg>id=component-2</arg>
</arguments>
<status status="PASS" starttime="20200816 05:03:39.114" endtime="20200816 05:03:39.881"></status>
</kw>
<status status="PASS" starttime="20200816 05:03:39.114" endtime="20200816 05:03:39.882"></status>
</kw>
<kw name="Click Link" library="SeleniumLibrary">
<doc>Clicks a link identified by ``locator``.</doc>
<arguments>
<arg>./services.html#process-detail</arg>
</arguments>
<msg timestamp="20200816 05:03:39.882" level="INFO">Clicking link './services.html#process-detail'.</msg>
<status status="PASS" starttime="20200816 05:03:39.882" endtime="20200816 05:03:42.348"></status>
</kw>
<status status="PASS" starttime="20200816 05:03:39.113" endtime="20200816 05:03:42.348"></status>
</kw>
<kw name="Stop" library="params" type="teardown">
<kw name="Close All Browsers" library="SeleniumLibrary">
<doc>Closes all open browsers and resets the browser cache.</doc>
<status status="PASS" starttime="20200816 05:03:42.350" endtime="20200816 05:03:44.529"></status>
</kw>
<status status="PASS" starttime="20200816 05:03:42.350" endtime="20200816 05:03:44.529"></status>
</kw>
<doc>Verifies if the AI Scoping Programmes is accessible</doc>
<tags>
<tag>LandingPageAI Scoping Programmes</tag>
</tags>
<status status="PASS" starttime="20200816 05:03:30.352" endtime="20200816 05:03:44.530" critical="yes"></status>
</test>
<test id="s1-t10" name="Deploy AI solutions">
<kw name="Start" library="params" type="setup">
<arguments>
<arg>${BROWSER}</arg>
<arg>${URL}</arg>
</arguments>
<kw name="Run Keyword If" library="BuiltIn">
<doc>Runs the given keyword with the given arguments, if ``condition`` is true.</doc>
<arguments>
<arg>"${BROWSER}" == "HeadlessChrome"</arg>
<arg>HeadlessChrome</arg>
<arg>ELSE</arg>
<arg>driver</arg>
<arg>${BROWSER}</arg>
</arguments>
<kw name="driver" library="params">
<arguments>
<arg>${BROWSER}</arg>
</arguments>
<kw name="Create Webdriver" library="SeleniumLibrary">
<doc>Creates an instance of Selenium WebDriver.</doc>
<arguments>
<arg>${BROWSER}</arg>
</arguments>
<msg timestamp="20200816 05:03:44.535" level="INFO">Creating an instance of the Chrome WebDriver.</msg>
<status status="PASS" starttime="20200816 05:03:44.535" endtime="20200816 05:03:47.756"></status>
</kw>
<status status="PASS" starttime="20200816 05:03:44.534" endtime="20200816 05:03:47.756"></status>
</kw>
<status status="PASS" starttime="20200816 05:03:44.534" endtime="20200816 05:03:47.756"></status>
</kw>
<kw name="Set Window Size" library="SeleniumLibrary">
<doc>Sets current windows size to given ``width`` and ``height``.</doc>
<arguments>
<arg>1920</arg>
<arg>1640</arg>
</arguments>
<status status="PASS" starttime="20200816 05:03:47.756" endtime="20200816 05:03:49.879"></status>
</kw>
<kw name="Maximize Browser Window" library="SeleniumLibrary">
<doc>Maximizes current browser window.</doc>
<status status="PASS" starttime="20200816 05:03:49.880" endtime="20200816 05:03:50.003"></status>
</kw>
<kw name="Go To" library="SeleniumLibrary">
<doc>Navigates the current browser window to the provided ``url``.</doc>
<arguments>
<arg>${URL}</arg>
</arguments>
<msg timestamp="20200816 05:03:50.004" level="INFO">Opening url 'https://brainpool.ai/'</msg>
<status status="PASS" starttime="20200816 05:03:50.003" endtime="20200816 05:03:52.728"></status>
</kw>
<status status="PASS" starttime="20200816 05:03:44.534" endtime="20200816 05:03:52.728"></status>
</kw>
<kw name="ServicesDeployAISolutions" library="LandingPage">
<kw name="Intialization" library="params">
<kw name="Wait Until Element Is Visible" library="SeleniumLibrary">
<doc>Waits until the element ``locator`` is visible.</doc>
<arguments>
<arg>id=component-2</arg>
</arguments>
<status status="PASS" starttime="20200816 05:03:52.730" endtime="20200816 05:03:53.436"></status>
</kw>
<status status="PASS" starttime="20200816 05:03:52.730" endtime="20200816 05:03:53.436"></status>
</kw>
<kw name="Click Link" library="SeleniumLibrary">
<doc>Clicks a link identified by ``locator``.</doc>
<arguments>
<arg>./services.html#solutions</arg>
</arguments>
<msg timestamp="20200816 05:03:53.436" level="INFO">Clicking link './services.html#solutions'.</msg>
<status status="PASS" starttime="20200816 05:03:53.436" endtime="20200816 05:03:55.315"></status>
</kw>
<status status="PASS" starttime="20200816 05:03:52.729" endtime="20200816 05:03:55.315"></status>
</kw>
<kw name="Stop" library="params" type="teardown">
<kw name="Close All Browsers" library="SeleniumLibrary">
<doc>Closes all open browsers and resets the browser cache.</doc>
<status status="PASS" starttime="20200816 05:03:55.317" endtime="20200816 05:03:57.489"></status>
</kw>
<status status="PASS" starttime="20200816 05:03:55.316" endtime="20200816 05:03:57.489"></status>
</kw>
<doc>Verifies if the Deploy AI solutions is accessible</doc>
<tags>
<tag>LandingPageDeploy AI solutions</tag>
</tags>
<status status="PASS" starttime="20200816 05:03:44.533" endtime="20200816 05:03:57.490" critical="yes"></status>
</test>
<test id="s1-t11" name="AI workshops">
<kw name="Start" library="params" type="setup">
<arguments>
<arg>${BROWSER}</arg>
<arg>${URL}</arg>
</arguments>
<kw name="Run Keyword If" library="BuiltIn">
<doc>Runs the given keyword with the given arguments, if ``condition`` is true.</doc>
<arguments>
<arg>"${BROWSER}" == "HeadlessChrome"</arg>
<arg>HeadlessChrome</arg>
<arg>ELSE</arg>
<arg>driver</arg>
<arg>${BROWSER}</arg>
</arguments>
<kw name="driver" library="params">
<arguments>
<arg>${BROWSER}</arg>
</arguments>
<kw name="Create Webdriver" library="SeleniumLibrary">
<doc>Creates an instance of Selenium WebDriver.</doc>
<arguments>
<arg>${BROWSER}</arg>
</arguments>
<msg timestamp="20200816 05:03:57.495" level="INFO">Creating an instance of the Chrome WebDriver.</msg>
<status status="PASS" starttime="20200816 05:03:57.495" endtime="20200816 05:04:00.761"></status>
</kw>
<status status="PASS" starttime="20200816 05:03:57.495" endtime="20200816 05:04:00.762"></status>
</kw>
<status status="PASS" starttime="20200816 05:03:57.495" endtime="20200816 05:04:00.762"></status>
</kw>
<kw name="Set Window Size" library="SeleniumLibrary">
<doc>Sets current windows size to given ``width`` and ``height``.</doc>
<arguments>
<arg>1920</arg>
<arg>1640</arg>
</arguments>
<status status="PASS" starttime="20200816 05:04:00.762" endtime="20200816 05:04:02.886"></status>
</kw>
<kw name="Maximize Browser Window" library="SeleniumLibrary">
<doc>Maximizes current browser window.</doc>
<status status="PASS" starttime="20200816 05:04:02.886" endtime="20200816 05:04:03.011"></status>
</kw>
<kw name="Go To" library="SeleniumLibrary">
<doc>Navigates the current browser window to the provided ``url``.</doc>
<arguments>
<arg>${URL}</arg>
</arguments>
<msg timestamp="20200816 05:04:03.011" level="INFO">Opening url 'https://brainpool.ai/'</msg>
<status status="PASS" starttime="20200816 05:04:03.011" endtime="20200816 05:04:06.357"></status>
</kw>
<status status="PASS" starttime="20200816 05:03:57.494" endtime="20200816 05:04:06.358"></status>
</kw>
<kw name="ServicesAIWorkshops" library="LandingPage">
<kw name="Intialization" library="params">
<kw name="Wait Until Element Is Visible" library="SeleniumLibrary">
<doc>Waits until the element ``locator`` is visible.</doc>
<arguments>
<arg>id=component-2</arg>
</arguments>
<status status="PASS" starttime="20200816 05:04:06.359" endtime="20200816 05:04:07.027"></status>
</kw>
<status status="PASS" starttime="20200816 05:04:06.359" endtime="20200816 05:04:07.028"></status>
</kw>
<kw name="Click Link" library="SeleniumLibrary">
<doc>Clicks a link identified by ``locator``.</doc>
<arguments>
<arg>./services.html#workshop</arg>
</arguments>
<msg timestamp="20200816 05:04:07.028" level="INFO">Clicking link './services.html#workshop'.</msg>
<status status="PASS" starttime="20200816 05:04:07.028" endtime="20200816 05:04:08.882"></status>
</kw>
<status status="PASS" starttime="20200816 05:04:06.359" endtime="20200816 05:04:08.882"></status>
</kw>
<kw name="Stop" library="params" type="teardown">
<kw name="Close All Browsers" library="SeleniumLibrary">
<doc>Closes all open browsers and resets the browser cache.</doc>
<status status="PASS" starttime="20200816 05:04:08.884" endtime="20200816 05:04:11.117"></status>
</kw>
<status status="PASS" starttime="20200816 05:04:08.883" endtime="20200816 05:04:11.117"></status>
</kw>
<doc>Verifies if the AI workshops is accessible</doc>
<tags>
<tag>LandingPageAI workshops</tag>
</tags>
<status status="PASS" starttime="20200816 05:03:57.494" endtime="20200816 05:04:11.119" critical="yes"></status>
</test>
<test id="s1-t12" name="Ad-hoc AI Support">
<kw name="Start" library="params" type="setup">
<arguments>
<arg>${BROWSER}</arg>
<arg>${URL}</arg>
</arguments>
<kw name="Run Keyword If" library="BuiltIn">
<doc>Runs the given keyword with the given arguments, if ``condition`` is true.</doc>
<arguments>
<arg>"${BROWSER}" == "HeadlessChrome"</arg>
<arg>HeadlessChrome</arg>
<arg>ELSE</arg>
<arg>driver</arg>
<arg>${BROWSER}</arg>
</arguments>
<kw name="driver" library="params">
<arguments>
<arg>${BROWSER}</arg>
</arguments>
<kw name="Create Webdriver" library="SeleniumLibrary">
<doc>Creates an instance of Selenium WebDriver.</doc>
<arguments>
<arg>${BROWSER}</arg>
</arguments>
<msg timestamp="20200816 05:04:11.124" level="INFO">Creating an instance of the Chrome WebDriver.</msg>
<status status="PASS" starttime="20200816 05:04:11.123" endtime="20200816 05:04:14.353"></status>
</kw>
<status status="PASS" starttime="20200816 05:04:11.123" endtime="20200816 05:04:14.353"></status>
</kw>
<status status="PASS" starttime="20200816 05:04:11.123" endtime="20200816 05:04:14.353"></status>
</kw>
<kw name="Set Window Size" library="SeleniumLibrary">
<doc>Sets current windows size to given ``width`` and ``height``.</doc>
<arguments>
<arg>1920</arg>
<arg>1640</arg>
</arguments>
<status status="PASS" starttime="20200816 05:04:14.353" endtime="20200816 05:04:16.484"></status>
</kw>
<kw name="Maximize Browser Window" library="SeleniumLibrary">
<doc>Maximizes current browser window.</doc>
<status status="PASS" starttime="20200816 05:04:16.484" endtime="20200816 05:04:16.601"></status>
</kw>
<kw name="Go To" library="SeleniumLibrary">
<doc>Navigates the current browser window to the provided ``url``.</doc>
<arguments>
<arg>${URL}</arg>
</arguments>
<msg timestamp="20200816 05:04:16.601" level="INFO">Opening url 'https://brainpool.ai/'</msg>
<status status="PASS" starttime="20200816 05:04:16.601" endtime="20200816 05:04:19.753"></status>
</kw>
<status status="PASS" starttime="20200816 05:04:11.122" endtime="20200816 05:04:19.753"></status>
</kw>
<kw name="ServicesAd-hocAISupport" library="LandingPage">
<kw name="Intialization" library="params">
<kw name="Wait Until Element Is Visible" library="SeleniumLibrary">
<doc>Waits until the element ``locator`` is visible.</doc>
<arguments>
<arg>id=component-2</arg>
</arguments>
<status status="PASS" starttime="20200816 05:04:19.755" endtime="20200816 05:04:20.566"></status>
</kw>
<status status="PASS" starttime="20200816 05:04:19.755" endtime="20200816 05:04:20.566"></status>
</kw>
<kw name="Click Link" library="SeleniumLibrary">
<doc>Clicks a link identified by ``locator``.</doc>
<arguments>
<arg>./services.html#Ad-hocAI</arg>
</arguments>
<msg timestamp="20200816 05:04:20.569" level="INFO">Clicking link './services.html#Ad-hocAI'.</msg>
<status status="PASS" starttime="20200816 05:04:20.567" endtime="20200816 05:04:22.543"></status>
</kw>
<status status="PASS" starttime="20200816 05:04:19.755" endtime="20200816 05:04:22.543"></status>
</kw>
<kw name="Stop" library="params" type="teardown">
<kw name="Close All Browsers" library="SeleniumLibrary">
<doc>Closes all open browsers and resets the browser cache.</doc>
<status status="PASS" starttime="20200816 05:04:22.545" endtime="20200816 05:04:25.718"></status>
</kw>
<status status="PASS" starttime="20200816 05:04:22.544" endtime="20200816 05:04:25.718"></status>
</kw>
<doc>Verifies if the Ad-hoc AI Support is accessible</doc>
<tags>
<tag>LandingPageAd-hoc AI Support</tag>
</tags>
<status status="PASS" starttime="20200816 05:04:11.122" endtime="20200816 05:04:25.719" critical="yes"></status>
</test>
<test id="s1-t13" name="Daisy">
<kw name="Start" library="params" type="setup">
<arguments>
<arg>${BROWSER}</arg>
<arg>${URL}</arg>
</arguments>
<kw name="Run Keyword If" library="BuiltIn">
<doc>Runs the given keyword with the given arguments, if ``condition`` is true.</doc>
<arguments>
<arg>"${BROWSER}" == "HeadlessChrome"</arg>
<arg>HeadlessChrome</arg>
<arg>ELSE</arg>
<arg>driver</arg>
<arg>${BROWSER}</arg>
</arguments>
<kw name="driver" library="params">
<arguments>
<arg>${BROWSER}</arg>
</arguments>
<kw name="Create Webdriver" library="SeleniumLibrary">
<doc>Creates an instance of Selenium WebDriver.</doc>
<arguments>
<arg>${BROWSER}</arg>
</arguments>
<msg timestamp="20200816 05:04:25.724" level="INFO">Creating an instance of the Chrome WebDriver.</msg>
<status status="PASS" starttime="20200816 05:04:25.723" endtime="20200816 05:04:28.975"></status>
</kw>
<status status="PASS" starttime="20200816 05:04:25.723" endtime="20200816 05:04:28.975"></status>
</kw>
<status status="PASS" starttime="20200816 05:04:25.723" endtime="20200816 05:04:28.975"></status>
</kw>
<kw name="Set Window Size" library="SeleniumLibrary">
<doc>Sets current windows size to given ``width`` and ``height``.</doc>
<arguments>
<arg>1920</arg>
<arg>1640</arg>
</arguments>
<status status="PASS" starttime="20200816 05:04:28.975" endtime="20200816 05:04:31.110"></status>
</kw>
<kw name="Maximize Browser Window" library="SeleniumLibrary">
<doc>Maximizes current browser window.</doc>
<status status="PASS" starttime="20200816 05:04:31.110" endtime="20200816 05:04:31.225"></status>
</kw>
<kw name="Go To" library="SeleniumLibrary">
<doc>Navigates the current browser window to the provided ``url``.</doc>
<arguments>
<arg>${URL}</arg>
</arguments>
<msg timestamp="20200816 05:04:31.225" level="INFO">Opening url 'https://brainpool.ai/'</msg>
<status status="PASS" starttime="20200816 05:04:31.225" endtime="20200816 05:04:34.260"></status>
</kw>
<status status="PASS" starttime="20200816 05:04:25.722" endtime="20200816 05:04:34.261"></status>
</kw>
<kw name="ProductsDaisy" library="LandingPage">
<kw name="Intialization" library="params">
<kw name="Wait Until Element Is Visible" library="SeleniumLibrary">
<doc>Waits until the element ``locator`` is visible.</doc>
<arguments>
<arg>id=component-2</arg>
</arguments>
<status status="PASS" starttime="20200816 05:04:34.262" endtime="20200816 05:04:34.901"></status>
</kw>
<status status="PASS" starttime="20200816 05:04:34.262" endtime="20200816 05:04:34.901"></status>
</kw>
<kw name="Click Link" library="SeleniumLibrary">
<doc>Clicks a link identified by ``locator``.</doc>
<arguments>
<arg>./products.html#daisy</arg>
</arguments>
<msg timestamp="20200816 05:04:34.902" level="INFO">Clicking link './products.html#daisy'.</msg>
<status status="PASS" starttime="20200816 05:04:34.902" endtime="20200816 05:04:37.725"></status>
</kw>
<status status="PASS" starttime="20200816 05:04:34.261" endtime="20200816 05:04:37.726"></status>
</kw>
<kw name="Stop" library="params" type="teardown">
<kw name="Close All Browsers" library="SeleniumLibrary">
<doc>Closes all open browsers and resets the browser cache.</doc>
<status status="PASS" starttime="20200816 05:04:37.728" endtime="20200816 05:04:39.913"></status>
</kw>
<status status="PASS" starttime="20200816 05:04:37.727" endtime="20200816 05:04:39.914"></status>
</kw>
<doc>Verifies if the Daisy is accessible</doc>
<tags>
<tag>LandingPageProductsDaisy</tag>
</tags>
<status status="PASS" starttime="20200816 05:04:25.722" endtime="20200816 05:04:39.916" critical="yes"></status>
</test>
<test id="s1-t14" name="Forstack">
<kw name="Start" library="params" type="setup">
<arguments>
<arg>${BROWSER}</arg>
<arg>${URL}</arg>
</arguments>
<kw name="Run Keyword If" library="BuiltIn">
<doc>Runs the given keyword with the given arguments, if ``condition`` is true.</doc>
<arguments>
<arg>"${BROWSER}" == "HeadlessChrome"</arg>
<arg>HeadlessChrome</arg>
<arg>ELSE</arg>
<arg>driver</arg>
<arg>${BROWSER}</arg>
</arguments>
<kw name="driver" library="params">
<arguments>
<arg>${BROWSER}</arg>
</arguments>
<kw name="Create Webdriver" library="SeleniumLibrary">
<doc>Creates an instance of Selenium WebDriver.</doc>
<arguments>
<arg>${BROWSER}</arg>
</arguments>
<msg timestamp="20200816 05:04:39.923" level="INFO">Creating an instance of the Chrome WebDriver.</msg>
<status status="PASS" starttime="20200816 05:04:39.923" endtime="20200816 05:04:43.181"></status>
</kw>
<status status="PASS" starttime="20200816 05:04:39.922" endtime="20200816 05:04:43.181"></status>
</kw>
<status status="PASS" starttime="20200816 05:04:39.922" endtime="20200816 05:04:43.181"></status>
</kw>
<kw name="Set Window Size" library="SeleniumLibrary">
<doc>Sets current windows size to given ``width`` and ``height``.</doc>
<arguments>
<arg>1920</arg>
<arg>1640</arg>
</arguments>
<status status="PASS" starttime="20200816 05:04:43.181" endtime="20200816 05:04:45.355"></status>
</kw>
<kw name="Maximize Browser Window" library="SeleniumLibrary">
<doc>Maximizes current browser window.</doc>
<status status="PASS" starttime="20200816 05:04:45.355" endtime="20200816 05:04:45.487"></status>
</kw>
<kw name="Go To" library="SeleniumLibrary">
<doc>Navigates the current browser window to the provided ``url``.</doc>
<arguments>
<arg>${URL}</arg>
</arguments>
<msg timestamp="20200816 05:04:45.487" level="INFO">Opening url 'https://brainpool.ai/'</msg>
<status status="PASS" starttime="20200816 05:04:45.487" endtime="20200816 05:04:50.835"></status>
</kw>
<status status="PASS" starttime="20200816 05:04:39.921" endtime="20200816 05:04:50.835"></status>
</kw>
<kw name="ProductsForstack" library="LandingPage">
<kw name="Intialization" library="params">
<kw name="Wait Until Element Is Visible" library="SeleniumLibrary">
<doc>Waits until the element ``locator`` is visible.</doc>
<arguments>
<arg>id=component-2</arg>
</arguments>
<status status="PASS" starttime="20200816 05:04:50.837" endtime="20200816 05:04:51.555"></status>
</kw>
<status status="PASS" starttime="20200816 05:04:50.837" endtime="20200816 05:04:51.555"></status>
</kw>
<kw name="Click Link" library="SeleniumLibrary">
<doc>Clicks a link identified by ``locator``.</doc>
<arguments>
<arg>./products.html#forstack</arg>
</arguments>
<msg timestamp="20200816 05:04:51.555" level="INFO">Clicking link './products.html#forstack'.</msg>
<status status="PASS" starttime="20200816 05:04:51.555" endtime="20200816 05:04:54.169"></status>
</kw>
<status status="PASS" starttime="20200816 05:04:50.837" endtime="20200816 05:04:54.169"></status>
</kw>
<kw name="Stop" library="params" type="teardown">
<kw name="Close All Browsers" library="SeleniumLibrary">
<doc>Closes all open browsers and resets the browser cache.</doc>
<status status="PASS" starttime="20200816 05:04:54.172" endtime="20200816 05:04:56.841"></status>
</kw>
<status status="PASS" starttime="20200816 05:04:54.170" endtime="20200816 05:04:56.841"></status>
</kw>
<doc>Verifies if the Forstack is accessible</doc>
<tags>
<tag>LandingPageProductsForstack</tag>
</tags>
<status status="PASS" starttime="20200816 05:04:39.920" endtime="20200816 05:04:56.842" critical="yes"></status>
</test>
<test id="s1-t15" name="Algopool">
<kw name="Start" library="params" type="setup">
<arguments>
<arg>${BROWSER}</arg>
<arg>${URL}</arg>
</arguments>
<kw name="Run Keyword If" library="BuiltIn">
<doc>Runs the given keyword with the given arguments, if ``condition`` is true.</doc>
<arguments>
<arg>"${BROWSER}" == "HeadlessChrome"</arg>
<arg>HeadlessChrome</arg>
<arg>ELSE</arg>
<arg>driver</arg>
<arg>${BROWSER}</arg>
</arguments>
<kw name="driver" library="params">
<arguments>
<arg>${BROWSER}</arg>
</arguments>
<kw name="Create Webdriver" library="SeleniumLibrary">
<doc>Creates an instance of Selenium WebDriver.</doc>
<arguments>
<arg>${BROWSER}</arg>
</arguments>
<msg timestamp="20200816 05:04:56.846" level="INFO">Creating an instance of the Chrome WebDriver.</msg>
<status status="PASS" starttime="20200816 05:04:56.846" endtime="20200816 05:05:00.111"></status>
</kw>
<status status="PASS" starttime="20200816 05:04:56.846" endtime="20200816 05:05:00.111"></status>
</kw>
<status status="PASS" starttime="20200816 05:04:56.845" endtime="20200816 05:05:00.111"></status>
</kw>
<kw name="Set Window Size" library="SeleniumLibrary">
<doc>Sets current windows size to given ``width`` and ``height``.</doc>
<arguments>
<arg>1920</arg>
<arg>1640</arg>
</arguments>
<status status="PASS" starttime="20200816 05:05:00.111" endtime="20200816 05:05:02.241"></status>
</kw>
<kw name="Maximize Browser Window" library="SeleniumLibrary">
<doc>Maximizes current browser window.</doc>
<status status="PASS" starttime="20200816 05:05:02.241" endtime="20200816 05:05:02.363"></status>
</kw>
<kw name="Go To" library="SeleniumLibrary">
<doc>Navigates the current browser window to the provided ``url``.</doc>
<arguments>
<arg>${URL}</arg>
</arguments>
<msg timestamp="20200816 05:05:02.363" level="INFO">Opening url 'https://brainpool.ai/'</msg>
<status status="PASS" starttime="20200816 05:05:02.363" endtime="20200816 05:05:05.637"></status>
</kw>
<status status="PASS" starttime="20200816 05:04:56.845" endtime="20200816 05:05:05.637"></status>
</kw>
<kw name="ProductsAlgoPool" library="LandingPage">
<kw name="Intialization" library="params">
<kw name="Wait Until Element Is Visible" library="SeleniumLibrary">
<doc>Waits until the element ``locator`` is visible.</doc>
<arguments>
<arg>id=component-2</arg>
</arguments>
<status status="PASS" starttime="20200816 05:05:05.639" endtime="20200816 05:05:06.334"></status>
</kw>
<status status="PASS" starttime="20200816 05:05:05.637" endtime="20200816 05:05:06.335"></status>
</kw>
<kw name="Click Link" library="SeleniumLibrary">
<doc>Clicks a link identified by ``locator``.</doc>
<arguments>
<arg>./products.html</arg>
</arguments>
<msg timestamp="20200816 05:05:06.337" level="INFO">Clicking link './products.html'.</msg>
<status status="PASS" starttime="20200816 05:05:06.336" endtime="20200816 05:05:08.884"></status>
</kw>
<status status="PASS" starttime="20200816 05:05:05.637" endtime="20200816 05:05:08.884"></status>
</kw>
<kw name="Stop" library="params" type="teardown">
<kw name="Close All Browsers" library="SeleniumLibrary">
<doc>Closes all open browsers and resets the browser cache.</doc>
<status status="PASS" starttime="20200816 05:05:08.886" endtime="20200816 05:05:11.056"></status>
</kw>
<status status="PASS" starttime="20200816 05:05:08.885" endtime="20200816 05:05:11.057"></status>
</kw>
<doc>Verifies if the Algopool is accessible</doc>
<tags>
<tag>LandingPageProductsAlgoPool</tag>
</tags>
<status status="PASS" starttime="20200816 05:04:56.844" endtime="20200816 05:05:11.058" critical="yes"></status>
</test>
<test id="s1-t16" name="Learn More Button">
<kw name="Start" library="params" type="setup">
<arguments>
<arg>${BROWSER}</arg>
<arg>${URL}</arg>
</arguments>
<kw name="Run Keyword If" library="BuiltIn">
<doc>Runs the given keyword with the given arguments, if ``condition`` is true.</doc>
<arguments>
<arg>"${BROWSER}" == "HeadlessChrome"</arg>
<arg>HeadlessChrome</arg>
<arg>ELSE</arg>
<arg>driver</arg>
<arg>${BROWSER}</arg>
</arguments>
<kw name="driver" library="params">
<arguments>
<arg>${BROWSER}</arg>
</arguments>
<kw name="Create Webdriver" library="SeleniumLibrary">
<doc>Creates an instance of Selenium WebDriver.</doc>
<arguments>
<arg>${BROWSER}</arg>
</arguments>
<msg timestamp="20200816 05:05:11.064" level="INFO">Creating an instance of the Chrome WebDriver.</msg>
<status status="PASS" starttime="20200816 05:05:11.064" endtime="20200816 05:05:14.283"></status>
</kw>
<status status="PASS" starttime="20200816 05:05:11.063" endtime="20200816 05:05:14.283"></status>
</kw>
<status status="PASS" starttime="20200816 05:05:11.063" endtime="20200816 05:05:14.283"></status>
</kw>
<kw name="Set Window Size" library="SeleniumLibrary">
<doc>Sets current windows size to given ``width`` and ``height``.</doc>
<arguments>
<arg>1920</arg>
<arg>1640</arg>
</arguments>
<status status="PASS" starttime="20200816 05:05:14.284" endtime="20200816 05:05:16.418"></status>
</kw>
<kw name="Maximize Browser Window" library="SeleniumLibrary">
<doc>Maximizes current browser window.</doc>
<status status="PASS" starttime="20200816 05:05:16.418" endtime="20200816 05:05:16.536"></status>
</kw>
<kw name="Go To" library="SeleniumLibrary">
<doc>Navigates the current browser window to the provided ``url``.</doc>
<arguments>
<arg>${URL}</arg>
</arguments>
<msg timestamp="20200816 05:05:16.537" level="INFO">Opening url 'https://brainpool.ai/'</msg>
<status status="PASS" starttime="20200816 05:05:16.537" endtime="20200816 05:05:19.620"></status>
</kw>
<status status="PASS" starttime="20200816 05:05:11.063" endtime="20200816 05:05:19.621"></status>
</kw>
<kw name="Learn More" library="LandingPage">
<kw name="Intialization" library="params">
<kw name="Wait Until Element Is Visible" library="SeleniumLibrary">
<doc>Waits until the element ``locator`` is visible.</doc>
<arguments>
<arg>id=component-2</arg>
</arguments>
<status status="PASS" starttime="20200816 05:05:19.623" endtime="20200816 05:05:20.357"></status>
</kw>
<status status="PASS" starttime="20200816 05:05:19.623" endtime="20200816 05:05:20.358"></status>
</kw>
<kw name="Click Button" library="SeleniumLibrary">
<doc>Clicks the button identified by ``locator``.</doc>
<arguments>
<arg>id=component-22</arg>
</arguments>
<msg timestamp="20200816 05:05:20.359" level="INFO">Clicking button 'id=component-22'.</msg>
<status status="PASS" starttime="20200816 05:05:20.359" endtime="20200816 05:05:20.532"></status>
</kw>
<status status="PASS" starttime="20200816 05:05:19.622" endtime="20200816 05:05:20.532"></status>
</kw>
<kw name="Stop" library="params" type="teardown">
<kw name="Close All Browsers" library="SeleniumLibrary">
<doc>Closes all open browsers and resets the browser cache.</doc>
<status status="PASS" starttime="20200816 05:05:20.536" endtime="20200816 05:05:23.826"></status>
</kw>
<status status="PASS" starttime="20200816 05:05:20.535" endtime="20200816 05:05:23.826"></status>
</kw>
<doc>Verifies if the LearnMore button is accessible</doc>
<tags>
<tag>LandingPageLearnMore</tag>
</tags>
<status status="PASS" starttime="20200816 05:05:11.062" endtime="20200816 05:05:23.827" critical="yes"></status>
</test>
<test id="s1-t17" name="Explore1 Button">
<kw name="Start" library="params" type="setup">
<arguments>
<arg>${BROWSER}</arg>
<arg>${URL}</arg>
</arguments>
<kw name="Run Keyword If" library="BuiltIn">
<doc>Runs the given keyword with the given arguments, if ``condition`` is true.</doc>
<arguments>
<arg>"${BROWSER}" == "HeadlessChrome"</arg>
<arg>HeadlessChrome</arg>
<arg>ELSE</arg>
<arg>driver</arg>
<arg>${BROWSER}</arg>
</arguments>
<kw name="driver" library="params">
<arguments>
<arg>${BROWSER}</arg>
</arguments>
<kw name="Create Webdriver" library="SeleniumLibrary">
<doc>Creates an instance of Selenium WebDriver.</doc>
<arguments>
<arg>${BROWSER}</arg>
</arguments>
<msg timestamp="20200816 05:05:23.832" level="INFO">Creating an instance of the Chrome WebDriver.</msg>
<status status="PASS" starttime="20200816 05:05:23.832" endtime="20200816 05:05:27.103"></status>
</kw>
<status status="PASS" starttime="20200816 05:05:23.831" endtime="20200816 05:05:27.103"></status>
</kw>
<status status="PASS" starttime="20200816 05:05:23.831" endtime="20200816 05:05:27.103"></status>
</kw>
<kw name="Set Window Size" library="SeleniumLibrary">
<doc>Sets current windows size to given ``width`` and ``height``.</doc>
<arguments>
<arg>1920</arg>
<arg>1640</arg>
</arguments>
<status status="PASS" starttime="20200816 05:05:27.103" endtime="20200816 05:05:29.230"></status>
</kw>
<kw name="Maximize Browser Window" library="SeleniumLibrary">
<doc>Maximizes current browser window.</doc>
<status status="PASS" starttime="20200816 05:05:29.230" endtime="20200816 05:05:29.372"></status>
</kw>
<kw name="Go To" library="SeleniumLibrary">
<doc>Navigates the current browser window to the provided ``url``.</doc>
<arguments>
<arg>${URL}</arg>
</arguments>
<msg timestamp="20200816 05:05:29.372" level="INFO">Opening url 'https://brainpool.ai/'</msg>
<status status="PASS" starttime="20200816 05:05:29.372" endtime="20200816 05:05:32.281"></status>
</kw>
<status status="PASS" starttime="20200816 05:05:23.831" endtime="20200816 05:05:32.282"></status>
</kw>
<kw name="Explore1" library="LandingPage">
<kw name="Intialization" library="params">
<kw name="Wait Until Element Is Visible" library="SeleniumLibrary">
<doc>Waits until the element ``locator`` is visible.</doc>
<arguments>
<arg>id=component-2</arg>
</arguments>
<status status="PASS" starttime="20200816 05:05:32.284" endtime="20200816 05:05:33.000"></status>
</kw>
<status status="PASS" starttime="20200816 05:05:32.284" endtime="20200816 05:05:33.001"></status>
</kw>
<kw name="ScrollDown" library="params">
<arguments>
<arg>0</arg>
<arg>1000</arg>
</arguments>
<kw name="Execute Javascript" library="SeleniumLibrary">
<doc>Executes the given JavaScript code with possible arguments.</doc>
<arguments>
<arg>window.scrollTo(${X},${Y})</arg>
</arguments>
<msg timestamp="20200816 05:05:33.003" level="INFO">Executing JavaScript:
window.scrollTo(0,1000)
Without any arguments.</msg>
<status status="PASS" starttime="20200816 05:05:33.002" endtime="20200816 05:05:33.019"></status>
</kw>
<status status="PASS" starttime="20200816 05:05:33.001" endtime="20200816 05:05:33.019"></status>
</kw>
<kw name="Sleep" library="BuiltIn">
<doc>Pauses the test executed for the given time.</doc>
<arguments>
<arg>1s</arg>
</arguments>
<msg timestamp="20200816 05:05:34.020" level="INFO">Slept 1 second</msg>
<status status="PASS" starttime="20200816 05:05:33.019" endtime="20200816 05:05:34.020"></status>
</kw>
<kw name="Click Button" library="SeleniumLibrary">
<doc>Clicks the button identified by ``locator``.</doc>
<arguments>
<arg>id=component-21</arg>
</arguments>
<msg timestamp="20200816 05:05:34.020" level="INFO">Clicking button 'id=component-21'.</msg>
<status status="PASS" starttime="20200816 05:05:34.020" endtime="20200816 05:05:34.121"></status>
</kw>
<status status="PASS" starttime="20200816 05:05:32.283" endtime="20200816 05:05:34.121"></status>
</kw>
<kw name="Stop" library="params" type="teardown">
<kw name="Close All Browsers" library="SeleniumLibrary">
<doc>Closes all open browsers and resets the browser cache.</doc>
<status status="PASS" starttime="20200816 05:05:34.123" endtime="20200816 05:05:36.297"></status>
</kw>
<status status="PASS" starttime="20200816 05:05:34.122" endtime="20200816 05:05:36.297"></status>
</kw>
<doc>Verifies if the First Explore button is accessible</doc>
<tags>
<tag>LandingPageExplore1</tag>
</tags>
<status status="PASS" starttime="20200816 05:05:23.830" endtime="20200816 05:05:36.299" critical="yes"></status>
</test>
<test id="s1-t18" name="Explore2 Button">
<kw name="Start" library="params" type="setup">
<arguments>
<arg>${BROWSER}</arg>
<arg>${URL}</arg>
</arguments>
<kw name="Run Keyword If" library="BuiltIn">
<doc>Runs the given keyword with the given arguments, if ``condition`` is true.</doc>
<arguments>
<arg>"${BROWSER}" == "HeadlessChrome"</arg>
<arg>HeadlessChrome</arg>
<arg>ELSE</arg>
<arg>driver</arg>
<arg>${BROWSER}</arg>
</arguments>
<kw name="driver" library="params">
<arguments>
<arg>${BROWSER}</arg>
</arguments>
<kw name="Create Webdriver" library="SeleniumLibrary">
<doc>Creates an instance of Selenium WebDriver.</doc>
<arguments>
<arg>${BROWSER}</arg>
</arguments>
<msg timestamp="20200816 05:05:36.308" level="INFO">Creating an instance of the Chrome WebDriver.</msg>
<status status="PASS" starttime="20200816 05:05:36.308" endtime="20200816 05:05:39.536"></status>
</kw>
<status status="PASS" starttime="20200816 05:05:36.307" endtime="20200816 05:05:39.536"></status>
</kw>
<status status="PASS" starttime="20200816 05:05:36.307" endtime="20200816 05:05:39.536"></status>
</kw>
<kw name="Set Window Size" library="SeleniumLibrary">
<doc>Sets current windows size to given ``width`` and ``height``.</doc>
<arguments>
<arg>1920</arg>
<arg>1640</arg>
</arguments>
<status status="PASS" starttime="20200816 05:05:39.536" endtime="20200816 05:05:41.661"></status>
</kw>
<kw name="Maximize Browser Window" library="SeleniumLibrary">
<doc>Maximizes current browser window.</doc>
<status status="PASS" starttime="20200816 05:05:41.661" endtime="20200816 05:05:41.779"></status>
</kw>
<kw name="Go To" library="SeleniumLibrary">
<doc>Navigates the current browser window to the provided ``url``.</doc>
<arguments>
<arg>${URL}</arg>
</arguments>
<msg timestamp="20200816 05:05:41.779" level="INFO">Opening url 'https://brainpool.ai/'</msg>
<status status="PASS" starttime="20200816 05:05:41.779" endtime="20200816 05:05:44.621"></status>
</kw>
<status status="PASS" starttime="20200816 05:05:36.307" endtime="20200816 05:05:44.621"></status>
</kw>
<kw name="Explore2" library="LandingPage">
<kw name="Intialization" library="params">
<kw name="Wait Until Element Is Visible" library="SeleniumLibrary">
<doc>Waits until the element ``locator`` is visible.</doc>
<arguments>
<arg>id=component-2</arg>
</arguments>
<status status="PASS" starttime="20200816 05:05:44.624" endtime="20200816 05:05:45.376"></status>
</kw>
<status status="PASS" starttime="20200816 05:05:44.623" endtime="20200816 05:05:45.377"></status>
</kw>
<kw name="ScrollDown" library="params">
<arguments>
<arg>0</arg>
<arg>1200</arg>
</arguments>
<kw name="Execute Javascript" library="SeleniumLibrary">
<doc>Executes the given JavaScript code with possible arguments.</doc>
<arguments>
<arg>window.scrollTo(${X},${Y})</arg>
</arguments>
<msg timestamp="20200816 05:05:45.383" level="INFO">Executing JavaScript:
window.scrollTo(0,1200)
Without any arguments.</msg>
<status status="PASS" starttime="20200816 05:05:45.380" endtime="20200816 05:05:45.395"></status>
</kw>
<status status="PASS" starttime="20200816 05:05:45.378" endtime="20200816 05:05:45.396"></status>
</kw>
<kw name="Sleep" library="BuiltIn">
<doc>Pauses the test executed for the given time.</doc>
<arguments>
<arg>1s</arg>
</arguments>
<msg timestamp="20200816 05:05:46.400" level="INFO">Slept 1 second</msg>
<status status="PASS" starttime="20200816 05:05:45.397" endtime="20200816 05:05:46.400"></status>
</kw>
<kw name="Click Button" library="SeleniumLibrary">
<doc>Clicks the button identified by ``locator``.</doc>
<arguments>
<arg>id=component-aib</arg>
</arguments>
<msg timestamp="20200816 05:05:46.400" level="INFO">Clicking button 'id=component-aib'.</msg>
<status status="PASS" starttime="20200816 05:05:46.400" endtime="20200816 05:05:46.527"></status>
</kw>
<status status="PASS" starttime="20200816 05:05:44.622" endtime="20200816 05:05:46.527"></status>
</kw>
<kw name="Stop" library="params" type="teardown">
<kw name="Close All Browsers" library="SeleniumLibrary">
<doc>Closes all open browsers and resets the browser cache.</doc>
<status status="PASS" starttime="20200816 05:05:46.529" endtime="20200816 05:05:48.681"></status>
</kw>
<status status="PASS" starttime="20200816 05:05:46.529" endtime="20200816 05:05:48.681"></status>
</kw>
<doc>Verifies if the Second Explore button is accessible</doc>
<tags>
<tag>LandingPageExplore2</tag>
</tags>
<status status="PASS" starttime="20200816 05:05:36.305" endtime="20200816 05:05:48.682" critical="yes"></status>
</test>
<test id="s1-t19" name="ScrollToTopAction">
<kw name="Start" library="params" type="setup">
<arguments>
<arg>${BROWSER}</arg>
<arg>${URL}</arg>
</arguments>
<kw name="Run Keyword If" library="BuiltIn">
<doc>Runs the given keyword with the given arguments, if ``condition`` is true.</doc>
<arguments>
<arg>"${BROWSER}" == "HeadlessChrome"</arg>
<arg>HeadlessChrome</arg>
<arg>ELSE</arg>
<arg>driver</arg>
<arg>${BROWSER}</arg>
</arguments>
<kw name="driver" library="params">
<arguments>
<arg>${BROWSER}</arg>
</arguments>
<kw name="Create Webdriver" library="SeleniumLibrary">
<doc>Creates an instance of Selenium WebDriver.</doc>
<arguments>
<arg>${BROWSER}</arg>
</arguments>
<msg timestamp="20200816 05:05:48.687" level="INFO">Creating an instance of the Chrome WebDriver.</msg>
<status status="PASS" starttime="20200816 05:05:48.687" endtime="20200816 05:05:51.925"></status>
</kw>
<status status="PASS" starttime="20200816 05:05:48.687" endtime="20200816 05:05:51.925"></status>
</kw>
<status status="PASS" starttime="20200816 05:05:48.687" endtime="20200816 05:05:51.925"></status>
</kw>
<kw name="Set Window Size" library="SeleniumLibrary">
<doc>Sets current windows size to given ``width`` and ``height``.</doc>
<arguments>
<arg>1920</arg>
<arg>1640</arg>
</arguments>
<status status="PASS" starttime="20200816 05:05:51.926" endtime="20200816 05:05:54.053"></status>
</kw>
<kw name="Maximize Browser Window" library="SeleniumLibrary">
<doc>Maximizes current browser window.</doc>
<status status="PASS" starttime="20200816 05:05:54.053" endtime="20200816 05:05:54.172"></status>
</kw>
<kw name="Go To" library="SeleniumLibrary">
<doc>Navigates the current browser window to the provided ``url``.</doc>
<arguments>
<arg>${URL}</arg>
</arguments>
<msg timestamp="20200816 05:05:54.172" level="INFO">Opening url 'https://brainpool.ai/'</msg>
<status status="PASS" starttime="20200816 05:05:54.172" endtime="20200816 05:05:57.360"></status>
</kw>
<status status="PASS" starttime="20200816 05:05:48.686" endtime="20200816 05:05:57.361"></status>
</kw>
<kw name="ScrollToTop" library="LandingPage">
<kw name="Intialization" library="params">
<kw name="Wait Until Element Is Visible" library="SeleniumLibrary">
<doc>Waits until the element ``locator`` is visible.</doc>
<arguments>
<arg>id=component-2</arg>
</arguments>
<status status="PASS" starttime="20200816 05:05:57.362" endtime="20200816 05:05:58.083"></status>
</kw>
<status status="PASS" starttime="20200816 05:05:57.362" endtime="20200816 05:05:58.084"></status>
</kw>
<kw name="ScrollDown" library="params">
<arguments>
<arg>0</arg>
<arg>1000</arg>
</arguments>
<kw name="Execute Javascript" library="SeleniumLibrary">
<doc>Executes the given JavaScript code with possible arguments.</doc>
<arguments>
<arg>window.scrollTo(${X},${Y})</arg>
</arguments>
<msg timestamp="20200816 05:05:58.088" level="INFO">Executing JavaScript:
window.scrollTo(0,1000)
Without any arguments.</msg>
<status status="PASS" starttime="20200816 05:05:58.086" endtime="20200816 05:05:58.121"></status>
</kw>
<status status="PASS" starttime="20200816 05:05:58.084" endtime="20200816 05:05:58.122"></status>
</kw>
<kw name="Sleep" library="BuiltIn">
<doc>Pauses the test executed for the given time.</doc>
<arguments>
<arg>1s</arg>
</arguments>
<msg timestamp="20200816 05:05:59.123" level="INFO">Slept 1 second</msg>
<status status="PASS" starttime="20200816 05:05:58.123" endtime="20200816 05:05:59.123"></status>
</kw>
<kw name="Wait Until Element Is Visible" library="SeleniumLibrary">
<doc>Waits until the element ``locator`` is visible.</doc>
<arguments>
<arg>id=component-21</arg>
</arguments>
<status status="PASS" starttime="20200816 05:05:59.123" endtime="20200816 05:05:59.152"></status>
</kw>
<kw name="Wait Until Element Is Visible" library="SeleniumLibrary">
<doc>Waits until the element ``locator`` is visible.</doc>
<arguments>
<arg>xpath=/html/body/a</arg>
</arguments>
<status status="PASS" starttime="20200816 05:05:59.152" endtime="20200816 05:05:59.178"></status>
</kw>
<kw name="Click Element" library="SeleniumLibrary">
<doc>Click the element identified by ``locator``.</doc>
<arguments>
<arg>xpath=/html/body/a</arg>
</arguments>
<msg timestamp="20200816 05:05:59.178" level="INFO">Clicking element 'xpath=/html/body/a'.</msg>
<status status="PASS" starttime="20200816 05:05:59.178" endtime="20200816 05:05:59.257"></status>
</kw>
<status status="PASS" starttime="20200816 05:05:57.361" endtime="20200816 05:05:59.258"></status>
</kw>
<kw name="Stop" library="params" type="teardown">
<kw name="Close All Browsers" library="SeleniumLibrary">
<doc>Closes all open browsers and resets the browser cache.</doc>
<status status="PASS" starttime="20200816 05:05:59.261" endtime="20200816 05:06:01.659"></status>
</kw>
<status status="PASS" starttime="20200816 05:05:59.260" endtime="20200816 05:06:01.660"></status>
</kw>
<doc>Verifies if the scroll to top is accessible</doc>
<tags>
<tag>LandingPagescrollaction</tag>
</tags>
<status status="PASS" starttime="20200816 05:05:48.685" endtime="20200816 05:06:01.742" critical="yes"></status>
</test>
<test id="s1-t20" name="ContactAction">
<kw name="Start" library="params" type="setup">
<arguments>
<arg>${BROWSER}</arg>
<arg>${URL}</arg>
</arguments>
<kw name="Run Keyword If" library="BuiltIn">
<doc>Runs the given keyword with the given arguments, if ``condition`` is true.</doc>
<arguments>
<arg>"${BROWSER}" == "HeadlessChrome"</arg>
<arg>HeadlessChrome</arg>
<arg>ELSE</arg>
<arg>driver</arg>
<arg>${BROWSER}</arg>
</arguments>
<kw name="driver" library="params">
<arguments>
<arg>${BROWSER}</arg>
</arguments>
<kw name="Create Webdriver" library="SeleniumLibrary">
<doc>Creates an instance of Selenium WebDriver.</doc>
<arguments>
<arg>${BROWSER}</arg>
</arguments>
<msg timestamp="20200816 05:06:01.755" level="INFO">Creating an instance of the Chrome WebDriver.</msg>
<status status="PASS" starttime="20200816 05:06:01.754" endtime="20200816 05:06:05.395"></status>
</kw>
<status status="PASS" starttime="20200816 05:06:01.754" endtime="20200816 05:06:05.395"></status>
</kw>
<status status="PASS" starttime="20200816 05:06:01.754" endtime="20200816 05:06:05.395"></status>
</kw>
<kw name="Set Window Size" library="SeleniumLibrary">
<doc>Sets current windows size to given ``width`` and ``height``.</doc>
<arguments>
<arg>1920</arg>
<arg>1640</arg>
</arguments>
<status status="PASS" starttime="20200816 05:06:05.395" endtime="20200816 05:06:07.524"></status>
</kw>
<kw name="Maximize Browser Window" library="SeleniumLibrary">
<doc>Maximizes current browser window.</doc>
<status status="PASS" starttime="20200816 05:06:07.524" endtime="20200816 05:06:07.645"></status>
</kw>
<kw name="Go To" library="SeleniumLibrary">
<doc>Navigates the current browser window to the provided ``url``.</doc>
<arguments>
<arg>${URL}</arg>
</arguments>
<msg timestamp="20200816 05:06:07.645" level="INFO">Opening url 'https://brainpool.ai/'</msg>
<status status="PASS" starttime="20200816 05:06:07.645" endtime="20200816 05:06:12.250"></status>
</kw>
<status status="PASS" starttime="20200816 05:06:01.753" endtime="20200816 05:06:12.250"></status>
</kw>
<kw name="contactAction" library="LandingPage">
<kw name="Intialization" library="params">
<kw name="Wait Until Element Is Visible" library="SeleniumLibrary">
<doc>Waits until the element ``locator`` is visible.</doc>
<arguments>
<arg>id=component-2</arg>
</arguments>
<status status="PASS" starttime="20200816 05:06:12.252" endtime="20200816 05:06:12.867"></status>
</kw>
<status status="PASS" starttime="20200816 05:06:12.252" endtime="20200816 05:06:12.868"></status>
</kw>
<kw name="ScrollDown" library="params">
<arguments>
<arg>0</arg>
<arg>1000</arg>
</arguments>
<kw name="Execute Javascript" library="SeleniumLibrary">
<doc>Executes the given JavaScript code with possible arguments.</doc>
<arguments>
<arg>window.scrollTo(${X},${Y})</arg>
</arguments>
<msg timestamp="20200816 05:06:12.876" level="INFO">Executing JavaScript:
window.scrollTo(0,1000)
Without any arguments.</msg>
<status status="PASS" starttime="20200816 05:06:12.872" endtime="20200816 05:06:12.977"></status>
</kw>
<status status="PASS" starttime="20200816 05:06:12.868" endtime="20200816 05:06:12.977"></status>
</kw>
<kw name="Sleep" library="BuiltIn">
<doc>Pauses the test executed for the given time.</doc>
<arguments>
<arg>1s</arg>
</arguments>
<msg timestamp="20200816 05:06:13.980" level="INFO">Slept 1 second</msg>
<status status="PASS" starttime="20200816 05:06:12.978" endtime="20200816 05:06:13.980"></status>
</kw>
<kw name="Wait Until Element Is Visible" library="SeleniumLibrary">
<doc>Waits until the element ``locator`` is visible.</doc>
<arguments>
<arg>id=component-9</arg>
</arguments>
<status status="PASS" starttime="20200816 05:06:13.980" endtime="20200816 05:06:14.006"></status>
</kw>
<kw name="Click Button" library="SeleniumLibrary">
<doc>Clicks the button identified by ``locator``.</doc>
<arguments>
<arg>id=component-9</arg>
</arguments>
<msg timestamp="20200816 05:06:14.007" level="INFO">Clicking button 'id=component-9'.</msg>
<status status="PASS" starttime="20200816 05:06:14.007" endtime="20200816 05:06:14.113"></status>
</kw>
<status status="PASS" starttime="20200816 05:06:12.251" endtime="20200816 05:06:14.113"></status>
</kw>
<kw name="Stop" library="params" type="teardown">
<kw name="Close All Browsers" library="SeleniumLibrary">
<doc>Closes all open browsers and resets the browser cache.</doc>
<status status="PASS" starttime="20200816 05:06:14.114" endtime="20200816 05:06:16.299"></status>
</kw>
<status status="PASS" starttime="20200816 05:06:14.114" endtime="20200816 05:06:16.300"></status>
</kw>
<doc>Verifies if the contact us is accessible</doc>
<tags>
<tag>LandingPagecontactaction</tag>
</tags>
<status status="PASS" starttime="20200816 05:06:01.750" endtime="20200816 05:06:16.300" critical="yes"></status>
</test>
<test id="s1-t21" name="Blog Posts 1">
<kw name="Start" library="params" type="setup">
<arguments>
<arg>${BROWSER}</arg>
<arg>${URL}</arg>
</arguments>
<kw name="Run Keyword If" library="BuiltIn">
<doc>Runs the given keyword with the given arguments, if ``condition`` is true.</doc>
<arguments>
<arg>"${BROWSER}" == "HeadlessChrome"</arg>
<arg>HeadlessChrome</arg>
<arg>ELSE</arg>
<arg>driver</arg>
<arg>${BROWSER}</arg>
</arguments>
<kw name="driver" library="params">
<arguments>
<arg>${BROWSER}</arg>
</arguments>
<kw name="Create Webdriver" library="SeleniumLibrary">
<doc>Creates an instance of Selenium WebDriver.</doc>
<arguments>
<arg>${BROWSER}</arg>
</arguments>
<msg timestamp="20200816 05:06:16.306" level="INFO">Creating an instance of the Chrome WebDriver.</msg>
<status status="PASS" starttime="20200816 05:06:16.306" endtime="20200816 05:06:19.546"></status>
</kw>
<status status="PASS" starttime="20200816 05:06:16.305" endtime="20200816 05:06:19.546"></status>
</kw>
<status status="PASS" starttime="20200816 05:06:16.304" endtime="20200816 05:06:19.546"></status>
</kw>
<kw name="Set Window Size" library="SeleniumLibrary">
<doc>Sets current windows size to given ``width`` and ``height``.</doc>
<arguments>
<arg>1920</arg>
<arg>1640</arg>
</arguments>
[...]
</kw>
<kw name="Click Button" library="SeleniumLibrary">
<doc>Clicks the button identified by ``locator``.</doc>
<arguments>
<arg>id=contact-allpage</arg>
</arguments>
<msg timestamp="20200816 05:07:26.852" level="INFO">Clicking button 'id=contact-allpage'.</msg>
<status status="PASS" starttime="20200816 05:07:26.851" endtime="20200816 05:07:27.019"></status>
</kw>
<kw name="Sleep" library="BuiltIn">
<doc>Pauses the test executed for the given time.</doc>
<arguments>
<arg>2s</arg>
</arguments>
<msg timestamp="20200816 05:07:29.022" level="INFO">Slept 2 seconds</msg>
<status status="PASS" starttime="20200816 05:07:27.019" endtime="20200816 05:07:29.022"></status>
</kw>
<kw name="Page Should Contain" library="SeleniumLibrary">
<doc>Verifies that current page contains ``text``.</doc>
<arguments>
<arg>Thank you, a member of our team will be in touch shortly.</arg>
</arguments>
<msg timestamp="20200816 05:07:29.046" level="INFO">Current page contains text 'Thank you, a member of our team will be in touch shortly.'.</msg>
<status status="PASS" starttime="20200816 05:07:29.022" endtime="20200816 05:07:29.046"></status>
</kw>
<status status="PASS" starttime="20200816 05:07:25.200" endtime="20200816 05:07:29.046"></status>
</kw>
<kw name="Stop" library="params" type="teardown">
<kw name="Close All Browsers" library="SeleniumLibrary">
<doc>Closes all open browsers and resets the browser cache.</doc>
<status status="PASS" starttime="20200816 05:07:29.047" endtime="20200816 05:07:31.210"></status>
</kw>
<status status="PASS" starttime="20200816 05:07:29.047" endtime="20200816 05:07:31.210"></status>
</kw>
<doc>Verifies if the contact form is accessible</doc>
<tags>
<tag>LandingPageform</tag>
</tags>
<status status="PASS" starttime="20200816 05:07:16.466" endtime="20200816 05:07:31.211" critical="yes"></status>
</test>
<test id="s1-t25" name="Contact Us accessibility">
<kw name="Start" library="params" type="setup">
<arguments>
<arg>${BROWSER}</arg>
<arg>${URL}</arg>
</arguments>
<kw name="Run Keyword If" library="BuiltIn">
<doc>Runs the given keyword with the given arguments, if ``condition`` is true.</doc>
<arguments>
<arg>"${BROWSER}" == "HeadlessChrome"</arg>
<arg>HeadlessChrome</arg>
<arg>ELSE</arg>
<arg>driver</arg>
<arg>${BROWSER}</arg>
</arguments>
<kw name="driver" library="params">
<arguments>
<arg>${BROWSER}</arg>
</arguments>
<kw name="Create Webdriver" library="SeleniumLibrary">
<doc>Creates an instance of Selenium WebDriver.</doc>
<arguments>
<arg>${BROWSER}</arg>
</arguments>
<msg timestamp="20200816 05:07:31.216" level="INFO">Creating an instance of the Chrome WebDriver.</msg>
<status status="PASS" starttime="20200816 05:07:31.216" endtime="20200816 05:07:34.428"></status>
</kw>
<status status="PASS" starttime="20200816 05:07:31.216" endtime="20200816 05:07:34.428"></status>
</kw>
<status status="PASS" starttime="20200816 05:07:31.216" endtime="20200816 05:07:34.429"></status>
</kw>
<kw name="Set Window Size" library="SeleniumLibrary">
<doc>Sets current windows size to given ``width`` and ``height``.</doc>
<arguments>
<arg>1920</arg>
<arg>1640</arg>
</arguments>
<status status="PASS" starttime="20200816 05:07:34.429" endtime="20200816 05:07:36.562"></status>
</kw>
<kw name="Maximize Browser Window" library="SeleniumLibrary">
<doc>Maximizes current browser window.</doc>
<status status="PASS" starttime="20200816 05:07:36.562" endtime="20200816 05:07:36.683"></status>
</kw>
<kw name="Go To" library="SeleniumLibrary">
<doc>Navigates the current browser window to the provided ``url``.</doc>
<arguments>
<arg>${URL}</arg>
</arguments>
<msg timestamp="20200816 05:07:36.683" level="INFO">Opening url 'https://brainpool.ai/'</msg>
<status status="PASS" starttime="20200816 05:07:36.683" endtime="20200816 05:07:39.696"></status>
</kw>
<status status="PASS" starttime="20200816 05:07:31.215" endtime="20200816 05:07:39.697"></status>
</kw>
<kw name="ContactInitialization" library="ContactUs">
<kw name="Wait Until Element Is Visible" library="SeleniumLibrary">
<doc>Waits until the element ``locator`` is visible.</doc>
<arguments>
<arg>xpath=//*[@id="home"]/nav/div[2]/ul/li[6]/a</arg>
</arguments>
<status status="PASS" starttime="20200816 05:07:39.699" endtime="20200816 05:07:39.766"></status>
</kw>
<kw name="Click Link" library="SeleniumLibrary">
<doc>Clicks a link identified by ``locator``.</doc>
<arguments>
<arg>xpath=//*[@id="home"]/nav/div[2]/ul/li[6]/a</arg>
</arguments>
<msg timestamp="20200816 05:07:39.766" level="INFO">Clicking link 'xpath=//*[@id="home"]/nav/div[2]/ul/li[6]/a'.</msg>
<status status="PASS" starttime="20200816 05:07:39.766" endtime="20200816 05:07:42.591"></status>
</kw>
<kw name="Sleep" library="BuiltIn">
<doc>Pauses the test executed for the given time.</doc>
<arguments>
<arg>2s</arg>
</arguments>
<msg timestamp="20200816 05:07:44.593" level="INFO">Slept 2 seconds</msg>
<status status="PASS" starttime="20200816 05:07:42.591" endtime="20200816 05:07:44.593"></status>
</kw>
<status status="PASS" starttime="20200816 05:07:39.698" endtime="20200816 05:07:44.593"></status>
</kw>
<kw name="Stop" library="params" type="teardown">
<kw name="Close All Browsers" library="SeleniumLibrary">
<doc>Closes all open browsers and resets the browser cache.</doc>
<status status="PASS" starttime="20200816 05:07:44.594" endtime="20200816 05:07:46.851"></status>
</kw>
<status status="PASS" starttime="20200816 05:07:44.594" endtime="20200816 05:07:46.851"></status>
</kw>
<doc>Accessing contact us page</doc>
<tags>
<tag>ContactUsInitialization</tag>
</tags>
<status status="PASS" starttime="20200816 05:07:31.214" endtime="20200816 05:07:46.852" critical="yes"></status>
</test>
<test id="s1-t26" name="ContactUS Start Now Button">
<kw name="Start" library="params" type="setup">
<arguments>
<arg>${BROWSER}</arg>
<arg>${URL}</arg>
</arguments>
<kw name="Run Keyword If" library="BuiltIn">
<doc>Runs the given keyword with the given arguments, if ``condition`` is true.</doc>
<arguments>
<arg>"${BROWSER}" == "HeadlessChrome"</arg>
<arg>HeadlessChrome</arg>
<arg>ELSE</arg>
<arg>driver</arg>
<arg>${BROWSER}</arg>
</arguments>
<kw name="driver" library="params">
<arguments>
<arg>${BROWSER}</arg>
</arguments>
<kw name="Create Webdriver" library="SeleniumLibrary">
<doc>Creates an instance of Selenium WebDriver.</doc>
<arguments>
<arg>${BROWSER}</arg>
</arguments>
<msg timestamp="20200816 05:07:46.857" level="INFO">Creating an instance of the Chrome WebDriver.</msg>
<status status="PASS" starttime="20200816 05:07:46.857" endtime="20200816 05:07:50.071"></status>
</kw>
<status status="PASS" starttime="20200816 05:07:46.856" endtime="20200816 05:07:50.071"></status>
</kw>
<status status="PASS" starttime="20200816 05:07:46.856" endtime="20200816 05:07:50.071"></status>
</kw>
<kw name="Set Window Size" library="SeleniumLibrary">
<doc>Sets current windows size to given ``width`` and ``height``.</doc>
<arguments>
<arg>1920</arg>
<arg>1640</arg>
</arguments>
<status status="PASS" starttime="20200816 05:07:50.071" endtime="20200816 05:07:52.198"></status>
</kw>
<kw name="Maximize Browser Window" library="SeleniumLibrary">
<doc>Maximizes current browser window.</doc>
<status status="PASS" starttime="20200816 05:07:52.199" endtime="20200816 05:07:52.318"></status>
</kw>
<kw name="Go To" library="SeleniumLibrary">
<doc>Navigates the current browser window to the provided ``url``.</doc>
<arguments>
<arg>${URL}</arg>
</arguments>
<msg timestamp="20200816 05:07:52.318" level="INFO">Opening url 'https://brainpool.ai/'</msg>
<status status="PASS" starttime="20200816 05:07:52.318" endtime="20200816 05:07:55.546"></status>
</kw>
<status status="PASS" starttime="20200816 05:07:46.856" endtime="20200816 05:07:55.546"></status>
</kw>
<kw name="Start Now" library="ContactUs">
<kw name="Wait Until Element Is Visible" library="SeleniumLibrary">
<doc>Waits until the element ``locator`` is visible.</doc>
<arguments>
<arg>xpath=//*[@id="home"]/nav/div[2]/ul/li[6]/a</arg>
</arguments>
<status status="PASS" starttime="20200816 05:07:55.550" endtime="20200816 05:07:55.624"></status>
</kw>
<kw name="Click Link" library="SeleniumLibrary">
<doc>Clicks a link identified by ``locator``.</doc>
<arguments>
<arg>xpath=//*[@id="home"]/nav/div[2]/ul/li[6]/a</arg>
</arguments>
<msg timestamp="20200816 05:07:55.624" level="INFO">Clicking link 'xpath=//*[@id="home"]/nav/div[2]/ul/li[6]/a'.</msg>
<status status="PASS" starttime="20200816 05:07:55.624" endtime="20200816 05:07:58.156"></status>
</kw>
<kw name="Sleep" library="BuiltIn">
<doc>Pauses the test executed for the given time.</doc>
<arguments>
<arg>2s</arg>
</arguments>
<msg timestamp="20200816 05:08:00.158" level="INFO">Slept 2 seconds</msg>
<status status="PASS" starttime="20200816 05:07:58.157" endtime="20200816 05:08:00.158"></status>
</kw>
<kw name="Wait Until Element Is Visible" library="SeleniumLibrary">
<doc>Waits until the element ``locator`` is visible.</doc>
<arguments>
<arg>id=component-2</arg>
</arguments>
<status status="PASS" starttime="20200816 05:08:00.158" endtime="20200816 05:08:00.191"></status>
</kw>
<kw name="Click Button" library="SeleniumLibrary">
<doc>Clicks the button identified by ``locator``.</doc>
<arguments>
<arg>id=component-2</arg>
</arguments>
<msg timestamp="20200816 05:08:00.191" level="INFO">Clicking button 'id=component-2'.</msg>
<status status="PASS" starttime="20200816 05:08:00.191" endtime="20200816 05:08:00.267"></status>
</kw>
<status status="PASS" starttime="20200816 05:07:55.549" endtime="20200816 05:08:00.267"></status>
</kw>
<kw name="Stop" library="params" type="teardown">
<kw name="Close All Browsers" library="SeleniumLibrary">
<doc>Closes all open browsers and resets the browser cache.</doc>
<status status="PASS" starttime="20200816 05:08:00.268" endtime="20200816 05:08:02.468"></status>
</kw>
<status status="PASS" starttime="20200816 05:08:00.268" endtime="20200816 05:08:02.468"></status>
</kw>
<doc>Verifies if the Start Now button is accessible</doc>
<tags>
<tag>ContactUsStart</tag>
</tags>
<status status="PASS" starttime="20200816 05:07:46.855" endtime="20200816 05:08:02.469" critical="yes"></status>
</test>
<test id="s1-t27" name="ContactUS form">
<kw name="Start" library="params" type="setup">
<arguments>
<arg>${BROWSER}</arg>
<arg>${URL}</arg>
</arguments>
<kw name="Run Keyword If" library="BuiltIn">
<doc>Runs the given keyword with the given arguments, if ``condition`` is true.</doc>
<arguments>
<arg>"${BROWSER}" == "HeadlessChrome"</arg>
<arg>HeadlessChrome</arg>
<arg>ELSE</arg>
<arg>driver</arg>
<arg>${BROWSER}</arg>
</arguments>
<kw name="driver" library="params">
<arguments>
<arg>${BROWSER}</arg>
</arguments>
<kw name="Create Webdriver" library="SeleniumLibrary">
<doc>Creates an instance of Selenium WebDriver.</doc>
<arguments>
<arg>${BROWSER}</arg>
</arguments>
<msg timestamp="20200816 05:08:02.475" level="INFO">Creating an instance of the Chrome WebDriver.</msg>
<status status="PASS" starttime="20200816 05:08:02.475" endtime="20200816 05:08:05.683"></status>
</kw>
<status status="PASS" starttime="20200816 05:08:02.474" endtime="20200816 05:08:05.683"></status>
</kw>
<status status="PASS" starttime="20200816 05:08:02.474" endtime="20200816 05:08:05.683"></status>
</kw>
<kw name="Set Window Size" library="SeleniumLibrary">
<doc>Sets current windows size to given ``width`` and ``height``.</doc>
<arguments>
<arg>1920</arg>
<arg>1640</arg>
</arguments>
<status status="PASS" starttime="20200816 05:08:05.683" endtime="20200816 05:08:07.811"></status>
</kw>
<kw name="Maximize Browser Window" library="SeleniumLibrary">
<doc>Maximizes current browser window.</doc>
<status status="PASS" starttime="20200816 05:08:07.811" endtime="20200816 05:08:07.934"></status>
</kw>
<kw name="Go To" library="SeleniumLibrary">
<doc>Navigates the current browser window to the provided ``url``.</doc>
<arguments>
<arg>${URL}</arg>
</arguments>
<msg timestamp="20200816 05:08:07.935" level="INFO">Opening url 'https://brainpool.ai/'</msg>
<status status="PASS" starttime="20200816 05:08:07.934" endtime="20200816 05:08:10.691"></status>
</kw>
<status status="PASS" starttime="20200816 05:08:02.473" endtime="20200816 05:08:10.692"></status>
</kw>
<kw name="ContactForm" library="ContactUs">
<kw name="Wait Until Element Is Visible" library="SeleniumLibrary">
<doc>Waits until the element ``locator`` is visible.</doc>
<arguments>
<arg>xpath=//*[@id="home"]/nav/div[2]/ul/li[6]/a</arg>
</arguments>
<status status="PASS" starttime="20200816 05:08:10.693" endtime="20200816 05:08:10.765"></status>
</kw>
<kw name="Click Link" library="SeleniumLibrary">
<doc>Clicks a link identified by ``locator``.</doc>
<arguments>
<arg>xpath=//*[@id="home"]/nav/div[2]/ul/li[6]/a</arg>
</arguments>
<msg timestamp="20200816 05:08:10.765" level="INFO">Clicking link 'xpath=//*[@id="home"]/nav/div[2]/ul/li[6]/a'.</msg>
<status status="PASS" starttime="20200816 05:08:10.765" endtime="20200816 05:08:13.363"></status>
</kw>
<kw name="Sleep" library="BuiltIn">
<doc>Pauses the test executed for the given time.</doc>
<arguments>
<arg>2s</arg>
</arguments>
<msg timestamp="20200816 05:08:15.365" level="INFO">Slept 2 seconds</msg>
<status status="PASS" starttime="20200816 05:08:13.364" endtime="20200816 05:08:15.365"></status>
</kw>
<kw name="Wait Until Element Is Visible" library="SeleniumLibrary">
<doc>Waits until the element ``locator`` is visible.</doc>
<arguments>
<arg>id=component-2</arg>
</arguments>
<status status="PASS" starttime="20200816 05:08:15.366" endtime="20200816 05:08:15.397"></status>
</kw>
<kw name="ScrollDown" library="params">
<arguments>
<arg>0</arg>
<arg>800</arg>
</arguments>
<kw name="Execute Javascript" library="SeleniumLibrary">
<doc>Executes the given JavaScript code with possible arguments.</doc>
<arguments>
<arg>window.scrollTo(${X},${Y})</arg>
</arguments>
<msg timestamp="20200816 05:08:15.398" level="INFO">Executing JavaScript:
window.scrollTo(0,800)
Without any arguments.</msg>
<status status="PASS" starttime="20200816 05:08:15.397" endtime="20200816 05:08:15.406"></status>
</kw>
<status status="PASS" starttime="20200816 05:08:15.397" endtime="20200816 05:08:15.406"></status>
</kw>
<kw name="Input Text" library="SeleniumLibrary">
<doc>Types the given ``text`` into the text field identified by ``locator``.</doc>
<arguments>
<arg>id=contact-name</arg>
<arg>Hello World</arg>
</arguments>
<msg timestamp="20200816 05:08:15.406" level="INFO">Typing text 'Hello World' into text field 'id=contact-name'.</msg>
<status status="PASS" starttime="20200816 05:08:15.406" endtime="20200816 05:08:15.600"></status>
</kw>
<kw name="Input Text" library="SeleniumLibrary">
<doc>Types the given ``text`` into the text field identified by ``locator``.</doc>
<arguments>
<arg>id=contact-email</arg>
<arg>HelloWorld@email.com</arg>
</arguments>
<msg timestamp="20200816 05:08:15.601" level="INFO">Typing text 'HelloWorld@email.com' into text field 'id=contact-email'.</msg>
<status status="PASS" starttime="20200816 05:08:15.601" endtime="20200816 05:08:15.741"></status>
</kw>
<kw name="Input Text" library="SeleniumLibrary">
<doc>Types the given ``text`` into the text field identified by ``locator``.</doc>
<arguments>
<arg>id=contact-company</arg>
<arg>MysteryInc.</arg>
</arguments>
<msg timestamp="20200816 05:08:15.742" level="INFO">Typing text 'MysteryInc.' into text field 'id=contact-company'.</msg>
<status status="PASS" starttime="20200816 05:08:15.741" endtime="20200816 05:08:15.889"></status>
</kw>
<kw name="Input Text" library="SeleniumLibrary">
<doc>Types the given ``text`` into the text field identified by ``locator``.</doc>
<arguments>
<arg>id=contact-phone</arg>
<arg>9845926100</arg>
</arguments>
<msg timestamp="20200816 05:08:15.890" level="INFO">Typing text '9845926100' into text field 'id=contact-phone'.</msg>
<status status="PASS" starttime="20200816 05:08:15.889" endtime="20200816 05:08:16.049"></status>
</kw>
<kw name="Input Text" library="SeleniumLibrary">
<doc>Types the given ``text`` into the text field identified by ``locator``.</doc>
<arguments>
<arg>id=contact-message</arg>
<arg>WhoAmI</arg>
</arguments>
<msg timestamp="20200816 05:08:16.050" level="INFO">Typing text 'WhoAmI' into text field 'id=contact-message'.</msg>
<status status="PASS" starttime="20200816 05:08:16.049" endtime="20200816 05:08:16.177"></status>
</kw>
<kw name="Click Button" library="SeleniumLibrary">
<doc>Clicks the button identified by ``locator``.</doc>
<arguments>
<arg>id=contact-button</arg>
</arguments>
<msg timestamp="20200816 05:08:16.178" level="INFO">Clicking button 'id=contact-button'.</msg>
<status status="PASS" starttime="20200816 05:08:16.177" endtime="20200816 05:08:16.319"></status>
</kw>
<kw name="Sleep" library="BuiltIn">
<doc>Pauses the test executed for the given time.</doc>
<arguments>
<arg>3s</arg>
</arguments>
<msg timestamp="20200816 05:08:19.321" level="INFO">Slept 3 seconds</msg>
<status status="PASS" starttime="20200816 05:08:16.319" endtime="20200816 05:08:19.321"></status>
</kw>
<kw name="Page Should Contain" library="SeleniumLibrary">
<doc>Verifies that current page contains ``text``.</doc>
<arguments>
<arg>Thank you, a member of our team will be in touch shortly.</arg>
</arguments>
<msg timestamp="20200816 05:08:19.342" level="INFO">Current page contains text 'Thank you, a member of our team will be in touch shortly.'.</msg>
<status status="PASS" starttime="20200816 05:08:19.321" endtime="20200816 05:08:19.342"></status>
</kw>
<status status="PASS" starttime="20200816 05:08:10.693" endtime="20200816 05:08:19.342"></status>
</kw>
<kw name="Stop" library="params" type="teardown">
<kw name="Close All Browsers" library="SeleniumLibrary">
<doc>Closes all open browsers and resets the browser cache.</doc>
<status status="PASS" starttime="20200816 05:08:19.344" endtime="20200816 05:08:21.536"></status>
</kw>
<status status="PASS" starttime="20200816 05:08:19.343" endtime="20200816 05:08:21.536"></status>
</kw>
<doc>Verifies if the contact form is accessible</doc>
<tags>
<tag>ContactUsForm</tag>
</tags>
<status status="PASS" starttime="20200816 05:08:02.472" endtime="20200816 05:08:21.537" critical="yes"></status>
</test>
<status status="PASS" starttime="20200816 05:01:15.743" endtime="20200816 05:08:21.542"></status>
</suite>
<statistics>
<total>
<stat pass="27" fail="0">Critical Tests</stat>
<stat pass="27" fail="0">All Tests</stat>
</total>
<tag>
<stat pass="1" fail="0">ContactUsForm</stat>
<stat pass="1" fail="0">ContactUsInitialization</stat>
<stat pass="1" fail="0">ContactUsStart</stat>
<stat pass="1" fail="0">LandingPageAd-hoc AI Support</stat>
<stat pass="1" fail="0">LandingPageAIBusiness</stat>
<stat pass="1" fail="0">LandingPageAI Scoping Programmes</stat>
<stat pass="1" fail="0">LandingPageAI workshops</stat>
<stat pass="1" fail="0">LandingPageBlogPost1</stat>
<stat pass="1" fail="0">LandingPageBlogPost2</stat>
<stat pass="1" fail="0">LandingPageBlogPost3</stat>
<stat pass="1" fail="0">LandingPageBloomberg</stat>
<stat pass="1" fail="0">LandingPagecontactaction</stat>
<stat pass="1" fail="0">LandingPageDeploy AI solutions</stat>
<stat pass="1" fail="0">LandingPageEnterprise Management</stat>
<stat pass="1" fail="0">LandingPageExplore1</stat>
<stat pass="1" fail="0">LandingPageExplore2</stat>
<stat pass="1" fail="0">LandingPageForbes</stat>
<stat pass="1" fail="0">LandingPageform</stat>
<stat pass="1" fail="0">LandingPageLearnMore</stat>
<stat pass="1" fail="0">LandingPageMedium</stat>
<stat pass="1" fail="0">LandingPageProductsAlgoPool</stat>
<stat pass="1" fail="0">LandingPageProductsDaisy</stat>
<stat pass="1" fail="0">LandingPageProductsForstack</stat>
<stat pass="1" fail="0">LandingPageRaconteur</stat>
<stat pass="1" fail="0">LandingPagescrollaction</stat>
<stat pass="1" fail="0">LandingPageStart</stat>
<stat pass="1" fail="0">Smoke</stat>
</tag>
<suite>
<stat pass="27" fail="0" id="s1" name="HomePage">HomePage</stat>
</suite>
</statistics>
<errors>
</errors>
</robot>
