<?xml version="1.0" encoding="UTF-8"?>
<robot generator="Robot 3.2.1 (Python 3.8.2 on win32)" generated="20200824 19:26:02.551" rpa="false">
<suite id="s1" name="AIBPage" source="C:\Users\pegAsus\workspace_python\SeleniumTrails\WebSiteTesting\Tests\AIBPage.robot">
<test id="s1-t1" name="Site accessibility">
<kw name="Start" library="params" type="setup">
<arguments>
<arg>${BROWSER}</arg>
<arg>${URL}</arg>
</arguments>
<kw name="Run Keyword If" library="BuiltIn">
<doc>Runs the given keyword with the given arguments, if ``condition`` is true.</doc>
<arguments>
<arg>"${BROWSER}" == "HeadlessChrome"</arg>
<arg>HeadlessChrome</arg>
<arg>ELSE</arg>
<arg>driver</arg>
</arguments>
<kw name="HeadlessChrome" library="params">
<kw name="Evaluate" library="BuiltIn">
<doc>Evaluates the given expression in Python and returns the result.</doc>
<arguments>
<arg>sys.modules['selenium.webdriver'].ChromeOptions()</arg>
<arg>sys, selenium.webdriver</arg>
</arguments>
<assign>
<var>${chromeOptions}</var>
</assign>
<msg timestamp="20200824 19:26:03.701" level="INFO">${chromeOptions} = &lt;selenium.webdriver.chrome.options.Options object at 0x0000021703C19340&gt;</msg>
<status status="PASS" starttime="20200824 19:26:03.701" endtime="20200824 19:26:03.701"></status>
</kw>
<kw name="Call Method" library="BuiltIn">
<doc>Calls the named method of the given object with the provided arguments.</doc>
<arguments>
<arg>${chrome_options}</arg>
<arg>add_argument</arg>
<arg>headless</arg>
</arguments>
<status status="PASS" starttime="20200824 19:26:03.701" endtime="20200824 19:26:03.702"></status>
</kw>
<kw name="Call Method" library="BuiltIn">
<doc>Calls the named method of the given object with the provided arguments.</doc>
<arguments>
<arg>${chrome_options}</arg>
<arg>add_argument</arg>
<arg>disable-gpu</arg>
</arguments>
<status status="PASS" starttime="20200824 19:26:03.702" endtime="20200824 19:26:03.702"></status>
</kw>
<kw name="Call Method" library="BuiltIn">
<doc>Calls the named method of the given object with the provided arguments.</doc>
<arguments>
<arg>${chrome_options}</arg>
<arg>to_capabilities</arg>
</arguments>
<assign>
<var>${options}</var>
</assign>
<msg timestamp="20200824 19:26:03.703" level="INFO">${options} = {'browserName': 'chrome', 'version': '', 'platform': 'ANY', 'goog:chromeOptions': {'extensions': [], 'args': ['headless', 'disable-gpu']}}</msg>
<status status="PASS" starttime="20200824 19:26:03.702" endtime="20200824 19:26:03.703"></status>
</kw>
<kw name="Create Webdriver" library="SeleniumLibrary">
<doc>Creates an instance of Selenium WebDriver.</doc>
<arguments>
<arg>Remote</arg>
<arg>command_executor=http://localhost:4444/wd/hub</arg>
<arg>desired_capabilities=${options}</arg>
</arguments>
<msg timestamp="20200824 19:26:03.703" level="INFO">Creating an instance of the Remote WebDriver.</msg>
<status status="PASS" starttime="20200824 19:26:03.703" endtime="20200824 19:26:12.953"></status>
</kw>
<status status="PASS" starttime="20200824 19:26:03.701" endtime="20200824 19:26:12.953"></status>
</kw>
<status status="PASS" starttime="20200824 19:26:03.700" endtime="20200824 19:26:12.955"></status>
</kw>
<kw name="Set Window Size" library="SeleniumLibrary">
<doc>Sets current windows size to given ``width`` and ``height``.</doc>
<arguments>
<arg>1920</arg>
<arg>1640</arg>
</arguments>
<status status="PASS" starttime="20200824 19:26:12.955" endtime="20200824 19:26:13.100"></status>
</kw>
<kw name="Maximize Browser Window" library="SeleniumLibrary">
<doc>Maximizes current browser window.</doc>
<status status="PASS" starttime="20200824 19:26:13.100" endtime="20200824 19:26:13.219"></status>
</kw>
<kw name="Go To" library="SeleniumLibrary">
<doc>Navigates the current browser window to the provided ``url``.</doc>
<arguments>
<arg>${URL}</arg>
</arguments>
<msg timestamp="20200824 19:26:13.220" level="INFO">Opening url 'https://brainpool.ai/ai-in-business.html'</msg>
<status status="PASS" starttime="20200824 19:26:13.220" endtime="20200824 19:26:17.923"></status>
</kw>
<status status="PASS" starttime="20200824 19:26:03.700" endtime="20200824 19:26:17.924"></status>
</kw>
<kw name="Intialization" library="params">
<kw name="Wait Until Element Is Visible" library="SeleniumLibrary">
<doc>Waits until the element ``locator`` is visible.</doc>
<arguments>
<arg>id=component-2</arg>
<arg>10s</arg>
</arguments>
<status status="PASS" starttime="20200824 19:26:17.926" endtime="20200824 19:26:19.762"></status>
</kw>
<status status="PASS" starttime="20200824 19:26:17.925" endtime="20200824 19:26:19.762"></status>
</kw>
<kw name="Stop" library="params" type="teardown">
<kw name="Close Browser" library="SeleniumLibrary">
<doc>Closes the current browser.</doc>
<status status="PASS" starttime="20200824 19:26:19.764" endtime="20200824 19:26:19.833"></status>
</kw>
<status status="PASS" starttime="20200824 19:26:19.763" endtime="20200824 19:26:19.833"></status>
</kw>
<doc>site accessibility test</doc>
<tags>
<tag>Smoke</tag>
</tags>
<status status="PASS" starttime="20200824 19:26:03.699" endtime="20200824 19:26:19.833" critical="yes"></status>
</test>
<status status="PASS" starttime="20200824 19:26:02.554" endtime="20200824 19:26:19.836"></status>
</suite>
<statistics>
<total>
<stat pass="1" fail="0">Critical Tests</stat>
<stat pass="1" fail="0">All Tests</stat>
</total>
<tag>
<stat pass="1" fail="0">Smoke</stat>
</tag>
<suite>
<stat pass="1" fail="0" id="s1" name="AIBPage">AIBPage</stat>
</suite>
</statistics>
<errors>
</errors>
</robot>
