<?xml version="1.0" encoding="UTF-8"?>
<robot generator="Robot 3.2.1 (Python 3.8.2 on win32)" generated="20200816 22:56:54.189" rpa="false">
<suite id="s1" name="ProductsPage" source="C:\Users\pegAsus\workspace_python\SeleniumTrails\WebSiteTesting\Tests\ProductsPage.robot">
<test id="s1-t1" name="Site accessibility">
<kw name="Start" library="params" type="setup">
<arguments>
<arg>${BROWSER}</arg>
<arg>${URL}</arg>
</arguments>
<kw name="Run Keyword If" library="BuiltIn">
<doc>Runs the given keyword with the given arguments, if ``condition`` is true.</doc>
<arguments>
<arg>"${BROWSER}" == "HeadlessChrome"</arg>
<arg>HeadlessChrome</arg>
<arg>ELSE</arg>
<arg>driver</arg>
<arg>${BROWSER}</arg>
</arguments>
<kw name="driver" library="params">
<arguments>
<arg>${BROWSER}</arg>
</arguments>
<kw name="Create Webdriver" library="SeleniumLibrary">
<doc>Creates an instance of Selenium WebDriver.</doc>
<arguments>
<arg>${BROWSER}</arg>
</arguments>
<msg timestamp="20200816 22:56:54.424" level="INFO">Creating an instance of the Chrome WebDriver.</msg>
<status status="PASS" starttime="20200816 22:56:54.423" endtime="20200816 22:56:57.684"></status>
</kw>
<status status="PASS" starttime="20200816 22:56:54.423" endtime="20200816 22:56:57.684"></status>
</kw>
<status status="PASS" starttime="20200816 22:56:54.423" endtime="20200816 22:56:57.684"></status>
</kw>
<kw name="Set Window Size" library="SeleniumLibrary">
<doc>Sets current windows size to given ``width`` and ``height``.</doc>
<arguments>
<arg>1920</arg>
<arg>1640</arg>
</arguments>
<status status="PASS" starttime="20200816 22:56:57.684" endtime="20200816 22:56:59.822"></status>
</kw>
<kw name="Maximize Browser Window" library="SeleniumLibrary">
<doc>Maximizes current browser window.</doc>
<status status="PASS" starttime="20200816 22:56:59.822" endtime="20200816 22:56:59.950"></status>
</kw>
<kw name="Go To" library="SeleniumLibrary">
<doc>Navigates the current browser window to the provided ``url``.</doc>
<arguments>
<arg>${URL}</arg>
</arguments>
<msg timestamp="20200816 22:56:59.950" level="INFO">Opening url 'https://brainpool.ai/products.html'</msg>
<status status="PASS" starttime="20200816 22:56:59.950" endtime="20200816 22:57:07.340"></status>
</kw>
<status status="PASS" starttime="20200816 22:56:54.422" endtime="20200816 22:57:07.340"></status>
</kw>
<kw name="Intialization" library="params">
<kw name="Wait Until Element Is Visible" library="SeleniumLibrary">
<doc>Waits until the element ``locator`` is visible.</doc>
<arguments>
<arg>id=component-2</arg>
<arg>10s</arg>
</arguments>
<status status="PASS" starttime="20200816 22:57:07.341" endtime="20200816 22:57:08.139"></status>
</kw>
<status status="PASS" starttime="20200816 22:57:07.341" endtime="20200816 22:57:08.140"></status>
</kw>
<kw name="Stop" library="params" type="teardown">
<kw name="Close All Browsers" library="SeleniumLibrary">
<doc>Closes all open browsers and resets the browser cache.</doc>
<status status="PASS" starttime="20200816 22:57:08.140" endtime="20200816 22:57:10.553"></status>
</kw>
<status status="PASS" starttime="20200816 22:57:08.140" endtime="20200816 22:57:10.554"></status>
</kw>
<doc>site accessibility test</doc>
<tags>
<tag>Smoke</tag>
</tags>
<status status="PASS" starttime="20200816 22:56:54.421" endtime="20200816 22:57:10.554" critical="yes"></status>
</test>
<test id="s1-t2" name="GetStarted Button">
<kw name="Start" library="params" type="setup">
<arguments>
<arg>${BROWSER}</arg>
<arg>${URL}</arg>
</arguments>
<kw name="Run Keyword If" library="BuiltIn">
<doc>Runs the given keyword with the given arguments, if ``condition`` is true.</doc>
<arguments>
<arg>"${BROWSER}" == "HeadlessChrome"</arg>
<arg>HeadlessChrome</arg>
<arg>ELSE</arg>
<arg>driver</arg>
<arg>${BROWSER}</arg>
</arguments>
<kw name="driver" library="params">
<arguments>
<arg>${BROWSER}</arg>
</arguments>
<kw name="Create Webdriver" library="SeleniumLibrary">
<doc>Creates an instance of Selenium WebDriver.</doc>
<arguments>
<arg>${BROWSER}</arg>
</arguments>
<msg timestamp="20200816 22:57:10.561" level="INFO">Creating an instance of the Chrome WebDriver.</msg>
<status status="PASS" starttime="20200816 22:57:10.560" endtime="20200816 22:57:13.793"></status>
</kw>
<status status="PASS" starttime="20200816 22:57:10.560" endtime="20200816 22:57:13.793"></status>
</kw>
<status status="PASS" starttime="20200816 22:57:10.560" endtime="20200816 22:57:13.794"></status>
</kw>
<kw name="Set Window Size" library="SeleniumLibrary">
<doc>Sets current windows size to given ``width`` and ``height``.</doc>
<arguments>
<arg>1920</arg>
<arg>1640</arg>
</arguments>
<status status="PASS" starttime="20200816 22:57:13.794" endtime="20200816 22:57:15.924"></status>
</kw>
<kw name="Maximize Browser Window" library="SeleniumLibrary">
<doc>Maximizes current browser window.</doc>
<status status="PASS" starttime="20200816 22:57:15.924" endtime="20200816 22:57:16.053"></status>
</kw>
<kw name="Go To" library="SeleniumLibrary">
<doc>Navigates the current browser window to the provided ``url``.</doc>
<arguments>
<arg>${URL}</arg>
</arguments>
<msg timestamp="20200816 22:57:16.053" level="INFO">Opening url 'https://brainpool.ai/products.html'</msg>
<status status="PASS" starttime="20200816 22:57:16.053" endtime="20200816 22:57:22.706"></status>
</kw>
<status status="PASS" starttime="20200816 22:57:10.559" endtime="20200816 22:57:22.706"></status>
</kw>
<kw name="Get Started" library="OurProducts">
<kw name="Intialization" library="params">
<kw name="Wait Until Element Is Visible" library="SeleniumLibrary">
<doc>Waits until the element ``locator`` is visible.</doc>
<arguments>
<arg>id=component-2</arg>
<arg>10s</arg>
</arguments>
<status status="PASS" starttime="20200816 22:57:22.708" endtime="20200816 22:57:23.572"></status>
</kw>
<status status="PASS" starttime="20200816 22:57:22.708" endtime="20200816 22:57:23.572"></status>
</kw>
<kw name="Buttons" library="params">
<arguments>
<arg>2</arg>
</arguments>
<kw name="Click Button" library="SeleniumLibrary">
<doc>Clicks the button identified by ``locator``.</doc>
<arguments>
<arg>id=component-${ELEMENT}</arg>
</arguments>
<msg timestamp="20200816 22:57:23.573" level="INFO">Clicking button 'id=component-2'.</msg>
<status status="PASS" starttime="20200816 22:57:23.572" endtime="20200816 22:57:23.676"></status>
</kw>
<status status="PASS" starttime="20200816 22:57:23.572" endtime="20200816 22:57:23.677"></status>
</kw>
<status status="PASS" starttime="20200816 22:57:22.707" endtime="20200816 22:57:23.677"></status>
</kw>
<kw name="Stop" library="params" type="teardown">
<kw name="Close All Browsers" library="SeleniumLibrary">
<doc>Closes all open browsers and resets the browser cache.</doc>
<status status="PASS" starttime="20200816 22:57:23.678" endtime="20200816 22:57:25.860"></status>
</kw>
<status status="PASS" starttime="20200816 22:57:23.677" endtime="20200816 22:57:25.860"></status>
</kw>
<doc>Verifies if the GetStarted button is accessible</doc>
<tags>
<tag>OurProductsPageGetStarted</tag>
</tags>
<status status="PASS" starttime="20200816 22:57:10.558" endtime="20200816 22:57:25.861" critical="yes"></status>
</test>
<test id="s1-t3" name="Forbes Logo">
<kw name="Start" library="params" type="setup">
<arguments>
<arg>${BROWSER}</arg>
<arg>${URL}</arg>
</arguments>
<kw name="Run Keyword If" library="BuiltIn">
<doc>Runs the given keyword with the given arguments, if ``condition`` is true.</doc>
<arguments>
<arg>"${BROWSER}" == "HeadlessChrome"</arg>
<arg>HeadlessChrome</arg>
<arg>ELSE</arg>
<arg>driver</arg>
<arg>${BROWSER}</arg>
</arguments>
<kw name="driver" library="params">
<arguments>
<arg>${BROWSER}</arg>
</arguments>
<kw name="Create Webdriver" library="SeleniumLibrary">
<doc>Creates an instance of Selenium WebDriver.</doc>
<arguments>
<arg>${BROWSER}</arg>
</arguments>
<msg timestamp="20200816 22:57:25.866" level="INFO">Creating an instance of the Chrome WebDriver.</msg>
<status status="PASS" starttime="20200816 22:57:25.866" endtime="20200816 22:57:29.100"></status>
</kw>
<status status="PASS" starttime="20200816 22:57:25.865" endtime="20200816 22:57:29.101"></status>
</kw>
<status status="PASS" starttime="20200816 22:57:25.865" endtime="20200816 22:57:29.101"></status>
</kw>
<kw name="Set Window Size" library="SeleniumLibrary">
<doc>Sets current windows size to given ``width`` and ``height``.</doc>
<arguments>
<arg>1920</arg>
<arg>1640</arg>
</arguments>
<status status="PASS" starttime="20200816 22:57:29.101" endtime="20200816 22:57:31.227"></status>
</kw>
<kw name="Maximize Browser Window" library="SeleniumLibrary">
<doc>Maximizes current browser window.</doc>
<status status="PASS" starttime="20200816 22:57:31.227" endtime="20200816 22:57:31.352"></status>
</kw>
<kw name="Go To" library="SeleniumLibrary">
<doc>Navigates the current browser window to the provided ``url``.</doc>
<arguments>
<arg>${URL}</arg>
</arguments>
<msg timestamp="20200816 22:57:31.352" level="INFO">Opening url 'https://brainpool.ai/products.html'</msg>
<status status="PASS" starttime="20200816 22:57:31.352" endtime="20200816 22:57:47.827"></status>
</kw>
<status status="PASS" starttime="20200816 22:57:25.864" endtime="20200816 22:57:47.827"></status>
</kw>
<kw name="Forbes" library="OurProducts">
<kw name="Intialization" library="params">
<kw name="Wait Until Element Is Visible" library="SeleniumLibrary">
<doc>Waits until the element ``locator`` is visible.</doc>
<arguments>
<arg>id=component-2</arg>
<arg>10s</arg>
</arguments>
<kw name="Capture Page Screenshot" library="SeleniumLibrary">
<doc>Takes a screenshot of the current page and embeds it into a log file.</doc>
<msg timestamp="20200816 22:57:58.425" level="INFO" html="yes">&lt;/td&gt;&lt;/tr&gt;&lt;tr&gt;&lt;td colspan="3"&gt;&lt;a href="selenium-screenshot-1.png"&gt;&lt;img src="selenium-screenshot-1.png" width="800px"&gt;&lt;/a&gt;</msg>
<status status="PASS" starttime="20200816 22:57:58.045" endtime="20200816 22:57:58.425"></status>
</kw>
<msg timestamp="20200816 22:57:58.438" level="FAIL">Element 'id=component-2' not visible after 10 seconds.</msg>
<status status="FAIL" starttime="20200816 22:57:47.829" endtime="20200816 22:57:58.438"></status>
</kw>
<status status="FAIL" starttime="20200816 22:57:47.829" endtime="20200816 22:57:58.439"></status>
</kw>
<status status="FAIL" starttime="20200816 22:57:47.828" endtime="20200816 22:57:58.439"></status>
</kw>
<kw name="Stop" library="params" type="teardown">
<kw name="Close All Browsers" library="SeleniumLibrary">
<doc>Closes all open browsers and resets the browser cache.</doc>
<status status="PASS" starttime="20200816 22:57:58.440" endtime="20200816 22:58:00.586"></status>
</kw>
<status status="PASS" starttime="20200816 22:57:58.440" endtime="20200816 22:58:00.586"></status>
</kw>
<doc>Verifies if the Forbes Logo is accessible</doc>
<tags>
<tag>OurProductsPageForbes</tag>
</tags>
<status status="FAIL" starttime="20200816 22:57:25.862" endtime="20200816 22:58:00.588" critical="yes">Element 'id=component-2' not visible after 10 seconds.</status>
</test>
<test id="s1-t4" name="Bloomberg Logo">
<kw name="Start" library="params" type="setup">
<arguments>
<arg>${BROWSER}</arg>
<arg>${URL}</arg>
</arguments>
<kw name="Run Keyword If" library="BuiltIn">
<doc>Runs the given keyword with the given arguments, if ``condition`` is true.</doc>
<arguments>
<arg>"${BROWSER}" == "HeadlessChrome"</arg>
<arg>HeadlessChrome</arg>
<arg>ELSE</arg>
<arg>driver</arg>
<arg>${BROWSER}</arg>
</arguments>
<kw name="driver" library="params">
<arguments>
<arg>${BROWSER}</arg>
</arguments>
<kw name="Create Webdriver" library="SeleniumLibrary">
<doc>Creates an instance of Selenium WebDriver.</doc>
<arguments>
<arg>${BROWSER}</arg>
</arguments>
<msg timestamp="20200816 22:58:00.592" level="INFO">Creating an instance of the Chrome WebDriver.</msg>
<status status="PASS" starttime="20200816 22:58:00.592" endtime="20200816 22:58:03.923"></status>
</kw>
<status status="PASS" starttime="20200816 22:58:00.591" endtime="20200816 22:58:03.923"></status>
</kw>
<status status="PASS" starttime="20200816 22:58:00.591" endtime="20200816 22:58:03.923"></status>
</kw>
<kw name="Set Window Size" library="SeleniumLibrary">
<doc>Sets current windows size to given ``width`` and ``height``.</doc>
<arguments>
<arg>1920</arg>
<arg>1640</arg>
</arguments>
<status status="PASS" starttime="20200816 22:58:03.923" endtime="20200816 22:58:06.052"></status>
</kw>
<kw name="Maximize Browser Window" library="SeleniumLibrary">
<doc>Maximizes current browser window.</doc>
<status status="PASS" starttime="20200816 22:58:06.052" endtime="20200816 22:58:06.181"></status>
</kw>
<kw name="Go To" library="SeleniumLibrary">
<doc>Navigates the current browser window to the provided ``url``.</doc>
<arguments>
<arg>${URL}</arg>
</arguments>
<msg timestamp="20200816 22:58:06.181" level="INFO">Opening url 'https://brainpool.ai/products.html'</msg>
<status status="PASS" starttime="20200816 22:58:06.181" endtime="20200816 22:58:34.363"></status>
</kw>
<status status="PASS" starttime="20200816 22:58:00.591" endtime="20200816 22:58:34.363"></status>
</kw>
<kw name="Bloomberg" library="OurProducts">
<kw name="Intialization" library="params">
<kw name="Wait Until Element Is Visible" library="SeleniumLibrary">
<doc>Waits until the element ``locator`` is visible.</doc>
<arguments>
<arg>id=component-2</arg>
<arg>10s</arg>
</arguments>
<status status="PASS" starttime="20200816 22:58:34.366" endtime="20200816 22:58:35.281"></status>
</kw>
<status status="PASS" starttime="20200816 22:58:34.365" endtime="20200816 22:58:35.281"></status>
</kw>
<kw name="LinkTags" library="params">
<arguments>
<arg>26</arg>
</arguments>
<kw name="Execute Javascript" library="SeleniumLibrary">
<doc>Executes the given JavaScript code with possible arguments.</doc>
<arguments>
<arg>document.querySelectorAll("a")[${POS}].click()</arg>
</arguments>
<msg timestamp="20200816 22:58:35.282" level="INFO">Executing JavaScript:
document.querySelectorAll("a")[26].click()
Without any arguments.</msg>
<status status="PASS" starttime="20200816 22:58:35.281" endtime="20200816 22:58:41.857"></status>
</kw>
<status status="PASS" starttime="20200816 22:58:35.281" endtime="20200816 22:58:41.857"></status>
</kw>
<status status="PASS" starttime="20200816 22:58:34.365" endtime="20200816 22:58:41.858"></status>
</kw>
<kw name="Stop" library="params" type="teardown">
<kw name="Close All Browsers" library="SeleniumLibrary">
<doc>Closes all open browsers and resets the browser cache.</doc>
<status status="PASS" starttime="20200816 22:58:41.859" endtime="20200816 22:58:44.104"></status>
</kw>
<status status="PASS" starttime="20200816 22:58:41.858" endtime="20200816 22:58:44.104"></status>
</kw>
<doc>Verifies if the Bloomberg Logo is accessible</doc>
<tags>
<tag>OurProductsPageBloomberg</tag>
</tags>
<status status="PASS" starttime="20200816 22:58:00.590" endtime="20200816 22:58:44.106" critical="yes"></status>
</test>
<test id="s1-t5" name="Raconteur Logo">
<kw name="Start" library="params" type="setup">
<arguments>
<arg>${BROWSER}</arg>
<arg>${URL}</arg>
</arguments>
<kw name="Run Keyword If" library="BuiltIn">
<doc>Runs the given keyword with the given arguments, if ``condition`` is true.</doc>
<arguments>
<arg>"${BROWSER}" == "HeadlessChrome"</arg>
<arg>HeadlessChrome</arg>
<arg>ELSE</arg>
<arg>driver</arg>
<arg>${BROWSER}</arg>
</arguments>
<kw name="driver" library="params">
<arguments>
<arg>${BROWSER}</arg>
</arguments>
<kw name="Create Webdriver" library="SeleniumLibrary">
<doc>Creates an instance of Selenium WebDriver.</doc>
<arguments>
<arg>${BROWSER}</arg>
</arguments>
<msg timestamp="20200816 22:58:44.110" level="INFO">Creating an instance of the Chrome WebDriver.</msg>
<status status="PASS" starttime="20200816 22:58:44.109" endtime="20200816 22:58:47.391"></status>
</kw>
<status status="PASS" starttime="20200816 22:58:44.109" endtime="20200816 22:58:47.392"></status>
</kw>
<status status="PASS" starttime="20200816 22:58:44.109" endtime="20200816 22:58:47.392"></status>
</kw>
<kw name="Set Window Size" library="SeleniumLibrary">
<doc>Sets current windows size to given ``width`` and ``height``.</doc>
<arguments>
<arg>1920</arg>
<arg>1640</arg>
</arguments>
<status status="PASS" starttime="20200816 22:58:47.392" endtime="20200816 22:58:49.528"></status>
</kw>
<kw name="Maximize Browser Window" library="SeleniumLibrary">
<doc>Maximizes current browser window.</doc>
<status status="PASS" starttime="20200816 22:58:49.528" endtime="20200816 22:58:49.672"></status>
</kw>
<kw name="Go To" library="SeleniumLibrary">
<doc>Navigates the current browser window to the provided ``url``.</doc>
<arguments>
<arg>${URL}</arg>
</arguments>
<msg timestamp="20200816 22:58:49.673" level="INFO">Opening url 'https://brainpool.ai/products.html'</msg>
<status status="PASS" starttime="20200816 22:58:49.672" endtime="20200816 22:58:53.887"></status>
</kw>
<status status="PASS" starttime="20200816 22:58:44.108" endtime="20200816 22:58:53.888"></status>
</kw>
<kw name="Raconteur" library="OurProducts">
<kw name="Intialization" library="params">
<kw name="Wait Until Element Is Visible" library="SeleniumLibrary">
<doc>Waits until the element ``locator`` is visible.</doc>
<arguments>
<arg>id=component-2</arg>
<arg>10s</arg>
</arguments>
<status status="PASS" starttime="20200816 22:58:53.891" endtime="20200816 22:58:54.736"></status>
</kw>
<status status="PASS" starttime="20200816 22:58:53.890" endtime="20200816 22:58:54.736"></status>
</kw>
<kw name="LinkTags" library="params">
<arguments>
<arg>27</arg>
</arguments>
<kw name="Execute Javascript" library="SeleniumLibrary">
<doc>Executes the given JavaScript code with possible arguments.</doc>
<arguments>
<arg>document.querySelectorAll("a")[${POS}].click()</arg>
</arguments>
<msg timestamp="20200816 22:58:54.742" level="INFO">Executing JavaScript:
document.querySelectorAll("a")[27].click()
Without any arguments.</msg>
<status status="PASS" starttime="20200816 22:58:54.740" endtime="20200816 22:58:58.412"></status>
</kw>
<status status="PASS" starttime="20200816 22:58:54.737" endtime="20200816 22:58:58.412"></status>
</kw>
<status status="PASS" starttime="20200816 22:58:53.889" endtime="20200816 22:58:58.412"></status>
</kw>
<kw name="Stop" library="params" type="teardown">
<kw name="Close All Browsers" library="SeleniumLibrary">
<doc>Closes all open browsers and resets the browser cache.</doc>
<status status="PASS" starttime="20200816 22:58:58.413" endtime="20200816 22:59:00.641"></status>
</kw>
<status status="PASS" starttime="20200816 22:58:58.413" endtime="20200816 22:59:00.641"></status>
</kw>
<doc>Verifies if the Raconteur Logo is accessible</doc>
<tags>
<tag>OurProductsPageRaconteur</tag>
</tags>
<status status="PASS" starttime="20200816 22:58:44.108" endtime="20200816 22:59:00.642" critical="yes"></status>
</test>
<test id="s1-t6" name="Medium Logo">
<kw name="Start" library="params" type="setup">
<arguments>
<arg>${BROWSER}</arg>
<arg>${URL}</arg>
</arguments>
<kw name="Run Keyword If" library="BuiltIn">
<doc>Runs the given keyword with the given arguments, if ``condition`` is true.</doc>
<arguments>
<arg>"${BROWSER}" == "HeadlessChrome"</arg>
<arg>HeadlessChrome</arg>
<arg>ELSE</arg>
<arg>driver</arg>
<arg>${BROWSER}</arg>
</arguments>
<kw name="driver" library="params">
<arguments>
<arg>${BROWSER}</arg>
</arguments>
<kw name="Create Webdriver" library="SeleniumLibrary">
<doc>Creates an instance of Selenium WebDriver.</doc>
<arguments>
<arg>${BROWSER}</arg>
</arguments>
<msg timestamp="20200816 22:59:00.647" level="INFO">Creating an instance of the Chrome WebDriver.</msg>
<status status="PASS" starttime="20200816 22:59:00.647" endtime="20200816 22:59:03.922"></status>
</kw>
<status status="PASS" starttime="20200816 22:59:00.646" endtime="20200816 22:59:03.922"></status>
</kw>
<status status="PASS" starttime="20200816 22:59:00.646" endtime="20200816 22:59:03.922"></status>
</kw>
<kw name="Set Window Size" library="SeleniumLibrary">
<doc>Sets current windows size to given ``width`` and ``height``.</doc>
<arguments>
<arg>1920</arg>
<arg>1640</arg>
</arguments>
<status status="PASS" starttime="20200816 22:59:03.923" endtime="20200816 22:59:06.051"></status>
</kw>
<kw name="Maximize Browser Window" library="SeleniumLibrary">
<doc>Maximizes current browser window.</doc>
<status status="PASS" starttime="20200816 22:59:06.052" endtime="20200816 22:59:06.182"></status>
</kw>
<kw name="Go To" library="SeleniumLibrary">
<doc>Navigates the current browser window to the provided ``url``.</doc>
<arguments>
<arg>${URL}</arg>
</arguments>
<msg timestamp="20200816 22:59:06.183" level="INFO">Opening url 'https://brainpool.ai/products.html'</msg>
<status status="PASS" starttime="20200816 22:59:06.182" endtime="20200816 22:59:12.423"></status>
</kw>
<status status="PASS" starttime="20200816 22:59:00.646" endtime="20200816 22:59:12.424"></status>
</kw>
<kw name="Medium" library="OurProducts">
<kw name="Intialization" library="params">
<kw name="Wait Until Element Is Visible" library="SeleniumLibrary">
<doc>Waits until the element ``locator`` is visible.</doc>
<arguments>
<arg>id=component-2</arg>
<arg>10s</arg>
</arguments>
<status status="PASS" starttime="20200816 22:59:12.427" endtime="20200816 22:59:13.248"></status>
</kw>
<status status="PASS" starttime="20200816 22:59:12.426" endtime="20200816 22:59:13.248"></status>
</kw>
<kw name="LinkTags" library="params">
<arguments>
<arg>28</arg>
</arguments>
<kw name="Execute Javascript" library="SeleniumLibrary">
<doc>Executes the given JavaScript code with possible arguments.</doc>
<arguments>
<arg>document.querySelectorAll("a")[${POS}].click()</arg>
</arguments>
<msg timestamp="20200816 22:59:13.249" level="INFO">Executing JavaScript:
document.querySelectorAll("a")[28].click()
Without any arguments.</msg>
<status status="PASS" starttime="20200816 22:59:13.248" endtime="20200816 22:59:24.561"></status>
</kw>
<status status="PASS" starttime="20200816 22:59:13.248" endtime="20200816 22:59:24.562"></status>
</kw>
<status status="PASS" starttime="20200816 22:59:12.425" endtime="20200816 22:59:24.562"></status>
</kw>
<kw name="Stop" library="params" type="teardown">
<kw name="Close All Browsers" library="SeleniumLibrary">
<doc>Closes all open browsers and resets the browser cache.</doc>
<status status="PASS" starttime="20200816 22:59:24.564" endtime="20200816 22:59:26.751"></status>
</kw>
<status status="PASS" starttime="20200816 22:59:24.563" endtime="20200816 22:59:26.751"></status>
</kw>
<doc>Verifies if the Medium Logo is accessible</doc>
<tags>
<tag>OurProductsPageMedium</tag>
</tags>
<status status="PASS" starttime="20200816 22:59:00.644" endtime="20200816 22:59:26.752" critical="yes"></status>
</test>
<test id="s1-t7" name="AI Business Logo">
<kw name="Start" library="params" type="setup">
<arguments>
<arg>${BROWSER}</arg>
<arg>${URL}</arg>
</arguments>
<kw name="Run Keyword If" library="BuiltIn">
<doc>Runs the given keyword with the given arguments, if ``condition`` is true.</doc>
<arguments>
<arg>"${BROWSER}" == "HeadlessChrome"</arg>
<arg>HeadlessChrome</arg>
<arg>ELSE</arg>
<arg>driver</arg>
<arg>${BROWSER}</arg>
</arguments>
<kw name="driver" library="params">
<arguments>
<arg>${BROWSER}</arg>
</arguments>
<kw name="Create Webdriver" library="SeleniumLibrary">
<doc>Creates an instance of Selenium WebDriver.</doc>
<arguments>
<arg>${BROWSER}</arg>
</arguments>
<msg timestamp="20200816 22:59:26.757" level="INFO">Creating an instance of the Chrome WebDriver.</msg>
<status status="PASS" starttime="20200816 22:59:26.756" endtime="20200816 22:59:29.982"></status>
</kw>
<status status="PASS" starttime="20200816 22:59:26.756" endtime="20200816 22:59:29.982"></status>
</kw>
<status status="PASS" starttime="20200816 22:59:26.755" endtime="20200816 22:59:29.982"></status>
</kw>
<kw name="Set Window Size" library="SeleniumLibrary">
<doc>Sets current windows size to given ``width`` and ``height``.</doc>
<arguments>
<arg>1920</arg>
<arg>1640</arg>
</arguments>
<status status="PASS" starttime="20200816 22:59:29.983" endtime="20200816 22:59:32.110"></status>
</kw>
<kw name="Maximize Browser Window" library="SeleniumLibrary">
<doc>Maximizes current browser window.</doc>
<status status="PASS" starttime="20200816 22:59:32.110" endtime="20200816 22:59:32.237"></status>
</kw>
<kw name="Go To" library="SeleniumLibrary">
<doc>Navigates the current browser window to the provided ``url``.</doc>
<arguments>
<arg>${URL}</arg>
</arguments>
<msg timestamp="20200816 22:59:32.238" level="INFO">Opening url 'https://brainpool.ai/products.html'</msg>
<status status="PASS" starttime="20200816 22:59:32.238" endtime="20200816 22:59:52.735"></status>
</kw>
<status status="PASS" starttime="20200816 22:59:26.755" endtime="20200816 22:59:52.735"></status>
</kw>
<kw name="AI Business" library="OurProducts">
<kw name="Intialization" library="params">
<kw name="Wait Until Element Is Visible" library="SeleniumLibrary">
<doc>Waits until the element ``locator`` is visible.</doc>
<arguments>
<arg>id=component-2</arg>
<arg>10s</arg>
</arguments>
<status status="PASS" starttime="20200816 22:59:52.739" endtime="20200816 22:59:53.493"></status>
</kw>
<status status="PASS" starttime="20200816 22:59:52.739" endtime="20200816 22:59:53.494"></status>
</kw>
<kw name="LinkTags" library="params">
<arguments>
<arg>29</arg>
</arguments>
<kw name="Execute Javascript" library="SeleniumLibrary">
<doc>Executes the given JavaScript code with possible arguments.</doc>
<arguments>
<arg>document.querySelectorAll("a")[${POS}].click()</arg>
</arguments>
<msg timestamp="20200816 22:59:53.495" level="INFO">Executing JavaScript:
document.querySelectorAll("a")[29].click()
Without any arguments.</msg>
<status status="PASS" starttime="20200816 22:59:53.494" endtime="20200816 22:59:58.933"></status>
</kw>
<status status="PASS" starttime="20200816 22:59:53.494" endtime="20200816 22:59:58.934"></status>
</kw>
<status status="PASS" starttime="20200816 22:59:52.738" endtime="20200816 22:59:58.934"></status>
</kw>
<kw name="Stop" library="params" type="teardown">
<kw name="Close All Browsers" library="SeleniumLibrary">
<doc>Closes all open browsers and resets the browser cache.</doc>
<status status="PASS" starttime="20200816 22:59:58.935" endtime="20200816 23:00:01.135"></status>
</kw>
<status status="PASS" starttime="20200816 22:59:58.935" endtime="20200816 23:00:01.135"></status>
</kw>
<doc>Verifies if the AI Business Logo is accessible</doc>
<tags>
<tag>OurProductsPageAIBusiness</tag>
</tags>
<status status="PASS" starttime="20200816 22:59:26.754" endtime="20200816 23:00:01.146" critical="yes"></status>
</test>
<test id="s1-t8" name="The Stack Logo">
<kw name="Start" library="params" type="setup">
<arguments>
<arg>${BROWSER}</arg>
<arg>${URL}</arg>
</arguments>
<kw name="Run Keyword If" library="BuiltIn">
<doc>Runs the given keyword with the given arguments, if ``condition`` is true.</doc>
<arguments>
<arg>"${BROWSER}" == "HeadlessChrome"</arg>
<arg>HeadlessChrome</arg>
<arg>ELSE</arg>
<arg>driver</arg>
<arg>${BROWSER}</arg>
</arguments>
<kw name="driver" library="params">
<arguments>
<arg>${BROWSER}</arg>
</arguments>
<kw name="Create Webdriver" library="SeleniumLibrary">
<doc>Creates an instance of Selenium WebDriver.</doc>
<arguments>
<arg>${BROWSER}</arg>
</arguments>
<msg timestamp="20200816 23:00:01.152" level="INFO">Creating an instance of the Chrome WebDriver.</msg>
<status status="PASS" starttime="20200816 23:00:01.152" endtime="20200816 23:00:05.838"></status>
</kw>
<status status="PASS" starttime="20200816 23:00:01.151" endtime="20200816 23:00:05.838"></status>
</kw>
<status status="PASS" starttime="20200816 23:00:01.151" endtime="20200816 23:00:05.838"></status>
</kw>
<kw name="Set Window Size" library="SeleniumLibrary">
<doc>Sets current windows size to given ``width`` and ``height``.</doc>
<arguments>
<arg>1920</arg>
<arg>1640</arg>
</arguments>
<status status="PASS" starttime="20200816 23:00:05.839" endtime="20200816 23:00:07.973"></status>
</kw>
<kw name="Maximize Browser Window" library="SeleniumLibrary">
<doc>Maximizes current browser window.</doc>
<status status="PASS" starttime="20200816 23:00:07.973" endtime="20200816 23:00:08.093"></status>
</kw>
<kw name="Go To" library="SeleniumLibrary">
<doc>Navigates the current browser window to the provided ``url``.</doc>
<arguments>
<arg>${URL}</arg>
</arguments>
<msg timestamp="20200816 23:00:08.094" level="INFO">Opening url 'https://brainpool.ai/products.html'</msg>
<status status="PASS" starttime="20200816 23:00:08.093" endtime="20200816 23:00:12.495"></status>
</kw>
<status status="PASS" starttime="20200816 23:00:01.150" endtime="20200816 23:00:12.495"></status>
</kw>
<kw name="The Stack" library="OurProducts">
<kw name="Intialization" library="params">
<kw name="Wait Until Element Is Visible" library="SeleniumLibrary">
<doc>Waits until the element ``locator`` is visible.</doc>
<arguments>
<arg>id=component-2</arg>
<arg>10s</arg>
</arguments>
<status status="PASS" starttime="20200816 23:00:12.496" endtime="20200816 23:00:13.392"></status>
</kw>
<status status="PASS" starttime="20200816 23:00:12.496" endtime="20200816 23:00:13.392"></status>
</kw>
<kw name="LinkTags" library="params">
<arguments>
<arg>30</arg>
</arguments>
<kw name="Execute Javascript" library="SeleniumLibrary">
<doc>Executes the given JavaScript code with possible arguments.</doc>
<arguments>
<arg>document.querySelectorAll("a")[${POS}].click()</arg>
</arguments>
<msg timestamp="20200816 23:00:13.393" level="INFO">Executing JavaScript:
document.querySelectorAll("a")[30].click()
Without any arguments.</msg>
<status status="PASS" starttime="20200816 23:00:13.393" endtime="20200816 23:00:14.457"></status>
</kw>
<status status="PASS" starttime="20200816 23:00:13.392" endtime="20200816 23:00:14.459"></status>
</kw>
<status status="PASS" starttime="20200816 23:00:12.496" endtime="20200816 23:00:14.459"></status>
</kw>
<kw name="Stop" library="params" type="teardown">
<kw name="Close All Browsers" library="SeleniumLibrary">
<doc>Closes all open browsers and resets the browser cache.</doc>
<status status="PASS" starttime="20200816 23:00:14.461" endtime="20200816 23:00:16.646"></status>
</kw>
<status status="PASS" starttime="20200816 23:00:14.460" endtime="20200816 23:00:16.646"></status>
</kw>
<doc>Verifies if the The Stack Logo is accessible</doc>
<tags>
<tag>OurProductsPageThe Stack</tag>
</tags>
<status status="PASS" starttime="20200816 23:00:01.149" endtime="20200816 23:00:16.647" critical="yes"></status>
</test>
<test id="s1-t9" name="Daisy">
<kw name="Start" library="params" type="setup">
<arguments>
<arg>${BROWSER}</arg>
<arg>${URL}</arg>
</arguments>
<kw name="Run Keyword If" library="BuiltIn">
<doc>Runs the given keyword with the given arguments, if ``condition`` is true.</doc>
<arguments>
<arg>"${BROWSER}" == "HeadlessChrome"</arg>
<arg>HeadlessChrome</arg>
<arg>ELSE</arg>
<arg>driver</arg>
<arg>${BROWSER}</arg>
</arguments>
<kw name="driver" library="params">
<arguments>
<arg>${BROWSER}</arg>
</arguments>
<kw name="Create Webdriver" library="SeleniumLibrary">
<doc>Creates an instance of Selenium WebDriver.</doc>
<arguments>
<arg>${BROWSER}</arg>
</arguments>
<msg timestamp="20200816 23:00:16.652" level="INFO">Creating an instance of the Chrome WebDriver.</msg>
<status status="PASS" starttime="20200816 23:00:16.652" endtime="20200816 23:00:19.879"></status>
</kw>
<status status="PASS" starttime="20200816 23:00:16.651" endtime="20200816 23:00:19.880"></status>
</kw>
<status status="PASS" starttime="20200816 23:00:16.651" endtime="20200816 23:00:19.880"></status>
</kw>
<kw name="Set Window Size" library="SeleniumLibrary">
<doc>Sets current windows size to given ``width`` and ``height``.</doc>
<arguments>
<arg>1920</arg>
<arg>1640</arg>
</arguments>
<status status="PASS" starttime="20200816 23:00:19.880" endtime="20200816 23:00:22.012"></status>
</kw>
<kw name="Maximize Browser Window" library="SeleniumLibrary">
<doc>Maximizes current browser window.</doc>
<status status="PASS" starttime="20200816 23:00:22.012" endtime="20200816 23:00:22.135"></status>
</kw>
<kw name="Go To" library="SeleniumLibrary">
<doc>Navigates the current browser window to the provided ``url``.</doc>
<arguments>
<arg>${URL}</arg>
</arguments>
<msg timestamp="20200816 23:00:22.135" level="INFO">Opening url 'https://brainpool.ai/products.html'</msg>
<status status="PASS" starttime="20200816 23:00:22.135" endtime="20200816 23:00:37.104"></status>
</kw>
<status status="PASS" starttime="20200816 23:00:16.651" endtime="20200816 23:00:37.104"></status>
</kw>
<kw name="ProductsDaisy" library="OurProducts">
<kw name="Intialization" library="params">
<kw name="Wait Until Element Is Visible" library="SeleniumLibrary">
<doc>Waits until the element ``locator`` is visible.</doc>
<arguments>
<arg>id=component-2</arg>
<arg>10s</arg>
</arguments>
<status status="PASS" starttime="20200816 23:00:37.106" endtime="20200816 23:00:37.874"></status>
</kw>
<status status="PASS" starttime="20200816 23:00:37.106" endtime="20200816 23:00:37.874"></status>
</kw>
<kw name="Click Link" library="SeleniumLibrary">
<doc>Clicks a link identified by ``locator``.</doc>
<arguments>
<arg>https://daisy.ai/</arg>
</arguments>
<msg timestamp="20200816 23:00:37.875" level="INFO">Clicking link 'https://daisy.ai/'.</msg>
<status status="PASS" starttime="20200816 23:00:37.875" endtime="20200816 23:00:45.697"></status>
</kw>
<status status="PASS" starttime="20200816 23:00:37.105" endtime="20200816 23:00:45.698"></status>
</kw>
<kw name="Stop" library="params" type="teardown">
<kw name="Close All Browsers" library="SeleniumLibrary">
<doc>Closes all open browsers and resets the browser cache.</doc>
<status status="PASS" starttime="20200816 23:00:45.699" endtime="20200816 23:00:47.901"></status>
</kw>
<status status="PASS" starttime="20200816 23:00:45.698" endtime="20200816 23:00:47.901"></status>
</kw>
<doc>Verifies if the Daisy is accessible</doc>
<tags>
<tag>OurProductsPageProductsDaisy</tag>
</tags>
<status status="PASS" starttime="20200816 23:00:16.649" endtime="20200816 23:00:47.902" critical="yes"></status>
</test>
<test id="s1-t10" name="Forstack">
<kw name="Start" library="params" type="setup">
<arguments>
<arg>${BROWSER}</arg>
<arg>${URL}</arg>
</arguments>
<kw name="Run Keyword If" library="BuiltIn">
<doc>Runs the given keyword with the given arguments, if ``condition`` is true.</doc>
<arguments>
<arg>"${BROWSER}" == "HeadlessChrome"</arg>
<arg>HeadlessChrome</arg>
<arg>ELSE</arg>
<arg>driver</arg>
<arg>${BROWSER}</arg>
</arguments>
<kw name="driver" library="params">
<arguments>
<arg>${BROWSER}</arg>
</arguments>
<kw name="Create Webdriver" library="SeleniumLibrary">
<doc>Creates an instance of Selenium WebDriver.</doc>
<arguments>
<arg>${BROWSER}</arg>
</arguments>
<msg timestamp="20200816 23:00:47.907" level="INFO">Creating an instance of the Chrome WebDriver.</msg>
<status status="PASS" starttime="20200816 23:00:47.907" endtime="20200816 23:00:51.194"></status>
</kw>
<status status="PASS" starttime="20200816 23:00:47.906" endtime="20200816 23:00:51.195"></status>
</kw>
<status status="PASS" starttime="20200816 23:00:47.906" endtime="20200816 23:00:51.195"></status>
</kw>
<kw name="Set Window Size" library="SeleniumLibrary">
<doc>Sets current windows size to given ``width`` and ``height``.</doc>
<arguments>
<arg>1920</arg>
<arg>1640</arg>
</arguments>
<status status="PASS" starttime="20200816 23:00:51.195" endtime="20200816 23:00:53.326"></status>
</kw>
<kw name="Maximize Browser Window" library="SeleniumLibrary">
<doc>Maximizes current browser window.</doc>
<status status="PASS" starttime="20200816 23:00:53.326" endtime="20200816 23:00:53.545"></status>
</kw>
<kw name="Go To" library="SeleniumLibrary">
<doc>Navigates the current browser window to the provided ``url``.</doc>
<arguments>
<arg>${URL}</arg>
</arguments>
<msg timestamp="20200816 23:00:53.546" level="INFO">Opening url 'https://brainpool.ai/products.html'</msg>
<status status="PASS" starttime="20200816 23:00:53.545" endtime="20200816 23:01:00.393"></status>
</kw>
<status status="PASS" starttime="20200816 23:00:47.905" endtime="20200816 23:01:00.394"></status>
</kw>
<kw name="ProductsForstack" library="OurProducts">
<kw name="Intialization" library="params">
<kw name="Wait Until Element Is Visible" library="SeleniumLibrary">
<doc>Waits until the element ``locator`` is visible.</doc>
<arguments>
<arg>id=component-2</arg>
<arg>10s</arg>
</arguments>
<status status="PASS" starttime="20200816 23:01:00.397" endtime="20200816 23:01:01.153"></status>
</kw>
<status status="PASS" starttime="20200816 23:01:00.397" endtime="20200816 23:01:01.153"></status>
</kw>
<kw name="Click Link" library="SeleniumLibrary">
<doc>Clicks a link identified by ``locator``.</doc>
<arguments>
<arg>https://forstack.brainpool.ai</arg>
</arguments>
<msg timestamp="20200816 23:01:01.154" level="INFO">Clicking link 'https://forstack.brainpool.ai'.</msg>
<status status="PASS" starttime="20200816 23:01:01.153" endtime="20200816 23:01:33.188"></status>
</kw>
<status status="PASS" starttime="20200816 23:01:00.395" endtime="20200816 23:01:33.189"></status>
</kw>
<kw name="Stop" library="params" type="teardown">
<kw name="Close All Browsers" library="SeleniumLibrary">
<doc>Closes all open browsers and resets the browser cache.</doc>
<status status="PASS" starttime="20200816 23:01:33.190" endtime="20200816 23:01:35.397"></status>
</kw>
<status status="PASS" starttime="20200816 23:01:33.189" endtime="20200816 23:01:35.397"></status>
</kw>
<doc>Verifies if the Forstack is accessible</doc>
<tags>
<tag>OurProductsPageProductsForstack</tag>
</tags>
<status status="PASS" starttime="20200816 23:00:47.905" endtime="20200816 23:01:35.398" critical="yes"></status>
</test>
<test id="s1-t11" name="Daisytext">
<kw name="Start" library="params" type="setup">
<arguments>
<arg>${BROWSER}</arg>
<arg>${URL}</arg>
</arguments>
<kw name="Run Keyword If" library="BuiltIn">
<doc>Runs the given keyword with the given arguments, if ``condition`` is true.</doc>
<arguments>
<arg>"${BROWSER}" == "HeadlessChrome"</arg>
<arg>HeadlessChrome</arg>
<arg>ELSE</arg>
<arg>driver</arg>
<arg>${BROWSER}</arg>
</arguments>
<kw name="driver" library="params">
<arguments>
<arg>${BROWSER}</arg>
</arguments>
<kw name="Create Webdriver" library="SeleniumLibrary">
<doc>Creates an instance of Selenium WebDriver.</doc>
<arguments>
<arg>${BROWSER}</arg>
</arguments>
<msg timestamp="20200816 23:01:35.403" level="INFO">Creating an instance of the Chrome WebDriver.</msg>
<status status="PASS" starttime="20200816 23:01:35.402" endtime="20200816 23:01:38.695"></status>
</kw>
<status status="PASS" starttime="20200816 23:01:35.401" endtime="20200816 23:01:38.696"></status>
</kw>
<status status="PASS" starttime="20200816 23:01:35.401" endtime="20200816 23:01:38.696"></status>
</kw>
<kw name="Set Window Size" library="SeleniumLibrary">
<doc>Sets current windows size to given ``width`` and ``height``.</doc>
<arguments>
<arg>1920</arg>
<arg>1640</arg>
</arguments>
<status status="PASS" starttime="20200816 23:01:38.696" endtime="20200816 23:01:40.825"></status>
</kw>
<kw name="Maximize Browser Window" library="SeleniumLibrary">
<doc>Maximizes current browser window.</doc>
<status status="PASS" starttime="20200816 23:01:40.826" endtime="20200816 23:01:40.944"></status>
</kw>
<kw name="Go To" library="SeleniumLibrary">
<doc>Navigates the current browser window to the provided ``url``.</doc>
<arguments>
<arg>${URL}</arg>
</arguments>
<msg timestamp="20200816 23:01:40.944" level="INFO">Opening url 'https://brainpool.ai/products.html'</msg>
<status status="PASS" starttime="20200816 23:01:40.944" endtime="20200816 23:01:54.820"></status>
</kw>
<status status="PASS" starttime="20200816 23:01:35.401" endtime="20200816 23:01:54.820"></status>
</kw>
<kw name="Daisy" library="OurProducts">
<kw name="Intialization" library="params">
<kw name="Wait Until Element Is Visible" library="SeleniumLibrary">
<doc>Waits until the element ``locator`` is visible.</doc>
<arguments>
<arg>id=component-2</arg>
<arg>10s</arg>
</arguments>
<status status="PASS" starttime="20200816 23:01:54.823" endtime="20200816 23:01:55.582"></status>
</kw>
<status status="PASS" starttime="20200816 23:01:54.822" endtime="20200816 23:01:55.583"></status>
</kw>
<kw name="Click Element" library="SeleniumLibrary">
<doc>Click the element identified by ``locator``.</doc>
<arguments>
<arg>//a[contains(text(),'What is Daisy?')]</arg>
</arguments>
<msg timestamp="20200816 23:01:55.584" level="INFO">Clicking element '//a[contains(text(),'What is Daisy?')]'.</msg>
<status status="PASS" starttime="20200816 23:01:55.583" endtime="20200816 23:02:02.410"></status>
</kw>
<status status="PASS" starttime="20200816 23:01:54.821" endtime="20200816 23:02:02.411"></status>
</kw>
<kw name="Stop" library="params" type="teardown">
<kw name="Close All Browsers" library="SeleniumLibrary">
<doc>Closes all open browsers and resets the browser cache.</doc>
<status status="PASS" starttime="20200816 23:02:02.413" endtime="20200816 23:02:04.609"></status>
</kw>
<status status="PASS" starttime="20200816 23:02:02.412" endtime="20200816 23:02:04.609"></status>
</kw>
<doc>Verifies if the Daisy text is accessible</doc>
<tags>
<tag>OurProductsPageDaisytext</tag>
</tags>
<status status="PASS" starttime="20200816 23:01:35.400" endtime="20200816 23:02:04.609" critical="yes"></status>
</test>
<test id="s1-t12" name="Forstacktext">
<kw name="Start" library="params" type="setup">
<arguments>
<arg>${BROWSER}</arg>
<arg>${URL}</arg>
</arguments>
<kw name="Run Keyword If" library="BuiltIn">
<doc>Runs the given keyword with the given arguments, if ``condition`` is true.</doc>
<arguments>
<arg>"${BROWSER}" == "HeadlessChrome"</arg>
<arg>HeadlessChrome</arg>
<arg>ELSE</arg>
<arg>driver</arg>
<arg>${BROWSER}</arg>
</arguments>
<kw name="driver" library="params">
<arguments>
<arg>${BROWSER}</arg>
</arguments>
<kw name="Create Webdriver" library="SeleniumLibrary">
<doc>Creates an instance of Selenium WebDriver.</doc>
<arguments>
<arg>${BROWSER}</arg>
</arguments>
<msg timestamp="20200816 23:02:04.613" level="INFO">Creating an instance of the Chrome WebDriver.</msg>
<status status="PASS" starttime="20200816 23:02:04.613" endtime="20200816 23:02:07.874"></status>
</kw>
<status status="PASS" starttime="20200816 23:02:04.612" endtime="20200816 23:02:07.874"></status>
</kw>
<status status="PASS" starttime="20200816 23:02:04.612" endtime="20200816 23:02:07.874"></status>
</kw>
<kw name="Set Window Size" library="SeleniumLibrary">
<doc>Sets current windows size to given ``width`` and ``height``.</doc>
<arguments>
<arg>1920</arg>
<arg>1640</arg>
</arguments>
<status status="PASS" starttime="20200816 23:02:07.874" endtime="20200816 23:02:10.013"></status>
</kw>
<kw name="Maximize Browser Window" library="SeleniumLibrary">
<doc>Maximizes current browser window.</doc>
<status status="PASS" starttime="20200816 23:02:10.014" endtime="20200816 23:02:10.133"></status>
</kw>
<kw name="Go To" library="SeleniumLibrary">
<doc>Navigates the current browser window to the provided ``url``.</doc>
<arguments>
<arg>${URL}</arg>
</arguments>
<msg timestamp="20200816 23:02:10.134" level="INFO">Opening url 'https://brainpool.ai/products.html'</msg>
<status status="PASS" starttime="20200816 23:02:10.133" endtime="20200816 23:02:20.066"></status>
</kw>
<status status="PASS" starttime="20200816 23:02:04.612" endtime="20200816 23:02:20.066"></status>
</kw>
<kw name="Forstack" library="OurProducts">
<kw name="Intialization" library="params">
<kw name="Wait Until Element Is Visible" library="SeleniumLibrary">
<doc>Waits until the element ``locator`` is visible.</doc>
<arguments>
<arg>id=component-2</arg>
<arg>10s</arg>
</arguments>
<status status="PASS" starttime="20200816 23:02:20.070" endtime="20200816 23:02:20.910"></status>
</kw>
<status status="PASS" starttime="20200816 23:02:20.068" endtime="20200816 23:02:20.911"></status>
</kw>
<kw name="Click Element" library="SeleniumLibrary">
<doc>Click the element identified by ``locator``.</doc>
<arguments>
<arg>//a[contains(text(),'What is Forstack?​​​​')]</arg>
</arguments>
<msg timestamp="20200816 23:02:20.912" level="INFO">Clicking element '//a[contains(text(),'What is Forstack?​​​​')]'.</msg>
<status status="PASS" starttime="20200816 23:02:20.911" endtime="20200816 23:02:25.412"></status>
</kw>
<status status="PASS" starttime="20200816 23:02:20.067" endtime="20200816 23:02:25.412"></status>
</kw>
<kw name="Stop" library="params" type="teardown">
<kw name="Close All Browsers" library="SeleniumLibrary">
<doc>Closes all open browsers and resets the browser cache.</doc>
<status status="PASS" starttime="20200816 23:02:25.413" endtime="20200816 23:02:27.604"></status>
</kw>
<status status="PASS" starttime="20200816 23:02:25.412" endtime="20200816 23:02:27.604"></status>
</kw>
<doc>Verifies if the Forstack text is accessible</doc>
<tags>
<tag>OurProductsPageForstacktext</tag>
</tags>
<status status="PASS" starttime="20200816 23:02:04.611" endtime="20200816 23:02:27.605" critical="yes"></status>
</test>
<test id="s1-t13" name="ContactAction">
<kw name="Start" library="params" type="setup">
<arguments>
<arg>${BROWSER}</arg>
<arg>${URL}</arg>
</arguments>
<kw name="Run Keyword If" library="BuiltIn">
<doc>Runs the given keyword with the given arguments, if ``condition`` is true.</doc>
<arguments>
<arg>"${BROWSER}" == "HeadlessChrome"</arg>
<arg>HeadlessChrome</arg>
<arg>ELSE</arg>
<arg>driver</arg>
<arg>${BROWSER}</arg>
</arguments>
<kw name="driver" library="params">
<arguments>
<arg>${BROWSER}</arg>
</arguments>
<kw name="Create Webdriver" library="SeleniumLibrary">
<doc>Creates an instance of Selenium WebDriver.</doc>
<arguments>
<arg>${BROWSER}</arg>
</arguments>
<msg timestamp="20200816 23:02:27.610" level="INFO">Creating an instance of the Chrome WebDriver.</msg>
<status status="PASS" starttime="20200816 23:02:27.610" endtime="20200816 23:02:30.924"></status>
</kw>
<status status="PASS" starttime="20200816 23:02:27.609" endtime="20200816 23:02:30.924"></status>
</kw>
<status status="PASS" starttime="20200816 23:02:27.609" endtime="20200816 23:02:30.924"></status>
</kw>
<kw name="Set Window Size" library="SeleniumLibrary">
<doc>Sets current windows size to given ``width`` and ``height``.</doc>
<arguments>
<arg>1920</arg>
<arg>1640</arg>
</arguments>
<status status="PASS" starttime="20200816 23:02:30.924" endtime="20200816 23:02:33.059"></status>
</kw>
<kw name="Maximize Browser Window" library="SeleniumLibrary">
<doc>Maximizes current browser window.</doc>
<status status="PASS" starttime="20200816 23:02:33.060" endtime="20200816 23:02:33.237"></status>
</kw>
<kw name="Go To" library="SeleniumLibrary">
<doc>Navigates the current browser window to the provided ``url``.</doc>
<arguments>
<arg>${URL}</arg>
</arguments>
<msg timestamp="20200816 23:02:33.238" level="INFO">Opening url 'https://brainpool.ai/products.html'</msg>
<status status="PASS" starttime="20200816 23:02:33.237" endtime="20200816 23:02:40.246"></status>
</kw>
<status status="PASS" starttime="20200816 23:02:27.608" endtime="20200816 23:02:40.247"></status>
</kw>
<kw name="contactAction" library="OurProducts">
<kw name="Intialization" library="params">
<kw name="Wait Until Element Is Visible" library="SeleniumLibrary">
<doc>Waits until the element ``locator`` is visible.</doc>
<arguments>
<arg>id=component-2</arg>
<arg>10s</arg>
</arguments>
<status status="PASS" starttime="20200816 23:02:40.249" endtime="20200816 23:02:41.118"></status>
</kw>
<status status="PASS" starttime="20200816 23:02:40.249" endtime="20200816 23:02:41.118"></status>
</kw>
<kw name="ScrollDown" library="params">
<arguments>
<arg>0</arg>
<arg>1000</arg>
</arguments>
<kw name="Execute Javascript" library="SeleniumLibrary">
<doc>Executes the given JavaScript code with possible arguments.</doc>
<arguments>
<arg>window.scrollTo(${X},${Y})</arg>
</arguments>
<msg timestamp="20200816 23:02:41.119" level="INFO">Executing JavaScript:
window.scrollTo(0,1000)
Without any arguments.</msg>
<status status="PASS" starttime="20200816 23:02:41.119" endtime="20200816 23:02:41.133"></status>
</kw>
<status status="PASS" starttime="20200816 23:02:41.118" endtime="20200816 23:02:41.133"></status>
</kw>
<kw name="Sleep" library="BuiltIn">
<doc>Pauses the test executed for the given time.</doc>
<arguments>
<arg>1s</arg>
</arguments>
<msg timestamp="20200816 23:02:42.136" level="INFO">Slept 1 second</msg>
<status status="PASS" starttime="20200816 23:02:41.133" endtime="20200816 23:02:42.136"></status>
</kw>
<kw name="Wait Until Element Is Visible" library="SeleniumLibrary">
<doc>Waits until the element ``locator`` is visible.</doc>
<arguments>
<arg>id=component-9</arg>
</arguments>
<status status="PASS" starttime="20200816 23:02:42.136" endtime="20200816 23:02:42.168"></status>
</kw>
<kw name="Buttons" library="params">
<arguments>
<arg>9</arg>
</arguments>
<kw name="Click Button" library="SeleniumLibrary">
<doc>Clicks the button identified by ``locator``.</doc>
<arguments>
<arg>id=component-${ELEMENT}</arg>
</arguments>
<msg timestamp="20200816 23:02:42.169" level="INFO">Clicking button 'id=component-9'.</msg>
<status status="PASS" starttime="20200816 23:02:42.169" endtime="20200816 23:02:42.286"></status>
</kw>
<status status="PASS" starttime="20200816 23:02:42.168" endtime="20200816 23:02:42.286"></status>
</kw>
<status status="PASS" starttime="20200816 23:02:40.248" endtime="20200816 23:02:42.287"></status>
</kw>
<kw name="Stop" library="params" type="teardown">
<kw name="Close All Browsers" library="SeleniumLibrary">
<doc>Closes all open browsers and resets the browser cache.</doc>
<status status="PASS" starttime="20200816 23:02:42.290" endtime="20200816 23:02:44.588"></status>
</kw>
<status status="PASS" starttime="20200816 23:02:42.289" endtime="20200816 23:02:44.588"></status>
</kw>
<doc>Verifies if the contact us is accessible</doc>
<tags>
<tag>OurProductsPagecontactaction</tag>
</tags>
<status status="PASS" starttime="20200816 23:02:27.607" endtime="20200816 23:02:44.589" critical="yes"></status>
</test>
<test id="s1-t14" name="ContactForm">
<kw name="Start" library="params" type="setup">
<arguments>
<arg>${BROWSER}</arg>
<arg>${URL}</arg>
</arguments>
<kw name="Run Keyword If" library="BuiltIn">
<doc>Runs the given keyword with the given arguments, if ``condition`` is true.</doc>
<arguments>
<arg>"${BROWSER}" == "HeadlessChrome"</arg>
<arg>HeadlessChrome</arg>
<arg>ELSE</arg>
<arg>driver</arg>
<arg>${BROWSER}</arg>
</arguments>
<kw name="driver" library="params">
<arguments>
<arg>${BROWSER}</arg>
</arguments>
<kw name="Create Webdriver" library="SeleniumLibrary">
<doc>Creates an instance of Selenium WebDriver.</doc>
<arguments>
<arg>${BROWSER}</arg>
</arguments>
<msg timestamp="20200816 23:02:44.594" level="INFO">Creating an instance of the Chrome WebDriver.</msg>
<status status="PASS" starttime="20200816 23:02:44.594" endtime="20200816 23:02:47.908"></status>
</kw>
<status status="PASS" starttime="20200816 23:02:44.593" endtime="20200816 23:02:47.908"></status>
</kw>
<status status="PASS" starttime="20200816 23:02:44.593" endtime="20200816 23:02:47.908"></status>
</kw>
<kw name="Set Window Size" library="SeleniumLibrary">
<doc>Sets current windows size to given ``width`` and ``height``.</doc>
<arguments>
<arg>1920</arg>
<arg>1640</arg>
</arguments>
<status status="PASS" starttime="20200816 23:02:47.909" endtime="20200816 23:02:50.046"></status>
</kw>
<kw name="Maximize Browser Window" library="SeleniumLibrary">
<doc>Maximizes current browser window.</doc>
<status status="PASS" starttime="20200816 23:02:50.047" endtime="20200816 23:02:50.167"></status>
</kw>
<kw name="Go To" library="SeleniumLibrary">
<doc>Navigates the current browser window to the provided ``url``.</doc>
<arguments>
<arg>${URL}</arg>
</arguments>
<msg timestamp="20200816 23:02:50.168" level="INFO">Opening url 'https://brainpool.ai/products.html'</msg>
<status status="PASS" starttime="20200816 23:02:50.167" endtime="20200816 23:02:58.649"></status>
</kw>
<status status="PASS" starttime="20200816 23:02:44.592" endtime="20200816 23:02:58.649"></status>
</kw>
<kw name="ContatUsForm" library="OurProducts">
<kw name="Intialization" library="params">
<kw name="Wait Until Element Is Visible" library="SeleniumLibrary">
<doc>Waits until the element ``locator`` is visible.</doc>
<arguments>
<arg>id=component-2</arg>
<arg>10s</arg>
</arguments>
<status status="PASS" starttime="20200816 23:02:58.652" endtime="20200816 23:02:59.419"></status>
</kw>
<status status="PASS" starttime="20200816 23:02:58.651" endtime="20200816 23:02:59.420"></status>
</kw>
<kw name="ScrollDown" library="params">
<arguments>
<arg>0</arg>
<arg>8000</arg>
</arguments>
<kw name="Execute Javascript" library="SeleniumLibrary">
<doc>Executes the given JavaScript code with possible arguments.</doc>
<arguments>
<arg>window.scrollTo(${X},${Y})</arg>
</arguments>
<msg timestamp="20200816 23:02:59.420" level="INFO">Executing JavaScript:
window.scrollTo(0,8000)
Without any arguments.</msg>
<status status="PASS" starttime="20200816 23:02:59.420" endtime="20200816 23:02:59.432"></status>
</kw>
<status status="PASS" starttime="20200816 23:02:59.420" endtime="20200816 23:02:59.432"></status>
</kw>
<kw name="Input Text" library="SeleniumLibrary">
<doc>Types the given ``text`` into the text field identified by ``locator``.</doc>
<arguments>
<arg>id=demo-name</arg>
<arg>Hello World</arg>
</arguments>
<msg timestamp="20200816 23:02:59.432" level="INFO">Typing text 'Hello World' into text field 'id=demo-name'.</msg>
<status status="PASS" starttime="20200816 23:02:59.432" endtime="20200816 23:02:59.788"></status>
</kw>
<kw name="Input Text" library="SeleniumLibrary">
<doc>Types the given ``text`` into the text field identified by ``locator``.</doc>
<arguments>
<arg>id=demo-email</arg>
<arg>HelloWorld@email.com</arg>
</arguments>
<msg timestamp="20200816 23:02:59.788" level="INFO">Typing text 'HelloWorld@email.com' into text field 'id=demo-email'.</msg>
<status status="PASS" starttime="20200816 23:02:59.788" endtime="20200816 23:03:00.047"></status>
</kw>
<kw name="Input Text" library="SeleniumLibrary">
<doc>Types the given ``text`` into the text field identified by ``locator``.</doc>
<arguments>
<arg>id=demo-Cname</arg>
<arg>MysteryInc.</arg>
</arguments>
<msg timestamp="20200816 23:03:00.047" level="INFO">Typing text 'MysteryInc.' into text field 'id=demo-Cname'.</msg>
<status status="PASS" starttime="20200816 23:03:00.047" endtime="20200816 23:03:00.288"></status>
</kw>
<kw name="Click Button" library="SeleniumLibrary">
<doc>Clicks the button identified by ``locator``.</doc>
<arguments>
<arg>id=contact-allpage</arg>
</arguments>
<msg timestamp="20200816 23:03:00.288" level="INFO">Clicking button 'id=contact-allpage'.</msg>
<status status="PASS" starttime="20200816 23:03:00.288" endtime="20200816 23:03:00.525"></status>
</kw>
<kw name="Sleep" library="BuiltIn">
<doc>Pauses the test executed for the given time.</doc>
<arguments>
<arg>2s</arg>
</arguments>
<msg timestamp="20200816 23:03:02.529" level="INFO">Slept 2 seconds</msg>
<status status="PASS" starttime="20200816 23:03:00.527" endtime="20200816 23:03:02.529"></status>
</kw>
<kw name="Page Should Contain" library="SeleniumLibrary">
<doc>Verifies that current page contains ``text``.</doc>
<arguments>
<arg>Thank you, a member of our team will be in touch shortly.</arg>
</arguments>
<msg timestamp="20200816 23:03:02.553" level="INFO">Current page contains text 'Thank you, a member of our team will be in touch shortly.'.</msg>
<status status="PASS" starttime="20200816 23:03:02.529" endtime="20200816 23:03:02.554"></status>
</kw>
<status status="PASS" starttime="20200816 23:02:58.650" endtime="20200816 23:03:02.554"></status>
</kw>
<kw name="Stop" library="params" type="teardown">
<kw name="Close All Browsers" library="SeleniumLibrary">
<doc>Closes all open browsers and resets the browser cache.</doc>
<status status="PASS" starttime="20200816 23:03:02.555" endtime="20200816 23:03:04.728"></status>
</kw>
<status status="PASS" starttime="20200816 23:03:02.555" endtime="20200816 23:03:04.729"></status>
</kw>
<doc>Verifies if the contact form is accessible</doc>
<tags>
<tag>OurProductsPageform</tag>
</tags>
<status status="PASS" starttime="20200816 23:02:44.591" endtime="20200816 23:03:04.729" critical="yes"></status>
</test>
<status status="FAIL" starttime="20200816 22:56:54.191" endtime="20200816 23:03:04.733"></status>
</suite>
<statistics>
<total>
<stat pass="13" fail="1">Critical Tests</stat>
<stat pass="13" fail="1">All Tests</stat>
</total>
<tag>
<stat pass="1" fail="0">OurProductsPageAIBusiness</stat>
<stat pass="1" fail="0">OurProductsPageBloomberg</stat>
<stat pass="1" fail="0">OurProductsPagecontactaction</stat>
<stat pass="1" fail="0">OurProductsPageDaisytext</stat>
<stat pass="0" fail="1">OurProductsPageForbes</stat>
<stat pass="1" fail="0">OurProductsPageform</stat>
<stat pass="1" fail="0">OurProductsPageForstacktext</stat>
<stat pass="1" fail="0">OurProductsPageGetStarted</stat>
<stat pass="1" fail="0">OurProductsPageMedium</stat>
<stat pass="1" fail="0">OurProductsPageProductsDaisy</stat>
<stat pass="1" fail="0">OurProductsPageProductsForstack</stat>
<stat pass="1" fail="0">OurProductsPageRaconteur</stat>
<stat pass="1" fail="0">OurProductsPageThe Stack</stat>
<stat pass="1" fail="0">Smoke</stat>
</tag>
<suite>
<stat pass="13" fail="1" id="s1" name="ProductsPage">ProductsPage</stat>
</suite>
</statistics>
<errors>
</errors>
</robot>
