<?xml version="1.0" encoding="UTF-8"?>
<robot generator="Rebot 3.2.1 (Python 3.8.2 on win32)" generated="20200817 01:38:32.998" rpa="false">
<suite id="s1" name="Suites">
<suite id="s1-s1" name="AIBPage" source="C:\Users\pegAsus\workspace_python\SeleniumTrails\WebSiteTesting\Tests\AIBPage.robot">
<test id="s1-s1-t1" name="Site accessibility">
<kw name="Start" library="params" type="setup">
<arguments>
<arg>${BROWSER}</arg>
<arg>${URL}</arg>
<arg>${PathToDriver}</arg>
</arguments>
<kw name="Run Keyword If" library="BuiltIn">
<doc>Runs the given keyword with the given arguments, if ``condition`` is true.</doc>
<arguments>
<arg>"${BROWSER}" == "HeadlessChrome"</arg>
<arg>HeadlessChrome</arg>
<arg>${PathToDriver}</arg>
<arg>ELSE</arg>
<arg>driver</arg>
<arg>${BROWSER}</arg>
<arg>${PathToDriver}</arg>
</arguments>
<kw name="HeadlessChrome" library="params">
<arguments>
<arg>${PathToDriver}</arg>
</arguments>
<kw name="Evaluate" library="BuiltIn">
<doc>Evaluates the given expression in Python and returns the result.</doc>
<arguments>
<arg>sys.modules['selenium.webdriver'].ChromeOptions()</arg>
<arg>sys, selenium.webdriver</arg>
</arguments>
<assign>
<var>${chromeOptions}</var>
</assign>
<msg timestamp="20200817 01:30:35.756" level="INFO">${chromeOptions} = &lt;selenium.webdriver.chrome.options.Options object at 0x0000028C948108B0&gt;</msg>
<status status="PASS" starttime="20200817 01:30:35.755" endtime="20200817 01:30:35.756"></status>
</kw>
<kw name="Call Method" library="BuiltIn">
<doc>Calls the named method of the given object with the provided arguments.</doc>
<arguments>
<arg>${chromeOptions}</arg>
<arg>add_argument</arg>
<arg>--headless</arg>
</arguments>
<status status="PASS" starttime="20200817 01:30:35.756" endtime="20200817 01:30:35.756"></status>
</kw>
<kw name="Call Method" library="BuiltIn">
<doc>Calls the named method of the given object with the provided arguments.</doc>
<arguments>
<arg>${chromeOptions}</arg>
<arg>add_argument</arg>
<arg>--window-size\=1366,768</arg>
</arguments>
<status status="PASS" starttime="20200817 01:30:35.757" endtime="20200817 01:30:35.757"></status>
</kw>
<kw name="Call Method" library="BuiltIn">
<doc>Calls the named method of the given object with the provided arguments.</doc>
<arguments>
<arg>${chromeOptions}</arg>
<arg>add_argument</arg>
<arg>--disable-gpu</arg>
</arguments>
<status status="PASS" starttime="20200817 01:30:35.758" endtime="20200817 01:30:35.758"></status>
</kw>
<kw name="Create Webdriver" library="SeleniumLibrary">
<doc>Creates an instance of Selenium WebDriver.</doc>
<arguments>
<arg>Chrome</arg>
<arg>executable_path=${PathToDriver}</arg>
<arg>chrome_options=${chromeOptions}</arg>
</arguments>
<msg timestamp="20200817 01:30:35.759" level="INFO">Creating an instance of the Chrome WebDriver.</msg>
<status status="PASS" starttime="20200817 01:30:35.758" endtime="20200817 01:30:40.011"></status>
</kw>
<status status="PASS" starttime="20200817 01:30:35.753" endtime="20200817 01:30:40.012"></status>
</kw>
<status status="PASS" starttime="20200817 01:30:35.752" endtime="20200817 01:30:40.012"></status>
</kw>
<kw name="Set Window Size" library="SeleniumLibrary">
<doc>Sets current windows size to given ``width`` and ``height``.</doc>
<arguments>
<arg>1920</arg>
<arg>1640</arg>
</arguments>
<status status="PASS" starttime="20200817 01:30:40.012" endtime="20200817 01:30:42.128"></status>
</kw>
<kw name="Maximize Browser Window" library="SeleniumLibrary">
<doc>Maximizes current browser window.</doc>
<status status="PASS" starttime="20200817 01:30:42.128" endtime="20200817 01:30:42.235"></status>
</kw>
<kw name="Go To" library="SeleniumLibrary">
<doc>Navigates the current browser window to the provided ``url``.</doc>
<arguments>
<arg>${URL}</arg>
</arguments>
<msg timestamp="20200817 01:30:42.236" level="INFO">Opening url 'https://brainpool.ai/ai-in-business.html'</msg>
<status status="PASS" starttime="20200817 01:30:42.235" endtime="20200817 01:30:55.321"></status>
</kw>
<status status="PASS" starttime="20200817 01:30:35.751" endtime="20200817 01:30:55.321"></status>
</kw>
<kw name="Intialization" library="params">
<kw name="Wait Until Element Is Visible" library="SeleniumLibrary">
<doc>Waits until the element ``locator`` is visible.</doc>
<arguments>
<arg>id=component-2</arg>
<arg>10s</arg>
</arguments>
<status status="PASS" starttime="20200817 01:30:55.324" endtime="20200817 01:30:57.444"></status>
</kw>
<status status="PASS" starttime="20200817 01:30:55.322" endtime="20200817 01:30:57.445"></status>
</kw>
<kw name="Stop" library="params" type="teardown">
<kw name="Close All Browsers" library="SeleniumLibrary">
<doc>Closes all open browsers and resets the browser cache.</doc>
<status status="PASS" starttime="20200817 01:30:57.448" endtime="20200817 01:31:00.558"></status>
</kw>
<status status="PASS" starttime="20200817 01:30:57.446" endtime="20200817 01:31:00.558"></status>
</kw>
<doc>site accessibility test</doc>
<tags>
<tag>Smoke</tag>
</tags>
<status status="PASS" starttime="20200817 01:30:35.750" endtime="20200817 01:31:00.559" critical="yes"></status>
</test>
<test id="s1-s1-t2" name="Start Now">
<kw name="Start" library="params" type="setup">
<arguments>
<arg>${BROWSER}</arg>
<arg>${URL}</arg>
<arg>${PathToDriver}</arg>
</arguments>
<kw name="Run Keyword If" library="BuiltIn">
<doc>Runs the given keyword with the given arguments, if ``condition`` is true.</doc>
<arguments>
<arg>"${BROWSER}" == "HeadlessChrome"</arg>
<arg>HeadlessChrome</arg>
<arg>${PathToDriver}</arg>
<arg>ELSE</arg>
<arg>driver</arg>
<arg>${BROWSER}</arg>
<arg>${PathToDriver}</arg>
</arguments>
<kw name="HeadlessChrome" library="params">
<arguments>
<arg>${PathToDriver}</arg>
</arguments>
<kw name="Evaluate" library="BuiltIn">
<doc>Evaluates the given expression in Python and returns the result.</doc>
<arguments>
<arg>sys.modules['selenium.webdriver'].ChromeOptions()</arg>
<arg>sys, selenium.webdriver</arg>
</arguments>
<assign>
<var>${chromeOptions}</var>
</assign>
<msg timestamp="20200817 01:31:00.564" level="INFO">${chromeOptions} = &lt;selenium.webdriver.chrome.options.Options object at 0x0000028C9487CAF0&gt;</msg>
<status status="PASS" starttime="20200817 01:31:00.564" endtime="20200817 01:31:00.564"></status>
</kw>
<kw name="Call Method" library="BuiltIn">
<doc>Calls the named method of the given object with the provided arguments.</doc>
<arguments>
<arg>${chromeOptions}</arg>
<arg>add_argument</arg>
<arg>--headless</arg>
</arguments>
<status status="PASS" starttime="20200817 01:31:00.564" endtime="20200817 01:31:00.565"></status>
</kw>
<kw name="Call Method" library="BuiltIn">
<doc>Calls the named method of the given object with the provided arguments.</doc>
<arguments>
<arg>${chromeOptions}</arg>
<arg>add_argument</arg>
<arg>--window-size\=1366,768</arg>
</arguments>
<status status="PASS" starttime="20200817 01:31:00.565" endtime="20200817 01:31:00.565"></status>
</kw>
<kw name="Call Method" library="BuiltIn">
<doc>Calls the named method of the given object with the provided arguments.</doc>
<arguments>
<arg>${chromeOptions}</arg>
<arg>add_argument</arg>
<arg>--disable-gpu</arg>
</arguments>
<status status="PASS" starttime="20200817 01:31:00.565" endtime="20200817 01:31:00.565"></status>
</kw>
<kw name="Create Webdriver" library="SeleniumLibrary">
<doc>Creates an instance of Selenium WebDriver.</doc>
<arguments>
<arg>Chrome</arg>
<arg>executable_path=${PathToDriver}</arg>
<arg>chrome_options=${chromeOptions}</arg>
</arguments>
<msg timestamp="20200817 01:31:00.566" level="INFO">Creating an instance of the Chrome WebDriver.</msg>
<status status="PASS" starttime="20200817 01:31:00.565" endtime="20200817 01:31:03.957"></status>
</kw>
<status status="PASS" starttime="20200817 01:31:00.563" endtime="20200817 01:31:03.957"></status>
</kw>
<status status="PASS" starttime="20200817 01:31:00.563" endtime="20200817 01:31:03.957"></status>
</kw>
<kw name="Set Window Size" library="SeleniumLibrary">
<doc>Sets current windows size to given ``width`` and ``height``.</doc>
<arguments>
<arg>1920</arg>
<arg>1640</arg>
</arguments>
<status status="PASS" starttime="20200817 01:31:03.958" endtime="20200817 01:31:06.071"></status>
</kw>
<kw name="Maximize Browser Window" library="SeleniumLibrary">
<doc>Maximizes current browser window.</doc>
<status status="PASS" starttime="20200817 01:31:06.071" endtime="20200817 01:31:06.177"></status>
</kw>
<kw name="Go To" library="SeleniumLibrary">
<doc>Navigates the current browser window to the provided ``url``.</doc>
<arguments>
<arg>${URL}</arg>
</arguments>
<msg timestamp="20200817 01:31:06.177" level="INFO">Opening url 'https://brainpool.ai/ai-in-business.html'</msg>
<status status="PASS" starttime="20200817 01:31:06.177" endtime="20200817 01:31:13.365"></status>
</kw>
<status status="PASS" starttime="20200817 01:31:00.562" endtime="20200817 01:31:13.366"></status>
</kw>
<kw name="Start Now" library="AIinBusiness">
<kw name="Intialization" library="params">
<kw name="Wait Until Element Is Visible" library="SeleniumLibrary">
<doc>Waits until the element ``locator`` is visible.</doc>
<arguments>
<arg>id=component-2</arg>
<arg>10s</arg>
</arguments>
<status status="PASS" starttime="20200817 01:31:13.368" endtime="20200817 01:31:17.283"></status>
</kw>
<status status="PASS" starttime="20200817 01:31:13.367" endtime="20200817 01:31:17.284"></status>
</kw>
<kw name="Buttons" library="params">
<arguments>
<arg>2</arg>
</arguments>
<kw name="Click Button" library="SeleniumLibrary">
<doc>Clicks the button identified by ``locator``.</doc>
<arguments>
<arg>id=component-${ELEMENT}</arg>
</arguments>
<msg timestamp="20200817 01:31:17.286" level="INFO">Clicking button 'id=component-2'.</msg>
<status status="PASS" starttime="20200817 01:31:17.285" endtime="20200817 01:31:19.230"></status>
</kw>
<status status="PASS" starttime="20200817 01:31:17.284" endtime="20200817 01:31:19.231"></status>
</kw>
<status status="PASS" starttime="20200817 01:31:13.366" endtime="20200817 01:31:19.231"></status>
</kw>
<kw name="Stop" library="params" type="teardown">
<kw name="Close All Browsers" library="SeleniumLibrary">
<doc>Closes all open browsers and resets the browser cache.</doc>
<status status="PASS" starttime="20200817 01:31:19.233" endtime="20200817 01:31:22.120"></status>
</kw>
<status status="PASS" starttime="20200817 01:31:19.232" endtime="20200817 01:31:22.120"></status>
</kw>
<doc>Verifies if the Start Now button is accessible</doc>
<tags>
<tag>AIinBusinessPageStartNow</tag>
</tags>
<status status="PASS" starttime="20200817 01:31:00.560" endtime="20200817 01:31:22.120" critical="yes"></status>
</test>
<test id="s1-s1-t3" name="Forbes Logo">
<kw name="Start" library="params" type="setup">
<arguments>
<arg>${BROWSER}</arg>
<arg>${URL}</arg>
<arg>${PathToDriver}</arg>
</arguments>
<kw name="Run Keyword If" library="BuiltIn">
<doc>Runs the given keyword with the given arguments, if ``condition`` is true.</doc>
<arguments>
<arg>"${BROWSER}" == "HeadlessChrome"</arg>
<arg>HeadlessChrome</arg>
<arg>${PathToDriver}</arg>
<arg>ELSE</arg>
<arg>driver</arg>
<arg>${BROWSER}</arg>
<arg>${PathToDriver}</arg>
</arguments>
<kw name="HeadlessChrome" library="params">
<arguments>
<arg>${PathToDriver}</arg>
</arguments>
<kw name="Evaluate" library="BuiltIn">
<doc>Evaluates the given expression in Python and returns the result.</doc>
<arguments>
<arg>sys.modules['selenium.webdriver'].ChromeOptions()</arg>
<arg>sys, selenium.webdriver</arg>
</arguments>
<assign>
<var>${chromeOptions}</var>
</assign>
<msg timestamp="20200817 01:31:22.130" level="INFO">${chromeOptions} = &lt;selenium.webdriver.chrome.options.Options object at 0x0000028C9488E190&gt;</msg>
<status status="PASS" starttime="20200817 01:31:22.127" endtime="20200817 01:31:22.130"></status>
</kw>
<kw name="Call Method" library="BuiltIn">
<doc>Calls the named method of the given object with the provided arguments.</doc>
<arguments>
<arg>${chromeOptions}</arg>
<arg>add_argument</arg>
<arg>--headless</arg>
</arguments>
<status status="PASS" starttime="20200817 01:31:22.130" endtime="20200817 01:31:22.131"></status>
</kw>
<kw name="Call Method" library="BuiltIn">
<doc>Calls the named method of the given object with the provided arguments.</doc>
<arguments>
<arg>${chromeOptions}</arg>
<arg>add_argument</arg>
<arg>--window-size\=1366,768</arg>
</arguments>
<status status="PASS" starttime="20200817 01:31:22.131" endtime="20200817 01:31:22.132"></status>
</kw>
<kw name="Call Method" library="BuiltIn">
<doc>Calls the named method of the given object with the provided arguments.</doc>
<arguments>
<arg>${chromeOptions}</arg>
<arg>add_argument</arg>
<arg>--disable-gpu</arg>
</arguments>
<status status="PASS" starttime="20200817 01:31:22.132" endtime="20200817 01:31:22.133"></status>
</kw>
<kw name="Create Webdriver" library="SeleniumLibrary">
<doc>Creates an instance of Selenium WebDriver.</doc>
<arguments>
<arg>Chrome</arg>
<arg>executable_path=${PathToDriver}</arg>
<arg>chrome_options=${chromeOptions}</arg>
</arguments>
<msg timestamp="20200817 01:31:22.134" level="INFO">Creating an instance of the Chrome WebDriver.</msg>
<status status="PASS" starttime="20200817 01:31:22.133" endtime="20200817 01:31:25.667"></status>
</kw>
<status status="PASS" starttime="20200817 01:31:22.126" endtime="20200817 01:31:25.668"></status>
</kw>
<status status="PASS" starttime="20200817 01:31:22.125" endtime="20200817 01:31:25.668"></status>
</kw>
<kw name="Set Window Size" library="SeleniumLibrary">
<doc>Sets current windows size to given ``width`` and ``height``.</doc>
<arguments>
<arg>1920</arg>
<arg>1640</arg>
</arguments>
<status status="PASS" starttime="20200817 01:31:25.669" endtime="20200817 01:31:27.791"></status>
</kw>
<kw name="Maximize Browser Window" library="SeleniumLibrary">
<doc>Maximizes current browser window.</doc>
<status status="PASS" starttime="20200817 01:31:27.791" endtime="20200817 01:31:27.899"></status>
</kw>
<kw name="Go To" library="SeleniumLibrary">
<doc>Navigates the current browser window to the provided ``url``.</doc>
<arguments>
<arg>${URL}</arg>
</arguments>
<msg timestamp="20200817 01:31:27.899" level="INFO">Opening url 'https://brainpool.ai/ai-in-business.html'</msg>
<status status="PASS" starttime="20200817 01:31:27.899" endtime="20200817 01:31:32.507"></status>
</kw>
<status status="PASS" starttime="20200817 01:31:22.123" endtime="20200817 01:31:32.508"></status>
</kw>
<kw name="Forbes" library="AIinBusiness">
<kw name="Intialization" library="params">
<kw name="Wait Until Element Is Visible" library="SeleniumLibrary">
<doc>Waits until the element ``locator`` is visible.</doc>
<arguments>
<arg>id=component-2</arg>
<arg>10s</arg>
</arguments>
<status status="PASS" starttime="20200817 01:31:32.510" endtime="20200817 01:31:34.482"></status>
</kw>
<status status="PASS" starttime="20200817 01:31:32.509" endtime="20200817 01:31:34.483"></status>
</kw>
<kw name="LinkTags" library="params">
<arguments>
<arg>25</arg>
</arguments>
<kw name="Execute Javascript" library="SeleniumLibrary">
<doc>Executes the given JavaScript code with possible arguments.</doc>
<arguments>
<arg>document.querySelectorAll("a")[${POS}].click()</arg>
</arguments>
<msg timestamp="20200817 01:31:34.485" level="INFO">Executing JavaScript:
document.querySelectorAll("a")[25].click()
Without any arguments.</msg>
<status status="PASS" starttime="20200817 01:31:34.484" endtime="20200817 01:31:35.690"></status>
</kw>
<status status="PASS" starttime="20200817 01:31:34.483" endtime="20200817 01:31:35.690"></status>
</kw>
<status status="PASS" starttime="20200817 01:31:32.508" endtime="20200817 01:31:35.691"></status>
</kw>
<kw name="Stop" library="params" type="teardown">
<kw name="Close All Browsers" library="SeleniumLibrary">
<doc>Closes all open browsers and resets the browser cache.</doc>
<status status="PASS" starttime="20200817 01:31:35.692" endtime="20200817 01:31:39.417"></status>
</kw>
<status status="PASS" starttime="20200817 01:31:35.691" endtime="20200817 01:31:39.417"></status>
</kw>
<doc>Verifies if the Forbes Logo is accessible</doc>
<tags>
<tag>AIinBusinessPageForbes</tag>
</tags>
<status status="PASS" starttime="20200817 01:31:22.122" endtime="20200817 01:31:39.417" critical="yes"></status>
</test>
<test id="s1-s1-t4" name="Bloomberg Logo">
<kw name="Start" library="params" type="setup">
<arguments>
<arg>${BROWSER}</arg>
<arg>${URL}</arg>
<arg>${PathToDriver}</arg>
</arguments>
<kw name="Run Keyword If" library="BuiltIn">
<doc>Runs the given keyword with the given arguments, if ``condition`` is true.</doc>
<arguments>
<arg>"${BROWSER}" == "HeadlessChrome"</arg>
<arg>HeadlessChrome</arg>
<arg>${PathToDriver}</arg>
<arg>ELSE</arg>
<arg>driver</arg>
<arg>${BROWSER}</arg>
<arg>${PathToDriver}</arg>
</arguments>
<kw name="HeadlessChrome" library="params">
<arguments>
<arg>${PathToDriver}</arg>
</arguments>
<kw name="Evaluate" library="BuiltIn">
<doc>Evaluates the given expression in Python and returns the result.</doc>
<arguments>
<arg>sys.modules['selenium.webdriver'].ChromeOptions()</arg>
<arg>sys, selenium.webdriver</arg>
</arguments>
<assign>
<var>${chromeOptions}</var>
</assign>
<msg timestamp="20200817 01:31:39.421" level="INFO">${chromeOptions} = &lt;selenium.webdriver.chrome.options.Options object at 0x0000028C94896700&gt;</msg>
<status status="PASS" starttime="20200817 01:31:39.421" endtime="20200817 01:31:39.421"></status>
</kw>
<kw name="Call Method" library="BuiltIn">
<doc>Calls the named method of the given object with the provided arguments.</doc>
<arguments>
<arg>${chromeOptions}</arg>
<arg>add_argument</arg>
<arg>--headless</arg>
</arguments>
<status status="PASS" starttime="20200817 01:31:39.421" endtime="20200817 01:31:39.421"></status>
</kw>
<kw name="Call Method" library="BuiltIn">
<doc>Calls the named method of the given object with the provided arguments.</doc>
<arguments>
<arg>${chromeOptions}</arg>
<arg>add_argument</arg>
<arg>--window-size\=1366,768</arg>
</arguments>
<status status="PASS" starttime="20200817 01:31:39.422" endtime="20200817 01:31:39.422"></status>
</kw>
<kw name="Call Method" library="BuiltIn">
<doc>Calls the named method of the given object with the provided arguments.</doc>
<arguments>
<arg>${chromeOptions}</arg>
<arg>add_argument</arg>
<arg>--disable-gpu</arg>
</arguments>
<status status="PASS" starttime="20200817 01:31:39.422" endtime="20200817 01:31:39.422"></status>
</kw>
<kw name="Create Webdriver" library="SeleniumLibrary">
<doc>Creates an instance of Selenium WebDriver.</doc>
<arguments>
<arg>Chrome</arg>
<arg>executable_path=${PathToDriver}</arg>
<arg>chrome_options=${chromeOptions}</arg>
</arguments>
<msg timestamp="20200817 01:31:39.423" level="INFO">Creating an instance of the Chrome WebDriver.</msg>
<status status="PASS" starttime="20200817 01:31:39.422" endtime="20200817 01:31:42.669"></status>
</kw>
<status status="PASS" starttime="20200817 01:31:39.420" endtime="20200817 01:31:42.669"></status>
</kw>
<status status="PASS" starttime="20200817 01:31:39.420" endtime="20200817 01:31:42.669"></status>
</kw>
<kw name="Set Window Size" library="SeleniumLibrary">
<doc>Sets current windows size to given ``width`` and ``height``.</doc>
<arguments>
<arg>1920</arg>
<arg>1640</arg>
</arguments>
<status status="PASS" starttime="20200817 01:31:42.670" endtime="20200817 01:31:44.813"></status>
</kw>
<kw name="Maximize Browser Window" library="SeleniumLibrary">
<doc>Maximizes current browser window.</doc>
<status status="PASS" starttime="20200817 01:31:44.813" endtime="20200817 01:31:44.968"></status>
</kw>
<kw name="Go To" library="SeleniumLibrary">
<doc>Navigates the current browser window to the provided ``url``.</doc>
<arguments>
<arg>${URL}</arg>
</arguments>
<msg timestamp="20200817 01:31:44.969" level="INFO">Opening url 'https://brainpool.ai/ai-in-business.html'</msg>
<status status="PASS" starttime="20200817 01:31:44.968" endtime="20200817 01:31:48.756"></status>
</kw>
<status status="PASS" starttime="20200817 01:31:39.419" endtime="20200817 01:31:48.756"></status>
</kw>
<kw name="Bloomberg" library="AIinBusiness">
<kw name="Intialization" library="params">
<kw name="Wait Until Element Is Visible" library="SeleniumLibrary">
<doc>Waits until the element ``locator`` is visible.</doc>
<arguments>
<arg>id=component-2</arg>
<arg>10s</arg>
</arguments>
<status status="PASS" starttime="20200817 01:31:48.759" endtime="20200817 01:31:50.181"></status>
</kw>
<status status="PASS" starttime="20200817 01:31:48.758" endtime="20200817 01:31:50.181"></status>
</kw>
<kw name="LinkTags" library="params">
<arguments>
<arg>26</arg>
</arguments>
<kw name="Execute Javascript" library="SeleniumLibrary">
<doc>Executes the given JavaScript code with possible arguments.</doc>
<arguments>
<arg>document.querySelectorAll("a")[${POS}].click()</arg>
</arguments>
<msg timestamp="20200817 01:31:50.184" level="INFO">Executing JavaScript:
document.querySelectorAll("a")[26].click()
Without any arguments.</msg>
<status status="PASS" starttime="20200817 01:31:50.183" endtime="20200817 01:31:53.234"></status>
</kw>
<status status="PASS" starttime="20200817 01:31:50.182" endtime="20200817 01:31:53.235"></status>
</kw>
<status status="PASS" starttime="20200817 01:31:48.757" endtime="20200817 01:31:53.235"></status>
</kw>
<kw name="Stop" library="params" type="teardown">
<kw name="Close All Browsers" library="SeleniumLibrary">
<doc>Closes all open browsers and resets the browser cache.</doc>
<status status="PASS" starttime="20200817 01:31:53.237" endtime="20200817 01:31:55.461"></status>
</kw>
<status status="PASS" starttime="20200817 01:31:53.236" endtime="20200817 01:31:55.461"></status>
</kw>
<doc>Verifies if the Bloomberg Logo is accessible</doc>
<tags>
<tag>AIinBusinessPageBloomberg</tag>
</tags>
<status status="PASS" starttime="20200817 01:31:39.418" endtime="20200817 01:31:55.461" critical="yes"></status>
</test>
<test id="s1-s1-t5" name="Raconteur Logo">
<kw name="Start" library="params" type="setup">
<arguments>
<arg>${BROWSER}</arg>
<arg>${URL}</arg>
<arg>${PathToDriver}</arg>
</arguments>
<kw name="Run Keyword If" library="BuiltIn">
<doc>Runs the given keyword with the given arguments, if ``condition`` is true.</doc>
<arguments>
<arg>"${BROWSER}" == "HeadlessChrome"</arg>
<arg>HeadlessChrome</arg>
<arg>${PathToDriver}</arg>
<arg>ELSE</arg>
<arg>driver</arg>
<arg>${BROWSER}</arg>
<arg>${PathToDriver}</arg>
</arguments>
<kw name="HeadlessChrome" library="params">
<arguments>
<arg>${PathToDriver}</arg>
</arguments>
<kw name="Evaluate" library="BuiltIn">
<doc>Evaluates the given expression in Python and returns the result.</doc>
<arguments>
<arg>sys.modules['selenium.webdriver'].ChromeOptions()</arg>
<arg>sys, selenium.webdriver</arg>
</arguments>
<assign>
<var>${chromeOptions}</var>
</assign>
<msg timestamp="20200817 01:31:55.469" level="INFO">${chromeOptions} = &lt;selenium.webdriver.chrome.options.Options object at 0x0000028C948A0370&gt;</msg>
<status status="PASS" starttime="20200817 01:31:55.468" endtime="20200817 01:31:55.469"></status>
</kw>
<kw name="Call Method" library="BuiltIn">
<doc>Calls the named method of the given object with the provided arguments.</doc>
<arguments>
<arg>${chromeOptions}</arg>
<arg>add_argument</arg>
<arg>--headless</arg>
</arguments>
<status status="PASS" starttime="20200817 01:31:55.469" endtime="20200817 01:31:55.470"></status>
</kw>
<kw name="Call Method" library="BuiltIn">
<doc>Calls the named method of the given object with the provided arguments.</doc>
<arguments>
<arg>${chromeOptions}</arg>
<arg>add_argument</arg>
<arg>--window-size\=1366,768</arg>
</arguments>
<status status="PASS" starttime="20200817 01:31:55.470" endtime="20200817 01:31:55.471"></status>
</kw>
<kw name="Call Method" library="BuiltIn">
<doc>Calls the named method of the given object with the provided arguments.</doc>
<arguments>
<arg>${chromeOptions}</arg>
<arg>add_argument</arg>
<arg>--disable-gpu</arg>
</arguments>
<status status="PASS" starttime="20200817 01:31:55.471" endtime="20200817 01:31:55.472"></status>
</kw>
<kw name="Create Webdriver" library="SeleniumLibrary">
<doc>Creates an instance of Selenium WebDriver.</doc>
<arguments>
<arg>Chrome</arg>
<arg>executable_path=${PathToDriver}</arg>
<arg>chrome_options=${chromeOptions}</arg>
</arguments>
<msg timestamp="20200817 01:31:55.473" level="INFO">Creating an instance of the Chrome WebDriver.</msg>
<status status="PASS" starttime="20200817 01:31:55.472" endtime="20200817 01:31:58.820"></status>
</kw>
<status status="PASS" starttime="20200817 01:31:55.467" endtime="20200817 01:31:58.821"></status>
</kw>
<status status="PASS" starttime="20200817 01:31:55.466" endtime="20200817 01:31:58.821"></status>
</kw>
<kw name="Set Window Size" library="SeleniumLibrary">
<doc>Sets current windows size to given ``width`` and ``height``.</doc>
<arguments>
<arg>1920</arg>
<arg>1640</arg>
</arguments>
<status status="PASS" starttime="20200817 01:31:58.821" endtime="20200817 01:32:00.945"></status>
</kw>
<kw name="Maximize Browser Window" library="SeleniumLibrary">
<doc>Maximizes current browser window.</doc>
<status status="PASS" starttime="20200817 01:32:00.945" endtime="20200817 01:32:01.054"></status>
</kw>
<kw name="Go To" library="SeleniumLibrary">
<doc>Navigates the current browser window to the provided ``url``.</doc>
<arguments>
<arg>${URL}</arg>
</arguments>
<msg timestamp="20200817 01:32:01.055" level="INFO">Opening url 'https://brainpool.ai/ai-in-business.html'</msg>
<status status="PASS" starttime="20200817 01:32:01.055" endtime="20200817 01:32:05.850"></status>
</kw>
<status status="PASS" starttime="20200817 01:31:55.464" endtime="20200817 01:32:05.852"></status>
</kw>
<kw name="Raconteur" library="AIinBusiness">
<kw name="Intialization" library="params">
<kw name="Wait Until Element Is Visible" library="SeleniumLibrary">
<doc>Waits until the element ``locator`` is visible.</doc>
<arguments>
<arg>id=component-2</arg>
<arg>10s</arg>
</arguments>
<status status="PASS" starttime="20200817 01:32:05.854" endtime="20200817 01:32:07.016"></status>
</kw>
<status status="PASS" starttime="20200817 01:32:05.854" endtime="20200817 01:32:07.016"></status>
</kw>
<kw name="LinkTags" library="params">
<arguments>
<arg>27</arg>
</arguments>
<kw name="Execute Javascript" library="SeleniumLibrary">
<doc>Executes the given JavaScript code with possible arguments.</doc>
<arguments>
<arg>document.querySelectorAll("a")[${POS}].click()</arg>
</arguments>
<msg timestamp="20200817 01:32:07.019" level="INFO">Executing JavaScript:
document.querySelectorAll("a")[27].click()
Without any arguments.</msg>
<status status="PASS" starttime="20200817 01:32:07.018" endtime="20200817 01:32:17.411"></status>
</kw>
<status status="PASS" starttime="20200817 01:32:07.017" endtime="20200817 01:32:17.412"></status>
</kw>
<status status="PASS" starttime="20200817 01:32:05.853" endtime="20200817 01:32:17.412"></status>
</kw>
<kw name="Stop" library="params" type="teardown">
<kw name="Close All Browsers" library="SeleniumLibrary">
<doc>Closes all open browsers and resets the browser cache.</doc>
<status status="PASS" starttime="20200817 01:32:17.414" endtime="20200817 01:32:20.704"></status>
</kw>
<status status="PASS" starttime="20200817 01:32:17.413" endtime="20200817 01:32:20.704"></status>
</kw>
<doc>Verifies if the Raconteur Logo is accessible</doc>
<tags>
<tag>AIinBusinessPageRaconteur</tag>
</tags>
<status status="PASS" starttime="20200817 01:31:55.462" endtime="20200817 01:32:20.704" critical="yes"></status>
</test>
<test id="s1-s1-t6" name="Medium Logo">
<kw name="Start" library="params" type="setup">
<arguments>
<arg>${BROWSER}</arg>
<arg>${URL}</arg>
<arg>${PathToDriver}</arg>
</arguments>
<kw name="Run Keyword If" library="BuiltIn">
<doc>Runs the given keyword with the given arguments, if ``condition`` is true.</doc>
<arguments>
<arg>"${BROWSER}" == "HeadlessChrome"</arg>
<arg>HeadlessChrome</arg>
<arg>${PathToDriver}</arg>
<arg>ELSE</arg>
<arg>driver</arg>
<arg>${BROWSER}</arg>
<arg>${PathToDriver}</arg>
</arguments>
<kw name="HeadlessChrome" library="params">
<arguments>
<arg>${PathToDriver}</arg>
</arguments>
<kw name="Evaluate" library="BuiltIn">
<doc>Evaluates the given expression in Python and returns the result.</doc>
<arguments>
<arg>sys.modules['selenium.webdriver'].ChromeOptions()</arg>
<arg>sys, selenium.webdriver</arg>
</arguments>
<assign>
<var>${chromeOptions}</var>
</assign>
<msg timestamp="20200817 01:32:20.711" level="INFO">${chromeOptions} = &lt;selenium.webdriver.chrome.options.Options object at 0x0000028C9487CDC0&gt;</msg>
<status status="PASS" starttime="20200817 01:32:20.710" endtime="20200817 01:32:20.711"></status>
</kw>
<kw name="Call Method" library="BuiltIn">
<doc>Calls the named method of the given object with the provided arguments.</doc>
<arguments>
<arg>${chromeOptions}</arg>
<arg>add_argument</arg>
<arg>--headless</arg>
</arguments>
<status status="PASS" starttime="20200817 01:32:20.711" endtime="20200817 01:32:20.711"></status>
</kw>
<kw name="Call Method" library="BuiltIn">
<doc>Calls the named method of the given object with the provided arguments.</doc>
<arguments>
<arg>${chromeOptions}</arg>
<arg>add_argument</arg>
<arg>--window-size\=1366,768</arg>
</arguments>
<status status="PASS" starttime="20200817 01:32:20.712" endtime="20200817 01:32:20.712"></status>
</kw>
<kw name="Call Method" library="BuiltIn">
<doc>Calls the named method of the given object with the provided arguments.</doc>
<arguments>
<arg>${chromeOptions}</arg>
<arg>add_argument</arg>
<arg>--disable-gpu</arg>
</arguments>
<status status="PASS" starttime="20200817 01:32:20.712" endtime="20200817 01:32:20.712"></status>
</kw>
<kw name="Create Webdriver" library="SeleniumLibrary">
<doc>Creates an instance of Selenium WebDriver.</doc>
<arguments>
<arg>Chrome</arg>
<arg>executable_path=${PathToDriver}</arg>
<arg>chrome_options=${chromeOptions}</arg>
</arguments>
<msg timestamp="20200817 01:32:20.713" level="INFO">Creating an instance of the Chrome WebDriver.</msg>
<status status="PASS" starttime="20200817 01:32:20.712" endtime="20200817 01:32:24.154"></status>
</kw>
<status status="PASS" starttime="20200817 01:32:20.709" endtime="20200817 01:32:24.155"></status>
</kw>
<status status="PASS" starttime="20200817 01:32:20.708" endtime="20200817 01:32:24.155"></status>
</kw>
<kw name="Set Window Size" library="SeleniumLibrary">
<doc>Sets current windows size to given ``width`` and ``height``.</doc>
<arguments>
<arg>1920</arg>
<arg>1640</arg>
</arguments>
<status status="PASS" starttime="20200817 01:32:24.155" endtime="20200817 01:32:26.273"></status>
</kw>
<kw name="Maximize Browser Window" library="SeleniumLibrary">
<doc>Maximizes current browser window.</doc>
<status status="PASS" starttime="20200817 01:32:26.274" endtime="20200817 01:32:26.381"></status>
</kw>
<kw name="Go To" library="SeleniumLibrary">
<doc>Navigates the current browser window to the provided ``url``.</doc>
<arguments>
<arg>${URL}</arg>
</arguments>
<msg timestamp="20200817 01:32:26.381" level="INFO">Opening url 'https://brainpool.ai/ai-in-business.html'</msg>
<status status="PASS" starttime="20200817 01:32:26.381" endtime="20200817 01:32:30.143"></status>
</kw>
<status status="PASS" starttime="20200817 01:32:20.707" endtime="20200817 01:32:30.143"></status>
</kw>
<kw name="Medium" library="AIinBusiness">
<kw name="Intialization" library="params">
<kw name="Wait Until Element Is Visible" library="SeleniumLibrary">
<doc>Waits until the element ``locator`` is visible.</doc>
<arguments>
<arg>id=component-2</arg>
<arg>10s</arg>
</arguments>
<status status="PASS" starttime="20200817 01:32:30.147" endtime="20200817 01:32:32.363"></status>
</kw>
<status status="PASS" starttime="20200817 01:32:30.145" endtime="20200817 01:32:32.364"></status>
</kw>
<kw name="LinkTags" library="params">
<arguments>
<arg>28</arg>
</arguments>
<kw name="Execute Javascript" library="SeleniumLibrary">
<doc>Executes the given JavaScript code with possible arguments.</doc>
<arguments>
<arg>document.querySelectorAll("a")[${POS}].click()</arg>
</arguments>
<msg timestamp="20200817 01:32:32.366" level="INFO">Executing JavaScript:
document.querySelectorAll("a")[28].click()
Without any arguments.</msg>
<status status="PASS" starttime="20200817 01:32:32.365" endtime="20200817 01:32:47.197"></status>
</kw>
<status status="PASS" starttime="20200817 01:32:32.364" endtime="20200817 01:32:47.198"></status>
</kw>
<status status="PASS" starttime="20200817 01:32:30.143" endtime="20200817 01:32:47.199"></status>
</kw>
<kw name="Stop" library="params" type="teardown">
<kw name="Close All Browsers" library="SeleniumLibrary">
<doc>Closes all open browsers and resets the browser cache.</doc>
<status status="PASS" starttime="20200817 01:32:47.201" endtime="20200817 01:32:50.740"></status>
</kw>
<status status="PASS" starttime="20200817 01:32:47.200" endtime="20200817 01:32:50.741"></status>
</kw>
<doc>Verifies if the Medium Logo is accessible</doc>
<tags>
<tag>AIinBusinessPageMedium</tag>
</tags>
<status status="PASS" starttime="20200817 01:32:20.705" endtime="20200817 01:32:50.741" critical="yes"></status>
</test>
<test id="s1-s1-t7" name="AI Business Logo">
<kw name="Start" library="params" type="setup">
<arguments>
<arg>${BROWSER}</arg>
<arg>${URL}</arg>
<arg>${PathToDriver}</arg>
</arguments>
<kw name="Run Keyword If" library="BuiltIn">
<doc>Runs the given keyword with the given arguments, if ``condition`` is true.</doc>
<arguments>
<arg>"${BROWSER}" == "HeadlessChrome"</arg>
<arg>HeadlessChrome</arg>
<arg>${PathToDriver}</arg>
<arg>ELSE</arg>
<arg>driver</arg>
<arg>${BROWSER}</arg>
<arg>${PathToDriver}</arg>
</arguments>
<kw name="HeadlessChrome" library="params">
<arguments>
<arg>${PathToDriver}</arg>
</arguments>
<kw name="Evaluate" library="BuiltIn">
<doc>Evaluates the given expression in Python and returns the result.</doc>
<arguments>
<arg>sys.modules['selenium.webdriver'].ChromeOptions()</arg>
<arg>sys, selenium.webdriver</arg>
</arguments>
<assign>
<var>${chromeOptions}</var>
</assign>
<msg timestamp="20200817 01:32:50.747" level="INFO">${chromeOptions} = &lt;selenium.webdriver.chrome.options.Options object at 0x0000028C94896790&gt;</msg>
<status status="PASS" starttime="20200817 01:32:50.745" endtime="20200817 01:32:50.747"></status>
</kw>
<kw name="Call Method" library="BuiltIn">
<doc>Calls the named method of the given object with the provided arguments.</doc>
<arguments>
<arg>${chromeOptions}</arg>
<arg>add_argument</arg>
<arg>--headless</arg>
</arguments>
<status status="PASS" starttime="20200817 01:32:50.747" endtime="20200817 01:32:50.747"></status>
</kw>
<kw name="Call Method" library="BuiltIn">
<doc>Calls the named method of the given object with the provided arguments.</doc>
<arguments>
<arg>${chromeOptions}</arg>
<arg>add_argument</arg>
<arg>--window-size\=1366,768</arg>
</arguments>
<status status="PASS" starttime="20200817 01:32:50.747" endtime="20200817 01:32:50.748"></status>
</kw>
<kw name="Call Method" library="BuiltIn">
<doc>Calls the named method of the given object with the provided arguments.</doc>
<arguments>
<arg>${chromeOptions}</arg>
<arg>add_argument</arg>
<arg>--disable-gpu</arg>
</arguments>
<status status="PASS" starttime="20200817 01:32:50.748" endtime="20200817 01:32:50.749"></status>
</kw>
<kw name="Create Webdriver" library="SeleniumLibrary">
<doc>Creates an instance of Selenium WebDriver.</doc>
<arguments>
<arg>Chrome</arg>
<arg>executable_path=${PathToDriver}</arg>
<arg>chrome_options=${chromeOptions}</arg>
</arguments>
<msg timestamp="20200817 01:32:50.750" level="INFO">Creating an instance of the Chrome WebDriver.</msg>
<status status="PASS" starttime="20200817 01:32:50.749" endtime="20200817 01:32:54.151"></status>
</kw>
<status status="PASS" starttime="20200817 01:32:50.745" endtime="20200817 01:32:54.152"></status>
</kw>
<status status="PASS" starttime="20200817 01:32:50.744" endtime="20200817 01:32:54.152"></status>
</kw>
<kw name="Set Window Size" library="SeleniumLibrary">
<doc>Sets current windows size to given ``width`` and ``height``.</doc>
<arguments>
<arg>1920</arg>
<arg>1640</arg>
</arguments>
<status status="PASS" starttime="20200817 01:32:54.152" endtime="20200817 01:32:56.287"></status>
</kw>
<kw name="Maximize Browser Window" library="SeleniumLibrary">
<doc>Maximizes current browser window.</doc>
<status status="PASS" starttime="20200817 01:32:56.287" endtime="20200817 01:32:56.412"></status>
</kw>
<kw name="Go To" library="SeleniumLibrary">
<doc>Navigates the current browser window to the provided ``url``.</doc>
<arguments>
<arg>${URL}</arg>
</arguments>
<msg timestamp="20200817 01:32:56.413" level="INFO">Opening url 'https://brainpool.ai/ai-in-business.html'</msg>
<status status="PASS" starttime="20200817 01:32:56.412" endtime="20200817 01:33:04.258"></status>
</kw>
<status status="PASS" starttime="20200817 01:32:50.743" endtime="20200817 01:33:04.258"></status>
</kw>
<kw name="AI Business" library="AIinBusiness">
<kw name="Intialization" library="params">
<kw name="Wait Until Element Is Visible" library="SeleniumLibrary">
<doc>Waits until the element ``locator`` is visible.</doc>
<arguments>
<arg>id=component-2</arg>
<arg>10s</arg>
</arguments>
<status status="PASS" starttime="20200817 01:33:04.261" endtime="20200817 01:33:05.732"></status>
</kw>
<status status="PASS" starttime="20200817 01:33:04.260" endtime="20200817 01:33:05.733"></status>
</kw>
<kw name="LinkTags" library="params">
<arguments>
<arg>29</arg>
</arguments>
<kw name="Execute Javascript" library="SeleniumLibrary">
<doc>Executes the given JavaScript code with possible arguments.</doc>
<arguments>
<arg>document.querySelectorAll("a")[${POS}].click()</arg>
</arguments>
<msg timestamp="20200817 01:33:05.735" level="INFO">Executing JavaScript:
document.querySelectorAll("a")[29].click()
Without any arguments.</msg>
<status status="PASS" starttime="20200817 01:33:05.734" endtime="20200817 01:33:31.841"></status>
</kw>
<status status="PASS" starttime="20200817 01:33:05.733" endtime="20200817 01:33:31.841"></status>
</kw>
<status status="PASS" starttime="20200817 01:33:04.259" endtime="20200817 01:33:31.841"></status>
</kw>
<kw name="Stop" library="params" type="teardown">
<kw name="Close All Browsers" library="SeleniumLibrary">
<doc>Closes all open browsers and resets the browser cache.</doc>
<status status="PASS" starttime="20200817 01:33:31.842" endtime="20200817 01:33:34.694"></status>
</kw>
<status status="PASS" starttime="20200817 01:33:31.842" endtime="20200817 01:33:34.694"></status>
</kw>
<doc>Verifies if the AI Business Logo is accessible</doc>
<tags>
<tag>AIinBusinessPageAIBusiness</tag>
</tags>
<status status="PASS" starttime="20200817 01:32:50.742" endtime="20200817 01:33:34.694" critical="yes"></status>
</test>
<test id="s1-s1-t8" name="The Stack Logo">
<kw name="Start" library="params" type="setup">
<arguments>
<arg>${BROWSER}</arg>
<arg>${URL}</arg>
<arg>${PathToDriver}</arg>
</arguments>
<kw name="Run Keyword If" library="BuiltIn">
<doc>Runs the given keyword with the given arguments, if ``condition`` is true.</doc>
<arguments>
<arg>"${BROWSER}" == "HeadlessChrome"</arg>
<arg>HeadlessChrome</arg>
<arg>${PathToDriver}</arg>
<arg>ELSE</arg>
<arg>driver</arg>
<arg>${BROWSER}</arg>
<arg>${PathToDriver}</arg>
</arguments>
<kw name="HeadlessChrome" library="params">
<arguments>
<arg>${PathToDriver}</arg>
</arguments>
<kw name="Evaluate" library="BuiltIn">
<doc>Evaluates the given expression in Python and returns the result.</doc>
<arguments>
<arg>sys.modules['selenium.webdriver'].ChromeOptions()</arg>
<arg>sys, selenium.webdriver</arg>
</arguments>
<assign>
<var>${chromeOptions}</var>
</assign>
<msg timestamp="20200817 01:33:34.701" level="INFO">${chromeOptions} = &lt;selenium.webdriver.chrome.options.Options object at 0x0000028C9487C6D0&gt;</msg>
<status status="PASS" starttime="20200817 01:33:34.701" endtime="20200817 01:33:34.701"></status>
</kw>
<kw name="Call Method" library="BuiltIn">
<doc>Calls the named method of the given object with the provided arguments.</doc>
<arguments>
<arg>${chromeOptions}</arg>
<arg>add_argument</arg>
<arg>--headless</arg>
</arguments>
<status status="PASS" starttime="20200817 01:33:34.702" endtime="20200817 01:33:34.702"></status>
</kw>
<kw name="Call Method" library="BuiltIn">
<doc>Calls the named method of the given object with the provided arguments.</doc>
<arguments>
<arg>${chromeOptions}</arg>
<arg>add_argument</arg>
<arg>--window-size\=1366,768</arg>
</arguments>
<status status="PASS" starttime="20200817 01:33:34.702" endtime="20200817 01:33:34.703"></status>
</kw>
<kw name="Call Method" library="BuiltIn">
<doc>Calls the named method of the given object with the provided arguments.</doc>
<arguments>
<arg>${chromeOptions}</arg>
<arg>add_argument</arg>
<arg>--disable-gpu</arg>
</arguments>
<status status="PASS" starttime="20200817 01:33:34.703" endtime="20200817 01:33:34.704"></status>
</kw>
<kw name="Create Webdriver" library="SeleniumLibrary">
<doc>Creates an instance of Selenium WebDriver.</doc>
<arguments>
<arg>Chrome</arg>
<arg>executable_path=${PathToDriver}</arg>
<arg>chrome_options=${chromeOptions}</arg>
</arguments>
<msg timestamp="20200817 01:33:34.705" level="INFO">Creating an instance of the Chrome WebDriver.</msg>
<status status="PASS" starttime="20200817 01:33:34.704" endtime="20200817 01:33:38.657"></status>
</kw>
<status status="PASS" starttime="20200817 01:33:34.700" endtime="20200817 01:33:38.657"></status>
</kw>
<status status="PASS" starttime="20200817 01:33:34.699" endtime="20200817 01:33:38.658"></status>
</kw>
<kw name="Set Window Size" library="SeleniumLibrary">
<doc>Sets current windows size to given ``width`` and ``height``.</doc>
<arguments>
<arg>1920</arg>
<arg>1640</arg>
</arguments>
<status status="PASS" starttime="20200817 01:33:38.658" endtime="20200817 01:33:40.924"></status>
</kw>
<kw name="Maximize Browser Window" library="SeleniumLibrary">
<doc>Maximizes current browser window.</doc>
<status status="PASS" starttime="20200817 01:33:40.924" endtime="20200817 01:33:41.052"></status>
</kw>
<kw name="Go To" library="SeleniumLibrary">
<doc>Navigates the current browser window to the provided ``url``.</doc>
<arguments>
<arg>${URL}</arg>
</arguments>
<msg timestamp="20200817 01:33:41.053" level="INFO">Opening url 'https://brainpool.ai/ai-in-business.html'</msg>
<status status="PASS" starttime="20200817 01:33:41.053" endtime="20200817 01:33:45.533"></status>
</kw>
<status status="PASS" starttime="20200817 01:33:34.698" endtime="20200817 01:33:45.533"></status>
</kw>
<kw name="The Stack" library="AIinBusiness">
<kw name="Intialization" library="params">
<kw name="Wait Until Element Is Visible" library="SeleniumLibrary">
<doc>Waits until the element ``locator`` is visible.</doc>
<arguments>
<arg>id=component-2</arg>
<arg>10s</arg>
</arguments>
<status status="PASS" starttime="20200817 01:33:45.535" endtime="20200817 01:33:47.206"></status>
</kw>
<status status="PASS" starttime="20200817 01:33:45.534" endtime="20200817 01:33:47.206"></status>
</kw>
<kw name="LinkTags" library="params">
<arguments>
<arg>30</arg>
</arguments>
<kw name="Execute Javascript" library="SeleniumLibrary">
<doc>Executes the given JavaScript code with possible arguments.</doc>
<arguments>
<arg>document.querySelectorAll("a")[${POS}].click()</arg>
</arguments>
<msg timestamp="20200817 01:33:47.208" level="INFO">Executing JavaScript:
document.querySelectorAll("a")[30].click()
Without any arguments.</msg>
<status status="PASS" starttime="20200817 01:33:47.207" endtime="20200817 01:33:48.454"></status>
</kw>
<status status="PASS" starttime="20200817 01:33:47.206" endtime="20200817 01:33:48.454"></status>
</kw>
<status status="PASS" starttime="20200817 01:33:45.533" endtime="20200817 01:33:48.454"></status>
</kw>
<kw name="Stop" library="params" type="teardown">
<kw name="Close All Browsers" library="SeleniumLibrary">
<doc>Closes all open browsers and resets the browser cache.</doc>
<status status="PASS" starttime="20200817 01:33:48.455" endtime="20200817 01:33:50.545"></status>
</kw>
<status status="PASS" starttime="20200817 01:33:48.454" endtime="20200817 01:33:50.545"></status>
</kw>
<doc>Verifies if the The Stack Logo is accessible</doc>
<tags>
<tag>AIinBusinessPageTheStack</tag>
</tags>
<status status="PASS" starttime="20200817 01:33:34.696" endtime="20200817 01:33:50.545" critical="yes"></status>
</test>
<test id="s1-s1-t9" name="GetStarted">
<kw name="Start" library="params" type="setup">
<arguments>
<arg>${BROWSER}</arg>
<arg>${URL}</arg>
<arg>${PathToDriver}</arg>
</arguments>
<kw name="Run Keyword If" library="BuiltIn">
<doc>Runs the given keyword with the given arguments, if ``condition`` is true.</doc>
<arguments>
<arg>"${BROWSER}" == "HeadlessChrome"</arg>
<arg>HeadlessChrome</arg>
<arg>${PathToDriver}</arg>
<arg>ELSE</arg>
<arg>driver</arg>
<arg>${BROWSER}</arg>
<arg>${PathToDriver}</arg>
</arguments>
<kw name="HeadlessChrome" library="params">
<arguments>
<arg>${PathToDriver}</arg>
</arguments>
<kw name="Evaluate" library="BuiltIn">
<doc>Evaluates the given expression in Python and returns the result.</doc>
<arguments>
<arg>sys.modules['selenium.webdriver'].ChromeOptions()</arg>
<arg>sys, selenium.webdriver</arg>
</arguments>
<assign>
<var>${chromeOptions}</var>
</assign>
<msg timestamp="20200817 01:33:50.549" level="INFO">${chromeOptions} = &lt;selenium.webdriver.chrome.options.Options object at 0x0000028C948AC1F0&gt;</msg>
<status status="PASS" starttime="20200817 01:33:50.549" endtime="20200817 01:33:50.549"></status>
</kw>
<kw name="Call Method" library="BuiltIn">
<doc>Calls the named method of the given object with the provided arguments.</doc>
<arguments>
<arg>${chromeOptions}</arg>
<arg>add_argument</arg>
<arg>--headless</arg>
</arguments>
<status status="PASS" starttime="20200817 01:33:50.549" endtime="20200817 01:33:50.550"></status>
</kw>
<kw name="Call Method" library="BuiltIn">
<doc>Calls the named method of the given object with the provided arguments.</doc>
<arguments>
<arg>${chromeOptions}</arg>
<arg>add_argument</arg>
<arg>--window-size\=1366,768</arg>
</arguments>
<status status="PASS" starttime="20200817 01:33:50.550" endtime="20200817 01:33:50.550"></status>
</kw>
<kw name="Call Method" library="BuiltIn">
<doc>Calls the named method of the given object with the provided arguments.</doc>
<arguments>
<arg>${chromeOptions}</arg>
<arg>add_argument</arg>
<arg>--disable-gpu</arg>
</arguments>
<status status="PASS" starttime="20200817 01:33:50.550" endtime="20200817 01:33:50.550"></status>
</kw>
<kw name="Create Webdriver" library="SeleniumLibrary">
<doc>Creates an instance of Selenium WebDriver.</doc>
<arguments>
<arg>Chrome</arg>
<arg>executable_path=${PathToDriver}</arg>
<arg>chrome_options=${chromeOptions}</arg>
</arguments>
<msg timestamp="20200817 01:33:50.551" level="INFO">Creating an instance of the Chrome WebDriver.</msg>
<status status="PASS" starttime="20200817 01:33:50.551" endtime="20200817 01:33:54.113"></status>
</kw>
<status status="PASS" starttime="20200817 01:33:50.548" endtime="20200817 01:33:54.114"></status>
</kw>
<status status="PASS" starttime="20200817 01:33:50.548" endtime="20200817 01:33:54.114"></status>
</kw>
<kw name="Set Window Size" library="SeleniumLibrary">
<doc>Sets current windows size to given ``width`` and ``height``.</doc>
<arguments>
<arg>1920</arg>
<arg>1640</arg>
</arguments>
<status status="PASS" starttime="20200817 01:33:54.114" endtime="20200817 01:33:56.350"></status>
</kw>
<kw name="Maximize Browser Window" library="SeleniumLibrary">
<doc>Maximizes current browser window.</doc>
<status status="PASS" starttime="20200817 01:33:56.350" endtime="20200817 01:33:56.468"></status>
</kw>
<kw name="Go To" library="SeleniumLibrary">
<doc>Navigates the current browser window to the provided ``url``.</doc>
<arguments>
<arg>${URL}</arg>
</arguments>
<msg timestamp="20200817 01:33:56.469" level="INFO">Opening url 'https://brainpool.ai/ai-in-business.html'</msg>
<status status="PASS" starttime="20200817 01:33:56.468" endtime="20200817 01:34:02.985"></status>
</kw>
<status status="PASS" starttime="20200817 01:33:50.547" endtime="20200817 01:34:02.985"></status>
</kw>
<kw name="GetStarted" library="AIinBusiness">
<kw name="Intialization" library="params">
<kw name="Wait Until Element Is Visible" library="SeleniumLibrary">
<doc>Waits until the element ``locator`` is visible.</doc>
<arguments>
<arg>id=component-2</arg>
<arg>10s</arg>
</arguments>
<status status="PASS" starttime="20200817 01:34:02.988" endtime="20200817 01:34:04.843"></status>
</kw>
<status status="PASS" starttime="20200817 01:34:02.987" endtime="20200817 01:34:04.843"></status>
</kw>
<kw name="Buttons" library="params">
<arguments>
<arg>21</arg>
</arguments>
<kw name="Click Button" library="SeleniumLibrary">
<doc>Clicks the button identified by ``locator``.</doc>
<arguments>
<arg>id=component-${ELEMENT}</arg>
</arguments>
<msg timestamp="20200817 01:34:04.846" level="INFO">Clicking button 'id=component-21'.</msg>
<status status="PASS" starttime="20200817 01:34:04.845" endtime="20200817 01:34:05.357"></status>
</kw>
<status status="PASS" starttime="20200817 01:34:04.844" endtime="20200817 01:34:05.358"></status>
</kw>
<status status="PASS" starttime="20200817 01:34:02.986" endtime="20200817 01:34:05.358"></status>
</kw>
<kw name="Stop" library="params" type="teardown">
<kw name="Close All Browsers" library="SeleniumLibrary">
<doc>Closes all open browsers and resets the browser cache.</doc>
<status status="PASS" starttime="20200817 01:34:05.360" endtime="20200817 01:34:07.470"></status>
</kw>
<status status="PASS" starttime="20200817 01:34:05.358" endtime="20200817 01:34:07.470"></status>
</kw>
<doc>Verifies if the Get Started button is accessible</doc>
<tags>
<tag>AIinBusinessPageGetStarted</tag>
</tags>
<status status="PASS" starttime="20200817 01:33:50.546" endtime="20200817 01:34:07.470" critical="yes"></status>
</test>
<test id="s1-s1-t10" name="ContactAction">
<kw name="Start" library="params" type="setup">
<arguments>
<arg>${BROWSER}</arg>
<arg>${URL}</arg>
<arg>${PathToDriver}</arg>
</arguments>
<kw name="Run Keyword If" library="BuiltIn">
<doc>Runs the given keyword with the given arguments, if ``condition`` is true.</doc>
<arguments>
<arg>"${BROWSER}" == "HeadlessChrome"</arg>
<arg>HeadlessChrome</arg>
<arg>${PathToDriver}</arg>
<arg>ELSE</arg>
<arg>driver</arg>
<arg>${BROWSER}</arg>
<arg>${PathToDriver}</arg>
</arguments>
<kw name="HeadlessChrome" library="params">
<arguments>
<arg>${PathToDriver}</arg>
</arguments>
<kw name="Evaluate" library="BuiltIn">
<doc>Evaluates the given expression in Python and returns the result.</doc>
<arguments>
<arg>sys.modules['selenium.webdriver'].ChromeOptions()</arg>
<arg>sys, selenium.webdriver</arg>
</arguments>
<assign>
<var>${chromeOptions}</var>
</assign>
<msg timestamp="20200817 01:34:07.476" level="INFO">${chromeOptions} = &lt;selenium.webdriver.chrome.options.Options object at 0x0000028C948BB1C0&gt;</msg>
<status status="PASS" starttime="20200817 01:34:07.475" endtime="20200817 01:34:07.476"></status>
</kw>
<kw name="Call Method" library="BuiltIn">
<doc>Calls the named method of the given object with the provided arguments.</doc>
<arguments>
<arg>${chromeOptions}</arg>
<arg>add_argument</arg>
<arg>--headless</arg>
</arguments>
<status status="PASS" starttime="20200817 01:34:07.476" endtime="20200817 01:34:07.476"></status>
</kw>
<kw name="Call Method" library="BuiltIn">
<doc>Calls the named method of the given object with the provided arguments.</doc>
<arguments>
<arg>${chromeOptions}</arg>
<arg>add_argument</arg>
<arg>--window-size\=1366,768</arg>
</arguments>
<status status="PASS" starttime="20200817 01:34:07.476" endtime="20200817 01:34:07.477"></status>
</kw>
<kw name="Call Method" library="BuiltIn">
<doc>Calls the named method of the given object with the provided arguments.</doc>
<arguments>
<arg>${chromeOptions}</arg>
<arg>add_argument</arg>
<arg>--disable-gpu</arg>
</arguments>
<status status="PASS" starttime="20200817 01:34:07.477" endtime="20200817 01:34:07.477"></status>
</kw>
<kw name="Create Webdriver" library="SeleniumLibrary">
<doc>Creates an instance of Selenium WebDriver.</doc>
<arguments>
<arg>Chrome</arg>
<arg>executable_path=${PathToDriver}</arg>
<arg>chrome_options=${chromeOptions}</arg>
</arguments>
<msg timestamp="20200817 01:34:07.478" level="INFO">Creating an instance of the Chrome WebDriver.</msg>
<status status="PASS" starttime="20200817 01:34:07.477" endtime="20200817 01:34:10.921"></status>
</kw>
<status status="PASS" starttime="20200817 01:34:07.475" endtime="20200817 01:34:10.922"></status>
</kw>
<status status="PASS" starttime="20200817 01:34:07.473" endtime="20200817 01:34:10.922"></status>
</kw>
<kw name="Set Window Size" library="SeleniumLibrary">
<doc>Sets current windows size to given ``width`` and ``height``.</doc>
<arguments>
<arg>1920</arg>
<arg>1640</arg>
</arguments>
<status status="PASS" starttime="20200817 01:34:10.922" endtime="20200817 01:34:13.044"></status>
</kw>
<kw name="Maximize Browser Window" library="SeleniumLibrary">
<doc>Maximizes current browser window.</doc>
<status status="PASS" starttime="20200817 01:34:13.044" endtime="20200817 01:34:13.152"></status>
</kw>
<kw name="Go To" library="SeleniumLibrary">
<doc>Navigates the current browser window to the provided ``url``.</doc>
<arguments>
<arg>${URL}</arg>
</arguments>
<msg timestamp="20200817 01:34:13.153" level="INFO">Opening url 'https://brainpool.ai/ai-in-business.html'</msg>
<status status="PASS" starttime="20200817 01:34:13.152" endtime="20200817 01:34:19.771"></status>
</kw>
<status status="PASS" starttime="20200817 01:34:07.472" endtime="20200817 01:34:19.772"></status>
</kw>
<kw name="contactAction" library="AIinBusiness">
<kw name="Intialization" library="params">
<kw name="Wait Until Element Is Visible" library="SeleniumLibrary">
<doc>Waits until the element ``locator`` is visible.</doc>
<arguments>
<arg>id=component-2</arg>
<arg>10s</arg>
</arguments>
<status status="PASS" starttime="20200817 01:34:19.774" endtime="20200817 01:34:21.554"></status>
</kw>
<status status="PASS" starttime="20200817 01:34:19.773" endtime="20200817 01:34:21.554"></status>
</kw>
<kw name="ScrollDown" library="params">
<arguments>
<arg>0</arg>
<arg>1000</arg>
</arguments>
<kw name="Execute Javascript" library="SeleniumLibrary">
<doc>Executes the given JavaScript code with possible arguments.</doc>
<arguments>
<arg>window.scrollTo(${X},${Y})</arg>
</arguments>
<msg timestamp="20200817 01:34:21.557" level="INFO">Executing JavaScript:
window.scrollTo(0,1000)
Without any arguments.</msg>
<status status="PASS" starttime="20200817 01:34:21.555" endtime="20200817 01:34:21.671"></status>
</kw>
<status status="PASS" starttime="20200817 01:34:21.555" endtime="20200817 01:34:21.672"></status>
</kw>
<kw name="Sleep" library="BuiltIn">
<doc>Pauses the test executed for the given time.</doc>
<arguments>
<arg>1s</arg>
</arguments>
<msg timestamp="20200817 01:34:22.673" level="INFO">Slept 1 second</msg>
<status status="PASS" starttime="20200817 01:34:21.672" endtime="20200817 01:34:22.674"></status>
</kw>
<kw name="Wait Until Element Is Visible" library="SeleniumLibrary">
<doc>Waits until the element ``locator`` is visible.</doc>
<arguments>
<arg>id=component-9</arg>
</arguments>
<status status="PASS" starttime="20200817 01:34:22.674" endtime="20200817 01:34:22.705"></status>
</kw>
<kw name="Buttons" library="params">
<arguments>
<arg>9</arg>
</arguments>
<kw name="Click Button" library="SeleniumLibrary">
<doc>Clicks the button identified by ``locator``.</doc>
<arguments>
<arg>id=component-${ELEMENT}</arg>
</arguments>
<msg timestamp="20200817 01:34:22.707" level="INFO">Clicking button 'id=component-9'.</msg>
<status status="PASS" starttime="20200817 01:34:22.706" endtime="20200817 01:34:22.814"></status>
</kw>
<status status="PASS" starttime="20200817 01:34:22.706" endtime="20200817 01:34:22.815"></status>
</kw>
<status status="PASS" starttime="20200817 01:34:19.772" endtime="20200817 01:34:22.815"></status>
</kw>
<kw name="Stop" library="params" type="teardown">
<kw name="Close All Browsers" library="SeleniumLibrary">
<doc>Closes all open browsers and resets the browser cache.</doc>
<status status="PASS" starttime="20200817 01:34:22.816" endtime="20200817 01:34:24.966"></status>
</kw>
<status status="PASS" starttime="20200817 01:34:22.815" endtime="20200817 01:34:24.966"></status>
</kw>
<doc>Verifies if the contact us is accessible</doc>
<tags>
<tag>AIinBusinessPagecontactaction</tag>
</tags>
<status status="PASS" starttime="20200817 01:34:07.471" endtime="20200817 01:34:24.966" critical="yes"></status>
</test>
<test id="s1-s1-t11" name="ContactForm">
<kw name="Start" library="params" type="setup">
<arguments>
<arg>${BROWSER}</arg>
<arg>${URL}</arg>
<arg>${PathToDriver}</arg>
</arguments>
<kw name="Run Keyword If" library="BuiltIn">
<doc>Runs the given keyword with the given arguments, if ``condition`` is true.</doc>
<arguments>
<arg>"${BROWSER}" == "HeadlessChrome"</arg>
<arg>HeadlessChrome</arg>
<arg>${PathToDriver}</arg>
<arg>ELSE</arg>
<arg>driver</arg>
<arg>${BROWSER}</arg>
<arg>${PathToDriver}</arg>
</arguments>
<kw name="HeadlessChrome" library="params">
<arguments>
<arg>${PathToDriver}</arg>
</arguments>
<kw name="Evaluate" library="BuiltIn">
<doc>Evaluates the given expression in Python and returns the result.</doc>
<arguments>
<arg>sys.modules['selenium.webdriver'].ChromeOptions()</arg>
<arg>sys, selenium.webdriver</arg>
</arguments>
<assign>
<var>${chromeOptions}</var>
</assign>
<msg timestamp="20200817 01:34:24.973" level="INFO">${chromeOptions} = &lt;selenium.webdriver.chrome.options.Options object at 0x0000028C948BB670&gt;</msg>
<status status="PASS" starttime="20200817 01:34:24.972" endtime="20200817 01:34:24.973"></status>
</kw>
<kw name="Call Method" library="BuiltIn">
<doc>Calls the named method of the given object with the provided arguments.</doc>
<arguments>
<arg>${chromeOptions}</arg>
<arg>add_argument</arg>
<arg>--headless</arg>
</arguments>
<status status="PASS" starttime="20200817 01:34:24.973" endtime="20200817 01:34:24.974"></status>
</kw>
<kw name="Call Method" library="BuiltIn">
<doc>Calls the named method of the given object with the provided arguments.</doc>
<arguments>
<arg>${chromeOptions}</arg>
<arg>add_argument</arg>
<arg>--window-size\=1366,768</arg>
</arguments>
<status status="PASS" starttime="20200817 01:34:24.974" endtime="20200817 01:34:24.974"></status>
</kw>
<kw name="Call Method" library="BuiltIn">
<doc>Calls the named method of the given object with the provided arguments.</doc>
<arguments>
<arg>${chromeOptions}</arg>
<arg>add_argument</arg>
<arg>--disable-gpu</arg>
</arguments>
<status status="PASS" starttime="20200817 01:34:24.974" endtime="20200817 01:34:24.974"></status>
</kw>
<kw name="Create Webdriver" library="SeleniumLibrary">
<doc>Creates an instance of Selenium WebDriver.</doc>
<arguments>
<arg>Chrome</arg>
<arg>executable_path=${PathToDriver}</arg>
<arg>chrome_options=${chromeOptions}</arg>
</arguments>
<msg timestamp="20200817 01:34:24.975" level="INFO">Creating an instance of the Chrome WebDriver.</msg>
<status status="PASS" starttime="20200817 01:34:24.975" endtime="20200817 01:34:28.300"></status>
</kw>
<status status="PASS" starttime="20200817 01:34:24.972" endtime="20200817 01:34:28.301"></status>
</kw>
<status status="PASS" starttime="20200817 01:34:24.969" endtime="20200817 01:34:28.301"></status>
</kw>
<kw name="Set Window Size" library="SeleniumLibrary">
<doc>Sets current windows size to given ``width`` and ``height``.</doc>
<arguments>
<arg>1920</arg>
<arg>1640</arg>
</arguments>
<status status="PASS" starttime="20200817 01:34:28.301" endtime="20200817 01:34:30.436"></status>
</kw>
<kw name="Maximize Browser Window" library="SeleniumLibrary">
<doc>Maximizes current browser window.</doc>
<status status="PASS" starttime="20200817 01:34:30.437" endtime="20200817 01:34:30.557"></status>
</kw>
<kw name="Go To" library="SeleniumLibrary">
<doc>Navigates the current browser window to the provided ``url``.</doc>
<arguments>
<arg>${URL}</arg>
</arguments>
<msg timestamp="20200817 01:34:30.558" level="INFO">Opening url 'https://brainpool.ai/ai-in-business.html'</msg>
<status status="PASS" starttime="20200817 01:34:30.558" endtime="20200817 01:34:37.005"></status>
</kw>
<status status="PASS" starttime="20200817 01:34:24.968" endtime="20200817 01:34:37.006"></status>
</kw>
<kw name="ContatUsForm" library="AIinBusiness">
<kw name="Intialization" library="params">
<kw name="Wait Until Element Is Visible" library="SeleniumLibrary">
<doc>Waits until the element ``locator`` is visible.</doc>
<arguments>
<arg>id=component-2</arg>
<arg>10s</arg>
</arguments>
<status status="PASS" starttime="20200817 01:34:37.007" endtime="20200817 01:34:40.187"></status>
</kw>
<status status="PASS" starttime="20200817 01:34:37.007" endtime="20200817 01:34:40.187"></status>
</kw>
<kw name="ScrollDown" library="params">
<arguments>
<arg>0</arg>
<arg>8000</arg>
</arguments>
<kw name="Execute Javascript" library="SeleniumLibrary">
<doc>Executes the given JavaScript code with possible arguments.</doc>
<arguments>
<arg>window.scrollTo(${X},${Y})</arg>
</arguments>
<msg timestamp="20200817 01:34:40.190" level="INFO">Executing JavaScript:
window.scrollTo(0,8000)
Without any arguments.</msg>
<status status="PASS" starttime="20200817 01:34:40.189" endtime="20200817 01:34:40.200"></status>
</kw>
<status status="PASS" starttime="20200817 01:34:40.187" endtime="20200817 01:34:40.201"></status>
</kw>
<kw name="Input Text" library="SeleniumLibrary">
<doc>Types the given ``text`` into the text field identified by ``locator``.</doc>
<arguments>
<arg>id=demo-name</arg>
<arg>Hello World</arg>
</arguments>
<msg timestamp="20200817 01:34:40.201" level="INFO">Typing text 'Hello World' into text field 'id=demo-name'.</msg>
<status status="PASS" starttime="20200817 01:34:40.201" endtime="20200817 01:34:41.450"></status>
</kw>
<kw name="Input Text" library="SeleniumLibrary">
<doc>Types the given ``text`` into the text field identified by ``locator``.</doc>
<arguments>
<arg>id=demo-email</arg>
<arg>HelloWorld@email.com</arg>
</arguments>
<msg timestamp="20200817 01:34:41.451" level="INFO">Typing text 'HelloWorld@email.com' into text field 'id=demo-email'.</msg>
<status status="PASS" starttime="20200817 01:34:41.451" endtime="20200817 01:34:41.800"></status>
</kw>
<kw name="Input Text" library="SeleniumLibrary">
<doc>Types the given ``text`` into the text field identified by ``locator``.</doc>
<arguments>
<arg>id=demo-Cname</arg>
<arg>MysteryInc.</arg>
</arguments>
<msg timestamp="20200817 01:34:41.801" level="INFO">Typing text 'MysteryInc.' into text field 'id=demo-Cname'.</msg>
<status status="PASS" starttime="20200817 01:34:41.800" endtime="20200817 01:34:42.022"></status>
</kw>
<kw name="Click Button" library="SeleniumLibrary">
<doc>Clicks the button identified by ``locator``.</doc>
<arguments>
<arg>id=contact-allpage</arg>
</arguments>
<msg timestamp="20200817 01:34:42.023" level="INFO">Clicking button 'id=contact-allpage'.</msg>
<status status="PASS" starttime="20200817 01:34:42.022" endtime="20200817 01:34:42.250"></status>
</kw>
<kw name="Sleep" library="BuiltIn">
<doc>Pauses the test executed for the given time.</doc>
<arguments>
<arg>2s</arg>
</arguments>
<msg timestamp="20200817 01:34:44.251" level="INFO">Slept 2 seconds</msg>
<status status="PASS" starttime="20200817 01:34:42.251" endtime="20200817 01:34:44.251"></status>
</kw>
<kw name="Page Should Contain" library="SeleniumLibrary">
<doc>Verifies that current page contains ``text``.</doc>
<arguments>
<arg>Thank you, a member of our team will be in touch shortly.</arg>
</arguments>
<msg timestamp="20200817 01:34:44.308" level="INFO">Current page contains text 'Thank you, a member of our team will be in touch shortly.'.</msg>
<status status="PASS" starttime="20200817 01:34:44.251" endtime="20200817 01:34:44.308"></status>
</kw>
<status status="PASS" starttime="20200817 01:34:37.006" endtime="20200817 01:34:44.308"></status>
</kw>
<kw name="Stop" library="params" type="teardown">
<kw name="Close All Browsers" library="SeleniumLibrary">
<doc>Closes all open browsers and resets the browser cache.</doc>
<status status="PASS" starttime="20200817 01:34:44.309" endtime="20200817 01:34:46.385"></status>
</kw>
<status status="PASS" starttime="20200817 01:34:44.308" endtime="20200817 01:34:46.385"></status>
</kw>
<doc>Verifies if the contact form is accessible</doc>
<tags>
<tag>AIinBusinessPageform</tag>
</tags>
<status status="PASS" starttime="20200817 01:34:24.967" endtime="20200817 01:34:46.385" critical="yes"></status>
</test>
<status status="PASS" starttime="20200817 01:30:35.309" endtime="20200817 01:34:46.387"></status>
</suite>
<suite id="s1-s2" name="About" source="C:\Users\pegAsus\workspace_python\SeleniumTrails\WebSiteTesting\Tests\About.robot">
<test id="s1-s2-t1" name="Site accessibility">
<kw name="Start" library="params" type="setup">
<arguments>
<arg>${BROWSER}</arg>
<arg>${URL}</arg>
<arg>${PathToDriver}</arg>
</arguments>
<kw name="Run Keyword If" library="BuiltIn">
<doc>Runs the given keyword with the given arguments, if ``condition`` is true.</doc>
<arguments>
<arg>"${BROWSER}" == "HeadlessChrome"</arg>
<arg>HeadlessChrome</arg>
<arg>${PathToDriver}</arg>
<arg>ELSE</arg>
<arg>driver</arg>
<arg>${BROWSER}</arg>
<arg>${PathToDriver}</arg>
</arguments>
<kw name="HeadlessChrome" library="params">
<arguments>
<arg>${PathToDriver}</arg>
</arguments>
<kw name="Evaluate" library="BuiltIn">
<doc>Evaluates the given expression in Python and returns the result.</doc>
<arguments>
<arg>sys.modules['selenium.webdriver'].ChromeOptions()</arg>
<arg>sys, selenium.webdriver</arg>
</arguments>
<assign>
<var>${chromeOptions}</var>
</assign>
<msg timestamp="20200817 01:30:35.642" level="INFO">${chromeOptions} = &lt;selenium.webdriver.chrome.options.Options object at 0x000002A4CEA267C0&gt;</msg>
<status status="PASS" starttime="20200817 01:30:35.642" endtime="20200817 01:30:35.642"></status>
</kw>
<kw name="Call Method" library="BuiltIn">
<doc>Calls the named method of the given object with the provided arguments.</doc>
<arguments>
<arg>${chromeOptions}</arg>
<arg>add_argument</arg>
<arg>--headless</arg>
</arguments>
<status status="PASS" starttime="20200817 01:30:35.642" endtime="20200817 01:30:35.642"></status>
</kw>
<kw name="Call Method" library="BuiltIn">
<doc>Calls the named method of the given object with the provided arguments.</doc>
<arguments>
<arg>${chromeOptions}</arg>
<arg>add_argument</arg>
<arg>--window-size\=1366,768</arg>
</arguments>
<status status="PASS" starttime="20200817 01:30:35.642" endtime="20200817 01:30:35.642"></status>
</kw>
<kw name="Call Method" library="BuiltIn">
<doc>Calls the named method of the given object with the provided arguments.</doc>
<arguments>
<arg>${chromeOptions}</arg>
<arg>add_argument</arg>
<arg>--disable-gpu</arg>
</arguments>
<status status="PASS" starttime="20200817 01:30:35.642" endtime="20200817 01:30:35.642"></status>
</kw>
<kw name="Create Webdriver" library="SeleniumLibrary">
<doc>Creates an instance of Selenium WebDriver.</doc>
<arguments>
<arg>Chrome</arg>
<arg>executable_path=${PathToDriver}</arg>
<arg>chrome_options=${chromeOptions}</arg>
</arguments>
<msg timestamp="20200817 01:30:35.642" level="INFO">Creating an instance of the Chrome WebDriver.</msg>
<status status="PASS" starttime="20200817 01:30:35.642" endtime="20200817 01:30:40.007"></status>
</kw>
<status status="PASS" starttime="20200817 01:30:35.642" endtime="20200817 01:30:40.007"></status>
</kw>
<status status="PASS" starttime="20200817 01:30:35.642" endtime="20200817 01:30:40.008"></status>
</kw>
<kw name="Set Window Size" library="SeleniumLibrary">
<doc>Sets current windows size to given ``width`` and ``height``.</doc>
<arguments>
<arg>1920</arg>
<arg>1640</arg>
</arguments>
<status status="PASS" starttime="20200817 01:30:40.008" endtime="20200817 01:30:42.139"></status>
</kw>
<kw name="Maximize Browser Window" library="SeleniumLibrary">
<doc>Maximizes current browser window.</doc>
<status status="PASS" starttime="20200817 01:30:42.139" endtime="20200817 01:30:42.245"></status>
</kw>
<kw name="Go To" library="SeleniumLibrary">
<doc>Navigates the current browser window to the provided ``url``.</doc>
<arguments>
<arg>${URL}</arg>
</arguments>
<msg timestamp="20200817 01:30:42.246" level="INFO">Opening url 'https://brainpool.ai/about.html'</msg>
<status status="PASS" starttime="20200817 01:30:42.246" endtime="20200817 01:30:53.338"></status>
</kw>
<status status="PASS" starttime="20200817 01:30:35.642" endtime="20200817 01:30:53.339"></status>
</kw>
<kw name="Intialization" library="params">
<kw name="Wait Until Element Is Visible" library="SeleniumLibrary">
<doc>Waits until the element ``locator`` is visible.</doc>
<arguments>
<arg>id=component-2</arg>
<arg>10s</arg>
</arguments>
<status status="PASS" starttime="20200817 01:30:53.339" endtime="20200817 01:30:55.095"></status>
</kw>
<status status="PASS" starttime="20200817 01:30:53.339" endtime="20200817 01:30:55.096"></status>
</kw>
<kw name="Stop" library="params" type="teardown">
<kw name="Close All Browsers" library="SeleniumLibrary">
<doc>Closes all open browsers and resets the browser cache.</doc>
<status status="PASS" starttime="20200817 01:30:55.098" endtime="20200817 01:30:59.691"></status>
</kw>
<status status="PASS" starttime="20200817 01:30:55.097" endtime="20200817 01:30:59.691"></status>
</kw>
<doc>site accessibility test</doc>
<tags>
<tag>Smoke</tag>
</tags>
<status status="PASS" starttime="20200817 01:30:35.642" endtime="20200817 01:30:59.691" critical="yes"></status>
</test>
<test id="s1-s2-t2" name="AboutUs 1st Apply Button">
<kw name="Start" library="params" type="setup">
<arguments>
<arg>${BROWSER}</arg>
<arg>${URL}</arg>
<arg>${PathToDriver}</arg>
</arguments>
<kw name="Run Keyword If" library="BuiltIn">
<doc>Runs the given keyword with the given arguments, if ``condition`` is true.</doc>
<arguments>
<arg>"${BROWSER}" == "HeadlessChrome"</arg>
<arg>HeadlessChrome</arg>
<arg>${PathToDriver}</arg>
<arg>ELSE</arg>
<arg>driver</arg>
<arg>${BROWSER}</arg>
<arg>${PathToDriver}</arg>
</arguments>
<kw name="HeadlessChrome" library="params">
<arguments>
<arg>${PathToDriver}</arg>
</arguments>
<kw name="Evaluate" library="BuiltIn">
<doc>Evaluates the given expression in Python and returns the result.</doc>
<arguments>
<arg>sys.modules['selenium.webdriver'].ChromeOptions()</arg>
<arg>sys, selenium.webdriver</arg>
</arguments>
<assign>
<var>${chromeOptions}</var>
</assign>
<msg timestamp="20200817 01:30:59.695" level="INFO">${chromeOptions} = &lt;selenium.webdriver.chrome.options.Options object at 0x000002A4CEA840A0&gt;</msg>
<status status="PASS" starttime="20200817 01:30:59.694" endtime="20200817 01:30:59.695"></status>
</kw>
<kw name="Call Method" library="BuiltIn">
<doc>Calls the named method of the given object with the provided arguments.</doc>
<arguments>
<arg>${chromeOptions}</arg>
<arg>add_argument</arg>
<arg>--headless</arg>
</arguments>
<status status="PASS" starttime="20200817 01:30:59.695" endtime="20200817 01:30:59.695"></status>
</kw>
<kw name="Call Method" library="BuiltIn">
<doc>Calls the named method of the given object with the provided arguments.</doc>
<arguments>
<arg>${chromeOptions}</arg>
<arg>add_argument</arg>
<arg>--window-size\=1366,768</arg>
</arguments>
<status status="PASS" starttime="20200817 01:30:59.695" endtime="20200817 01:30:59.695"></status>
</kw>
<kw name="Call Method" library="BuiltIn">
<doc>Calls the named method of the given object with the provided arguments.</doc>
<arguments>
<arg>${chromeOptions}</arg>
<arg>add_argument</arg>
<arg>--disable-gpu</arg>
</arguments>
<status status="PASS" starttime="20200817 01:30:59.695" endtime="20200817 01:30:59.696"></status>
</kw>
<kw name="Create Webdriver" library="SeleniumLibrary">
<doc>Creates an instance of Selenium WebDriver.</doc>
<arguments>
<arg>Chrome</arg>
<arg>executable_path=${PathToDriver}</arg>
<arg>chrome_options=${chromeOptions}</arg>
</arguments>
<msg timestamp="20200817 01:30:59.696" level="INFO">Creating an instance of the Chrome WebDriver.</msg>
<status status="PASS" starttime="20200817 01:30:59.696" endtime="20200817 01:31:02.927"></status>
</kw>
<status status="PASS" starttime="20200817 01:30:59.694" endtime="20200817 01:31:02.927"></status>
</kw>
<status status="PASS" starttime="20200817 01:30:59.694" endtime="20200817 01:31:02.927"></status>
</kw>
<kw name="Set Window Size" library="SeleniumLibrary">
<doc>Sets current windows size to given ``width`` and ``height``.</doc>
<arguments>
<arg>1920</arg>
<arg>1640</arg>
</arguments>
<status status="PASS" starttime="20200817 01:31:02.927" endtime="20200817 01:31:05.050"></status>
</kw>
<kw name="Maximize Browser Window" library="SeleniumLibrary">
<doc>Maximizes current browser window.</doc>
<status status="PASS" starttime="20200817 01:31:05.051" endtime="20200817 01:31:05.159"></status>
</kw>
<kw name="Go To" library="SeleniumLibrary">
<doc>Navigates the current browser window to the provided ``url``.</doc>
<arguments>
<arg>${URL}</arg>
</arguments>
<msg timestamp="20200817 01:31:05.159" level="INFO">Opening url 'https://brainpool.ai/about.html'</msg>
<status status="PASS" starttime="20200817 01:31:05.159" endtime="20200817 01:31:11.318"></status>
</kw>
<status status="PASS" starttime="20200817 01:30:59.693" endtime="20200817 01:31:11.319"></status>
</kw>
<kw name="Apply To Join BrainPool" library="AboutUs">
<kw name="Intialization" library="params">
<kw name="Wait Until Element Is Visible" library="SeleniumLibrary">
<doc>Waits until the element ``locator`` is visible.</doc>
<arguments>
<arg>id=component-2</arg>
<arg>10s</arg>
</arguments>
<status status="PASS" starttime="20200817 01:31:11.321" endtime="20200817 01:31:12.783"></status>
</kw>
<status status="PASS" starttime="20200817 01:31:11.320" endtime="20200817 01:31:12.784"></status>
</kw>
<kw name="Buttons" library="params">
<arguments>
<arg>2</arg>
</arguments>
<kw name="Click Button" library="SeleniumLibrary">
<doc>Clicks the button identified by ``locator``.</doc>
<arguments>
<arg>id=component-${ELEMENT}</arg>
</arguments>
<msg timestamp="20200817 01:31:12.787" level="INFO">Clicking button 'id=component-2'.</msg>
<status status="PASS" starttime="20200817 01:31:12.785" endtime="20200817 01:31:13.999"></status>
</kw>
<status status="PASS" starttime="20200817 01:31:12.784" endtime="20200817 01:31:14.000"></status>
</kw>
<status status="PASS" starttime="20200817 01:31:11.319" endtime="20200817 01:31:14.000"></status>
</kw>
<kw name="Stop" library="params" type="teardown">
<kw name="Close All Browsers" library="SeleniumLibrary">
<doc>Closes all open browsers and resets the browser cache.</doc>
<status status="PASS" starttime="20200817 01:31:14.001" endtime="20200817 01:31:17.359"></status>
</kw>
<status status="PASS" starttime="20200817 01:31:14.000" endtime="20200817 01:31:17.360"></status>
</kw>
<doc>Verifies if the Apply To Join BrainPool button is accessible</doc>
<tags>
<tag>AboutUsPageApplyBrainPool</tag>
</tags>
<status status="PASS" starttime="20200817 01:30:59.692" endtime="20200817 01:31:17.360" critical="yes"></status>
</test>
<test id="s1-s2-t3" name="Forbes Logo">
<kw name="Start" library="params" type="setup">
<arguments>
<arg>${BROWSER}</arg>
<arg>${URL}</arg>
<arg>${PathToDriver}</arg>
</arguments>
<kw name="Run Keyword If" library="BuiltIn">
<doc>Runs the given keyword with the given arguments, if ``condition`` is true.</doc>
<arguments>
<arg>"${BROWSER}" == "HeadlessChrome"</arg>
<arg>HeadlessChrome</arg>
<arg>${PathToDriver}</arg>
<arg>ELSE</arg>
<arg>driver</arg>
<arg>${BROWSER}</arg>
<arg>${PathToDriver}</arg>
</arguments>
<kw name="HeadlessChrome" library="params">
<arguments>
<arg>${PathToDriver}</arg>
</arguments>
<kw name="Evaluate" library="BuiltIn">
<doc>Evaluates the given expression in Python and returns the result.</doc>
<arguments>
<arg>sys.modules['selenium.webdriver'].ChromeOptions()</arg>
<arg>sys, selenium.webdriver</arg>
</arguments>
<assign>
<var>${chromeOptions}</var>
</assign>
<msg timestamp="20200817 01:31:17.368" level="INFO">${chromeOptions} = &lt;selenium.webdriver.chrome.options.Options object at 0x000002A4CEAA5520&gt;</msg>
<status status="PASS" starttime="20200817 01:31:17.367" endtime="20200817 01:31:17.368"></status>
</kw>
<kw name="Call Method" library="BuiltIn">
<doc>Calls the named method of the given object with the provided arguments.</doc>
<arguments>
<arg>${chromeOptions}</arg>
<arg>add_argument</arg>
<arg>--headless</arg>
</arguments>
<status status="PASS" starttime="20200817 01:31:17.368" endtime="20200817 01:31:17.368"></status>
</kw>
<kw name="Call Method" library="BuiltIn">
<doc>Calls the named method of the given object with the provided arguments.</doc>
<arguments>
<arg>${chromeOptions}</arg>
<arg>add_argument</arg>
<arg>--window-size\=1366,768</arg>
</arguments>
<status status="PASS" starttime="20200817 01:31:17.369" endtime="20200817 01:31:17.371"></status>
</kw>
<kw name="Call Method" library="BuiltIn">
<doc>Calls the named method of the given object with the provided arguments.</doc>
<arguments>
<arg>${chromeOptions}</arg>
<arg>add_argument</arg>
<arg>--disable-gpu</arg>
</arguments>
<status status="PASS" starttime="20200817 01:31:17.372" endtime="20200817 01:31:17.372"></status>
</kw>
<kw name="Create Webdriver" library="SeleniumLibrary">
<doc>Creates an instance of Selenium WebDriver.</doc>
<arguments>
<arg>Chrome</arg>
<arg>executable_path=${PathToDriver}</arg>
<arg>chrome_options=${chromeOptions}</arg>
</arguments>
<msg timestamp="20200817 01:31:17.375" level="INFO">Creating an instance of the Chrome WebDriver.</msg>
<status status="PASS" starttime="20200817 01:31:17.373" endtime="20200817 01:31:22.111"></status>
</kw>
<status status="PASS" starttime="20200817 01:31:17.366" endtime="20200817 01:31:22.111"></status>
</kw>
<status status="PASS" starttime="20200817 01:31:17.365" endtime="20200817 01:31:22.111"></status>
</kw>
<kw name="Set Window Size" library="SeleniumLibrary">
<doc>Sets current windows size to given ``width`` and ``height``.</doc>
<arguments>
<arg>1920</arg>
<arg>1640</arg>
</arguments>
<status status="PASS" starttime="20200817 01:31:22.111" endtime="20200817 01:31:24.269"></status>
</kw>
<kw name="Maximize Browser Window" library="SeleniumLibrary">
<doc>Maximizes current browser window.</doc>
<status status="PASS" starttime="20200817 01:31:24.270" endtime="20200817 01:31:24.378"></status>
</kw>
<kw name="Go To" library="SeleniumLibrary">
<doc>Navigates the current browser window to the provided ``url``.</doc>
<arguments>
<arg>${URL}</arg>
</arguments>
<msg timestamp="20200817 01:31:24.378" level="INFO">Opening url 'https://brainpool.ai/about.html'</msg>
<status status="PASS" starttime="20200817 01:31:24.378" endtime="20200817 01:31:28.814"></status>
</kw>
<status status="PASS" starttime="20200817 01:31:17.363" endtime="20200817 01:31:28.814"></status>
</kw>
<kw name="Forbes" library="AboutUs">
<kw name="Intialization" library="params">
<kw name="Wait Until Element Is Visible" library="SeleniumLibrary">
<doc>Waits until the element ``locator`` is visible.</doc>
<arguments>
<arg>id=component-2</arg>
<arg>10s</arg>
</arguments>
<status status="PASS" starttime="20200817 01:31:28.815" endtime="20200817 01:31:30.007"></status>
</kw>
<status status="PASS" starttime="20200817 01:31:28.815" endtime="20200817 01:31:30.008"></status>
</kw>
<kw name="LinkTags" library="params">
<arguments>
<arg>33</arg>
</arguments>
<kw name="Execute Javascript" library="SeleniumLibrary">
<doc>Executes the given JavaScript code with possible arguments.</doc>
<arguments>
<arg>document.querySelectorAll("a")[${POS}].click()</arg>
</arguments>
<msg timestamp="20200817 01:31:30.010" level="INFO">Executing JavaScript:
[...]
</arguments>
<msg timestamp="20200817 01:35:39.133" level="INFO">Creating an instance of the Chrome WebDriver.</msg>
<status status="PASS" starttime="20200817 01:35:39.133" endtime="20200817 01:35:42.447"></status>
</kw>
<status status="PASS" starttime="20200817 01:35:39.131" endtime="20200817 01:35:42.448"></status>
</kw>
<status status="PASS" starttime="20200817 01:35:39.130" endtime="20200817 01:35:42.448"></status>
</kw>
<kw name="Set Window Size" library="SeleniumLibrary">
<doc>Sets current windows size to given ``width`` and ``height``.</doc>
<arguments>
<arg>1920</arg>
<arg>1640</arg>
</arguments>
<status status="PASS" starttime="20200817 01:35:42.448" endtime="20200817 01:35:44.570"></status>
</kw>
<kw name="Maximize Browser Window" library="SeleniumLibrary">
<doc>Maximizes current browser window.</doc>
<status status="PASS" starttime="20200817 01:35:44.570" endtime="20200817 01:35:44.679"></status>
</kw>
<kw name="Go To" library="SeleniumLibrary">
<doc>Navigates the current browser window to the provided ``url``.</doc>
<arguments>
<arg>${URL}</arg>
</arguments>
<msg timestamp="20200817 01:35:44.680" level="INFO">Opening url 'https://brainpool.ai/services.html'</msg>
<status status="PASS" starttime="20200817 01:35:44.679" endtime="20200817 01:35:48.986"></status>
</kw>
<status status="PASS" starttime="20200817 01:35:39.129" endtime="20200817 01:35:48.986"></status>
</kw>
<kw name="contactAction" library="OurServices">
<kw name="Intialization" library="params">
<kw name="Wait Until Element Is Visible" library="SeleniumLibrary">
<doc>Waits until the element ``locator`` is visible.</doc>
<arguments>
<arg>id=component-2</arg>
<arg>10s</arg>
</arguments>
<status status="PASS" starttime="20200817 01:35:48.990" endtime="20200817 01:35:51.749"></status>
</kw>
<status status="PASS" starttime="20200817 01:35:48.988" endtime="20200817 01:35:51.749"></status>
</kw>
<kw name="ScrollDown" library="params">
<arguments>
<arg>0</arg>
<arg>1000</arg>
</arguments>
<kw name="Execute Javascript" library="SeleniumLibrary">
<doc>Executes the given JavaScript code with possible arguments.</doc>
<arguments>
<arg>window.scrollTo(${X},${Y})</arg>
</arguments>
<msg timestamp="20200817 01:35:51.752" level="INFO">Executing JavaScript:
window.scrollTo(0,1000)
Without any arguments.</msg>
<status status="PASS" starttime="20200817 01:35:51.750" endtime="20200817 01:35:51.808"></status>
</kw>
<status status="PASS" starttime="20200817 01:35:51.749" endtime="20200817 01:35:51.808"></status>
</kw>
<kw name="Sleep" library="BuiltIn">
<doc>Pauses the test executed for the given time.</doc>
<arguments>
<arg>1s</arg>
</arguments>
<msg timestamp="20200817 01:35:52.809" level="INFO">Slept 1 second</msg>
<status status="PASS" starttime="20200817 01:35:51.809" endtime="20200817 01:35:52.809"></status>
</kw>
<kw name="Wait Until Element Is Visible" library="SeleniumLibrary">
<doc>Waits until the element ``locator`` is visible.</doc>
<arguments>
<arg>id=component-9</arg>
</arguments>
<status status="PASS" starttime="20200817 01:35:52.809" endtime="20200817 01:35:52.859"></status>
</kw>
<kw name="Buttons" library="params">
<arguments>
<arg>9</arg>
</arguments>
<kw name="Click Button" library="SeleniumLibrary">
<doc>Clicks the button identified by ``locator``.</doc>
<arguments>
<arg>id=component-${ELEMENT}</arg>
</arguments>
<msg timestamp="20200817 01:35:52.860" level="INFO">Clicking button 'id=component-9'.</msg>
<status status="PASS" starttime="20200817 01:35:52.860" endtime="20200817 01:35:53.018"></status>
</kw>
<status status="PASS" starttime="20200817 01:35:52.859" endtime="20200817 01:35:53.018"></status>
</kw>
<status status="PASS" starttime="20200817 01:35:48.987" endtime="20200817 01:35:53.019"></status>
</kw>
<kw name="Stop" library="params" type="teardown">
<kw name="Close All Browsers" library="SeleniumLibrary">
<doc>Closes all open browsers and resets the browser cache.</doc>
<status status="PASS" starttime="20200817 01:35:53.021" endtime="20200817 01:35:55.106"></status>
</kw>
<status status="PASS" starttime="20200817 01:35:53.020" endtime="20200817 01:35:55.106"></status>
</kw>
<doc>Verifies if the contact us is accessible</doc>
<tags>
<tag>OurServicescontactaction</tag>
</tags>
<status status="PASS" starttime="20200817 01:35:39.129" endtime="20200817 01:35:55.106" critical="yes"></status>
</test>
<test id="s1-s9-t16" name="ContactForm">
<kw name="Start" library="params" type="setup">
<arguments>
<arg>${BROWSER}</arg>
<arg>${URL}</arg>
<arg>${PathToDriver}</arg>
</arguments>
<kw name="Run Keyword If" library="BuiltIn">
<doc>Runs the given keyword with the given arguments, if ``condition`` is true.</doc>
<arguments>
<arg>"${BROWSER}" == "HeadlessChrome"</arg>
<arg>HeadlessChrome</arg>
<arg>${PathToDriver}</arg>
<arg>ELSE</arg>
<arg>driver</arg>
<arg>${BROWSER}</arg>
<arg>${PathToDriver}</arg>
</arguments>
<kw name="HeadlessChrome" library="params">
<arguments>
<arg>${PathToDriver}</arg>
</arguments>
<kw name="Evaluate" library="BuiltIn">
<doc>Evaluates the given expression in Python and returns the result.</doc>
<arguments>
<arg>sys.modules['selenium.webdriver'].ChromeOptions()</arg>
<arg>sys, selenium.webdriver</arg>
</arguments>
<assign>
<var>${chromeOptions}</var>
</assign>
<msg timestamp="20200817 01:35:55.109" level="INFO">${chromeOptions} = &lt;selenium.webdriver.chrome.options.Options object at 0x0000023576741370&gt;</msg>
<status status="PASS" starttime="20200817 01:35:55.109" endtime="20200817 01:35:55.109"></status>
</kw>
<kw name="Call Method" library="BuiltIn">
<doc>Calls the named method of the given object with the provided arguments.</doc>
<arguments>
<arg>${chromeOptions}</arg>
<arg>add_argument</arg>
<arg>--headless</arg>
</arguments>
<status status="PASS" starttime="20200817 01:35:55.109" endtime="20200817 01:35:55.110"></status>
</kw>
<kw name="Call Method" library="BuiltIn">
<doc>Calls the named method of the given object with the provided arguments.</doc>
<arguments>
<arg>${chromeOptions}</arg>
<arg>add_argument</arg>
<arg>--window-size\=1366,768</arg>
</arguments>
<status status="PASS" starttime="20200817 01:35:55.110" endtime="20200817 01:35:55.111"></status>
</kw>
<kw name="Call Method" library="BuiltIn">
<doc>Calls the named method of the given object with the provided arguments.</doc>
<arguments>
<arg>${chromeOptions}</arg>
<arg>add_argument</arg>
<arg>--disable-gpu</arg>
</arguments>
<status status="PASS" starttime="20200817 01:35:55.111" endtime="20200817 01:35:55.111"></status>
</kw>
<kw name="Create Webdriver" library="SeleniumLibrary">
<doc>Creates an instance of Selenium WebDriver.</doc>
<arguments>
<arg>Chrome</arg>
<arg>executable_path=${PathToDriver}</arg>
<arg>chrome_options=${chromeOptions}</arg>
</arguments>
<msg timestamp="20200817 01:35:55.112" level="INFO">Creating an instance of the Chrome WebDriver.</msg>
<status status="PASS" starttime="20200817 01:35:55.111" endtime="20200817 01:35:58.533"></status>
</kw>
<status status="PASS" starttime="20200817 01:35:55.108" endtime="20200817 01:35:58.533"></status>
</kw>
<status status="PASS" starttime="20200817 01:35:55.108" endtime="20200817 01:35:58.533"></status>
</kw>
<kw name="Set Window Size" library="SeleniumLibrary">
<doc>Sets current windows size to given ``width`` and ``height``.</doc>
<arguments>
<arg>1920</arg>
<arg>1640</arg>
</arguments>
<status status="PASS" starttime="20200817 01:35:58.533" endtime="20200817 01:36:00.671"></status>
</kw>
<kw name="Maximize Browser Window" library="SeleniumLibrary">
<doc>Maximizes current browser window.</doc>
<status status="PASS" starttime="20200817 01:36:00.672" endtime="20200817 01:36:00.782"></status>
</kw>
<kw name="Go To" library="SeleniumLibrary">
<doc>Navigates the current browser window to the provided ``url``.</doc>
<arguments>
<arg>${URL}</arg>
</arguments>
<msg timestamp="20200817 01:36:00.783" level="INFO">Opening url 'https://brainpool.ai/services.html'</msg>
<status status="PASS" starttime="20200817 01:36:00.782" endtime="20200817 01:36:05.961"></status>
</kw>
<status status="PASS" starttime="20200817 01:35:55.107" endtime="20200817 01:36:05.962"></status>
</kw>
<kw name="ContatUsForm" library="OurServices">
<kw name="Intialization" library="params">
<kw name="Wait Until Element Is Visible" library="SeleniumLibrary">
<doc>Waits until the element ``locator`` is visible.</doc>
<arguments>
<arg>id=component-2</arg>
<arg>10s</arg>
</arguments>
<status status="PASS" starttime="20200817 01:36:05.964" endtime="20200817 01:36:06.923"></status>
</kw>
<status status="PASS" starttime="20200817 01:36:05.963" endtime="20200817 01:36:06.924"></status>
</kw>
<kw name="ScrollDown" library="params">
<arguments>
<arg>0</arg>
<arg>8000</arg>
</arguments>
<kw name="Execute Javascript" library="SeleniumLibrary">
<doc>Executes the given JavaScript code with possible arguments.</doc>
<arguments>
<arg>window.scrollTo(${X},${Y})</arg>
</arguments>
<msg timestamp="20200817 01:36:06.929" level="INFO">Executing JavaScript:
window.scrollTo(0,8000)
Without any arguments.</msg>
<status status="PASS" starttime="20200817 01:36:06.926" endtime="20200817 01:36:06.968"></status>
</kw>
<status status="PASS" starttime="20200817 01:36:06.925" endtime="20200817 01:36:06.969"></status>
</kw>
<kw name="Input Text" library="SeleniumLibrary">
<doc>Types the given ``text`` into the text field identified by ``locator``.</doc>
<arguments>
<arg>id=demo-name</arg>
<arg>Hello World</arg>
</arguments>
<msg timestamp="20200817 01:36:06.970" level="INFO">Typing text 'Hello World' into text field 'id=demo-name'.</msg>
<status status="PASS" starttime="20200817 01:36:06.969" endtime="20200817 01:36:07.641"></status>
</kw>
<kw name="Input Text" library="SeleniumLibrary">
<doc>Types the given ``text`` into the text field identified by ``locator``.</doc>
<arguments>
<arg>id=demo-email</arg>
<arg>HelloWorld@email.com</arg>
</arguments>
<msg timestamp="20200817 01:36:07.642" level="INFO">Typing text 'HelloWorld@email.com' into text field 'id=demo-email'.</msg>
<status status="PASS" starttime="20200817 01:36:07.641" endtime="20200817 01:36:07.960"></status>
</kw>
<kw name="Input Text" library="SeleniumLibrary">
<doc>Types the given ``text`` into the text field identified by ``locator``.</doc>
<arguments>
<arg>id=demo-Cname</arg>
<arg>MysteryInc.</arg>
</arguments>
<msg timestamp="20200817 01:36:07.960" level="INFO">Typing text 'MysteryInc.' into text field 'id=demo-Cname'.</msg>
<status status="PASS" starttime="20200817 01:36:07.960" endtime="20200817 01:36:08.220"></status>
</kw>
<kw name="Click Button" library="SeleniumLibrary">
<doc>Clicks the button identified by ``locator``.</doc>
<arguments>
<arg>id=contact-allpage</arg>
</arguments>
<msg timestamp="20200817 01:36:08.221" level="INFO">Clicking button 'id=contact-allpage'.</msg>
<status status="PASS" starttime="20200817 01:36:08.220" endtime="20200817 01:36:08.461"></status>
</kw>
<kw name="Sleep" library="BuiltIn">
<doc>Pauses the test executed for the given time.</doc>
<arguments>
<arg>2s</arg>
</arguments>
<msg timestamp="20200817 01:36:10.462" level="INFO">Slept 2 seconds</msg>
<status status="PASS" starttime="20200817 01:36:08.461" endtime="20200817 01:36:10.463"></status>
</kw>
<kw name="Page Should Contain" library="SeleniumLibrary">
<doc>Verifies that current page contains ``text``.</doc>
<arguments>
<arg>Thank you, a member of our team will be in touch shortly.</arg>
</arguments>
<msg timestamp="20200817 01:36:10.488" level="INFO">Current page contains text 'Thank you, a member of our team will be in touch shortly.'.</msg>
<status status="PASS" starttime="20200817 01:36:10.463" endtime="20200817 01:36:10.488"></status>
</kw>
<status status="PASS" starttime="20200817 01:36:05.962" endtime="20200817 01:36:10.489"></status>
</kw>
<kw name="Stop" library="params" type="teardown">
<kw name="Close All Browsers" library="SeleniumLibrary">
<doc>Closes all open browsers and resets the browser cache.</doc>
<status status="PASS" starttime="20200817 01:36:10.489" endtime="20200817 01:36:12.573"></status>
</kw>
<status status="PASS" starttime="20200817 01:36:10.489" endtime="20200817 01:36:12.573"></status>
</kw>
<doc>Verifies if the contact form is accessible</doc>
<tags>
<tag>OurServicesPageform</tag>
</tags>
<status status="PASS" starttime="20200817 01:35:55.107" endtime="20200817 01:36:12.573" critical="yes"></status>
</test>
<status status="PASS" starttime="20200817 01:30:35.217" endtime="20200817 01:36:12.575"></status>
</suite>
<doc>[https://pabot.org/?ref=log|Pabot] result from 9 executions.</doc>
<status status="PASS" starttime="20200817 01:30:35.170" endtime="20200817 01:38:32.634"></status>
</suite>
<statistics>
<total>
<stat pass="127" fail="0">Critical Tests</stat>
<stat pass="127" fail="0">All Tests</stat>
</total>
<tag>
<stat pass="1" fail="0">AboutUsPageAIBusiness</stat>
<stat pass="1" fail="0">AboutUsPageApplyBrainPool</stat>
<stat pass="1" fail="0">AboutUsPageApplyNetwork</stat>
<stat pass="1" fail="0">AboutUsPageApplyPool</stat>
<stat pass="1" fail="0">AboutUsPageBlogPost1</stat>
<stat pass="1" fail="0">AboutUsPageBlogPost2</stat>
<stat pass="1" fail="0">AboutUsPageBlogPost3</stat>
<stat pass="1" fail="0">AboutUsPageBloomberg</stat>
<stat pass="1" fail="0">AboutUsPageContactLink</stat>
<stat pass="1" fail="0">AboutUsPageForbes</stat>
<stat pass="1" fail="0">AboutUsPageMedium</stat>
<stat pass="1" fail="0">AboutUsPageRaconteur</stat>
<stat pass="1" fail="0">AboutUsPageStartNow</stat>
<stat pass="1" fail="0">AboutUsPageTheStack</stat>
<stat pass="1" fail="0">AboutUsPageViewCareers</stat>
<stat pass="1" fail="0">AIinBusinessPageAIBusiness</stat>
<stat pass="1" fail="0">AIinBusinessPageBloomberg</stat>
<stat pass="1" fail="0">AIinBusinessPagecontactaction</stat>
<stat pass="1" fail="0">AIinBusinessPageForbes</stat>
<stat pass="1" fail="0">AIinBusinessPageform</stat>
<stat pass="1" fail="0">AIinBusinessPageGetStarted</stat>
<stat pass="1" fail="0">AIinBusinessPageMedium</stat>
<stat pass="1" fail="0">AIinBusinessPageRaconteur</stat>
<stat pass="1" fail="0">AIinBusinessPageStartNow</stat>
<stat pass="1" fail="0">AIinBusinessPageTheStack</stat>
<stat pass="1" fail="0">CareersPageAIBusiness</stat>
<stat pass="1" fail="0">CareersPageApply</stat>
<stat pass="1" fail="0">CareersPageBloomberg</stat>
<stat pass="1" fail="0">CareersPageContact Button</stat>
<stat pass="1" fail="0">CareersPageContactLink</stat>
<stat pass="1" fail="0">CareersPageEnterprise Management</stat>
<stat pass="1" fail="0">CareersPageMedium</stat>
<stat pass="1" fail="0">CareersPageOpenPosition1</stat>
<stat pass="1" fail="0">CareersPageOpenPosition2</stat>
<stat pass="1" fail="0">CareersPageOpenPosition3</stat>
<stat pass="1" fail="0">CareersPageRaconteur</stat>
<stat pass="1" fail="0">CareersPageTheStack</stat>
<stat pass="1" fail="0">ClientandPartnersStartNow</stat>
<stat pass="1" fail="0">CnPPageAIBusiness</stat>
<stat pass="1" fail="0">CnPPageBlogPost1</stat>
<stat pass="1" fail="0">CnPPageBlogPost3</stat>
<stat pass="1" fail="0">CnPPageBloomberg</stat>
<stat pass="1" fail="0">CnPPageContact Button</stat>
<stat pass="1" fail="0">CnPPageDataIQThumb</stat>
<stat pass="1" fail="0">CnPPageEnterprise Management</stat>
<stat pass="1" fail="0">CnPPageEnterPriseManagementThumb</stat>
<stat pass="1" fail="0">CnPPageKnowMore</stat>
<stat pass="1" fail="0">CnPPageMedium</stat>
<stat pass="1" fail="0">CnPPageRaconteur</stat>
<stat pass="1" fail="0">CnPPageTecheratiThumb</stat>
<stat pass="1" fail="0">CnPPageTheStack</stat>
<stat pass="1" fail="0">CnPPageWorkSpaceThumb</stat>
<stat pass="1" fail="0">CnPsPageBlogPost2</stat>
<stat pass="2" fail="0">CnPsPageForbes</stat>
<stat pass="1" fail="0">CnPsPageForbesThumb</stat>
<stat pass="1" fail="0">ContactUsForm</stat>
<stat pass="1" fail="0">ContactUsPageAIBusiness</stat>
<stat pass="1" fail="0">ContactUsPageBloomberg</stat>
<stat pass="1" fail="0">ContactUsPageEmail</stat>
<stat pass="1" fail="0">ContactUsPageForbes</stat>
<stat pass="1" fail="0">ContactUsPageMedium</stat>
<stat pass="1" fail="0">ContactUsPageRaconteur</stat>
<stat pass="1" fail="0">ContactUsPageTheStack</stat>
<stat pass="1" fail="0">ContactUsStart</stat>
<stat pass="1" fail="0">FAQPageContactLink1</stat>
<stat pass="1" fail="0">FAQPageContactLink2</stat>
<stat pass="1" fail="0">FAQPageEmail</stat>
<stat pass="1" fail="0">LandingPageAd-hoc AI Support</stat>
<stat pass="1" fail="0">LandingPageAIBusiness</stat>
<stat pass="1" fail="0">LandingPageAI Scoping Programmes</stat>
<stat pass="1" fail="0">LandingPageAI workshops</stat>
<stat pass="1" fail="0">LandingPageBlogPost1</stat>
<stat pass="1" fail="0">LandingPageBlogPost2</stat>
<stat pass="1" fail="0">LandingPageBlogPost3</stat>
<stat pass="1" fail="0">LandingPageBloomberg</stat>
<stat pass="1" fail="0">LandingPagecontactaction</stat>
<stat pass="1" fail="0">LandingPageDeploy AI solutions</stat>
<stat pass="1" fail="0">LandingPageEnterprise Management</stat>
<stat pass="1" fail="0">LandingPageExplore1</stat>
<stat pass="1" fail="0">LandingPageExplore2</stat>
<stat pass="1" fail="0">LandingPageForbes</stat>
<stat pass="1" fail="0">LandingPageform</stat>
<stat pass="1" fail="0">LandingPageLearnMore</stat>
<stat pass="1" fail="0">LandingPageMedium</stat>
<stat pass="1" fail="0">LandingPageProductsAlgoPool</stat>
<stat pass="1" fail="0">LandingPageProductsDaisy</stat>
<stat pass="1" fail="0">LandingPageProductsForstack</stat>
<stat pass="1" fail="0">LandingPageRaconteur</stat>
<stat pass="1" fail="0">LandingPagescrollaction</stat>
<stat pass="1" fail="0">LandingPageStart</stat>
<stat pass="1" fail="0">OurProductsPageAIBusiness</stat>
<stat pass="1" fail="0">OurProductsPageBloomberg</stat>
<stat pass="1" fail="0">OurProductsPagecontactaction</stat>
<stat pass="1" fail="0">OurProductsPageDaisytext</stat>
<stat pass="1" fail="0">OurProductsPageForbes</stat>
<stat pass="1" fail="0">OurProductsPageform</stat>
<stat pass="1" fail="0">OurProductsPageForstacktext</stat>
<stat pass="1" fail="0">OurProductsPageGetStarted</stat>
<stat pass="1" fail="0">OurProductsPageMedium</stat>
<stat pass="1" fail="0">OurProductsPageProductsDaisy</stat>
<stat pass="1" fail="0">OurProductsPageProductsForstack</stat>
<stat pass="1" fail="0">OurProductsPageRaconteur</stat>
<stat pass="1" fail="0">OurProductsPageThe Stack</stat>
<stat pass="1" fail="0">OurServicescontactaction</stat>
<stat pass="1" fail="0">OurServicesLearnMore</stat>
<stat pass="1" fail="0">OurServicesPageAIBusiness</stat>
<stat pass="1" fail="0">OurServicesPageAI Scoping Programmes</stat>
<stat pass="1" fail="0">OurServicesPageAI workshops</stat>
<stat pass="1" fail="0">OurServicesPageBloomberg</stat>
<stat pass="1" fail="0">OurServicesPageDeploy AI solutions</stat>
<stat pass="1" fail="0">OurServicesPageEnterprise Management</stat>
<stat pass="1" fail="0">OurServicesPageForbes</stat>
<stat pass="1" fail="0">OurServicesPageform</stat>
<stat pass="1" fail="0">OurServicesPageMedium</stat>
<stat pass="1" fail="0">OurServicesPageRaconteur</stat>
<stat pass="1" fail="0">OurServicesPageServicesStaffAugmentation</stat>
<stat pass="1" fail="0">OurServicesPageTheStack</stat>
<stat pass="9" fail="0">Smoke</stat>
</tag>
<suite>
<stat pass="127" fail="0" id="s1" name="Suites">Suites</stat>
<stat pass="11" fail="0" id="s1-s1" name="AIBPage">Suites.AIBPage</stat>
<stat pass="15" fail="0" id="s1-s2" name="About">Suites.About</stat>
<stat pass="14" fail="0" id="s1-s3" name="CareersPage">Suites.CareersPage</stat>
<stat pass="19" fail="0" id="s1-s4" name="ClientAndPartners">Suites.ClientAndPartners</stat>
<stat pass="10" fail="0" id="s1-s5" name="ContactPage">Suites.ContactPage</stat>
<stat pass="4" fail="0" id="s1-s6" name="FAQ">Suites.FAQ</stat>
<stat pass="24" fail="0" id="s1-s7" name="HomePage">Suites.HomePage</stat>
<stat pass="14" fail="0" id="s1-s8" name="ProductsPage">Suites.ProductsPage</stat>
<stat pass="16" fail="0" id="s1-s9" name="ServicesPage">Suites.ServicesPage</stat>
</suite>
</statistics>
<errors>
</errors>
</robot>
