<?xml version="1.0" encoding="UTF-8"?>
<robot generator="Robot 3.2.1 (Python 3.8.2 on win32)" generated="20200821 12:37:00.639" rpa="false">
<suite id="s1" name="Suites">
<suite id="s1-s1" name="AIBPage" source="C:\Users\pegAsus\workspace_python\SeleniumTrails\WebSiteTesting\Tests\AIBPage.robot">
<test id="s1-s1-t1" name="Site accessibility">
<kw name="Start" library="params" type="setup">
<arguments>
<arg>${BROWSER}</arg>
<arg>${URL}</arg>
</arguments>
<kw name="Run Keyword If" library="BuiltIn">
<doc>Runs the given keyword with the given arguments, if ``condition`` is true.</doc>
<arguments>
<arg>"${BROWSER}" == "HeadlessChrome"</arg>
<arg>HeadlessChrome</arg>
<arg>ELSE</arg>
<arg>driver</arg>
<arg>${BROWSER}</arg>
</arguments>
<kw name="HeadlessChrome" library="params">
<kw name="Evaluate" library="BuiltIn">
<doc>Evaluates the given expression in Python and returns the result.</doc>
<arguments>
<arg>sys.modules['selenium.webdriver'].ChromeOptions()</arg>
<arg>sys, selenium.webdriver</arg>
</arguments>
<assign>
<var>${chromeOptions}</var>
</assign>
<msg timestamp="20200821 12:37:01.092" level="INFO">${chromeOptions} = &lt;selenium.webdriver.chrome.options.Options object at 0x0000028CBBAFC8E0&gt;</msg>
<status status="PASS" starttime="20200821 12:37:01.089" endtime="20200821 12:37:01.092"></status>
</kw>
<kw name="Call Method" library="BuiltIn">
<doc>Calls the named method of the given object with the provided arguments.</doc>
<arguments>
<arg>${chrome_options}</arg>
<arg>add_argument</arg>
<arg>headless</arg>
</arguments>
<status status="PASS" starttime="20200821 12:37:01.092" endtime="20200821 12:37:01.093"></status>
</kw>
<kw name="Call Method" library="BuiltIn">
<doc>Calls the named method of the given object with the provided arguments.</doc>
<arguments>
<arg>${chrome_options}</arg>
<arg>add_argument</arg>
<arg>disable-gpu</arg>
</arguments>
<status status="PASS" starttime="20200821 12:37:01.093" endtime="20200821 12:37:01.094"></status>
</kw>
<kw name="Call Method" library="BuiltIn">
<doc>Calls the named method of the given object with the provided arguments.</doc>
<arguments>
<arg>${chrome_options}</arg>
<arg>to_capabilities</arg>
</arguments>
<assign>
<var>${options}</var>
</assign>
<msg timestamp="20200821 12:37:01.097" level="INFO">${options} = {'browserName': 'chrome', 'version': '', 'platform': 'ANY', 'goog:chromeOptions': {'extensions': [], 'args': ['headless', 'disable-gpu']}}</msg>
<status status="PASS" starttime="20200821 12:37:01.095" endtime="20200821 12:37:01.097"></status>
</kw>
<kw name="Create Webdriver" library="SeleniumLibrary">
<doc>Creates an instance of Selenium WebDriver.</doc>
<arguments>
<arg>Remote</arg>
<arg>command_executor=http://localhost:4444/wd/hub</arg>
<arg>desired_capabilities=${options}</arg>
</arguments>
<msg timestamp="20200821 12:37:01.098" level="INFO">Creating an instance of the Remote WebDriver.</msg>
<status status="PASS" starttime="20200821 12:37:01.097" endtime="20200821 12:37:02.650"></status>
</kw>
<status status="PASS" starttime="20200821 12:37:01.085" endtime="20200821 12:37:02.650"></status>
</kw>
<status status="PASS" starttime="20200821 12:37:01.081" endtime="20200821 12:37:02.650"></status>
</kw>
<kw name="Set Window Size" library="SeleniumLibrary">
<doc>Sets current windows size to given ``width`` and ``height``.</doc>
<arguments>
<arg>1920</arg>
<arg>1640</arg>
</arguments>
<status status="PASS" starttime="20200821 12:37:02.651" endtime="20200821 12:37:02.863"></status>
</kw>
<kw name="Maximize Browser Window" library="SeleniumLibrary">
<doc>Maximizes current browser window.</doc>
<status status="PASS" starttime="20200821 12:37:02.863" endtime="20200821 12:37:02.990"></status>
</kw>
<kw name="Go To" library="SeleniumLibrary">
<doc>Navigates the current browser window to the provided ``url``.</doc>
<arguments>
<arg>${URL}</arg>
</arguments>
<msg timestamp="20200821 12:37:02.992" level="INFO">Opening url 'https://brainpool.ai/ai-in-business.html'</msg>
<status status="PASS" starttime="20200821 12:37:02.991" endtime="20200821 12:37:16.040"></status>
</kw>
<status status="PASS" starttime="20200821 12:37:01.079" endtime="20200821 12:37:16.041"></status>
</kw>
<kw name="Intialization" library="params">
<kw name="Wait Until Element Is Visible" library="SeleniumLibrary">
<doc>Waits until the element ``locator`` is visible.</doc>
<arguments>
<arg>id=component-2</arg>
<arg>10s</arg>
</arguments>
<status status="PASS" starttime="20200821 12:37:16.044" endtime="20200821 12:37:18.643"></status>
</kw>
<status status="PASS" starttime="20200821 12:37:16.042" endtime="20200821 12:37:18.644"></status>
</kw>
<kw name="Stop" library="params" type="teardown">
<kw name="Close Browser" library="SeleniumLibrary">
<doc>Closes the current browser.</doc>
<status status="PASS" starttime="20200821 12:37:18.645" endtime="20200821 12:37:18.775"></status>
</kw>
<status status="PASS" starttime="20200821 12:37:18.644" endtime="20200821 12:37:18.776"></status>
</kw>
<doc>site accessibility test</doc>
<tags>
<tag>Smoke</tag>
</tags>
<status status="PASS" starttime="20200821 12:37:01.077" endtime="20200821 12:37:18.776" critical="yes"></status>
</test>
<test id="s1-s1-t2" name="Start Now">
<kw name="Start" library="params" type="setup">
<arguments>
<arg>${BROWSER}</arg>
<arg>${URL}</arg>
</arguments>
<kw name="Run Keyword If" library="BuiltIn">
<doc>Runs the given keyword with the given arguments, if ``condition`` is true.</doc>
<arguments>
<arg>"${BROWSER}" == "HeadlessChrome"</arg>
<arg>HeadlessChrome</arg>
<arg>ELSE</arg>
<arg>driver</arg>
<arg>${BROWSER}</arg>
</arguments>
<kw name="HeadlessChrome" library="params">
<kw name="Evaluate" library="BuiltIn">
<doc>Evaluates the given expression in Python and returns the result.</doc>
<arguments>
<arg>sys.modules['selenium.webdriver'].ChromeOptions()</arg>
<arg>sys, selenium.webdriver</arg>
</arguments>
<assign>
<var>${chromeOptions}</var>
</assign>
<msg timestamp="20200821 12:37:18.787" level="INFO">${chromeOptions} = &lt;selenium.webdriver.chrome.options.Options object at 0x0000028CBBB533D0&gt;</msg>
<status status="PASS" starttime="20200821 12:37:18.786" endtime="20200821 12:37:18.787"></status>
</kw>
<kw name="Call Method" library="BuiltIn">
<doc>Calls the named method of the given object with the provided arguments.</doc>
<arguments>
<arg>${chrome_options}</arg>
<arg>add_argument</arg>
<arg>headless</arg>
</arguments>
<status status="PASS" starttime="20200821 12:37:18.788" endtime="20200821 12:37:18.789"></status>
</kw>
<kw name="Call Method" library="BuiltIn">
<doc>Calls the named method of the given object with the provided arguments.</doc>
<arguments>
<arg>${chrome_options}</arg>
<arg>add_argument</arg>
<arg>disable-gpu</arg>
</arguments>
<status status="PASS" starttime="20200821 12:37:18.789" endtime="20200821 12:37:18.789"></status>
</kw>
<kw name="Call Method" library="BuiltIn">
<doc>Calls the named method of the given object with the provided arguments.</doc>
<arguments>
<arg>${chrome_options}</arg>
<arg>to_capabilities</arg>
</arguments>
<assign>
<var>${options}</var>
</assign>
<msg timestamp="20200821 12:37:18.791" level="INFO">${options} = {'browserName': 'chrome', 'version': '', 'platform': 'ANY', 'goog:chromeOptions': {'extensions': [], 'args': ['headless', 'disable-gpu']}}</msg>
<status status="PASS" starttime="20200821 12:37:18.790" endtime="20200821 12:37:18.791"></status>
</kw>
<kw name="Create Webdriver" library="SeleniumLibrary">
<doc>Creates an instance of Selenium WebDriver.</doc>
<arguments>
<arg>Remote</arg>
<arg>command_executor=http://localhost:4444/wd/hub</arg>
<arg>desired_capabilities=${options}</arg>
</arguments>
<msg timestamp="20200821 12:37:18.792" level="INFO">Creating an instance of the Remote WebDriver.</msg>
<status status="PASS" starttime="20200821 12:37:18.791" endtime="20200821 12:37:19.549"></status>
</kw>
<status status="PASS" starttime="20200821 12:37:18.785" endtime="20200821 12:37:19.550"></status>
</kw>
<status status="PASS" starttime="20200821 12:37:18.784" endtime="20200821 12:37:19.550"></status>
</kw>
<kw name="Set Window Size" library="SeleniumLibrary">
<doc>Sets current windows size to given ``width`` and ``height``.</doc>
<arguments>
<arg>1920</arg>
<arg>1640</arg>
</arguments>
<status status="PASS" starttime="20200821 12:37:19.550" endtime="20200821 12:37:19.701"></status>
</kw>
<kw name="Maximize Browser Window" library="SeleniumLibrary">
<doc>Maximizes current browser window.</doc>
<status status="PASS" starttime="20200821 12:37:19.702" endtime="20200821 12:37:19.863"></status>
</kw>
<kw name="Go To" library="SeleniumLibrary">
<doc>Navigates the current browser window to the provided ``url``.</doc>
<arguments>
<arg>${URL}</arg>
</arguments>
<msg timestamp="20200821 12:37:19.867" level="INFO">Opening url 'https://brainpool.ai/ai-in-business.html'</msg>
<status status="PASS" starttime="20200821 12:37:19.864" endtime="20200821 12:37:42.065"></status>
</kw>
<status status="PASS" starttime="20200821 12:37:18.783" endtime="20200821 12:37:42.066"></status>
</kw>
<kw name="Start Now" library="AIinBusiness">
<kw name="Intialization" library="params">
<kw name="Wait Until Element Is Visible" library="SeleniumLibrary">
<doc>Waits until the element ``locator`` is visible.</doc>
<arguments>
<arg>id=component-2</arg>
<arg>10s</arg>
</arguments>
<status status="PASS" starttime="20200821 12:37:42.068" endtime="20200821 12:37:48.966"></status>
</kw>
<status status="PASS" starttime="20200821 12:37:42.067" endtime="20200821 12:37:48.967"></status>
</kw>
<kw name="Buttons" library="params">
<arguments>
<arg>2</arg>
</arguments>
<kw name="Click Button" library="SeleniumLibrary">
<doc>Clicks the button identified by ``locator``.</doc>
<arguments>
<arg>id=component-${ELEMENT}</arg>
</arguments>
<msg timestamp="20200821 12:37:48.969" level="INFO">Clicking button 'id=component-2'.</msg>
<status status="PASS" starttime="20200821 12:37:48.968" endtime="20200821 12:37:51.115"></status>
</kw>
<status status="PASS" starttime="20200821 12:37:48.967" endtime="20200821 12:37:51.116"></status>
</kw>
<status status="PASS" starttime="20200821 12:37:42.066" endtime="20200821 12:37:51.116"></status>
</kw>
<kw name="Stop" library="params" type="teardown">
<kw name="Close Browser" library="SeleniumLibrary">
<doc>Closes the current browser.</doc>
<status status="PASS" starttime="20200821 12:37:51.118" endtime="20200821 12:37:51.192"></status>
</kw>
<status status="PASS" starttime="20200821 12:37:51.117" endtime="20200821 12:37:51.192"></status>
</kw>
<doc>Verifies if the Start Now button is accessible</doc>
<tags>
<tag>AIinBusinessPageStartNow</tag>
</tags>
<status status="PASS" starttime="20200821 12:37:18.779" endtime="20200821 12:37:51.192" critical="yes"></status>
</test>
<test id="s1-s1-t3" name="Forbes Logo">
<kw name="Start" library="params" type="setup">
<arguments>
<arg>${BROWSER}</arg>
<arg>${URL}</arg>
</arguments>
<kw name="Run Keyword If" library="BuiltIn">
<doc>Runs the given keyword with the given arguments, if ``condition`` is true.</doc>
<arguments>
<arg>"${BROWSER}" == "HeadlessChrome"</arg>
<arg>HeadlessChrome</arg>
<arg>ELSE</arg>
<arg>driver</arg>
<arg>${BROWSER}</arg>
</arguments>
<kw name="HeadlessChrome" library="params">
<kw name="Evaluate" library="BuiltIn">
<doc>Evaluates the given expression in Python and returns the result.</doc>
<arguments>
<arg>sys.modules['selenium.webdriver'].ChromeOptions()</arg>
<arg>sys, selenium.webdriver</arg>
</arguments>
<assign>
<var>${chromeOptions}</var>
</assign>
<msg timestamp="20200821 12:37:51.200" level="INFO">${chromeOptions} = &lt;selenium.webdriver.chrome.options.Options object at 0x0000028CBBB50790&gt;</msg>
<status status="PASS" starttime="20200821 12:37:51.199" endtime="20200821 12:37:51.200"></status>
</kw>
<kw name="Call Method" library="BuiltIn">
<doc>Calls the named method of the given object with the provided arguments.</doc>
<arguments>
<arg>${chrome_options}</arg>
<arg>add_argument</arg>
<arg>headless</arg>
</arguments>
<status status="PASS" starttime="20200821 12:37:51.200" endtime="20200821 12:37:51.201"></status>
</kw>
<kw name="Call Method" library="BuiltIn">
<doc>Calls the named method of the given object with the provided arguments.</doc>
<arguments>
<arg>${chrome_options}</arg>
<arg>add_argument</arg>
<arg>disable-gpu</arg>
</arguments>
<status status="PASS" starttime="20200821 12:37:51.201" endtime="20200821 12:37:51.202"></status>
</kw>
<kw name="Call Method" library="BuiltIn">
<doc>Calls the named method of the given object with the provided arguments.</doc>
<arguments>
<arg>${chrome_options}</arg>
<arg>to_capabilities</arg>
</arguments>
<assign>
<var>${options}</var>
</assign>
<msg timestamp="20200821 12:37:51.203" level="INFO">${options} = {'browserName': 'chrome', 'version': '', 'platform': 'ANY', 'goog:chromeOptions': {'extensions': [], 'args': ['headless', 'disable-gpu']}}</msg>
<status status="PASS" starttime="20200821 12:37:51.203" endtime="20200821 12:37:51.204"></status>
</kw>
<kw name="Create Webdriver" library="SeleniumLibrary">
<doc>Creates an instance of Selenium WebDriver.</doc>
<arguments>
<arg>Remote</arg>
<arg>command_executor=http://localhost:4444/wd/hub</arg>
<arg>desired_capabilities=${options}</arg>
</arguments>
<msg timestamp="20200821 12:37:51.205" level="INFO">Creating an instance of the Remote WebDriver.</msg>
<status status="PASS" starttime="20200821 12:37:51.204" endtime="20200821 12:37:52.005"></status>
</kw>
<status status="PASS" starttime="20200821 12:37:51.198" endtime="20200821 12:37:52.005"></status>
</kw>
<status status="PASS" starttime="20200821 12:37:51.197" endtime="20200821 12:37:52.006"></status>
</kw>
<kw name="Set Window Size" library="SeleniumLibrary">
<doc>Sets current windows size to given ``width`` and ``height``.</doc>
<arguments>
<arg>1920</arg>
<arg>1640</arg>
</arguments>
<status status="PASS" starttime="20200821 12:37:52.006" endtime="20200821 12:37:52.130"></status>
</kw>
<kw name="Maximize Browser Window" library="SeleniumLibrary">
<doc>Maximizes current browser window.</doc>
<status status="PASS" starttime="20200821 12:37:52.130" endtime="20200821 12:37:52.249"></status>
</kw>
<kw name="Go To" library="SeleniumLibrary">
<doc>Navigates the current browser window to the provided ``url``.</doc>
<arguments>
<arg>${URL}</arg>
</arguments>
<msg timestamp="20200821 12:37:52.249" level="INFO">Opening url 'https://brainpool.ai/ai-in-business.html'</msg>
<status status="PASS" starttime="20200821 12:37:52.249" endtime="20200821 12:37:57.174"></status>
</kw>
<status status="PASS" starttime="20200821 12:37:51.196" endtime="20200821 12:37:57.174"></status>
</kw>
<kw name="Forbes" library="AIinBusiness">
<kw name="Intialization" library="params">
<kw name="Wait Until Element Is Visible" library="SeleniumLibrary">
<doc>Waits until the element ``locator`` is visible.</doc>
<arguments>
<arg>id=component-2</arg>
<arg>10s</arg>
</arguments>
<status status="PASS" starttime="20200821 12:37:57.177" endtime="20200821 12:38:02.296"></status>
</kw>
<status status="PASS" starttime="20200821 12:37:57.176" endtime="20200821 12:38:02.297"></status>
</kw>
<kw name="LinkTags" library="params">
<arguments>
<arg>25</arg>
</arguments>
<kw name="Execute Javascript" library="SeleniumLibrary">
<doc>Executes the given JavaScript code with possible arguments.</doc>
<arguments>
<arg>document.querySelectorAll("a")[${POS}].click()</arg>
</arguments>
<msg timestamp="20200821 12:38:02.300" level="INFO">Executing JavaScript:
document.querySelectorAll("a")[25].click()
Without any arguments.</msg>
<status status="PASS" starttime="20200821 12:38:02.298" endtime="20200821 12:38:03.464"></status>
</kw>
<status status="PASS" starttime="20200821 12:38:02.297" endtime="20200821 12:38:03.464"></status>
</kw>
<status status="PASS" starttime="20200821 12:37:57.175" endtime="20200821 12:38:03.465"></status>
</kw>
<kw name="Stop" library="params" type="teardown">
<kw name="Close Browser" library="SeleniumLibrary">
<doc>Closes the current browser.</doc>
<status status="PASS" starttime="20200821 12:38:03.468" endtime="20200821 12:38:03.546"></status>
</kw>
<status status="PASS" starttime="20200821 12:38:03.466" endtime="20200821 12:38:03.547"></status>
</kw>
<doc>Verifies if the Forbes Logo is accessible</doc>
<tags>
<tag>AIinBusinessPageForbes</tag>
</tags>
<status status="PASS" starttime="20200821 12:37:51.194" endtime="20200821 12:38:03.547" critical="yes"></status>
</test>
<test id="s1-s1-t4" name="Bloomberg Logo">
<kw name="Start" library="params" type="setup">
<arguments>
<arg>${BROWSER}</arg>
<arg>${URL}</arg>
</arguments>
<kw name="Run Keyword If" library="BuiltIn">
<doc>Runs the given keyword with the given arguments, if ``condition`` is true.</doc>
<arguments>
<arg>"${BROWSER}" == "HeadlessChrome"</arg>
<arg>HeadlessChrome</arg>
<arg>ELSE</arg>
<arg>driver</arg>
<arg>${BROWSER}</arg>
</arguments>
<kw name="HeadlessChrome" library="params">
<kw name="Evaluate" library="BuiltIn">
<doc>Evaluates the given expression in Python and returns the result.</doc>
<arguments>
<arg>sys.modules['selenium.webdriver'].ChromeOptions()</arg>
<arg>sys, selenium.webdriver</arg>
</arguments>
<assign>
<var>${chromeOptions}</var>
</assign>
<msg timestamp="20200821 12:38:03.556" level="INFO">${chromeOptions} = &lt;selenium.webdriver.chrome.options.Options object at 0x0000028CBBB53100&gt;</msg>
<status status="PASS" starttime="20200821 12:38:03.555" endtime="20200821 12:38:03.557"></status>
</kw>
<kw name="Call Method" library="BuiltIn">
<doc>Calls the named method of the given object with the provided arguments.</doc>
<arguments>
<arg>${chrome_options}</arg>
<arg>add_argument</arg>
<arg>headless</arg>
</arguments>
<status status="PASS" starttime="20200821 12:38:03.557" endtime="20200821 12:38:03.558"></status>
</kw>
<kw name="Call Method" library="BuiltIn">
<doc>Calls the named method of the given object with the provided arguments.</doc>
<arguments>
<arg>${chrome_options}</arg>
<arg>add_argument</arg>
<arg>disable-gpu</arg>
</arguments>
<status status="PASS" starttime="20200821 12:38:03.558" endtime="20200821 12:38:03.559"></status>
</kw>
<kw name="Call Method" library="BuiltIn">
<doc>Calls the named method of the given object with the provided arguments.</doc>
<arguments>
<arg>${chrome_options}</arg>
<arg>to_capabilities</arg>
</arguments>
<assign>
<var>${options}</var>
</assign>
<msg timestamp="20200821 12:38:03.561" level="INFO">${options} = {'browserName': 'chrome', 'version': '', 'platform': 'ANY', 'goog:chromeOptions': {'extensions': [], 'args': ['headless', 'disable-gpu']}}</msg>
<status status="PASS" starttime="20200821 12:38:03.559" endtime="20200821 12:38:03.561"></status>
</kw>
<kw name="Create Webdriver" library="SeleniumLibrary">
<doc>Creates an instance of Selenium WebDriver.</doc>
<arguments>
<arg>Remote</arg>
<arg>command_executor=http://localhost:4444/wd/hub</arg>
<arg>desired_capabilities=${options}</arg>
</arguments>
<msg timestamp="20200821 12:38:03.563" level="INFO">Creating an instance of the Remote WebDriver.</msg>
<status status="PASS" starttime="20200821 12:38:03.561" endtime="20200821 12:38:03.932"></status>
</kw>
<status status="PASS" starttime="20200821 12:38:03.554" endtime="20200821 12:38:03.932"></status>
</kw>
<status status="PASS" starttime="20200821 12:38:03.553" endtime="20200821 12:38:03.932"></status>
</kw>
<kw name="Set Window Size" library="SeleniumLibrary">
<doc>Sets current windows size to given ``width`` and ``height``.</doc>
<arguments>
<arg>1920</arg>
<arg>1640</arg>
</arguments>
<status status="PASS" starttime="20200821 12:38:03.933" endtime="20200821 12:38:04.066"></status>
</kw>
<kw name="Maximize Browser Window" library="SeleniumLibrary">
<doc>Maximizes current browser window.</doc>
<status status="PASS" starttime="20200821 12:38:04.067" endtime="20200821 12:38:04.209"></status>
</kw>
<kw name="Go To" library="SeleniumLibrary">
<doc>Navigates the current browser window to the provided ``url``.</doc>
<arguments>
<arg>${URL}</arg>
</arguments>
<msg timestamp="20200821 12:38:04.211" level="INFO">Opening url 'https://brainpool.ai/ai-in-business.html'</msg>
<status status="PASS" starttime="20200821 12:38:04.210" endtime="20200821 12:38:15.215"></status>
</kw>
<status status="PASS" starttime="20200821 12:38:03.550" endtime="20200821 12:38:15.215"></status>
</kw>
<kw name="Bloomberg" library="AIinBusiness">
<kw name="Intialization" library="params">
<kw name="Wait Until Element Is Visible" library="SeleniumLibrary">
<doc>Waits until the element ``locator`` is visible.</doc>
<arguments>
<arg>id=component-2</arg>
<arg>10s</arg>
</arguments>
<status status="PASS" starttime="20200821 12:38:15.219" endtime="20200821 12:38:16.913"></status>
</kw>
<status status="PASS" starttime="20200821 12:38:15.217" endtime="20200821 12:38:16.915"></status>
</kw>
<kw name="LinkTags" library="params">
<arguments>
<arg>26</arg>
</arguments>
<kw name="Execute Javascript" library="SeleniumLibrary">
<doc>Executes the given JavaScript code with possible arguments.</doc>
<arguments>
<arg>document.querySelectorAll("a")[${POS}].click()</arg>
</arguments>
<msg timestamp="20200821 12:38:16.920" level="INFO">Executing JavaScript:
document.querySelectorAll("a")[26].click()
Without any arguments.</msg>
<status status="PASS" starttime="20200821 12:38:16.918" endtime="20200821 12:40:07.463"></status>
</kw>
<status status="PASS" starttime="20200821 12:38:16.916" endtime="20200821 12:40:07.464"></status>
</kw>
<status status="PASS" starttime="20200821 12:38:15.216" endtime="20200821 12:40:07.464"></status>
</kw>
<kw name="Stop" library="params" type="teardown">
<kw name="Close Browser" library="SeleniumLibrary">
<doc>Closes the current browser.</doc>
<status status="PASS" starttime="20200821 12:40:07.466" endtime="20200821 12:40:07.539"></status>
</kw>
<status status="PASS" starttime="20200821 12:40:07.465" endtime="20200821 12:40:07.539"></status>
</kw>
<doc>Verifies if the Bloomberg Logo is accessible</doc>
<tags>
<tag>AIinBusinessPageBloomberg</tag>
</tags>
<status status="PASS" starttime="20200821 12:38:03.549" endtime="20200821 12:40:07.539" critical="yes"></status>
</test>
<test id="s1-s1-t5" name="Raconteur Logo">
<kw name="Start" library="params" type="setup">
<arguments>
<arg>${BROWSER}</arg>
<arg>${URL}</arg>
</arguments>
<kw name="Run Keyword If" library="BuiltIn">
<doc>Runs the given keyword with the given arguments, if ``condition`` is true.</doc>
<arguments>
<arg>"${BROWSER}" == "HeadlessChrome"</arg>
<arg>HeadlessChrome</arg>
<arg>ELSE</arg>
<arg>driver</arg>
<arg>${BROWSER}</arg>
</arguments>
<kw name="HeadlessChrome" library="params">
<kw name="Evaluate" library="BuiltIn">
<doc>Evaluates the given expression in Python and returns the result.</doc>
<arguments>
<arg>sys.modules['selenium.webdriver'].ChromeOptions()</arg>
<arg>sys, selenium.webdriver</arg>
</arguments>
<assign>
<var>${chromeOptions}</var>
</assign>
<msg timestamp="20200821 12:40:07.546" level="INFO">${chromeOptions} = &lt;selenium.webdriver.chrome.options.Options object at 0x0000028CBBAFC700&gt;</msg>
<status status="PASS" starttime="20200821 12:40:07.545" endtime="20200821 12:40:07.546"></status>
</kw>
<kw name="Call Method" library="BuiltIn">
<doc>Calls the named method of the given object with the provided arguments.</doc>
<arguments>
<arg>${chrome_options}</arg>
<arg>add_argument</arg>
<arg>headless</arg>
</arguments>
<status status="PASS" starttime="20200821 12:40:07.546" endtime="20200821 12:40:07.546"></status>
</kw>
<kw name="Call Method" library="BuiltIn">
<doc>Calls the named method of the given object with the provided arguments.</doc>
<arguments>
<arg>${chrome_options}</arg>
<arg>add_argument</arg>
<arg>disable-gpu</arg>
</arguments>
<status status="PASS" starttime="20200821 12:40:07.547" endtime="20200821 12:40:07.547"></status>
</kw>
<kw name="Call Method" library="BuiltIn">
<doc>Calls the named method of the given object with the provided arguments.</doc>
<arguments>
<arg>${chrome_options}</arg>
<arg>to_capabilities</arg>
</arguments>
<assign>
<var>${options}</var>
</assign>
<msg timestamp="20200821 12:40:07.548" level="INFO">${options} = {'browserName': 'chrome', 'version': '', 'platform': 'ANY', 'goog:chromeOptions': {'extensions': [], 'args': ['headless', 'disable-gpu']}}</msg>
<status status="PASS" starttime="20200821 12:40:07.548" endtime="20200821 12:40:07.549"></status>
</kw>
<kw name="Create Webdriver" library="SeleniumLibrary">
<doc>Creates an instance of Selenium WebDriver.</doc>
<arguments>
<arg>Remote</arg>
<arg>command_executor=http://localhost:4444/wd/hub</arg>
<arg>desired_capabilities=${options}</arg>
</arguments>
<msg timestamp="20200821 12:40:07.550" level="INFO">Creating an instance of the Remote WebDriver.</msg>
<status status="PASS" starttime="20200821 12:40:07.549" endtime="20200821 12:40:08.172"></status>
</kw>
<status status="PASS" starttime="20200821 12:40:07.544" endtime="20200821 12:40:08.172"></status>
</kw>
<status status="PASS" starttime="20200821 12:40:07.543" endtime="20200821 12:40:08.173"></status>
</kw>
<kw name="Set Window Size" library="SeleniumLibrary">
<doc>Sets current windows size to given ``width`` and ``height``.</doc>
<arguments>
<arg>1920</arg>
<arg>1640</arg>
</arguments>
<status status="PASS" starttime="20200821 12:40:08.173" endtime="20200821 12:40:08.330"></status>
</kw>
<kw name="Maximize Browser Window" library="SeleniumLibrary">
<doc>Maximizes current browser window.</doc>
<status status="PASS" starttime="20200821 12:40:08.330" endtime="20200821 12:40:08.475"></status>
</kw>
<kw name="Go To" library="SeleniumLibrary">
<doc>Navigates the current browser window to the provided ``url``.</doc>
<arguments>
<arg>${URL}</arg>
</arguments>
<msg timestamp="20200821 12:40:08.476" level="INFO">Opening url 'https://brainpool.ai/ai-in-business.html'</msg>
<status status="PASS" starttime="20200821 12:40:08.475" endtime="20200821 12:40:23.701"></status>
</kw>
<status status="PASS" starttime="20200821 12:40:07.542" endtime="20200821 12:40:23.702"></status>
</kw>
<kw name="Raconteur" library="AIinBusiness">
<kw name="Intialization" library="params">
<kw name="Wait Until Element Is Visible" library="SeleniumLibrary">
<doc>Waits until the element ``locator`` is visible.</doc>
<arguments>
<arg>id=component-2</arg>
<arg>10s</arg>
</arguments>
<status status="PASS" starttime="20200821 12:40:23.704" endtime="20200821 12:40:25.821"></status>
</kw>
<status status="PASS" starttime="20200821 12:40:23.703" endtime="20200821 12:40:25.822"></status>
</kw>
<kw name="LinkTags" library="params">
<arguments>
<arg>27</arg>
</arguments>
<kw name="Execute Javascript" library="SeleniumLibrary">
<doc>Executes the given JavaScript code with possible arguments.</doc>
<arguments>
<arg>document.querySelectorAll("a")[${POS}].click()</arg>
</arguments>
<msg timestamp="20200821 12:40:25.826" level="INFO">Executing JavaScript:
document.querySelectorAll("a")[27].click()
Without any arguments.</msg>
<status status="PASS" starttime="20200821 12:40:25.823" endtime="20200821 12:41:20.956"></status>
</kw>
<status status="PASS" starttime="20200821 12:40:25.822" endtime="20200821 12:41:20.956"></status>
</kw>
<status status="PASS" starttime="20200821 12:40:23.702" endtime="20200821 12:41:20.957"></status>
</kw>
<kw name="Stop" library="params" type="teardown">
<kw name="Close Browser" library="SeleniumLibrary">
<doc>Closes the current browser.</doc>
<status status="PASS" starttime="20200821 12:41:20.958" endtime="20200821 12:41:21.023"></status>
</kw>
<status status="PASS" starttime="20200821 12:41:20.958" endtime="20200821 12:41:21.023"></status>
</kw>
<doc>Verifies if the Raconteur Logo is accessible</doc>
<tags>
<tag>AIinBusinessPageRaconteur</tag>
</tags>
<status status="PASS" starttime="20200821 12:40:07.540" endtime="20200821 12:41:21.023" critical="yes"></status>
</test>
<test id="s1-s1-t6" name="Medium Logo">
<kw name="Start" library="params" type="setup">
<arguments>
<arg>${BROWSER}</arg>
<arg>${URL}</arg>
</arguments>
<kw name="Run Keyword If" library="BuiltIn">
<doc>Runs the given keyword with the given arguments, if ``condition`` is true.</doc>
<arguments>
<arg>"${BROWSER}" == "HeadlessChrome"</arg>
<arg>HeadlessChrome</arg>
<arg>ELSE</arg>
<arg>driver</arg>
<arg>${BROWSER}</arg>
</arguments>
<kw name="HeadlessChrome" library="params">
<kw name="Evaluate" library="BuiltIn">
<doc>Evaluates the given expression in Python and returns the result.</doc>
<arguments>
<arg>sys.modules['selenium.webdriver'].ChromeOptions()</arg>
<arg>sys, selenium.webdriver</arg>
</arguments>
<assign>
<var>${chromeOptions}</var>
</assign>
<msg timestamp="20200821 12:41:21.029" level="INFO">${chromeOptions} = &lt;selenium.webdriver.chrome.options.Options object at 0x0000028CBBB53940&gt;</msg>
<status status="PASS" starttime="20200821 12:41:21.028" endtime="20200821 12:41:21.029"></status>
</kw>
<kw name="Call Method" library="BuiltIn">
<doc>Calls the named method of the given object with the provided arguments.</doc>
<arguments>
<arg>${chrome_options}</arg>
<arg>add_argument</arg>
<arg>headless</arg>
</arguments>
<status status="PASS" starttime="20200821 12:41:21.029" endtime="20200821 12:41:21.030"></status>
</kw>
<kw name="Call Method" library="BuiltIn">
<doc>Calls the named method of the given object with the provided arguments.</doc>
<arguments>
<arg>${chrome_options}</arg>
<arg>add_argument</arg>
<arg>disable-gpu</arg>
</arguments>
<status status="PASS" starttime="20200821 12:41:21.030" endtime="20200821 12:41:21.031"></status>
</kw>
<kw name="Call Method" library="BuiltIn">
<doc>Calls the named method of the given object with the provided arguments.</doc>
<arguments>
<arg>${chrome_options}</arg>
<arg>to_capabilities</arg>
</arguments>
<assign>
<var>${options}</var>
</assign>
<msg timestamp="20200821 12:41:21.032" level="INFO">${options} = {'browserName': 'chrome', 'version': '', 'platform': 'ANY', 'goog:chromeOptions': {'extensions': [], 'args': ['headless', 'disable-gpu']}}</msg>
<status status="PASS" starttime="20200821 12:41:21.032" endtime="20200821 12:41:21.032"></status>
</kw>
<kw name="Create Webdriver" library="SeleniumLibrary">
<doc>Creates an instance of Selenium WebDriver.</doc>
<arguments>
<arg>Remote</arg>
<arg>command_executor=http://localhost:4444/wd/hub</arg>
<arg>desired_capabilities=${options}</arg>
</arguments>
<msg timestamp="20200821 12:41:21.033" level="INFO">Creating an instance of the Remote WebDriver.</msg>
<status status="PASS" starttime="20200821 12:41:21.032" endtime="20200821 12:41:21.304"></status>
</kw>
<status status="PASS" starttime="20200821 12:41:21.027" endtime="20200821 12:41:21.305"></status>
</kw>
<status status="PASS" starttime="20200821 12:41:21.026" endtime="20200821 12:41:21.305"></status>
</kw>
<kw name="Set Window Size" library="SeleniumLibrary">
<doc>Sets current windows size to given ``width`` and ``height``.</doc>
<arguments>
<arg>1920</arg>
<arg>1640</arg>
</arguments>
<status status="PASS" starttime="20200821 12:41:21.305" endtime="20200821 12:41:21.427"></status>
</kw>
<kw name="Maximize Browser Window" library="SeleniumLibrary">
<doc>Maximizes current browser window.</doc>
<status status="PASS" starttime="20200821 12:41:21.428" endtime="20200821 12:41:21.547"></status>
</kw>
<kw name="Go To" library="SeleniumLibrary">
<doc>Navigates the current browser window to the provided ``url``.</doc>
<arguments>
<arg>${URL}</arg>
</arguments>
<msg timestamp="20200821 12:41:21.548" level="INFO">Opening url 'https://brainpool.ai/ai-in-business.html'</msg>
<status status="PASS" starttime="20200821 12:41:21.548" endtime="20200821 12:41:29.388"></status>
</kw>
<status status="PASS" starttime="20200821 12:41:21.025" endtime="20200821 12:41:29.389"></status>
</kw>
<kw name="Medium" library="AIinBusiness">
<kw name="Intialization" library="params">
<kw name="Wait Until Element Is Visible" library="SeleniumLibrary">
<doc>Waits until the element ``locator`` is visible.</doc>
<arguments>
<arg>id=component-2</arg>
<arg>10s</arg>
</arguments>
<status status="PASS" starttime="20200821 12:41:29.391" endtime="20200821 12:41:32.938"></status>
</kw>
<status status="PASS" starttime="20200821 12:41:29.391" endtime="20200821 12:41:32.938"></status>
</kw>
<kw name="LinkTags" library="params">
<arguments>
<arg>28</arg>
</arguments>
<kw name="Execute Javascript" library="SeleniumLibrary">
<doc>Executes the given JavaScript code with possible arguments.</doc>
<arguments>
<arg>document.querySelectorAll("a")[${POS}].click()</arg>
</arguments>
<msg timestamp="20200821 12:41:32.941" level="INFO">Executing JavaScript:
document.querySelectorAll("a")[28].click()
Without any arguments.</msg>
<status status="PASS" starttime="20200821 12:41:32.940" endtime="20200821 12:41:52.775"></status>
</kw>
<status status="PASS" starttime="20200821 12:41:32.939" endtime="20200821 12:41:52.775"></status>
</kw>
<status status="PASS" starttime="20200821 12:41:29.390" endtime="20200821 12:41:52.776"></status>
</kw>
<kw name="Stop" library="params" type="teardown">
<kw name="Close Browser" library="SeleniumLibrary">
<doc>Closes the current browser.</doc>
<status status="PASS" starttime="20200821 12:41:52.777" endtime="20200821 12:41:52.840"></status>
</kw>
<status status="PASS" starttime="20200821 12:41:52.776" endtime="20200821 12:41:52.841"></status>
</kw>
<doc>Verifies if the Medium Logo is accessible</doc>
<tags>
<tag>AIinBusinessPageMedium</tag>
</tags>
<status status="PASS" starttime="20200821 12:41:21.024" endtime="20200821 12:41:52.841" critical="yes"></status>
</test>
<test id="s1-s1-t7" name="AI Business Logo">
<kw name="Start" library="params" type="setup">
<arguments>
<arg>${BROWSER}</arg>
<arg>${URL}</arg>
</arguments>
<kw name="Run Keyword If" library="BuiltIn">
<doc>Runs the given keyword with the given arguments, if ``condition`` is true.</doc>
<arguments>
<arg>"${BROWSER}" == "HeadlessChrome"</arg>
<arg>HeadlessChrome</arg>
<arg>ELSE</arg>
<arg>driver</arg>
<arg>${BROWSER}</arg>
</arguments>
<kw name="HeadlessChrome" library="params">
<kw name="Evaluate" library="BuiltIn">
<doc>Evaluates the given expression in Python and returns the result.</doc>
<arguments>
<arg>sys.modules['selenium.webdriver'].ChromeOptions()</arg>
<arg>sys, selenium.webdriver</arg>
</arguments>
<assign>
<var>${chromeOptions}</var>
</assign>
<msg timestamp="20200821 12:41:52.845" level="INFO">${chromeOptions} = &lt;selenium.webdriver.chrome.options.Options object at 0x0000028CBBB71340&gt;</msg>
<status status="PASS" starttime="20200821 12:41:52.845" endtime="20200821 12:41:52.846"></status>
</kw>
<kw name="Call Method" library="BuiltIn">
<doc>Calls the named method of the given object with the provided arguments.</doc>
<arguments>
<arg>${chrome_options}</arg>
<arg>add_argument</arg>
<arg>headless</arg>
</arguments>
<status status="PASS" starttime="20200821 12:41:52.846" endtime="20200821 12:41:52.846"></status>
</kw>
<kw name="Call Method" library="BuiltIn">
<doc>Calls the named method of the given object with the provided arguments.</doc>
<arguments>
<arg>${chrome_options}</arg>
<arg>add_argument</arg>
<arg>disable-gpu</arg>
</arguments>
<status status="PASS" starttime="20200821 12:41:52.847" endtime="20200821 12:41:52.847"></status>
</kw>
<kw name="Call Method" library="BuiltIn">
<doc>Calls the named method of the given object with the provided arguments.</doc>
<arguments>
<arg>${chrome_options}</arg>
<arg>to_capabilities</arg>
</arguments>
<assign>
<var>${options}</var>
</assign>
<msg timestamp="20200821 12:41:52.848" level="INFO">${options} = {'browserName': 'chrome', 'version': '', 'platform': 'ANY', 'goog:chromeOptions': {'extensions': [], 'args': ['headless', 'disable-gpu']}}</msg>
<status status="PASS" starttime="20200821 12:41:52.848" endtime="20200821 12:41:52.848"></status>
</kw>
<kw name="Create Webdriver" library="SeleniumLibrary">
<doc>Creates an instance of Selenium WebDriver.</doc>
<arguments>
<arg>Remote</arg>
<arg>command_executor=http://localhost:4444/wd/hub</arg>
<arg>desired_capabilities=${options}</arg>
</arguments>
<msg timestamp="20200821 12:41:52.849" level="INFO">Creating an instance of the Remote WebDriver.</msg>
<status status="PASS" starttime="20200821 12:41:52.848" endtime="20200821 12:41:53.121"></status>
</kw>
<status status="PASS" starttime="20200821 12:41:52.844" endtime="20200821 12:41:53.121"></status>
</kw>
<status status="PASS" starttime="20200821 12:41:52.844" endtime="20200821 12:41:53.121"></status>
</kw>
<kw name="Set Window Size" library="SeleniumLibrary">
<doc>Sets current windows size to given ``width`` and ``height``.</doc>
<arguments>
<arg>1920</arg>
<arg>1640</arg>
</arguments>
<status status="PASS" starttime="20200821 12:41:53.122" endtime="20200821 12:41:53.245"></status>
</kw>
<kw name="Maximize Browser Window" library="SeleniumLibrary">
<doc>Maximizes current browser window.</doc>
<status status="PASS" starttime="20200821 12:41:53.245" endtime="20200821 12:41:53.365"></status>
</kw>
<kw name="Go To" library="SeleniumLibrary">
<doc>Navigates the current browser window to the provided ``url``.</doc>
<arguments>
<arg>${URL}</arg>
</arguments>
<msg timestamp="20200821 12:41:53.366" level="INFO">Opening url 'https://brainpool.ai/ai-in-business.html'</msg>
<status status="PASS" starttime="20200821 12:41:53.365" endtime="20200821 12:42:00.239"></status>
</kw>
<status status="PASS" starttime="20200821 12:41:52.843" endtime="20200821 12:42:00.239"></status>
</kw>
<kw name="AI Business" library="AIinBusiness">
<kw name="Intialization" library="params">
<kw name="Wait Until Element Is Visible" library="SeleniumLibrary">
<doc>Waits until the element ``locator`` is visible.</doc>
<arguments>
<arg>id=component-2</arg>
<arg>10s</arg>
</arguments>
<kw name="Capture Page Screenshot" library="SeleniumLibrary">
<doc>Takes a screenshot of the current page and embeds it into a log file.</doc>
<msg timestamp="20200821 12:42:31.074" level="INFO" html="yes">&lt;/td&gt;&lt;/tr&gt;&lt;tr&gt;&lt;td colspan="3"&gt;&lt;a href="selenium-screenshot-1.png"&gt;&lt;img src="selenium-screenshot-1.png" width="800px"&gt;&lt;/a&gt;</msg>
<status status="PASS" starttime="20200821 12:42:12.181" endtime="20200821 12:42:31.075"></status>
</kw>
<msg timestamp="20200821 12:42:31.079" level="FAIL">Element 'id=component-2' not visible after 10 seconds.</msg>
<status status="FAIL" starttime="20200821 12:42:00.242" endtime="20200821 12:42:31.080"></status>
</kw>
<status status="FAIL" starttime="20200821 12:42:00.241" endtime="20200821 12:42:31.080"></status>
</kw>
<status status="FAIL" starttime="20200821 12:42:00.240" endtime="20200821 12:42:31.081"></status>
</kw>
<kw name="Stop" library="params" type="teardown">
<kw name="Close Browser" library="SeleniumLibrary">
<doc>Closes the current browser.</doc>
<status status="PASS" starttime="20200821 12:42:31.082" endtime="20200821 12:42:31.233"></status>
</kw>
<status status="PASS" starttime="20200821 12:42:31.082" endtime="20200821 12:42:31.233"></status>
</kw>
<doc>Verifies if the AI Business Logo is accessible</doc>
<tags>
<tag>AIinBusinessPageAIBusiness</tag>
</tags>
<status status="FAIL" starttime="20200821 12:41:52.842" endtime="20200821 12:42:31.233" critical="yes">Element 'id=component-2' not visible after 10 seconds.</status>
</test>
<test id="s1-s1-t8" name="The Stack Logo">
<kw name="Start" library="params" type="setup">
<arguments>
<arg>${BROWSER}</arg>
<arg>${URL}</arg>
</arguments>
<kw name="Run Keyword If" library="BuiltIn">
<doc>Runs the given keyword with the given arguments, if ``condition`` is true.</doc>
<arguments>
<arg>"${BROWSER}" == "HeadlessChrome"</arg>
<arg>HeadlessChrome</arg>
<arg>ELSE</arg>
<arg>driver</arg>
<arg>${BROWSER}</arg>
</arguments>
<kw name="HeadlessChrome" library="params">
<kw name="Evaluate" library="BuiltIn">
<doc>Evaluates the given expression in Python and returns the result.</doc>
<arguments>
<arg>sys.modules['selenium.webdriver'].ChromeOptions()</arg>
<arg>sys, selenium.webdriver</arg>
</arguments>
<assign>
<var>${chromeOptions}</var>
</assign>
<msg timestamp="20200821 12:42:31.240" level="INFO">${chromeOptions} = &lt;selenium.webdriver.chrome.options.Options object at 0x0000028CBBB67760&gt;</msg>
<status status="PASS" starttime="20200821 12:42:31.239" endtime="20200821 12:42:31.240"></status>
</kw>
<kw name="Call Method" library="BuiltIn">
<doc>Calls the named method of the given object with the provided arguments.</doc>
<arguments>
<arg>${chrome_options}</arg>
<arg>add_argument</arg>
<arg>headless</arg>
</arguments>
<status status="PASS" starttime="20200821 12:42:31.240" endtime="20200821 12:42:31.241"></status>
</kw>
<kw name="Call Method" library="BuiltIn">
<doc>Calls the named method of the given object with the provided arguments.</doc>
<arguments>
<arg>${chrome_options}</arg>
<arg>add_argument</arg>
<arg>disable-gpu</arg>
</arguments>
<status status="PASS" starttime="20200821 12:42:31.241" endtime="20200821 12:42:31.241"></status>
</kw>
<kw name="Call Method" library="BuiltIn">
<doc>Calls the named method of the given object with the provided arguments.</doc>
<arguments>
<arg>${chrome_options}</arg>
<arg>to_capabilities</arg>
</arguments>
<assign>
<var>${options}</var>
</assign>
<msg timestamp="20200821 12:42:31.242" level="INFO">${options} = {'browserName': 'chrome', 'version': '', 'platform': 'ANY', 'goog:chromeOptions': {'extensions': [], 'args': ['headless', 'disable-gpu']}}</msg>
<status status="PASS" starttime="20200821 12:42:31.241" endtime="20200821 12:42:31.242"></status>
</kw>
<kw name="Create Webdriver" library="SeleniumLibrary">
<doc>Creates an instance of Selenium WebDriver.</doc>
<arguments>
<arg>Remote</arg>
<arg>command_executor=http://localhost:4444/wd/hub</arg>
<arg>desired_capabilities=${options}</arg>
</arguments>
<msg timestamp="20200821 12:42:31.242" level="INFO">Creating an instance of the Remote WebDriver.</msg>
<status status="PASS" starttime="20200821 12:42:31.242" endtime="20200821 12:42:33.828"></status>
</kw>
<status status="PASS" starttime="20200821 12:42:31.239" endtime="20200821 12:42:33.828"></status>
</kw>
<status status="PASS" starttime="20200821 12:42:31.238" endtime="20200821 12:42:33.828"></status>
</kw>
<kw name="Set Window Size" library="SeleniumLibrary">
<doc>Sets current windows size to given ``width`` and ``height``.</doc>
<arguments>
<arg>1920</arg>
<arg>1640</arg>
</arguments>
<status status="PASS" starttime="20200821 12:42:33.829" endtime="20200821 12:42:33.991"></status>
</kw>
<kw name="Maximize Browser Window" library="SeleniumLibrary">
<doc>Maximizes current browser window.</doc>
<status status="PASS" starttime="20200821 12:42:33.992" endtime="20200821 12:42:34.132"></status>
</kw>
<kw name="Go To" library="SeleniumLibrary">
<doc>Navigates the current browser window to the provided ``url``.</doc>
<arguments>
<arg>${URL}</arg>
</arguments>
<msg timestamp="20200821 12:42:34.133" level="INFO">Opening url 'https://brainpool.ai/ai-in-business.html'</msg>
<status status="PASS" starttime="20200821 12:42:34.132" endtime="20200821 12:42:56.350"></status>
</kw>
<status status="PASS" starttime="20200821 12:42:31.236" endtime="20200821 12:42:56.351"></status>
</kw>
<kw name="The Stack" library="AIinBusiness">
<kw name="Intialization" library="params">
<kw name="Wait Until Element Is Visible" library="SeleniumLibrary">
<doc>Waits until the element ``locator`` is visible.</doc>
<arguments>
<arg>id=component-2</arg>
<arg>10s</arg>
</arguments>
<status status="PASS" starttime="20200821 12:42:56.352" endtime="20200821 12:43:08.028"></status>
</kw>
<status status="PASS" starttime="20200821 12:42:56.352" endtime="20200821 12:43:08.028"></status>
</kw>
<kw name="LinkTags" library="params">
<arguments>
<arg>30</arg>
</arguments>
<kw name="Execute Javascript" library="SeleniumLibrary">
<doc>Executes the given JavaScript code with possible arguments.</doc>
<arguments>
<arg>document.querySelectorAll("a")[${POS}].click()</arg>
</arguments>
<msg timestamp="20200821 12:43:08.030" level="INFO">Executing JavaScript:
document.querySelectorAll("a")[30].click()
Without any arguments.</msg>
<status status="PASS" starttime="20200821 12:43:08.029" endtime="20200821 12:43:18.783"></status>
</kw>
<status status="PASS" starttime="20200821 12:43:08.028" endtime="20200821 12:43:18.784"></status>
</kw>
<status status="PASS" starttime="20200821 12:42:56.351" endtime="20200821 12:43:18.785"></status>
</kw>
<kw name="Stop" library="params" type="teardown">
<kw name="Close Browser" library="SeleniumLibrary">
<doc>Closes the current browser.</doc>
<status status="PASS" starttime="20200821 12:43:18.785" endtime="20200821 12:43:20.326"></status>
</kw>
<status status="PASS" starttime="20200821 12:43:18.785" endtime="20200821 12:43:20.326"></status>
</kw>
<doc>Verifies if the The Stack Logo is accessible</doc>
<tags>
<tag>AIinBusinessPageTheStack</tag>
</tags>
<status status="PASS" starttime="20200821 12:42:31.235" endtime="20200821 12:43:20.326" critical="yes"></status>
</test>
<test id="s1-s1-t9" name="GetStarted">
<kw name="Start" library="params" type="setup">
<arguments>
<arg>${BROWSER}</arg>
<arg>${URL}</arg>
</arguments>
<kw name="Run Keyword If" library="BuiltIn">
<doc>Runs the given keyword with the given arguments, if ``condition`` is true.</doc>
<arguments>
<arg>"${BROWSER}" == "HeadlessChrome"</arg>
<arg>HeadlessChrome</arg>
<arg>ELSE</arg>
<arg>driver</arg>
<arg>${BROWSER}</arg>
</arguments>
<kw name="HeadlessChrome" library="params">
<kw name="Evaluate" library="BuiltIn">
<doc>Evaluates the given expression in Python and returns the result.</doc>
<arguments>
<arg>sys.modules['selenium.webdriver'].ChromeOptions()</arg>
<arg>sys, selenium.webdriver</arg>
</arguments>
<assign>
<var>${chromeOptions}</var>
</assign>
<msg timestamp="20200821 12:43:20.332" level="INFO">${chromeOptions} = &lt;selenium.webdriver.chrome.options.Options object at 0x0000028CBBB13B80&gt;</msg>
<status status="PASS" starttime="20200821 12:43:20.331" endtime="20200821 12:43:20.332"></status>
</kw>
<kw name="Call Method" library="BuiltIn">
<doc>Calls the named method of the given object with the provided arguments.</doc>
<arguments>
<arg>${chrome_options}</arg>
<arg>add_argument</arg>
<arg>headless</arg>
</arguments>
<status status="PASS" starttime="20200821 12:43:20.332" endtime="20200821 12:43:20.333"></status>
</kw>
<kw name="Call Method" library="BuiltIn">
<doc>Calls the named method of the given object with the provided arguments.</doc>
<arguments>
<arg>${chrome_options}</arg>
<arg>add_argument</arg>
<arg>disable-gpu</arg>
</arguments>
<status status="PASS" starttime="20200821 12:43:20.333" endtime="20200821 12:43:20.333"></status>
</kw>
<kw name="Call Method" library="BuiltIn">
<doc>Calls the named method of the given object with the provided arguments.</doc>
<arguments>
<arg>${chrome_options}</arg>
<arg>to_capabilities</arg>
</arguments>
<assign>
<var>${options}</var>
</assign>
<msg timestamp="20200821 12:43:20.334" level="INFO">${options} = {'browserName': 'chrome', 'version': '', 'platform': 'ANY', 'goog:chromeOptions': {'extensions': [], 'args': ['headless', 'disable-gpu']}}</msg>
<status status="PASS" starttime="20200821 12:43:20.334" endtime="20200821 12:43:20.334"></status>
</kw>
<kw name="Create Webdriver" library="SeleniumLibrary">
<doc>Creates an instance of Selenium WebDriver.</doc>
<arguments>
<arg>Remote</arg>
<arg>command_executor=http://localhost:4444/wd/hub</arg>
<arg>desired_capabilities=${options}</arg>
</arguments>
<msg timestamp="20200821 12:43:20.335" level="INFO">Creating an instance of the Remote WebDriver.</msg>
<status status="PASS" starttime="20200821 12:43:20.335" endtime="20200821 12:43:37.218"></status>
</kw>
<status status="PASS" starttime="20200821 12:43:20.330" endtime="20200821 12:43:37.219"></status>
</kw>
<status status="PASS" starttime="20200821 12:43:20.330" endtime="20200821 12:43:37.219"></status>
</kw>
<kw name="Set Window Size" library="SeleniumLibrary">
<doc>Sets current windows size to given ``width`` and ``height``.</doc>
<arguments>
<arg>1920</arg>
<arg>1640</arg>
</arguments>
<status status="PASS" starttime="20200821 12:43:37.219" endtime="20200821 12:43:37.791"></status>
</kw>
<kw name="Maximize Browser Window" library="SeleniumLibrary">
<doc>Maximizes current browser window.</doc>
<status status="PASS" starttime="20200821 12:43:37.791" endtime="20200821 12:43:38.400"></status>
</kw>
<kw name="Go To" library="SeleniumLibrary">
<doc>Navigates the current browser window to the provided ``url``.</doc>
<arguments>
<arg>${URL}</arg>
</arguments>
<msg timestamp="20200821 12:43:38.400" level="INFO">Opening url 'https://brainpool.ai/ai-in-business.html'</msg>
<status status="PASS" starttime="20200821 12:43:38.400" endtime="20200821 12:43:46.244"></status>
</kw>
<status status="PASS" starttime="20200821 12:43:20.328" endtime="20200821 12:43:46.244"></status>
</kw>
<kw name="GetStarted" library="AIinBusiness">
<kw name="Intialization" library="params">
<kw name="Wait Until Element Is Visible" library="SeleniumLibrary">
<doc>Waits until the element ``locator`` is visible.</doc>
<arguments>
<arg>id=component-2</arg>
<arg>10s</arg>
</arguments>
<status status="PASS" starttime="20200821 12:43:46.247" endtime="20200821 12:43:48.571"></status>
</kw>
<status status="PASS" starttime="20200821 12:43:46.246" endtime="20200821 12:43:48.572"></status>
</kw>
<kw name="Buttons" library="params">
<arguments>
<arg>21</arg>
</arguments>
<kw name="Click Button" library="SeleniumLibrary">
<doc>Clicks the button identified by ``locator``.</doc>
<arguments>
<arg>id=component-${ELEMENT}</arg>
</arguments>
<msg timestamp="20200821 12:43:48.574" level="INFO">Clicking button 'id=component-21'.</msg>
<status status="PASS" starttime="20200821 12:43:48.573" endtime="20200821 12:43:48.827"></status>
</kw>
<status status="PASS" starttime="20200821 12:43:48.572" endtime="20200821 12:43:48.828"></status>
</kw>
<status status="PASS" starttime="20200821 12:43:46.245" endtime="20200821 12:43:48.828"></status>
</kw>
<kw name="Stop" library="params" type="teardown">
<kw name="Close Browser" library="SeleniumLibrary">
<doc>Closes the current browser.</doc>
<status status="PASS" starttime="20200821 12:43:48.830" endtime="20200821 12:43:48.900"></status>
</kw>
<status status="PASS" starttime="20200821 12:43:48.829" endtime="20200821 12:43:48.900"></status>
</kw>
<doc>Verifies if the Get Started button is accessible</doc>
<tags>
<tag>AIinBusinessPageGetStarted</tag>
</tags>
<status status="PASS" starttime="20200821 12:43:20.327" endtime="20200821 12:43:48.900" critical="yes"></status>
</test>
<test id="s1-s1-t10" name="ContactAction">
<kw name="Start" library="params" type="setup">
<arguments>
<arg>${BROWSER}</arg>
<arg>${URL}</arg>
</arguments>
<kw name="Run Keyword If" library="BuiltIn">
<doc>Runs the given keyword with the given arguments, if ``condition`` is true.</doc>
<arguments>
<arg>"${BROWSER}" == "HeadlessChrome"</arg>
<arg>HeadlessChrome</arg>
<arg>ELSE</arg>
<arg>driver</arg>
<arg>${BROWSER}</arg>
</arguments>
<kw name="HeadlessChrome" library="params">
<kw name="Evaluate" library="BuiltIn">
<doc>Evaluates the given expression in Python and returns the result.</doc>
<arguments>
<arg>sys.modules['selenium.webdriver'].ChromeOptions()</arg>
<arg>sys, selenium.webdriver</arg>
</arguments>
<assign>
<var>${chromeOptions}</var>
</assign>
<msg timestamp="20200821 12:43:48.908" level="INFO">${chromeOptions} = &lt;selenium.webdriver.chrome.options.Options object at 0x0000028CBBBAE0D0&gt;</msg>
<status status="PASS" starttime="20200821 12:43:48.907" endtime="20200821 12:43:48.908"></status>
</kw>
<kw name="Call Method" library="BuiltIn">
<doc>Calls the named method of the given object with the provided arguments.</doc>
<arguments>
<arg>${chrome_options}</arg>
<arg>add_argument</arg>
<arg>headless</arg>
</arguments>
<status status="PASS" starttime="20200821 12:43:48.909" endtime="20200821 12:43:48.909"></status>
</kw>
<kw name="Call Method" library="BuiltIn">
<doc>Calls the named method of the given object with the provided arguments.</doc>
<arguments>
<arg>${chrome_options}</arg>
<arg>add_argument</arg>
<arg>disable-gpu</arg>
</arguments>
<status status="PASS" starttime="20200821 12:43:48.910" endtime="20200821 12:43:48.910"></status>
</kw>
<kw name="Call Method" library="BuiltIn">
<doc>Calls the named method of the given object with the provided arguments.</doc>
<arguments>
<arg>${chrome_options}</arg>
<arg>to_capabilities</arg>
</arguments>
<assign>
<var>${options}</var>
</assign>
<msg timestamp="20200821 12:43:48.911" level="INFO">${options} = {'browserName': 'chrome', 'version': '', 'platform': 'ANY', 'goog:chromeOptions': {'extensions': [], 'args': ['headless', 'disable-gpu']}}</msg>
<status status="PASS" starttime="20200821 12:43:48.911" endtime="20200821 12:43:48.911"></status>
</kw>
<kw name="Create Webdriver" library="SeleniumLibrary">
<doc>Creates an instance of Selenium WebDriver.</doc>
<arguments>
<arg>Remote</arg>
<arg>command_executor=http://localhost:4444/wd/hub</arg>
<arg>desired_capabilities=${options}</arg>
</arguments>
<msg timestamp="20200821 12:43:48.913" level="INFO">Creating an instance of the Remote WebDriver.</msg>
<status status="PASS" starttime="20200821 12:43:48.912" endtime="20200821 12:43:49.176"></status>
</kw>
<status status="PASS" starttime="20200821 12:43:48.906" endtime="20200821 12:43:49.176"></status>
</kw>
<status status="PASS" starttime="20200821 12:43:48.905" endtime="20200821 12:43:49.176"></status>
</kw>
<kw name="Set Window Size" library="SeleniumLibrary">
<doc>Sets current windows size to given ``width`` and ``height``.</doc>
<arguments>
<arg>1920</arg>
<arg>1640</arg>
</arguments>
<status status="PASS" starttime="20200821 12:43:49.176" endtime="20200821 12:43:49.315"></status>
</kw>
<kw name="Maximize Browser Window" library="SeleniumLibrary">
<doc>Maximizes current browser window.</doc>
<status status="PASS" starttime="20200821 12:43:49.315" endtime="20200821 12:43:49.435"></status>
</kw>
<kw name="Go To" library="SeleniumLibrary">
<doc>Navigates the current browser window to the provided ``url``.</doc>
<arguments>
<arg>${URL}</arg>
</arguments>
<msg timestamp="20200821 12:43:49.436" level="INFO">Opening url 'https://brainpool.ai/ai-in-business.html'</msg>
<status status="PASS" starttime="20200821 12:43:49.435" endtime="20200821 12:44:00.802"></status>
</kw>
<status status="PASS" starttime="20200821 12:43:48.903" endtime="20200821 12:44:00.803"></status>
</kw>
<kw name="contactAction" library="AIinBusiness">
<kw name="Intialization" library="params">
<kw name="Wait Until Element Is Visible" library="SeleniumLibrary">
<doc>Waits until the element ``locator`` is visible.</doc>
<arguments>
<arg>id=component-2</arg>
<arg>10s</arg>
</arguments>
<status status="PASS" starttime="20200821 12:44:00.805" endtime="20200821 12:44:04.134"></status>
</kw>
<status status="PASS" starttime="20200821 12:44:00.804" endtime="20200821 12:44:04.135"></status>
</kw>
<kw name="ScrollDown" library="params">
<arguments>
<arg>0</arg>
<arg>1000</arg>
</arguments>
<kw name="Execute Javascript" library="SeleniumLibrary">
<doc>Executes the given JavaScript code with possible arguments.</doc>
<arguments>
<arg>window.scrollTo(${X},${Y})</arg>
</arguments>
<msg timestamp="20200821 12:44:04.138" level="INFO">Executing JavaScript:
window.scrollTo(0,1000)
Without any arguments.</msg>
<status status="PASS" starttime="20200821 12:44:04.137" endtime="20200821 12:44:04.175"></status>
</kw>
<status status="PASS" starttime="20200821 12:44:04.136" endtime="20200821 12:44:04.176"></status>
</kw>
<kw name="Sleep" library="BuiltIn">
<doc>Pauses the test executed for the given time.</doc>
<arguments>
<arg>1s</arg>
</arguments>
<msg timestamp="20200821 12:44:05.181" level="INFO">Slept 1 second</msg>
<status status="PASS" starttime="20200821 12:44:04.177" endtime="20200821 12:44:05.181"></status>
</kw>
<kw name="Wait Until Element Is Visible" library="SeleniumLibrary">
<doc>Waits until the element ``locator`` is visible.</doc>
<arguments>
<arg>id=component-9</arg>
</arguments>
<status status="PASS" starttime="20200821 12:44:05.182" endtime="20200821 12:44:05.306"></status>
</kw>
<kw name="Buttons" library="params">
<arguments>
<arg>9</arg>
</arguments>
<kw name="Click Button" library="SeleniumLibrary">
<doc>Clicks the button identified by ``locator``.</doc>
<arguments>
<arg>id=component-${ELEMENT}</arg>
</arguments>
<msg timestamp="20200821 12:44:05.308" level="INFO">Clicking button 'id=component-9'.</msg>
<status status="PASS" starttime="20200821 12:44:05.307" endtime="20200821 12:44:05.563"></status>
</kw>
<status status="PASS" starttime="20200821 12:44:05.306" endtime="20200821 12:44:05.564"></status>
</kw>
<status status="PASS" starttime="20200821 12:44:00.803" endtime="20200821 12:44:05.565"></status>
</kw>
<kw name="Stop" library="params" type="teardown">
<kw name="Close Browser" library="SeleniumLibrary">
<doc>Closes the current browser.</doc>
<status status="PASS" starttime="20200821 12:44:05.566" endtime="20200821 12:44:05.636"></status>
</kw>
<status status="PASS" starttime="20200821 12:44:05.565" endtime="20200821 12:44:05.636"></status>
</kw>
<doc>Verifies if the contact us is accessible</doc>
<tags>
<tag>AIinBusinessPagecontactaction</tag>
</tags>
<status status="PASS" starttime="20200821 12:43:48.902" endtime="20200821 12:44:05.636" critical="yes"></status>
</test>
<test id="s1-s1-t11" name="ContactForm">
<kw name="Start" library="params" type="setup">
<arguments>
<arg>${BROWSER}</arg>
<arg>${URL}</arg>
</arguments>
<kw name="Run Keyword If" library="BuiltIn">
<doc>Runs the given keyword with the given arguments, if ``condition`` is true.</doc>
<arguments>
<arg>"${BROWSER}" == "HeadlessChrome"</arg>
<arg>HeadlessChrome</arg>
<arg>ELSE</arg>
<arg>driver</arg>
<arg>${BROWSER}</arg>
</arguments>
<kw name="HeadlessChrome" library="params">
<kw name="Evaluate" library="BuiltIn">
<doc>Evaluates the given expression in Python and returns the result.</doc>
<arguments>
<arg>sys.modules['selenium.webdriver'].ChromeOptions()</arg>
<arg>sys, selenium.webdriver</arg>
</arguments>
<assign>
<var>${chromeOptions}</var>
</assign>
<msg timestamp="20200821 12:44:05.647" level="INFO">${chromeOptions} = &lt;selenium.webdriver.chrome.options.Options object at 0x0000028CBBBB1490&gt;</msg>
<status status="PASS" starttime="20200821 12:44:05.645" endtime="20200821 12:44:05.647"></status>
</kw>
<kw name="Call Method" library="BuiltIn">
<doc>Calls the named method of the given object with the provided arguments.</doc>
<arguments>
<arg>${chrome_options}</arg>
<arg>add_argument</arg>
<arg>headless</arg>
</arguments>
<status status="PASS" starttime="20200821 12:44:05.647" endtime="20200821 12:44:05.648"></status>
</kw>
<kw name="Call Method" library="BuiltIn">
<doc>Calls the named method of the given object with the provided arguments.</doc>
<arguments>
<arg>${chrome_options}</arg>
<arg>add_argument</arg>
<arg>disable-gpu</arg>
</arguments>
<status status="PASS" starttime="20200821 12:44:05.648" endtime="20200821 12:44:05.649"></status>
</kw>
<kw name="Call Method" library="BuiltIn">
<doc>Calls the named method of the given object with the provided arguments.</doc>
<arguments>
<arg>${chrome_options}</arg>
<arg>to_capabilities</arg>
</arguments>
<assign>
<var>${options}</var>
</assign>
<msg timestamp="20200821 12:44:05.651" level="INFO">${options} = {'browserName': 'chrome', 'version': '', 'platform': 'ANY', 'goog:chromeOptions': {'extensions': [], 'args': ['headless', 'disable-gpu']}}</msg>
<status status="PASS" starttime="20200821 12:44:05.650" endtime="20200821 12:44:05.651"></status>
</kw>
<kw name="Create Webdriver" library="SeleniumLibrary">
<doc>Creates an instance of Selenium WebDriver.</doc>
<arguments>
<arg>Remote</arg>
<arg>command_executor=http://localhost:4444/wd/hub</arg>
<arg>desired_capabilities=${options}</arg>
</arguments>
<msg timestamp="20200821 12:44:05.652" level="INFO">Creating an instance of the Remote WebDriver.</msg>
<status status="PASS" starttime="20200821 12:44:05.651" endtime="20200821 12:44:06.334"></status>
</kw>
<status status="PASS" starttime="20200821 12:44:05.643" endtime="20200821 12:44:06.334"></status>
</kw>
<status status="PASS" starttime="20200821 12:44:05.642" endtime="20200821 12:44:06.334"></status>
</kw>
<kw name="Set Window Size" library="SeleniumLibrary">
<doc>Sets current windows size to given ``width`` and ``height``.</doc>
<arguments>
<arg>1920</arg>
<arg>1640</arg>
</arguments>
<status status="PASS" starttime="20200821 12:44:06.335" endtime="20200821 12:44:06.521"></status>
</kw>
<kw name="Maximize Browser Window" library="SeleniumLibrary">
<doc>Maximizes current browser window.</doc>
<status status="PASS" starttime="20200821 12:44:06.521" endtime="20200821 12:44:06.657"></status>
</kw>
<kw name="Go To" library="SeleniumLibrary">
<doc>Navigates the current browser window to the provided ``url``.</doc>
<arguments>
<arg>${URL}</arg>
</arguments>
<msg timestamp="20200821 12:44:06.658" level="INFO">Opening url 'https://brainpool.ai/ai-in-business.html'</msg>
<status status="PASS" starttime="20200821 12:44:06.657" endtime="20200821 12:44:14.176"></status>
</kw>
<status status="PASS" starttime="20200821 12:44:05.640" endtime="20200821 12:44:14.176"></status>
</kw>
<kw name="ContatUsForm" library="AIinBusiness">
<kw name="Intialization" library="params">
<kw name="Wait Until Element Is Visible" library="SeleniumLibrary">
<doc>Waits until the element ``locator`` is visible.</doc>
<arguments>
<arg>id=component-2</arg>
<arg>10s</arg>
</arguments>
<status status="PASS" starttime="20200821 12:44:14.178" endtime="20200821 12:44:15.799"></status>
</kw>
<status status="PASS" starttime="20200821 12:44:14.177" endtime="20200821 12:44:15.800"></status>
</kw>
<kw name="ScrollDown" library="params">
<arguments>
<arg>0</arg>
<arg>8000</arg>
</arguments>
<kw name="Execute Javascript" library="SeleniumLibrary">
<doc>Executes the given JavaScript code with possible arguments.</doc>
<arguments>
<arg>window.scrollTo(${X},${Y})</arg>
</arguments>
<msg timestamp="20200821 12:44:15.803" level="INFO">Executing JavaScript:
window.scrollTo(0,8000)
Without any arguments.</msg>
<status status="PASS" starttime="20200821 12:44:15.801" endtime="20200821 12:44:15.910"></status>
</kw>
<status status="PASS" starttime="20200821 12:44:15.800" endtime="20200821 12:44:15.910"></status>
</kw>
<kw name="Input Text" library="SeleniumLibrary">
<doc>Types the given ``text`` into the text field identified by ``locator``.</doc>
<arguments>
<arg>id=demo-name</arg>
<arg>Hello World</arg>
</arguments>
<msg timestamp="20200821 12:44:15.912" level="INFO">Typing text 'Hello World' into text field 'id=demo-name'.</msg>
<status status="PASS" starttime="20200821 12:44:15.911" endtime="20200821 12:44:16.550"></status>
</kw>
<kw name="Input Text" library="SeleniumLibrary">
<doc>Types the given ``text`` into the text field identified by ``locator``.</doc>
<arguments>
<arg>id=demo-email</arg>
<arg>HelloWorld@email.com</arg>
</arguments>
<msg timestamp="20200821 12:44:16.551" level="INFO">Typing text 'HelloWorld@email.com' into text field 'id=demo-email'.</msg>
<status status="PASS" starttime="20200821 12:44:16.551" endtime="20200821 12:44:16.997"></status>
</kw>
<kw name="Input Text" library="SeleniumLibrary">
<doc>Types the given ``text`` into the text field identified by ``locator``.</doc>
<arguments>
<arg>id=demo-Cname</arg>
<arg>MysteryInc.</arg>
</arguments>
<msg timestamp="20200821 12:44:16.998" level="INFO">Typing text 'MysteryInc.' into text field 'id=demo-Cname'.</msg>
<status status="PASS" starttime="20200821 12:44:16.997" endtime="20200821 12:44:17.500"></status>
</kw>
<kw name="Click Button" library="SeleniumLibrary">
<doc>Clicks the button identified by ``locator``.</doc>
<arguments>
<arg>id=contact-allpage</arg>
</arguments>
<msg timestamp="20200821 12:44:17.500" level="INFO">Clicking button 'id=contact-allpage'.</msg>
<status status="PASS" starttime="20200821 12:44:17.500" endtime="20200821 12:44:18.076"></status>
</kw>
<kw name="Sleep" library="BuiltIn">
<doc>Pauses the test executed for the given time.</doc>
<arguments>
<arg>2s</arg>
</arguments>
<msg timestamp="20200821 12:44:20.079" level="INFO">Slept 2 seconds</msg>
<status status="PASS" starttime="20200821 12:44:18.077" endtime="20200821 12:44:20.079"></status>
</kw>
<kw name="Page Should Contain" library="SeleniumLibrary">
<doc>Verifies that current page contains ``text``.</doc>
<arguments>
<arg>Thank you, a member of our team will be in touch shortly.</arg>
</arguments>
<msg timestamp="20200821 12:44:20.142" level="INFO">Current page contains text 'Thank you, a member of our team will be in touch shortly.'.</msg>
<status status="PASS" starttime="20200821 12:44:20.079" endtime="20200821 12:44:20.143"></status>
</kw>
<status status="PASS" starttime="20200821 12:44:14.176" endtime="20200821 12:44:20.143"></status>
</kw>
<kw name="Stop" library="params" type="teardown">
<kw name="Close Browser" library="SeleniumLibrary">
<doc>Closes the current browser.</doc>
<status status="PASS" starttime="20200821 12:44:20.144" endtime="20200821 12:44:20.209"></status>
</kw>
<status status="PASS" starttime="20200821 12:44:20.144" endtime="20200821 12:44:20.210"></status>
</kw>
<doc>Verifies if the contact form is accessible</doc>
<tags>
<tag>AIinBusinessPageform</tag>
</tags>
<status status="PASS" starttime="20200821 12:44:05.637" endtime="20200821 12:44:20.210" critical="yes"></status>
</test>
<status status="FAIL" starttime="20200821 12:37:00.700" endtime="20200821 12:44:20.213"></status>
</suite>
<status status="FAIL" starttime="20200821 12:37:00.642" endtime="20200821 12:44:20.229"></status>
</suite>
<statistics>
<total>
<stat pass="10" fail="1">Critical Tests</stat>
<stat pass="10" fail="1">All Tests</stat>
</total>
<tag>
<stat pass="0" fail="1">AIinBusinessPageAIBusiness</stat>
<stat pass="1" fail="0">AIinBusinessPageBloomberg</stat>
<stat pass="1" fail="0">AIinBusinessPagecontactaction</stat>
<stat pass="1" fail="0">AIinBusinessPageForbes</stat>
<stat pass="1" fail="0">AIinBusinessPageform</stat>
<stat pass="1" fail="0">AIinBusinessPageGetStarted</stat>
<stat pass="1" fail="0">AIinBusinessPageMedium</stat>
<stat pass="1" fail="0">AIinBusinessPageRaconteur</stat>
<stat pass="1" fail="0">AIinBusinessPageStartNow</stat>
<stat pass="1" fail="0">AIinBusinessPageTheStack</stat>
<stat pass="1" fail="0">Smoke</stat>
</tag>
<suite>
<stat pass="10" fail="1" id="s1" name="Suites">Suites</stat>
<stat pass="10" fail="1" id="s1-s1" name="AIBPage">Suites.AIBPage</stat>
</suite>
</statistics>
<errors>
</errors>
</robot>
